Analysis & Synthesis report for seven_seg_display
Sat Sep 05 11:29:30 2020
Quartus II 64-Bit Version 13.0.1 Build 232 06/12/2013 Service Pack 1 SJ Web Edition


---------------------
; Table of Contents ;
---------------------
  1. Legal Notice
  2. Analysis & Synthesis Summary
  3. Analysis & Synthesis Settings
  4. Parallel Compilation
  5. Analysis & Synthesis Source Files Read
  6. Analysis & Synthesis Resource Usage Summary
  7. Analysis & Synthesis Resource Utilization by Entity
  8. User-Specified and Inferred Latches
  9. Registers Removed During Synthesis
 10. General Register Statistics
 11. Inverted Register Statistics
 12. Multiplexer Restructuring Statistics (Restructuring Performed)
 13. Elapsed Time Per Partition
 14. Analysis & Synthesis Messages



----------------
; Legal Notice ;
----------------
Copyright (C) 1991-2013 Altera Corporation
Your use of Altera Corporation's design tools, logic functions 
and other software and tools, and its AMPP partner logic 
functions, and any output files from any of the foregoing 
(including device programming or simulation files), and any 
associated documentation or information are expressly subject 
to the terms and conditions of the Altera Program License 
Subscription Agreement, Altera MegaCore Function License 
Agreement, or other applicable license agreement, including, 
without limitation, that your use is for the sole purpose of 
programming logic devices manufactured by Altera and sold by 
Altera or its authorized distributors.  Please refer to the 
applicable agreement for further details.



+--------------------------------------------------------------------------------------+
; Analysis & Synthesis Summary                                                         ;
+------------------------------------+-------------------------------------------------+
; Analysis & Synthesis Status        ; Successful - Sat Sep 05 11:29:30 2020           ;
; Quartus II 64-Bit Version          ; 13.0.1 Build 232 06/12/2013 SP 1 SJ Web Edition ;
; Revision Name                      ; seven_seg_display                               ;
; Top-level Entity Name              ; seven_seg_display                               ;
; Family                             ; Cyclone III                                     ;
; Total logic elements               ; 53                                              ;
;     Total combinational functions  ; 51                                              ;
;     Dedicated logic registers      ; 24                                              ;
; Total registers                    ; 24                                              ;
; Total pins                         ; 30                                              ;
; Total virtual pins                 ; 0                                               ;
; Total memory bits                  ; 0                                               ;
; Embedded Multiplier 9-bit elements ; 0                                               ;
; Total PLLs                         ; 0                                               ;
+------------------------------------+-------------------------------------------------+


+----------------------------------------------------------------------------------------------------------------------+
; Analysis & Synthesis Settings                                                                                        ;
+----------------------------------------------------------------------------+--------------------+--------------------+
; Option                                                                     ; Setting            ; Default Value      ;
+----------------------------------------------------------------------------+--------------------+--------------------+
; Device                                                                     ; EP3C16Q240C8       ;                    ;
; Top-level entity name                                                      ; seven_seg_display  ; seven_seg_display  ;
; Family name                                                                ; Cyclone III        ; Cyclone IV GX      ;
; Use smart compilation                                                      ; Off                ; Off                ;
; Enable parallel Assembler and TimeQuest Timing Analyzer during compilation ; On                 ; On                 ;
; Enable compact report table                                                ; Off                ; Off                ;
; Restructure Multiplexers                                                   ; Auto               ; Auto               ;
; Create Debugging Nodes for IP Cores                                        ; Off                ; Off                ;
; Preserve fewer node names                                                  ; On                 ; On                 ;
; Disable OpenCore Plus hardware evaluation                                  ; Off                ; Off                ;
; Verilog Version                                                            ; Verilog_2001       ; Verilog_2001       ;
; VHDL Version                                                               ; VHDL_1993          ; VHDL_1993          ;
; State Machine Processing                                                   ; Auto               ; Auto               ;
; Safe State Machine                                                         ; Off                ; Off                ;
; Extract Verilog State Machines                                             ; On                 ; On                 ;
; Extract VHDL State Machines                                                ; On                 ; On                 ;
; Ignore Verilog initial constructs                                          ; Off                ; Off                ;
; Iteration limit for constant Verilog loops                                 ; 5000               ; 5000               ;
; Iteration limit for non-constant Verilog loops                             ; 250                ; 250                ;
; Add Pass-Through Logic to Inferred RAMs                                    ; On                 ; On                 ;
; Infer RAMs from Raw Logic                                                  ; On                 ; On                 ;
; Parallel Synthesis                                                         ; On                 ; On                 ;
; DSP Block Balancing                                                        ; Auto               ; Auto               ;
; NOT Gate Push-Back                                                         ; On                 ; On                 ;
; Power-Up Don't Care                                                        ; On                 ; On                 ;
; Remove Redundant Logic Cells                                               ; Off                ; Off                ;
; Remove Duplicate Registers                                                 ; On                 ; On                 ;
; Ignore CARRY Buffers                                                       ; Off                ; Off                ;
; Ignore CASCADE Buffers                                                     ; Off                ; Off                ;
; Ignore GLOBAL Buffers                                                      ; Off                ; Off                ;
; Ignore ROW GLOBAL Buffers                                                  ; Off                ; Off                ;
; Ignore LCELL Buffers                                                       ; Off                ; Off                ;
; Ignore SOFT Buffers                                                        ; On                 ; On                 ;
; Limit AHDL Integers to 32 Bits                                             ; Off                ; Off                ;
; Optimization Technique                                                     ; Balanced           ; Balanced           ;
; Carry Chain Length                                                         ; 70                 ; 70                 ;
; Auto Carry Chains                                                          ; On                 ; On                 ;
; Auto Open-Drain Pins                                                       ; On                 ; On                 ;
; Perform WYSIWYG Primitive Resynthesis                                      ; Off                ; Off                ;
; Auto ROM Replacement                                                       ; On                 ; On                 ;
; Auto RAM Replacement                                                       ; On                 ; On                 ;
; Auto DSP Block Replacement                                                 ; On                 ; On                 ;
; Auto Shift Register Replacement                                            ; Auto               ; Auto               ;
; Allow Shift Register Merging across Hierarchies                            ; Auto               ; Auto               ;
; Auto Clock Enable Replacement                                              ; On                 ; On                 ;
; Strict RAM Replacement                                                     ; Off                ; Off                ;
; Allow Synchronous Control Signals                                          ; On                 ; On                 ;
; Force Use of Synchronous Clear Signals                                     ; Off                ; Off                ;
; Auto RAM Block Balancing                                                   ; On                 ; On                 ;
; Auto RAM to Logic Cell Conversion                                          ; Off                ; Off                ;
; Auto Resource Sharing                                                      ; Off                ; Off                ;
; Allow Any RAM Size For Recognition                                         ; Off                ; Off                ;
; Allow Any ROM Size For Recognition                                         ; Off                ; Off                ;
; Allow Any Shift Register Size For Recognition                              ; Off                ; Off                ;
; Use LogicLock Constraints during Resource Balancing                        ; On                 ; On                 ;
; Ignore translate_off and synthesis_off directives                          ; Off                ; Off                ;
; Timing-Driven Synthesis                                                    ; On                 ; On                 ;
; Report Parameter Settings                                                  ; On                 ; On                 ;
; Report Source Assignments                                                  ; On                 ; On                 ;
; Report Connectivity Checks                                                 ; On                 ; On                 ;
; Ignore Maximum Fan-Out Assignments                                         ; Off                ; Off                ;
; Synchronization Register Chain Length                                      ; 2                  ; 2                  ;
; PowerPlay Power Optimization                                               ; Normal compilation ; Normal compilation ;
; HDL message level                                                          ; Level2             ; Level2             ;
; Suppress Register Optimization Related Messages                            ; Off                ; Off                ;
; Number of Removed Registers Reported in Synthesis Report                   ; 5000               ; 5000               ;
; Number of Swept Nodes Reported in Synthesis Report                         ; 5000               ; 5000               ;
; Number of Inverted Registers Reported in Synthesis Report                  ; 100                ; 100                ;
; Clock MUX Protection                                                       ; On                 ; On                 ;
; Auto Gated Clock Conversion                                                ; Off                ; Off                ;
; Block Design Naming                                                        ; Auto               ; Auto               ;
; SDC constraint protection                                                  ; Off                ; Off                ;
; Synthesis Effort                                                           ; Auto               ; Auto               ;
; Shift Register Replacement - Allow Asynchronous Clear Signal               ; On                 ; On                 ;
; Pre-Mapping Resynthesis Optimization                                       ; Off                ; Off                ;
; Analysis & Synthesis Message Level                                         ; Medium             ; Medium             ;
; Disable Register Merging Across Hierarchies                                ; Auto               ; Auto               ;
; Resource Aware Inference For Block RAM                                     ; On                 ; On                 ;
; Synthesis Seed                                                             ; 1                  ; 1                  ;
+----------------------------------------------------------------------------+--------------------+--------------------+


+------------------------------------------+
; Parallel Compilation                     ;
+----------------------------+-------------+
; Processors                 ; Number      ;
+----------------------------+-------------+
; Number detected on machine ; 8           ;
; Maximum allowed            ; 8           ;
;                            ;             ;
; Average used               ; 1.00        ;
; Maximum used               ; 2           ;
;                            ;             ;
; Usage by Processor         ; % Time Used ;
;     Processor 1            ; 100.0%      ;
;     Processor 2            ; < 0.1%      ;
;     Processors 3-8         ;   0.0%      ;
+----------------------------+-------------+


+------------------------------------------------------------------------------------------------------------------------------------------------------------------+
; Analysis & Synthesis Source Files Read                                                                                                                           ;
+----------------------------------+-----------------+-----------------+---------------------------------------------------------------------------------+---------+
; File Name with User-Entered Path ; Used in Netlist ; File Type       ; File Name with Absolute Path                                                    ; Library ;
+----------------------------------+-----------------+-----------------+---------------------------------------------------------------------------------+---------+
; seven_seg_display.vhd            ; yes             ; User VHDL File  ; C:/Users/willy7086/Desktop/Quartus/VHDL/seven_seg_display/seven_seg_display.vhd ;         ;
+----------------------------------+-----------------+-----------------+---------------------------------------------------------------------------------+---------+


+-------------------------------------------------------------+
; Analysis & Synthesis Resource Usage Summary                 ;
+---------------------------------------------+---------------+
; Resource                                    ; Usage         ;
+---------------------------------------------+---------------+
; Estimated Total logic elements              ; 53            ;
;                                             ;               ;
; Total combinational functions               ; 51            ;
; Logic element usage by number of LUT inputs ;               ;
;     -- 4 input functions                    ; 27            ;
;     -- 3 input functions                    ; 10            ;
;     -- <=2 input functions                  ; 14            ;
;                                             ;               ;
; Logic elements by mode                      ;               ;
;     -- normal mode                          ; 42            ;
;     -- arithmetic mode                      ; 9             ;
;                                             ;               ;
; Total registers                             ; 24            ;
;     -- Dedicated logic registers            ; 24            ;
;     -- I/O registers                        ; 0             ;
;                                             ;               ;
; I/O pins                                    ; 30            ;
; Embedded Multiplier 9-bit elements          ; 0             ;
; Maximum fan-out node                        ; number[10][1] ;
; Maximum fan-out                             ; 16            ;
; Total fan-out                               ; 263           ;
; Average fan-out                             ; 1.95          ;
+---------------------------------------------+---------------+


+-----------------------------------------------------------------------------------------------------------------------------------------------------------------------------+
; Analysis & Synthesis Resource Utilization by Entity                                                                                                                         ;
+----------------------------+-------------------+--------------+-------------+--------------+---------+-----------+------+--------------+---------------------+--------------+
; Compilation Hierarchy Node ; LC Combinationals ; LC Registers ; Memory Bits ; DSP Elements ; DSP 9x9 ; DSP 18x18 ; Pins ; Virtual Pins ; Full Hierarchy Name ; Library Name ;
+----------------------------+-------------------+--------------+-------------+--------------+---------+-----------+------+--------------+---------------------+--------------+
; |seven_seg_display         ; 51 (51)           ; 24 (24)      ; 0           ; 0            ; 0       ; 0         ; 30   ; 0            ; |seven_seg_display  ; work         ;
+----------------------------+-------------------+--------------+-------------+--------------+---------+-----------+------+--------------+---------------------+--------------+
Note: For table entries with two numbers listed, the numbers in parentheses indicate the number of resources of the given type used by the specific entity alone. The numbers listed outside of parentheses indicate the total resources of the given type used by the specific entity and all of its sub-entities in the hierarchy.


+-----------------------------------------------------------------------------------------------------+
; User-Specified and Inferred Latches                                                                 ;
+------------------------------------------------------+---------------------+------------------------+
; Latch Name                                           ; Latch Enable Signal ; Free of Timing Hazards ;
+------------------------------------------------------+---------------------+------------------------+
; number[10][1]                                        ; rst                 ; yes                    ;
; number[9][1]                                         ; rst                 ; yes                    ;
; number[8][1]                                         ; rst                 ; yes                    ;
; number[11][1]                                        ; rst                 ; yes                    ;
; number[5][1]                                         ; rst                 ; yes                    ;
; number[6][1]                                         ; rst                 ; yes                    ;
; number[4][1]                                         ; rst                 ; yes                    ;
; number[7][1]                                         ; rst                 ; yes                    ;
; number[2][1]                                         ; rst                 ; yes                    ;
; number[1][1]                                         ; rst                 ; yes                    ;
; number[0][1]                                         ; rst                 ; yes                    ;
; number[3][1]                                         ; rst                 ; yes                    ;
; number[13][1]                                        ; rst                 ; yes                    ;
; number[14][1]                                        ; rst                 ; yes                    ;
; number[12][1]                                        ; rst                 ; yes                    ;
; number[15][1]                                        ; rst                 ; yes                    ;
; number[6][2]                                         ; rst                 ; yes                    ;
; number[10][2]                                        ; rst                 ; yes                    ;
; number[2][2]                                         ; rst                 ; yes                    ;
; number[14][2]                                        ; rst                 ; yes                    ;
; number[9][2]                                         ; rst                 ; yes                    ;
; number[5][2]                                         ; rst                 ; yes                    ;
; number[1][2]                                         ; rst                 ; yes                    ;
; number[13][2]                                        ; rst                 ; yes                    ;
; number[4][2]                                         ; rst                 ; yes                    ;
; number[8][2]                                         ; rst                 ; yes                    ;
; number[0][2]                                         ; rst                 ; yes                    ;
; number[12][2]                                        ; rst                 ; yes                    ;
; number[11][2]                                        ; rst                 ; yes                    ;
; number[7][2]                                         ; rst                 ; yes                    ;
; number[3][2]                                         ; rst                 ; yes                    ;
; number[15][2]                                        ; rst                 ; yes                    ;
; number[6][3]                                         ; rst                 ; yes                    ;
; number[5][3]                                         ; rst                 ; yes                    ;
; number[4][3]                                         ; rst                 ; yes                    ;
; number[7][3]                                         ; rst                 ; yes                    ;
; number[9][3]                                         ; rst                 ; yes                    ;
; number[10][3]                                        ; rst                 ; yes                    ;
; number[8][3]                                         ; rst                 ; yes                    ;
; number[11][3]                                        ; rst                 ; yes                    ;
; number[1][3]                                         ; rst                 ; yes                    ;
; number[2][3]                                         ; rst                 ; yes                    ;
; number[0][3]                                         ; rst                 ; yes                    ;
; number[3][3]                                         ; rst                 ; yes                    ;
; number[14][3]                                        ; rst                 ; yes                    ;
; number[13][3]                                        ; rst                 ; yes                    ;
; number[12][3]                                        ; rst                 ; yes                    ;
; number[15][3]                                        ; rst                 ; yes                    ;
; number[5][4]                                         ; rst                 ; yes                    ;
; number[9][4]                                         ; rst                 ; yes                    ;
; number[1][4]                                         ; rst                 ; yes                    ;
; number[13][4]                                        ; rst                 ; yes                    ;
; number[10][4]                                        ; rst                 ; yes                    ;
; number[6][4]                                         ; rst                 ; yes                    ;
; number[2][4]                                         ; rst                 ; yes                    ;
; number[14][4]                                        ; rst                 ; yes                    ;
; number[8][4]                                         ; rst                 ; yes                    ;
; number[4][4]                                         ; rst                 ; yes                    ;
; number[0][4]                                         ; rst                 ; yes                    ;
; number[12][4]                                        ; rst                 ; yes                    ;
; number[7][4]                                         ; rst                 ; yes                    ;
; number[11][4]                                        ; rst                 ; yes                    ;
; number[3][4]                                         ; rst                 ; yes                    ;
; number[15][4]                                        ; rst                 ; yes                    ;
; number[10][5]                                        ; rst                 ; yes                    ;
; number[9][5]                                         ; rst                 ; yes                    ;
; number[8][5]                                         ; rst                 ; yes                    ;
; number[11][5]                                        ; rst                 ; yes                    ;
; number[5][5]                                         ; rst                 ; yes                    ;
; number[6][5]                                         ; rst                 ; yes                    ;
; number[4][5]                                         ; rst                 ; yes                    ;
; number[7][5]                                         ; rst                 ; yes                    ;
; number[2][5]                                         ; rst                 ; yes                    ;
; number[1][5]                                         ; rst                 ; yes                    ;
; number[0][5]                                         ; rst                 ; yes                    ;
; number[3][5]                                         ; rst                 ; yes                    ;
; number[13][5]                                        ; rst                 ; yes                    ;
; number[14][5]                                        ; rst                 ; yes                    ;
; number[12][5]                                        ; rst                 ; yes                    ;
; number[15][5]                                        ; rst                 ; yes                    ;
; number[6][6]                                         ; rst                 ; yes                    ;
; number[10][6]                                        ; rst                 ; yes                    ;
; number[2][6]                                         ; rst                 ; yes                    ;
; number[14][6]                                        ; rst                 ; yes                    ;
; number[9][6]                                         ; rst                 ; yes                    ;
; number[5][6]                                         ; rst                 ; yes                    ;
; number[1][6]                                         ; rst                 ; yes                    ;
; number[13][6]                                        ; rst                 ; yes                    ;
; number[4][6]                                         ; rst                 ; yes                    ;
; number[8][6]                                         ; rst                 ; yes                    ;
; number[0][6]                                         ; rst                 ; yes                    ;
; number[12][6]                                        ; rst                 ; yes                    ;
; number[11][6]                                        ; rst                 ; yes                    ;
; number[7][6]                                         ; rst                 ; yes                    ;
; number[3][6]                                         ; rst                 ; yes                    ;
; number[15][6]                                        ; rst                 ; yes                    ;
; number[6][7]                                         ; rst                 ; yes                    ;
; number[5][7]                                         ; rst                 ; yes                    ;
; number[4][7]                                         ; rst                 ; yes                    ;
; number[7][7]                                         ; rst                 ; yes                    ;
; Number of user-specified and inferred latches = 112  ;                     ;                        ;
+------------------------------------------------------+---------------------+------------------------+
Table restricted to first 100 entries. Note: All latches listed above may not be present at the end of synthesis due to various synthesis optimizations.


+-------------------------------------------------------------+
; Registers Removed During Synthesis                          ;
+----------------------------------------+--------------------+
; Register name                          ; Reason for Removal ;
+----------------------------------------+--------------------+
; FD[11..50]                             ; Lost fanout        ;
; Total Number of Removed Registers = 40 ;                    ;
+----------------------------------------+--------------------+


+------------------------------------------------------+
; General Register Statistics                          ;
+----------------------------------------------+-------+
; Statistic                                    ; Value ;
+----------------------------------------------+-------+
; Total registers                              ; 24    ;
; Number of registers using Synchronous Clear  ; 0     ;
; Number of registers using Synchronous Load   ; 0     ;
; Number of registers using Asynchronous Clear ; 6     ;
; Number of registers using Asynchronous Load  ; 0     ;
; Number of registers using Clock Enable       ; 7     ;
; Number of registers using Preset             ; 0     ;
+----------------------------------------------+-------+


+--------------------------------------------------+
; Inverted Register Statistics                     ;
+----------------------------------------+---------+
; Inverted Register                      ; Fan out ;
+----------------------------------------+---------+
; digit[1]~reg0                          ; 2       ;
; digit[2]~reg0                          ; 2       ;
; digit[3]~reg0                          ; 2       ;
; Total number of inverted registers = 3 ;         ;
+----------------------------------------+---------+


+----------------------------------------------------------------------------------------------------------------------------------------------+
; Multiplexer Restructuring Statistics (Restructuring Performed)                                                                               ;
+--------------------+-----------+---------------+----------------------+------------------------+------------+--------------------------------+
; Multiplexer Inputs ; Bus Width ; Baseline Area ; Area if Restructured ; Saving if Restructured ; Registered ; Example Multiplexer Output     ;
+--------------------+-----------+---------------+----------------------+------------------------+------------+--------------------------------+
; 16:1               ; 7 bits    ; 70 LEs        ; 70 LEs               ; 0 LEs                  ; Yes        ; |seven_seg_display|ssd[0]~reg0 ;
; 4:1                ; 4 bits    ; 8 LEs         ; 8 LEs                ; 0 LEs                  ; No         ; |seven_seg_display|Mux0        ;
+--------------------+-----------+---------------+----------------------+------------------------+------------+--------------------------------+


+-------------------------------+
; Elapsed Time Per Partition    ;
+----------------+--------------+
; Partition Name ; Elapsed Time ;
+----------------+--------------+
; Top            ; 00:00:00     ;
+----------------+--------------+


+-------------------------------+
; Analysis & Synthesis Messages ;
+-------------------------------+
Info: *******************************************************************
Info: Running Quartus II 64-Bit Analysis & Synthesis
    Info: Version 13.0.1 Build 232 06/12/2013 Service Pack 1 SJ Web Edition
    Info: Processing started: Sat Sep 05 11:29:27 2020
Info: Command: quartus_map --read_settings_files=on --write_settings_files=off seven_seg_display -c seven_seg_display
Info (20030): Parallel compilation is enabled and will use 8 of the 8 processors detected
Info (12021): Found 2 design units, including 1 entities, in source file seven_seg_display.vhd
    Info (12022): Found design unit 1: seven_seg_display-main
    Info (12023): Found entity 1: seven_seg_display
Info (12127): Elaborating entity "seven_seg_display" for the top level hierarchy
Warning (10492): VHDL Process Statement warning at seven_seg_display.vhd(33): signal "cathed" is read inside the Process Statement but isn't in the Process Statement's sensitivity list
Warning (10631): VHDL Process Statement warning at seven_seg_display.vhd(26): inferring latch(es) for signal or variable "number", which holds its previous value in one or more paths through the process
Info (10041): Inferred latch for "number[15][1]" at seven_seg_display.vhd(26)
Info (10041): Inferred latch for "number[15][2]" at seven_seg_display.vhd(26)
Info (10041): Inferred latch for "number[15][3]" at seven_seg_display.vhd(26)
Info (10041): Inferred latch for "number[15][4]" at seven_seg_display.vhd(26)
Info (10041): Inferred latch for "number[15][5]" at seven_seg_display.vhd(26)
Info (10041): Inferred latch for "number[15][6]" at seven_seg_display.vhd(26)
Info (10041): Inferred latch for "number[15][7]" at seven_seg_display.vhd(26)
Info (10041): Inferred latch for "number[14][1]" at seven_seg_display.vhd(26)
Info (10041): Inferred latch for "number[14][2]" at seven_seg_display.vhd(26)
Info (10041): Inferred latch for "number[14][3]" at seven_seg_display.vhd(26)
Info (10041): Inferred latch for "number[14][4]" at seven_seg_display.vhd(26)
Info (10041): Inferred latch for "number[14][5]" at seven_seg_display.vhd(26)
Info (10041): Inferred latch for "number[14][6]" at seven_seg_display.vhd(26)
Info (10041): Inferred latch for "number[14][7]" at seven_seg_display.vhd(26)
Info (10041): Inferred latch for "number[13][1]" at seven_seg_display.vhd(26)
Info (10041): Inferred latch for "number[13][2]" at seven_seg_display.vhd(26)
Info (10041): Inferred latch for "number[13][3]" at seven_seg_display.vhd(26)
Info (10041): Inferred latch for "number[13][4]" at seven_seg_display.vhd(26)
Info (10041): Inferred latch for "number[13][5]" at seven_seg_display.vhd(26)
Info (10041): Inferred latch for "number[13][6]" at seven_seg_display.vhd(26)
Info (10041): Inferred latch for "number[13][7]" at seven_seg_display.vhd(26)
Info (10041): Inferred latch for "number[12][1]" at seven_seg_display.vhd(26)
Info (10041): Inferred latch for "number[12][2]" at seven_seg_display.vhd(26)
Info (10041): Inferred latch for "number[12][3]" at seven_seg_display.vhd(26)
Info (10041): Inferred latch for "number[12][4]" at seven_seg_display.vhd(26)
Info (10041): Inferred latch for "number[12][5]" at seven_seg_display.vhd(26)
Info (10041): Inferred latch for "number[12][6]" at seven_seg_display.vhd(26)
Info (10041): Inferred latch for "number[12][7]" at seven_seg_display.vhd(26)
Info (10041): Inferred latch for "number[11][1]" at seven_seg_display.vhd(26)
Info (10041): Inferred latch for "number[11][2]" at seven_seg_display.vhd(26)
Info (10041): Inferred latch for "number[11][3]" at seven_seg_display.vhd(26)
Info (10041): Inferred latch for "number[11][4]" at seven_seg_display.vhd(26)
Info (10041): Inferred latch for "number[11][5]" at seven_seg_display.vhd(26)
Info (10041): Inferred latch for "number[11][6]" at seven_seg_display.vhd(26)
Info (10041): Inferred latch for "number[11][7]" at seven_seg_display.vhd(26)
Info (10041): Inferred latch for "number[10][1]" at seven_seg_display.vhd(26)
Info (10041): Inferred latch for "number[10][2]" at seven_seg_display.vhd(26)
Info (10041): Inferred latch for "number[10][3]" at seven_seg_display.vhd(26)
Info (10041): Inferred latch for "number[10][4]" at seven_seg_display.vhd(26)
Info (10041): Inferred latch for "number[10][5]" at seven_seg_display.vhd(26)
Info (10041): Inferred latch for "number[10][6]" at seven_seg_display.vhd(26)
Info (10041): Inferred latch for "number[10][7]" at seven_seg_display.vhd(26)
Info (10041): Inferred latch for "number[9][1]" at seven_seg_display.vhd(26)
Info (10041): Inferred latch for "number[9][2]" at seven_seg_display.vhd(26)
Info (10041): Inferred latch for "number[9][3]" at seven_seg_display.vhd(26)
Info (10041): Inferred latch for "number[9][4]" at seven_seg_display.vhd(26)
Info (10041): Inferred latch for "number[9][5]" at seven_seg_display.vhd(26)
Info (10041): Inferred latch for "number[9][6]" at seven_seg_display.vhd(26)
Info (10041): Inferred latch for "number[9][7]" at seven_seg_display.vhd(26)
Info (10041): Inferred latch for "number[8][1]" at seven_seg_display.vhd(26)
Info (10041): Inferred latch for "number[8][2]" at seven_seg_display.vhd(26)
Info (10041): Inferred latch for "number[8][3]" at seven_seg_display.vhd(26)
Info (10041): Inferred latch for "number[8][4]" at seven_seg_display.vhd(26)
Info (10041): Inferred latch for "number[8][5]" at seven_seg_display.vhd(26)
Info (10041): Inferred latch for "number[8][6]" at seven_seg_display.vhd(26)
Info (10041): Inferred latch for "number[8][7]" at seven_seg_display.vhd(26)
Info (10041): Inferred latch for "number[7][1]" at seven_seg_display.vhd(26)
Info (10041): Inferred latch for "number[7][2]" at seven_seg_display.vhd(26)
Info (10041): Inferred latch for "number[7][3]" at seven_seg_display.vhd(26)
Info (10041): Inferred latch for "number[7][4]" at seven_seg_display.vhd(26)
Info (10041): Inferred latch for "number[7][5]" at seven_seg_display.vhd(26)
Info (10041): Inferred latch for "number[7][6]" at seven_seg_display.vhd(26)
Info (10041): Inferred latch for "number[7][7]" at seven_seg_display.vhd(26)
Info (10041): Inferred latch for "number[6][1]" at seven_seg_display.vhd(26)
Info (10041): Inferred latch for "number[6][2]" at seven_seg_display.vhd(26)
Info (10041): Inferred latch for "number[6][3]" at seven_seg_display.vhd(26)
Info (10041): Inferred latch for "number[6][4]" at seven_seg_display.vhd(26)
Info (10041): Inferred latch for "number[6][5]" at seven_seg_display.vhd(26)
Info (10041): Inferred latch for "number[6][6]" at seven_seg_display.vhd(26)
Info (10041): Inferred latch for "number[6][7]" at seven_seg_display.vhd(26)
Info (10041): Inferred latch for "number[5][1]" at seven_seg_display.vhd(26)
Info (10041): Inferred latch for "number[5][2]" at seven_seg_display.vhd(26)
Info (10041): Inferred latch for "number[5][3]" at seven_seg_display.vhd(26)
Info (10041): Inferred latch for "number[5][4]" at seven_seg_display.vhd(26)
Info (10041): Inferred latch for "number[5][5]" at seven_seg_display.vhd(26)
Info (10041): Inferred latch for "number[5][6]" at seven_seg_display.vhd(26)
Info (10041): Inferred latch for "number[5][7]" at seven_seg_display.vhd(26)
Info (10041): Inferred latch for "number[4][1]" at seven_seg_display.vhd(26)
Info (10041): Inferred latch for "number[4][2]" at seven_seg_display.vhd(26)
Info (10041): Inferred latch for "number[4][3]" at seven_seg_display.vhd(26)
Info (10041): Inferred latch for "number[4][4]" at seven_seg_display.vhd(26)
Info (10041): Inferred latch for "number[4][5]" at seven_seg_display.vhd(26)
Info (10041): Inferred latch for "number[4][6]" at seven_seg_display.vhd(26)
Info (10041): Inferred latch for "number[4][7]" at seven_seg_display.vhd(26)
Info (10041): Inferred latch for "number[3][1]" at seven_seg_display.vhd(26)
Info (10041): Inferred latch for "number[3][2]" at seven_seg_display.vhd(26)
Info (10041): Inferred latch for "number[3][3]" at seven_seg_display.vhd(26)
Info (10041): Inferred latch for "number[3][4]" at seven_seg_display.vhd(26)
Info (10041): Inferred latch for "number[3][5]" at seven_seg_display.vhd(26)
Info (10041): Inferred latch for "number[3][6]" at seven_seg_display.vhd(26)
Info (10041): Inferred latch for "number[3][7]" at seven_seg_display.vhd(26)
Info (10041): Inferred latch for "number[2][1]" at seven_seg_display.vhd(26)
Info (10041): Inferred latch for "number[2][2]" at seven_seg_display.vhd(26)
Info (10041): Inferred latch for "number[2][3]" at seven_seg_display.vhd(26)
Info (10041): Inferred latch for "number[2][4]" at seven_seg_display.vhd(26)
Info (10041): Inferred latch for "number[2][5]" at seven_seg_display.vhd(26)
Info (10041): Inferred latch for "number[2][6]" at seven_seg_display.vhd(26)
Info (10041): Inferred latch for "number[2][7]" at seven_seg_display.vhd(26)
Info (10041): Inferred latch for "number[1][1]" at seven_seg_display.vhd(26)
Info (10041): Inferred latch for "number[1][2]" at seven_seg_display.vhd(26)
Info (10041): Inferred latch for "number[1][3]" at seven_seg_display.vhd(26)
Info (10041): Inferred latch for "number[1][4]" at seven_seg_display.vhd(26)
Info (10041): Inferred latch for "number[1][5]" at seven_seg_display.vhd(26)
Info (10041): Inferred latch for "number[1][6]" at seven_seg_display.vhd(26)
Info (10041): Inferred latch for "number[1][7]" at seven_seg_display.vhd(26)
Info (10041): Inferred latch for "number[0][1]" at seven_seg_display.vhd(26)
Info (10041): Inferred latch for "number[0][2]" at seven_seg_display.vhd(26)
Info (10041): Inferred latch for "number[0][3]" at seven_seg_display.vhd(26)
Info (10041): Inferred latch for "number[0][4]" at seven_seg_display.vhd(26)
Info (10041): Inferred latch for "number[0][5]" at seven_seg_display.vhd(26)
Info (10041): Inferred latch for "number[0][6]" at seven_seg_display.vhd(26)
Info (10041): Inferred latch for "number[0][7]" at seven_seg_display.vhd(26)
Info (13025): Duplicate LATCH primitives merged into single LATCH primitive
    Info (13026): Duplicate LATCH primitive "number[15][3]" merged with LATCH primitive "number[10][1]"
    Info (13026): Duplicate LATCH primitive "number[15][2]" merged with LATCH primitive "number[10][1]"
    Info (13026): Duplicate LATCH primitive "number[15][1]" merged with LATCH primitive "number[10][1]"
    Info (13026): Duplicate LATCH primitive "number[15][7]" merged with LATCH primitive "number[10][1]"
    Info (13026): Duplicate LATCH primitive "number[14][1]" merged with LATCH primitive "number[10][1]"
    Info (13026): Duplicate LATCH primitive "number[14][2]" merged with LATCH primitive "number[10][1]"
    Info (13026): Duplicate LATCH primitive "number[14][3]" merged with LATCH primitive "number[10][1]"
    Info (13026): Duplicate LATCH primitive "number[14][4]" merged with LATCH primitive "number[10][1]"
    Info (13026): Duplicate LATCH primitive "number[14][7]" merged with LATCH primitive "number[10][1]"
    Info (13026): Duplicate LATCH primitive "number[13][1]" merged with LATCH primitive "number[10][1]"
    Info (13026): Duplicate LATCH primitive "number[13][3]" merged with LATCH primitive "number[10][1]"
    Info (13026): Duplicate LATCH primitive "number[13][4]" merged with LATCH primitive "number[10][1]"
    Info (13026): Duplicate LATCH primitive "number[13][5]" merged with LATCH primitive "number[10][1]"
    Info (13026): Duplicate LATCH primitive "number[13][6]" merged with LATCH primitive "number[10][1]"
    Info (13026): Duplicate LATCH primitive "number[12][2]" merged with LATCH primitive "number[10][1]"
    Info (13026): Duplicate LATCH primitive "number[12][3]" merged with LATCH primitive "number[10][1]"
    Info (13026): Duplicate LATCH primitive "number[12][4]" merged with LATCH primitive "number[10][1]"
    Info (13026): Duplicate LATCH primitive "number[12][7]" merged with LATCH primitive "number[10][1]"
    Info (13026): Duplicate LATCH primitive "number[11][1]" merged with LATCH primitive "number[10][1]"
    Info (13026): Duplicate LATCH primitive "number[11][2]" merged with LATCH primitive "number[10][1]"
    Info (13026): Duplicate LATCH primitive "number[11][3]" merged with LATCH primitive "number[10][1]"
    Info (13026): Duplicate LATCH primitive "number[11][4]" merged with LATCH primitive "number[10][1]"
    Info (13026): Duplicate LATCH primitive "number[11][5]" merged with LATCH primitive "number[10][1]"
    Info (13026): Duplicate LATCH primitive "number[10][2]" merged with LATCH primitive "number[10][1]"
    Info (13026): Duplicate LATCH primitive "number[10][3]" merged with LATCH primitive "number[10][1]"
    Info (13026): Duplicate LATCH primitive "number[10][5]" merged with LATCH primitive "number[10][1]"
    Info (13026): Duplicate LATCH primitive "number[10][6]" merged with LATCH primitive "number[10][1]"
    Info (13026): Duplicate LATCH primitive "number[10][7]" merged with LATCH primitive "number[10][1]"
    Info (13026): Duplicate LATCH primitive "number[9][1]" merged with LATCH primitive "number[10][1]"
    Info (13026): Duplicate LATCH primitive "number[9][2]" merged with LATCH primitive "number[10][1]"
    Info (13026): Duplicate LATCH primitive "number[9][5]" merged with LATCH primitive "number[10][1]"
    Info (13026): Duplicate LATCH primitive "number[9][6]" merged with LATCH primitive "number[10][1]"
    Info (13026): Duplicate LATCH primitive "number[9][7]" merged with LATCH primitive "number[10][1]"
    Info (13026): Duplicate LATCH primitive "number[8][1]" merged with LATCH primitive "number[10][1]"
    Info (13026): Duplicate LATCH primitive "number[8][2]" merged with LATCH primitive "number[10][1]"
    Info (13026): Duplicate LATCH primitive "number[8][3]" merged with LATCH primitive "number[10][1]"
    Info (13026): Duplicate LATCH primitive "number[8][4]" merged with LATCH primitive "number[10][1]"
    Info (13026): Duplicate LATCH primitive "number[8][5]" merged with LATCH primitive "number[10][1]"
    Info (13026): Duplicate LATCH primitive "number[8][6]" merged with LATCH primitive "number[10][1]"
    Info (13026): Duplicate LATCH primitive "number[8][7]" merged with LATCH primitive "number[10][1]"
    Info (13026): Duplicate LATCH primitive "number[7][5]" merged with LATCH primitive "number[10][1]"
    Info (13026): Duplicate LATCH primitive "number[7][6]" merged with LATCH primitive "number[10][1]"
    Info (13026): Duplicate LATCH primitive "number[7][7]" merged with LATCH primitive "number[10][1]"
    Info (13026): Duplicate LATCH primitive "number[6][1]" merged with LATCH primitive "number[10][1]"
    Info (13026): Duplicate LATCH primitive "number[6][2]" merged with LATCH primitive "number[10][1]"
    Info (13026): Duplicate LATCH primitive "number[6][3]" merged with LATCH primitive "number[10][1]"
    Info (13026): Duplicate LATCH primitive "number[6][4]" merged with LATCH primitive "number[10][1]"
    Info (13026): Duplicate LATCH primitive "number[6][5]" merged with LATCH primitive "number[10][1]"
    Info (13026): Duplicate LATCH primitive "number[5][1]" merged with LATCH primitive "number[10][1]"
    Info (13026): Duplicate LATCH primitive "number[5][2]" merged with LATCH primitive "number[10][1]"
    Info (13026): Duplicate LATCH primitive "number[5][4]" merged with LATCH primitive "number[10][1]"
    Info (13026): Duplicate LATCH primitive "number[5][5]" merged with LATCH primitive "number[10][1]"
    Info (13026): Duplicate LATCH primitive "number[5][7]" merged with LATCH primitive "number[10][1]"
    Info (13026): Duplicate LATCH primitive "number[4][1]" merged with LATCH primitive "number[10][1]"
    Info (13026): Duplicate LATCH primitive "number[4][2]" merged with LATCH primitive "number[10][1]"
    Info (13026): Duplicate LATCH primitive "number[4][5]" merged with LATCH primitive "number[10][1]"
    Info (13026): Duplicate LATCH primitive "number[4][6]" merged with LATCH primitive "number[10][1]"
    Info (13026): Duplicate LATCH primitive "number[3][1]" merged with LATCH primitive "number[10][1]"
    Info (13026): Duplicate LATCH primitive "number[3][4]" merged with LATCH primitive "number[10][1]"
    Info (13026): Duplicate LATCH primitive "number[3][5]" merged with LATCH primitive "number[10][1]"
    Info (13026): Duplicate LATCH primitive "number[3][6]" merged with LATCH primitive "number[10][1]"
    Info (13026): Duplicate LATCH primitive "number[3][7]" merged with LATCH primitive "number[10][1]"
    Info (13026): Duplicate LATCH primitive "number[2][1]" merged with LATCH primitive "number[10][1]"
    Info (13026): Duplicate LATCH primitive "number[2][3]" merged with LATCH primitive "number[10][1]"
    Info (13026): Duplicate LATCH primitive "number[2][4]" merged with LATCH primitive "number[10][1]"
    Info (13026): Duplicate LATCH primitive "number[2][6]" merged with LATCH primitive "number[10][1]"
    Info (13026): Duplicate LATCH primitive "number[2][7]" merged with LATCH primitive "number[10][1]"
    Info (13026): Duplicate LATCH primitive "number[1][5]" merged with LATCH primitive "number[10][1]"
    Info (13026): Duplicate LATCH primitive "number[1][6]" merged with LATCH primitive "number[10][1]"
    Info (13026): Duplicate LATCH primitive "number[0][2]" merged with LATCH primitive "number[10][1]"
    Info (13026): Duplicate LATCH primitive "number[0][3]" merged with LATCH primitive "number[10][1]"
    Info (13026): Duplicate LATCH primitive "number[0][4]" merged with LATCH primitive "number[10][1]"
    Info (13026): Duplicate LATCH primitive "number[0][5]" merged with LATCH primitive "number[10][1]"
    Info (13026): Duplicate LATCH primitive "number[0][6]" merged with LATCH primitive "number[10][1]"
    Info (13026): Duplicate LATCH primitive "number[0][7]" merged with LATCH primitive "number[10][1]"
    Info (13026): Duplicate LATCH primitive "number[15][4]" merged with LATCH primitive "number[7][1]"
    Info (13026): Duplicate LATCH primitive "number[15][5]" merged with LATCH primitive "number[7][1]"
    Info (13026): Duplicate LATCH primitive "number[15][6]" merged with LATCH primitive "number[7][1]"
    Info (13026): Duplicate LATCH primitive "number[14][5]" merged with LATCH primitive "number[7][1]"
    Info (13026): Duplicate LATCH primitive "number[14][6]" merged with LATCH primitive "number[7][1]"
    Info (13026): Duplicate LATCH primitive "number[13][2]" merged with LATCH primitive "number[7][1]"
    Info (13026): Duplicate LATCH primitive "number[13][7]" merged with LATCH primitive "number[7][1]"
    Info (13026): Duplicate LATCH primitive "number[12][1]" merged with LATCH primitive "number[7][1]"
    Info (13026): Duplicate LATCH primitive "number[12][5]" merged with LATCH primitive "number[7][1]"
    Info (13026): Duplicate LATCH primitive "number[12][6]" merged with LATCH primitive "number[7][1]"
    Info (13026): Duplicate LATCH primitive "number[11][6]" merged with LATCH primitive "number[7][1]"
    Info (13026): Duplicate LATCH primitive "number[11][7]" merged with LATCH primitive "number[7][1]"
    Info (13026): Duplicate LATCH primitive "number[10][4]" merged with LATCH primitive "number[7][1]"
    Info (13026): Duplicate LATCH primitive "number[9][3]" merged with LATCH primitive "number[7][1]"
    Info (13026): Duplicate LATCH primitive "number[9][4]" merged with LATCH primitive "number[7][1]"
    Info (13026): Duplicate LATCH primitive "number[7][2]" merged with LATCH primitive "number[7][1]"
    Info (13026): Duplicate LATCH primitive "number[7][3]" merged with LATCH primitive "number[7][1]"
    Info (13026): Duplicate LATCH primitive "number[7][4]" merged with LATCH primitive "number[7][1]"
    Info (13026): Duplicate LATCH primitive "number[6][6]" merged with LATCH primitive "number[7][1]"
    Info (13026): Duplicate LATCH primitive "number[6][7]" merged with LATCH primitive "number[7][1]"
    Info (13026): Duplicate LATCH primitive "number[5][3]" merged with LATCH primitive "number[7][1]"
    Info (13026): Duplicate LATCH primitive "number[5][6]" merged with LATCH primitive "number[7][1]"
    Info (13026): Duplicate LATCH primitive "number[4][3]" merged with LATCH primitive "number[7][1]"
    Info (13026): Duplicate LATCH primitive "number[4][4]" merged with LATCH primitive "number[7][1]"
    Info (13026): Duplicate LATCH primitive "number[4][7]" merged with LATCH primitive "number[7][1]"
    Info (13026): Duplicate LATCH primitive "number[3][2]" merged with LATCH primitive "number[7][1]"
    Info (13026): Duplicate LATCH primitive "number[3][3]" merged with LATCH primitive "number[7][1]"
    Info (13026): Duplicate LATCH primitive "number[2][2]" merged with LATCH primitive "number[7][1]"
    Info (13026): Duplicate LATCH primitive "number[2][5]" merged with LATCH primitive "number[7][1]"
    Info (13026): Duplicate LATCH primitive "number[1][1]" merged with LATCH primitive "number[7][1]"
    Info (13026): Duplicate LATCH primitive "number[1][2]" merged with LATCH primitive "number[7][1]"
    Info (13026): Duplicate LATCH primitive "number[1][3]" merged with LATCH primitive "number[7][1]"
    Info (13026): Duplicate LATCH primitive "number[1][4]" merged with LATCH primitive "number[7][1]"
    Info (13026): Duplicate LATCH primitive "number[1][7]" merged with LATCH primitive "number[7][1]"
    Info (13026): Duplicate LATCH primitive "number[0][1]" merged with LATCH primitive "number[7][1]"
Info (13000): Registers with preset signals will power-up high
Info (13003): DEV_CLRn pin will set, and not reset, register with preset signal due to NOT Gate Push-Back
Info (286030): Timing-Driven Synthesis is running
Info (17049): 40 registers lost all their fanouts during netlist optimizations.
Info (16010): Generating hard_block partition "hard_block:auto_generated_inst"
    Info (16011): Adding 0 node(s), including 0 DDIO, 0 PLL, 0 transceiver and 0 LCELL
Info (21057): Implemented 83 device resources after synthesis - the final resource count might be different
    Info (21058): Implemented 19 input pins
    Info (21059): Implemented 11 output pins
    Info (21061): Implemented 53 logic cells
Info: Quartus II 64-Bit Analysis & Synthesis was successful. 0 errors, 2 warnings
    Info: Peak virtual memory: 4680 megabytes
    Info: Processing ended: Sat Sep 05 11:29:30 2020
    Info: Elapsed time: 00:00:03
    Info: Total CPU time (on all processors): 00:00:03


