Analysis & Synthesis report for uart
Tue Sep 29 19:23:38 2020
Quartus II 64-Bit Version 13.0.1 Build 232 06/12/2013 Service Pack 1 SJ Web Edition


---------------------
; Table of Contents ;
---------------------
  1. Legal Notice
  2. Analysis & Synthesis Summary
  3. Analysis & Synthesis Settings
  4. Parallel Compilation
  5. Analysis & Synthesis Source Files Read
  6. Analysis & Synthesis Resource Usage Summary
  7. Analysis & Synthesis Resource Utilization by Entity
  8. Analysis & Synthesis RAM Summary
  9. Analysis & Synthesis DSP Block Usage Summary
 10. User-Specified and Inferred Latches
 11. Registers Removed During Synthesis
 12. Removed Registers Triggering Further Register Optimizations
 13. General Register Statistics
 14. Inverted Register Statistics
 15. Source assignments for altsyncram:Serial_available_rtl_0|altsyncram_9ng1:auto_generated
 16. Parameter Settings for Inferred Entity Instance: altsyncram:Serial_available_rtl_0
 17. Parameter Settings for Inferred Entity Instance: lpm_mult:Mult0
 18. Parameter Settings for Inferred Entity Instance: lpm_mult:Mult1
 19. altsyncram Parameter Settings by Entity Instance
 20. lpm_mult Parameter Settings by Entity Instance
 21. Elapsed Time Per Partition
 22. Analysis & Synthesis Messages



----------------
; Legal Notice ;
----------------
Copyright (C) 1991-2013 Altera Corporation
Your use of Altera Corporation's design tools, logic functions 
and other software and tools, and its AMPP partner logic 
functions, and any output files from any of the foregoing 
(including device programming or simulation files), and any 
associated documentation or information are expressly subject 
to the terms and conditions of the Altera Program License 
Subscription Agreement, Altera MegaCore Function License 
Agreement, or other applicable license agreement, including, 
without limitation, that your use is for the sole purpose of 
programming logic devices manufactured by Altera and sold by 
Altera or its authorized distributors.  Please refer to the 
applicable agreement for further details.



+--------------------------------------------------------------------------------------+
; Analysis & Synthesis Summary                                                         ;
+------------------------------------+-------------------------------------------------+
; Analysis & Synthesis Status        ; Successful - Tue Sep 29 19:23:38 2020           ;
; Quartus II 64-Bit Version          ; 13.0.1 Build 232 06/12/2013 SP 1 SJ Web Edition ;
; Revision Name                      ; uart                                            ;
; Top-level Entity Name              ; uart                                            ;
; Family                             ; Cyclone III                                     ;
; Total logic elements               ; 275                                             ;
;     Total combinational functions  ; 260                                             ;
;     Dedicated logic registers      ; 154                                             ;
; Total registers                    ; 154                                             ;
; Total pins                         ; 52                                              ;
; Total virtual pins                 ; 0                                               ;
; Total memory bits                  ; 88                                              ;
; Embedded Multiplier 9-bit elements ; 8                                               ;
; Total PLLs                         ; 0                                               ;
+------------------------------------+-------------------------------------------------+


+----------------------------------------------------------------------------------------------------------------------+
; Analysis & Synthesis Settings                                                                                        ;
+----------------------------------------------------------------------------+--------------------+--------------------+
; Option                                                                     ; Setting            ; Default Value      ;
+----------------------------------------------------------------------------+--------------------+--------------------+
; Device                                                                     ; EP3C16Q240C8       ;                    ;
; Top-level entity name                                                      ; uart               ; uart               ;
; Family name                                                                ; Cyclone III        ; Cyclone IV GX      ;
; Use smart compilation                                                      ; Off                ; Off                ;
; Enable parallel Assembler and TimeQuest Timing Analyzer during compilation ; On                 ; On                 ;
; Enable compact report table                                                ; Off                ; Off                ;
; Restructure Multiplexers                                                   ; Auto               ; Auto               ;
; Create Debugging Nodes for IP Cores                                        ; Off                ; Off                ;
; Preserve fewer node names                                                  ; On                 ; On                 ;
; Disable OpenCore Plus hardware evaluation                                  ; Off                ; Off                ;
; Verilog Version                                                            ; Verilog_2001       ; Verilog_2001       ;
; VHDL Version                                                               ; VHDL_1993          ; VHDL_1993          ;
; State Machine Processing                                                   ; Auto               ; Auto               ;
; Safe State Machine                                                         ; Off                ; Off                ;
; Extract Verilog State Machines                                             ; On                 ; On                 ;
; Extract VHDL State Machines                                                ; On                 ; On                 ;
; Ignore Verilog initial constructs                                          ; Off                ; Off                ;
; Iteration limit for constant Verilog loops                                 ; 5000               ; 5000               ;
; Iteration limit for non-constant Verilog loops                             ; 250                ; 250                ;
; Add Pass-Through Logic to Inferred RAMs                                    ; On                 ; On                 ;
; Infer RAMs from Raw Logic                                                  ; On                 ; On                 ;
; Parallel Synthesis                                                         ; On                 ; On                 ;
; DSP Block Balancing                                                        ; Auto               ; Auto               ;
; NOT Gate Push-Back                                                         ; On                 ; On                 ;
; Power-Up Don't Care                                                        ; On                 ; On                 ;
; Remove Redundant Logic Cells                                               ; Off                ; Off                ;
; Remove Duplicate Registers                                                 ; On                 ; On                 ;
; Ignore CARRY Buffers                                                       ; Off                ; Off                ;
; Ignore CASCADE Buffers                                                     ; Off                ; Off                ;
; Ignore GLOBAL Buffers                                                      ; Off                ; Off                ;
; Ignore ROW GLOBAL Buffers                                                  ; Off                ; Off                ;
; Ignore LCELL Buffers                                                       ; Off                ; Off                ;
; Ignore SOFT Buffers                                                        ; On                 ; On                 ;
; Limit AHDL Integers to 32 Bits                                             ; Off                ; Off                ;
; Optimization Technique                                                     ; Balanced           ; Balanced           ;
; Carry Chain Length                                                         ; 70                 ; 70                 ;
; Auto Carry Chains                                                          ; On                 ; On                 ;
; Auto Open-Drain Pins                                                       ; On                 ; On                 ;
; Perform WYSIWYG Primitive Resynthesis                                      ; Off                ; Off                ;
; Auto ROM Replacement                                                       ; On                 ; On                 ;
; Auto RAM Replacement                                                       ; On                 ; On                 ;
; Auto DSP Block Replacement                                                 ; On                 ; On                 ;
; Auto Shift Register Replacement                                            ; Auto               ; Auto               ;
; Allow Shift Register Merging across Hierarchies                            ; Auto               ; Auto               ;
; Auto Clock Enable Replacement                                              ; On                 ; On                 ;
; Strict RAM Replacement                                                     ; Off                ; Off                ;
; Allow Synchronous Control Signals                                          ; On                 ; On                 ;
; Force Use of Synchronous Clear Signals                                     ; Off                ; Off                ;
; Auto RAM Block Balancing                                                   ; On                 ; On                 ;
; Auto RAM to Logic Cell Conversion                                          ; Off                ; Off                ;
; Auto Resource Sharing                                                      ; Off                ; Off                ;
; Allow Any RAM Size For Recognition                                         ; Off                ; Off                ;
; Allow Any ROM Size For Recognition                                         ; Off                ; Off                ;
; Allow Any Shift Register Size For Recognition                              ; Off                ; Off                ;
; Use LogicLock Constraints during Resource Balancing                        ; On                 ; On                 ;
; Ignore translate_off and synthesis_off directives                          ; Off                ; Off                ;
; Timing-Driven Synthesis                                                    ; On                 ; On                 ;
; Report Parameter Settings                                                  ; On                 ; On                 ;
; Report Source Assignments                                                  ; On                 ; On                 ;
; Report Connectivity Checks                                                 ; On                 ; On                 ;
; Ignore Maximum Fan-Out Assignments                                         ; Off                ; Off                ;
; Synchronization Register Chain Length                                      ; 2                  ; 2                  ;
; PowerPlay Power Optimization                                               ; Normal compilation ; Normal compilation ;
; HDL message level                                                          ; Level2             ; Level2             ;
; Suppress Register Optimization Related Messages                            ; Off                ; Off                ;
; Number of Removed Registers Reported in Synthesis Report                   ; 5000               ; 5000               ;
; Number of Swept Nodes Reported in Synthesis Report                         ; 5000               ; 5000               ;
; Number of Inverted Registers Reported in Synthesis Report                  ; 100                ; 100                ;
; Clock MUX Protection                                                       ; On                 ; On                 ;
; Auto Gated Clock Conversion                                                ; Off                ; Off                ;
; Block Design Naming                                                        ; Auto               ; Auto               ;
; SDC constraint protection                                                  ; Off                ; Off                ;
; Synthesis Effort                                                           ; Auto               ; Auto               ;
; Shift Register Replacement - Allow Asynchronous Clear Signal               ; On                 ; On                 ;
; Pre-Mapping Resynthesis Optimization                                       ; Off                ; Off                ;
; Analysis & Synthesis Message Level                                         ; Medium             ; Medium             ;
; Disable Register Merging Across Hierarchies                                ; Auto               ; Auto               ;
; Resource Aware Inference For Block RAM                                     ; On                 ; On                 ;
; Synthesis Seed                                                             ; 1                  ; 1                  ;
+----------------------------------------------------------------------------+--------------------+--------------------+


+------------------------------------------+
; Parallel Compilation                     ;
+----------------------------+-------------+
; Processors                 ; Number      ;
+----------------------------+-------------+
; Number detected on machine ; 8           ;
; Maximum allowed            ; 8           ;
;                            ;             ;
; Average used               ; 1.00        ;
; Maximum used               ; 1           ;
;                            ;             ;
; Usage by Processor         ; % Time Used ;
;     Processor 1            ; 100.0%      ;
;     Processors 2-8         ;   0.0%      ;
+----------------------------+-------------+


+------------------------------------------------------------------------------------------------------------------------------------------------------------------------------------------------------+
; Analysis & Synthesis Source Files Read                                                                                                                                                               ;
+----------------------------------+-----------------+-------------------------------------------------------+-------------------------------------------------------------------------------+---------+
; File Name with User-Entered Path ; Used in Netlist ; File Type                                             ; File Name with Absolute Path                                                  ; Library ;
+----------------------------------+-----------------+-------------------------------------------------------+-------------------------------------------------------------------------------+---------+
; ../uart.vhd                      ; yes             ; User VHDL File                                        ; C:/Users/willy7086/Desktop/Quartus/VHDL/uart/uart.vhd                         ;         ;
; altsyncram.tdf                   ; yes             ; Megafunction                                          ; c:/altera/13.0sp1/quartus/libraries/megafunctions/altsyncram.tdf              ;         ;
; stratix_ram_block.inc            ; yes             ; Megafunction                                          ; c:/altera/13.0sp1/quartus/libraries/megafunctions/stratix_ram_block.inc       ;         ;
; lpm_mux.inc                      ; yes             ; Megafunction                                          ; c:/altera/13.0sp1/quartus/libraries/megafunctions/lpm_mux.inc                 ;         ;
; lpm_decode.inc                   ; yes             ; Megafunction                                          ; c:/altera/13.0sp1/quartus/libraries/megafunctions/lpm_decode.inc              ;         ;
; aglobal130.inc                   ; yes             ; Megafunction                                          ; c:/altera/13.0sp1/quartus/libraries/megafunctions/aglobal130.inc              ;         ;
; a_rdenreg.inc                    ; yes             ; Megafunction                                          ; c:/altera/13.0sp1/quartus/libraries/megafunctions/a_rdenreg.inc               ;         ;
; altrom.inc                       ; yes             ; Megafunction                                          ; c:/altera/13.0sp1/quartus/libraries/megafunctions/altrom.inc                  ;         ;
; altram.inc                       ; yes             ; Megafunction                                          ; c:/altera/13.0sp1/quartus/libraries/megafunctions/altram.inc                  ;         ;
; altdpram.inc                     ; yes             ; Megafunction                                          ; c:/altera/13.0sp1/quartus/libraries/megafunctions/altdpram.inc                ;         ;
; db/altsyncram_9ng1.tdf           ; yes             ; Auto-Generated Megafunction                           ; C:/Users/willy7086/Desktop/Quartus/VHDL/uart/db/altsyncram_9ng1.tdf           ;         ;
; db/uart.ram1_uart_41a7c2.hdl.mif ; yes             ; Auto-Generated Auto-Found Memory Initialization File  ; C:/Users/willy7086/Desktop/Quartus/VHDL/uart/db/uart.ram1_uart_41a7c2.hdl.mif ;         ;
; lpm_mult.tdf                     ; yes             ; Megafunction                                          ; c:/altera/13.0sp1/quartus/libraries/megafunctions/lpm_mult.tdf                ;         ;
; lpm_add_sub.inc                  ; yes             ; Megafunction                                          ; c:/altera/13.0sp1/quartus/libraries/megafunctions/lpm_add_sub.inc             ;         ;
; multcore.inc                     ; yes             ; Megafunction                                          ; c:/altera/13.0sp1/quartus/libraries/megafunctions/multcore.inc                ;         ;
; bypassff.inc                     ; yes             ; Megafunction                                          ; c:/altera/13.0sp1/quartus/libraries/megafunctions/bypassff.inc                ;         ;
; altshift.inc                     ; yes             ; Megafunction                                          ; c:/altera/13.0sp1/quartus/libraries/megafunctions/altshift.inc                ;         ;
; db/mult_fft.tdf                  ; yes             ; Auto-Generated Megafunction                           ; C:/Users/willy7086/Desktop/Quartus/VHDL/uart/db/mult_fft.tdf                  ;         ;
+----------------------------------+-----------------+-------------------------------------------------------+-------------------------------------------------------------------------------+---------+


+---------------------------------------------------------+
; Analysis & Synthesis Resource Usage Summary             ;
+---------------------------------------------+-----------+
; Resource                                    ; Usage     ;
+---------------------------------------------+-----------+
; Estimated Total logic elements              ; 275       ;
;                                             ;           ;
; Total combinational functions               ; 260       ;
; Logic element usage by number of LUT inputs ;           ;
;     -- 4 input functions                    ; 102       ;
;     -- 3 input functions                    ; 42        ;
;     -- <=2 input functions                  ; 116       ;
;                                             ;           ;
; Logic elements by mode                      ;           ;
;     -- normal mode                          ; 155       ;
;     -- arithmetic mode                      ; 105       ;
;                                             ;           ;
; Total registers                             ; 154       ;
;     -- Dedicated logic registers            ; 154       ;
;     -- I/O registers                        ; 0         ;
;                                             ;           ;
; I/O pins                                    ; 52        ;
; Total memory bits                           ; 88        ;
; Embedded Multiplier 9-bit elements          ; 8         ;
; Maximum fan-out node                        ; clk~input ;
; Maximum fan-out                             ; 79        ;
; Total fan-out                               ; 1378      ;
; Average fan-out                             ; 2.58      ;
+---------------------------------------------+-----------+


+--------------------------------------------------------------------------------------------------------------------------------------------------------------------------------------------------------------------------------------------+
; Analysis & Synthesis Resource Utilization by Entity                                                                                                                                                                                        ;
+----------------------------------------+-------------------+--------------+-------------+--------------+---------+-----------+------+--------------+------------------------------------------------------------------------+--------------+
; Compilation Hierarchy Node             ; LC Combinationals ; LC Registers ; Memory Bits ; DSP Elements ; DSP 9x9 ; DSP 18x18 ; Pins ; Virtual Pins ; Full Hierarchy Name                                                    ; Library Name ;
+----------------------------------------+-------------------+--------------+-------------+--------------+---------+-----------+------+--------------+------------------------------------------------------------------------+--------------+
; |uart                                  ; 260 (232)         ; 154 (154)    ; 88          ; 8            ; 0       ; 4         ; 52   ; 0            ; |uart                                                                  ; work         ;
;    |altsyncram:Serial_available_rtl_0| ; 0 (0)             ; 0 (0)        ; 88          ; 0            ; 0       ; 0         ; 0    ; 0            ; |uart|altsyncram:Serial_available_rtl_0                                ; work         ;
;       |altsyncram_9ng1:auto_generated| ; 0 (0)             ; 0 (0)        ; 88          ; 0            ; 0       ; 0         ; 0    ; 0            ; |uart|altsyncram:Serial_available_rtl_0|altsyncram_9ng1:auto_generated ; work         ;
;    |lpm_mult:Mult0|                    ; 14 (0)            ; 0 (0)        ; 0           ; 4            ; 0       ; 2         ; 0    ; 0            ; |uart|lpm_mult:Mult0                                                   ; work         ;
;       |mult_fft:auto_generated|        ; 14 (14)           ; 0 (0)        ; 0           ; 4            ; 0       ; 2         ; 0    ; 0            ; |uart|lpm_mult:Mult0|mult_fft:auto_generated                           ; work         ;
;    |lpm_mult:Mult1|                    ; 14 (0)            ; 0 (0)        ; 0           ; 4            ; 0       ; 2         ; 0    ; 0            ; |uart|lpm_mult:Mult1                                                   ; work         ;
;       |mult_fft:auto_generated|        ; 14 (14)           ; 0 (0)        ; 0           ; 4            ; 0       ; 2         ; 0    ; 0            ; |uart|lpm_mult:Mult1|mult_fft:auto_generated                           ; work         ;
+----------------------------------------+-------------------+--------------+-------------+--------------+---------+-----------+------+--------------+------------------------------------------------------------------------+--------------+
Note: For table entries with two numbers listed, the numbers in parentheses indicate the number of resources of the given type used by the specific entity alone. The numbers listed outside of parentheses indicate the total resources of the given type used by the specific entity and all of its sub-entities in the hierarchy.


+-------------------------------------------------------------------------------------------------------------------------------------------------------------------------------------------------------------+
; Analysis & Synthesis RAM Summary                                                                                                                                                                            ;
+-----------------------------------------------------------------------------+------+------------------+--------------+--------------+--------------+--------------+------+----------------------------------+
; Name                                                                        ; Type ; Mode             ; Port A Depth ; Port A Width ; Port B Depth ; Port B Width ; Size ; MIF                              ;
+-----------------------------------------------------------------------------+------+------------------+--------------+--------------+--------------+--------------+------+----------------------------------+
; altsyncram:Serial_available_rtl_0|altsyncram_9ng1:auto_generated|ALTSYNCRAM ; AUTO ; Simple Dual Port ; 11           ; 8            ; 11           ; 8            ; 88   ; db/uart.ram1_uart_41a7c2.hdl.mif ;
+-----------------------------------------------------------------------------+------+------------------+--------------+--------------+--------------+--------------+------+----------------------------------+


+-----------------------------------------------------+
; Analysis & Synthesis DSP Block Usage Summary        ;
+---------------------------------------+-------------+
; Statistic                             ; Number Used ;
+---------------------------------------+-------------+
; Simple Multipliers (9-bit)            ; 0           ;
; Simple Multipliers (18-bit)           ; 4           ;
; Embedded Multiplier Blocks            ; --          ;
; Embedded Multiplier 9-bit elements    ; 8           ;
; Signed Embedded Multipliers           ; 0           ;
; Unsigned Embedded Multipliers         ; 4           ;
; Mixed Sign Embedded Multipliers       ; 0           ;
; Variable Sign Embedded Multipliers    ; 0           ;
; Dedicated Input Shift Register Chains ; 0           ;
+---------------------------------------+-------------+
Note: number of Embedded Multiplier Blocks used is only available after a successful fit.


+---------------------------------------------------------------------------------------------------+
; User-Specified and Inferred Latches                                                               ;
+----------------------------------------------------+---------------------+------------------------+
; Latch Name                                         ; Latch Enable Signal ; Free of Timing Hazards ;
+----------------------------------------------------+---------------------+------------------------+
; countE1                                            ; GND                 ; yes                    ;
; Number of user-specified and inferred latches = 1  ;                     ;                        ;
+----------------------------------------------------+---------------------+------------------------+
Note: All latches listed above may not be present at the end of synthesis due to various synthesis optimizations.


+----------------------------------------------------------------------------------+
; Registers Removed During Synthesis                                               ;
+-----------------------------------------+----------------------------------------+
; Register name                           ; Reason for Removal                     ;
+-----------------------------------------+----------------------------------------+
; outserial[0]                            ; Stuck at GND due to stuck port data_in ;
; outserial[9]                            ; Stuck at VCC due to stuck port data_in ;
; data~0                                  ; Stuck at GND due to stuck port clock   ;
; data~1                                  ; Stuck at GND due to stuck port clock   ;
; data~2                                  ; Stuck at GND due to stuck port clock   ;
; data~3                                  ; Stuck at GND due to stuck port clock   ;
; data~4                                  ; Stuck at GND due to stuck port clock   ;
; data~5                                  ; Stuck at GND due to stuck port clock   ;
; data~6                                  ; Stuck at GND due to stuck port clock   ;
; data~7                                  ; Stuck at GND due to stuck port clock   ;
; data~8                                  ; Stuck at GND due to stuck port clock   ;
; data~9                                  ; Stuck at GND due to stuck port clock   ;
; data~10                                 ; Stuck at GND due to stuck port clock   ;
; data~11                                 ; Stuck at GND due to stuck port clock   ;
; data~12                                 ; Stuck at GND due to stuck port clock   ;
; data~13                                 ; Stuck at GND due to stuck port clock   ;
; data~14                                 ; Stuck at GND due to stuck port clock   ;
; data~15                                 ; Stuck at GND due to stuck port clock   ;
; data~16                                 ; Stuck at GND due to stuck port clock   ;
; data~17                                 ; Stuck at GND due to stuck port clock   ;
; data~18                                 ; Stuck at GND due to stuck port clock   ;
; data~19                                 ; Stuck at GND due to stuck port clock   ;
; data~20                                 ; Stuck at GND due to stuck port clock   ;
; data~21                                 ; Stuck at GND due to stuck port clock   ;
; data~22                                 ; Stuck at GND due to stuck port clock   ;
; data~23                                 ; Stuck at GND due to stuck port clock   ;
; data~24                                 ; Stuck at GND due to stuck port clock   ;
; data~25                                 ; Stuck at GND due to stuck port clock   ;
; data~26                                 ; Stuck at GND due to stuck port clock   ;
; data~27                                 ; Stuck at GND due to stuck port clock   ;
; data~28                                 ; Stuck at GND due to stuck port clock   ;
; data~29                                 ; Stuck at GND due to stuck port clock   ;
; data~30                                 ; Stuck at GND due to stuck port clock   ;
; data~31                                 ; Stuck at GND due to stuck port clock   ;
; data~32                                 ; Stuck at GND due to stuck port clock   ;
; data~33                                 ; Stuck at GND due to stuck port clock   ;
; data~34                                 ; Stuck at GND due to stuck port clock   ;
; data~35                                 ; Stuck at GND due to stuck port clock   ;
; data~36                                 ; Stuck at GND due to stuck port clock   ;
; data~37                                 ; Stuck at GND due to stuck port clock   ;
; data~38                                 ; Stuck at GND due to stuck port clock   ;
; data~39                                 ; Stuck at GND due to stuck port clock   ;
; data~40                                 ; Stuck at GND due to stuck port clock   ;
; data~41                                 ; Stuck at GND due to stuck port clock   ;
; data~42                                 ; Stuck at GND due to stuck port clock   ;
; data~43                                 ; Stuck at GND due to stuck port clock   ;
; data~44                                 ; Stuck at GND due to stuck port clock   ;
; data~45                                 ; Stuck at GND due to stuck port clock   ;
; data~46                                 ; Stuck at GND due to stuck port clock   ;
; data~47                                 ; Stuck at GND due to stuck port clock   ;
; data~48                                 ; Stuck at GND due to stuck port clock   ;
; data~49                                 ; Stuck at GND due to stuck port clock   ;
; data~50                                 ; Stuck at GND due to stuck port clock   ;
; data~51                                 ; Stuck at GND due to stuck port clock   ;
; data~52                                 ; Stuck at GND due to stuck port clock   ;
; data~53                                 ; Stuck at GND due to stuck port clock   ;
; data~54                                 ; Stuck at GND due to stuck port clock   ;
; data~55                                 ; Stuck at GND due to stuck port clock   ;
; data~56                                 ; Stuck at GND due to stuck port clock   ;
; data~57                                 ; Stuck at GND due to stuck port clock   ;
; data~58                                 ; Stuck at GND due to stuck port clock   ;
; data~59                                 ; Stuck at GND due to stuck port clock   ;
; data~60                                 ; Stuck at GND due to stuck port clock   ;
; data~61                                 ; Stuck at GND due to stuck port clock   ;
; data~62                                 ; Stuck at GND due to stuck port clock   ;
; data~63                                 ; Stuck at GND due to stuck port clock   ;
; data~64                                 ; Stuck at GND due to stuck port clock   ;
; data~65                                 ; Stuck at GND due to stuck port clock   ;
; data~66                                 ; Stuck at GND due to stuck port clock   ;
; data~67                                 ; Stuck at GND due to stuck port clock   ;
; data~68                                 ; Stuck at GND due to stuck port clock   ;
; data~69                                 ; Stuck at GND due to stuck port clock   ;
; data~70                                 ; Stuck at GND due to stuck port clock   ;
; data~71                                 ; Stuck at GND due to stuck port clock   ;
; data~72                                 ; Stuck at GND due to stuck port clock   ;
; data~73                                 ; Stuck at GND due to stuck port clock   ;
; data~74                                 ; Stuck at GND due to stuck port clock   ;
; data~75                                 ; Stuck at GND due to stuck port clock   ;
; data~76                                 ; Stuck at GND due to stuck port clock   ;
; data~77                                 ; Stuck at GND due to stuck port clock   ;
; data~78                                 ; Stuck at GND due to stuck port clock   ;
; data~79                                 ; Stuck at GND due to stuck port clock   ;
; data~80                                 ; Stuck at GND due to stuck port clock   ;
; data~81                                 ; Stuck at GND due to stuck port clock   ;
; data~82                                 ; Stuck at GND due to stuck port clock   ;
; data~83                                 ; Stuck at GND due to stuck port clock   ;
; data~84                                 ; Stuck at GND due to stuck port clock   ;
; data~85                                 ; Stuck at GND due to stuck port clock   ;
; data~86                                 ; Stuck at GND due to stuck port clock   ;
; data~87                                 ; Stuck at GND due to stuck port clock   ;
; data~88                                 ; Stuck at GND due to stuck port clock   ;
; data~89                                 ; Stuck at GND due to stuck port clock   ;
; data~90                                 ; Stuck at GND due to stuck port clock   ;
; data~91                                 ; Stuck at GND due to stuck port clock   ;
; data~92                                 ; Stuck at GND due to stuck port clock   ;
; data~93                                 ; Stuck at GND due to stuck port clock   ;
; data~94                                 ; Stuck at GND due to stuck port clock   ;
; data~95                                 ; Stuck at GND due to stuck port clock   ;
; data~96                                 ; Stuck at GND due to stuck port clock   ;
; data~97                                 ; Stuck at GND due to stuck port clock   ;
; data~98                                 ; Stuck at GND due to stuck port clock   ;
; data~99                                 ; Stuck at GND due to stuck port clock   ;
; data~100                                ; Stuck at GND due to stuck port clock   ;
; data~101                                ; Stuck at GND due to stuck port clock   ;
; data~102                                ; Stuck at GND due to stuck port clock   ;
; data~103                                ; Stuck at GND due to stuck port clock   ;
; data~104                                ; Stuck at GND due to stuck port clock   ;
; data~105                                ; Stuck at GND due to stuck port clock   ;
; data~106                                ; Stuck at GND due to stuck port clock   ;
; data~107                                ; Stuck at GND due to stuck port clock   ;
; data~108                                ; Stuck at GND due to stuck port clock   ;
; data~109                                ; Stuck at GND due to stuck port clock   ;
; data~110                                ; Stuck at GND due to stuck port clock   ;
; data~111                                ; Stuck at GND due to stuck port clock   ;
; data~112                                ; Stuck at GND due to stuck port clock   ;
; data~113                                ; Stuck at GND due to stuck port clock   ;
; data~114                                ; Stuck at GND due to stuck port clock   ;
; data~115                                ; Stuck at GND due to stuck port clock   ;
; data~116                                ; Stuck at GND due to stuck port clock   ;
; data~117                                ; Stuck at GND due to stuck port clock   ;
; data~118                                ; Stuck at GND due to stuck port clock   ;
; data~119                                ; Stuck at GND due to stuck port clock   ;
; data~120                                ; Stuck at GND due to stuck port clock   ;
; data~121                                ; Stuck at GND due to stuck port clock   ;
; data~122                                ; Stuck at GND due to stuck port clock   ;
; data~123                                ; Stuck at GND due to stuck port clock   ;
; data~124                                ; Stuck at GND due to stuck port clock   ;
; data~125                                ; Stuck at GND due to stuck port clock   ;
; data~126                                ; Stuck at GND due to stuck port clock   ;
; data~127                                ; Stuck at GND due to stuck port clock   ;
; R[0]~reg0                               ; Stuck at GND due to stuck port data_in ;
; R[1]~reg0                               ; Stuck at GND due to stuck port data_in ;
; G[0]~reg0                               ; Stuck at VCC due to stuck port data_in ;
; G[1]~reg0                               ; Stuck at VCC due to stuck port data_in ;
; R[7]~reg0                               ; Stuck at GND due to stuck port data_in ;
; G[7]~reg0                               ; Stuck at VCC due to stuck port data_in ;
; FD[25..50]                              ; Lost fanout                            ;
; \Receive:ii1[4]                         ; Stuck at GND due to stuck port data_in ;
; Total Number of Removed Registers = 163 ;                                        ;
+-----------------------------------------+----------------------------------------+


+----------------------------------------------------------------------------------+
; Removed Registers Triggering Further Register Optimizations                      ;
+---------------+-------------------------+----------------------------------------+
; Register name ; Reason for Removal      ; Registers Removed due to This Register ;
+---------------+-------------------------+----------------------------------------+
; data~0        ; Stuck at GND            ; G[0]~reg0                              ;
;               ; due to stuck port clock ;                                        ;
; data~1        ; Stuck at GND            ; G[1]~reg0                              ;
;               ; due to stuck port clock ;                                        ;
; data~7        ; Stuck at GND            ; G[7]~reg0                              ;
;               ; due to stuck port clock ;                                        ;
+---------------+-------------------------+----------------------------------------+


+------------------------------------------------------+
; General Register Statistics                          ;
+----------------------------------------------+-------+
; Statistic                                    ; Value ;
+----------------------------------------------+-------+
; Total registers                              ; 154   ;
; Number of registers using Synchronous Clear  ; 1     ;
; Number of registers using Synchronous Load   ; 0     ;
; Number of registers using Asynchronous Clear ; 45    ;
; Number of registers using Asynchronous Load  ; 0     ;
; Number of registers using Clock Enable       ; 56    ;
; Number of registers using Preset             ; 0     ;
+----------------------------------------------+-------+


+--------------------------------------------------+
; Inverted Register Statistics                     ;
+----------------------------------------+---------+
; Inverted Register                      ; Fan out ;
+----------------------------------------+---------+
; S[0]~reg0                              ; 2       ;
; Total number of inverted registers = 1 ;         ;
+----------------------------------------+---------+


+-----------------------------------------------------------------------------------------+
; Source assignments for altsyncram:Serial_available_rtl_0|altsyncram_9ng1:auto_generated ;
+---------------------------------+--------------------+------+---------------------------+
; Assignment                      ; Value              ; From ; To                        ;
+---------------------------------+--------------------+------+---------------------------+
; OPTIMIZE_POWER_DURING_SYNTHESIS ; NORMAL_COMPILATION ; -    ; -                         ;
+---------------------------------+--------------------+------+---------------------------+


+----------------------------------------------------------------------------------------+
; Parameter Settings for Inferred Entity Instance: altsyncram:Serial_available_rtl_0     ;
+------------------------------------+----------------------------------+----------------+
; Parameter Name                     ; Value                            ; Type           ;
+------------------------------------+----------------------------------+----------------+
; BYTE_SIZE_BLOCK                    ; 8                                ; Untyped        ;
; AUTO_CARRY_CHAINS                  ; ON                               ; AUTO_CARRY     ;
; IGNORE_CARRY_BUFFERS               ; OFF                              ; IGNORE_CARRY   ;
; AUTO_CASCADE_CHAINS                ; ON                               ; AUTO_CASCADE   ;
; IGNORE_CASCADE_BUFFERS             ; OFF                              ; IGNORE_CASCADE ;
; WIDTH_BYTEENA                      ; 1                                ; Untyped        ;
; OPERATION_MODE                     ; DUAL_PORT                        ; Untyped        ;
; WIDTH_A                            ; 8                                ; Untyped        ;
; WIDTHAD_A                          ; 4                                ; Untyped        ;
; NUMWORDS_A                         ; 11                               ; Untyped        ;
; OUTDATA_REG_A                      ; UNREGISTERED                     ; Untyped        ;
; ADDRESS_ACLR_A                     ; NONE                             ; Untyped        ;
; OUTDATA_ACLR_A                     ; NONE                             ; Untyped        ;
; WRCONTROL_ACLR_A                   ; NONE                             ; Untyped        ;
; INDATA_ACLR_A                      ; NONE                             ; Untyped        ;
; BYTEENA_ACLR_A                     ; NONE                             ; Untyped        ;
; WIDTH_B                            ; 8                                ; Untyped        ;
; WIDTHAD_B                          ; 4                                ; Untyped        ;
; NUMWORDS_B                         ; 11                               ; Untyped        ;
; INDATA_REG_B                       ; CLOCK1                           ; Untyped        ;
; WRCONTROL_WRADDRESS_REG_B          ; CLOCK1                           ; Untyped        ;
; RDCONTROL_REG_B                    ; CLOCK1                           ; Untyped        ;
; ADDRESS_REG_B                      ; CLOCK1                           ; Untyped        ;
; OUTDATA_REG_B                      ; UNREGISTERED                     ; Untyped        ;
; BYTEENA_REG_B                      ; CLOCK1                           ; Untyped        ;
; INDATA_ACLR_B                      ; NONE                             ; Untyped        ;
; WRCONTROL_ACLR_B                   ; NONE                             ; Untyped        ;
; ADDRESS_ACLR_B                     ; NONE                             ; Untyped        ;
; OUTDATA_ACLR_B                     ; NONE                             ; Untyped        ;
; RDCONTROL_ACLR_B                   ; NONE                             ; Untyped        ;
; BYTEENA_ACLR_B                     ; NONE                             ; Untyped        ;
; WIDTH_BYTEENA_A                    ; 1                                ; Untyped        ;
; WIDTH_BYTEENA_B                    ; 1                                ; Untyped        ;
; RAM_BLOCK_TYPE                     ; AUTO                             ; Untyped        ;
; BYTE_SIZE                          ; 8                                ; Untyped        ;
; READ_DURING_WRITE_MODE_MIXED_PORTS ; DONT_CARE                        ; Untyped        ;
; READ_DURING_WRITE_MODE_PORT_A      ; NEW_DATA_NO_NBE_READ             ; Untyped        ;
; READ_DURING_WRITE_MODE_PORT_B      ; NEW_DATA_NO_NBE_READ             ; Untyped        ;
; INIT_FILE                          ; db/uart.ram1_uart_41a7c2.hdl.mif ; Untyped        ;
; INIT_FILE_LAYOUT                   ; PORT_A                           ; Untyped        ;
; MAXIMUM_DEPTH                      ; 0                                ; Untyped        ;
; CLOCK_ENABLE_INPUT_A               ; NORMAL                           ; Untyped        ;
; CLOCK_ENABLE_INPUT_B               ; NORMAL                           ; Untyped        ;
; CLOCK_ENABLE_OUTPUT_A              ; NORMAL                           ; Untyped        ;
; CLOCK_ENABLE_OUTPUT_B              ; NORMAL                           ; Untyped        ;
; CLOCK_ENABLE_CORE_A                ; USE_INPUT_CLKEN                  ; Untyped        ;
; CLOCK_ENABLE_CORE_B                ; USE_INPUT_CLKEN                  ; Untyped        ;
; ENABLE_ECC                         ; FALSE                            ; Untyped        ;
; ECC_PIPELINE_STAGE_ENABLED         ; FALSE                            ; Untyped        ;
; WIDTH_ECCSTATUS                    ; 3                                ; Untyped        ;
; DEVICE_FAMILY                      ; Cyclone III                      ; Untyped        ;
; CBXI_PARAMETER                     ; altsyncram_9ng1                  ; Untyped        ;
+------------------------------------+----------------------------------+----------------+
Note: In order to hide this table in the UI and the text report file, please set the "Show Parameter Settings in Synthesis Report" option in "Analysis and Synthesis Settings -> More Settings" to "Off".


+------------------------------------------------------------------------------------+
; Parameter Settings for Inferred Entity Instance: lpm_mult:Mult0                    ;
+------------------------------------------------+-------------+---------------------+
; Parameter Name                                 ; Value       ; Type                ;
+------------------------------------------------+-------------+---------------------+
; AUTO_CARRY_CHAINS                              ; ON          ; AUTO_CARRY          ;
; IGNORE_CARRY_BUFFERS                           ; OFF         ; IGNORE_CARRY        ;
; AUTO_CASCADE_CHAINS                            ; ON          ; AUTO_CASCADE        ;
; IGNORE_CASCADE_BUFFERS                         ; OFF         ; IGNORE_CASCADE      ;
; LPM_WIDTHA                                     ; 26          ; Untyped             ;
; LPM_WIDTHB                                     ; 14          ; Untyped             ;
; LPM_WIDTHP                                     ; 40          ; Untyped             ;
; LPM_WIDTHR                                     ; 40          ; Untyped             ;
; LPM_WIDTHS                                     ; 1           ; Untyped             ;
; LPM_REPRESENTATION                             ; UNSIGNED    ; Untyped             ;
; LPM_PIPELINE                                   ; 0           ; Untyped             ;
; LATENCY                                        ; 0           ; Untyped             ;
; INPUT_A_IS_CONSTANT                            ; NO          ; Untyped             ;
; INPUT_B_IS_CONSTANT                            ; YES         ; Untyped             ;
; USE_EAB                                        ; OFF         ; Untyped             ;
; MAXIMIZE_SPEED                                 ; 5           ; Untyped             ;
; DEVICE_FAMILY                                  ; Cyclone III ; Untyped             ;
; CARRY_CHAIN                                    ; MANUAL      ; Untyped             ;
; APEX20K_TECHNOLOGY_MAPPER                      ; LUT         ; TECH_MAPPER_APEX20K ;
; DEDICATED_MULTIPLIER_CIRCUITRY                 ; AUTO        ; Untyped             ;
; DEDICATED_MULTIPLIER_MIN_INPUT_WIDTH_FOR_AUTO  ; 0           ; Untyped             ;
; DEDICATED_MULTIPLIER_MIN_OUTPUT_WIDTH_FOR_AUTO ; 0           ; Untyped             ;
; CBXI_PARAMETER                                 ; mult_fft    ; Untyped             ;
; INPUT_A_FIXED_VALUE                            ; Bx          ; Untyped             ;
; INPUT_B_FIXED_VALUE                            ; Bx          ; Untyped             ;
; USE_AHDL_IMPLEMENTATION                        ; OFF         ; Untyped             ;
+------------------------------------------------+-------------+---------------------+
Note: In order to hide this table in the UI and the text report file, please set the "Show Parameter Settings in Synthesis Report" option in "Analysis and Synthesis Settings -> More Settings" to "Off".


+------------------------------------------------------------------------------------+
; Parameter Settings for Inferred Entity Instance: lpm_mult:Mult1                    ;
+------------------------------------------------+-------------+---------------------+
; Parameter Name                                 ; Value       ; Type                ;
+------------------------------------------------+-------------+---------------------+
; AUTO_CARRY_CHAINS                              ; ON          ; AUTO_CARRY          ;
; IGNORE_CARRY_BUFFERS                           ; OFF         ; IGNORE_CARRY        ;
; AUTO_CASCADE_CHAINS                            ; ON          ; AUTO_CASCADE        ;
; IGNORE_CASCADE_BUFFERS                         ; OFF         ; IGNORE_CASCADE      ;
; LPM_WIDTHA                                     ; 26          ; Untyped             ;
; LPM_WIDTHB                                     ; 14          ; Untyped             ;
; LPM_WIDTHP                                     ; 40          ; Untyped             ;
; LPM_WIDTHR                                     ; 40          ; Untyped             ;
; LPM_WIDTHS                                     ; 1           ; Untyped             ;
; LPM_REPRESENTATION                             ; UNSIGNED    ; Untyped             ;
; LPM_PIPELINE                                   ; 0           ; Untyped             ;
; LATENCY                                        ; 0           ; Untyped             ;
; INPUT_A_IS_CONSTANT                            ; NO          ; Untyped             ;
; INPUT_B_IS_CONSTANT                            ; YES         ; Untyped             ;
; USE_EAB                                        ; OFF         ; Untyped             ;
; MAXIMIZE_SPEED                                 ; 5           ; Untyped             ;
; DEVICE_FAMILY                                  ; Cyclone III ; Untyped             ;
; CARRY_CHAIN                                    ; MANUAL      ; Untyped             ;
; APEX20K_TECHNOLOGY_MAPPER                      ; LUT         ; TECH_MAPPER_APEX20K ;
; DEDICATED_MULTIPLIER_CIRCUITRY                 ; AUTO        ; Untyped             ;
; DEDICATED_MULTIPLIER_MIN_INPUT_WIDTH_FOR_AUTO  ; 0           ; Untyped             ;
; DEDICATED_MULTIPLIER_MIN_OUTPUT_WIDTH_FOR_AUTO ; 0           ; Untyped             ;
; CBXI_PARAMETER                                 ; mult_fft    ; Untyped             ;
; INPUT_A_FIXED_VALUE                            ; Bx          ; Untyped             ;
; INPUT_B_FIXED_VALUE                            ; Bx          ; Untyped             ;
; USE_AHDL_IMPLEMENTATION                        ; OFF         ; Untyped             ;
+------------------------------------------------+-------------+---------------------+
Note: In order to hide this table in the UI and the text report file, please set the "Show Parameter Settings in Synthesis Report" option in "Analysis and Synthesis Settings -> More Settings" to "Off".


+-------------------------------------------------------------------------------+
; altsyncram Parameter Settings by Entity Instance                              ;
+-------------------------------------------+-----------------------------------+
; Name                                      ; Value                             ;
+-------------------------------------------+-----------------------------------+
; Number of entity instances                ; 1                                 ;
; Entity Instance                           ; altsyncram:Serial_available_rtl_0 ;
;     -- OPERATION_MODE                     ; DUAL_PORT                         ;
;     -- WIDTH_A                            ; 8                                 ;
;     -- NUMWORDS_A                         ; 11                                ;
;     -- OUTDATA_REG_A                      ; UNREGISTERED                      ;
;     -- WIDTH_B                            ; 8                                 ;
;     -- NUMWORDS_B                         ; 11                                ;
;     -- ADDRESS_REG_B                      ; CLOCK1                            ;
;     -- OUTDATA_REG_B                      ; UNREGISTERED                      ;
;     -- RAM_BLOCK_TYPE                     ; AUTO                              ;
;     -- READ_DURING_WRITE_MODE_MIXED_PORTS ; DONT_CARE                         ;
+-------------------------------------------+-----------------------------------+


+--------------------------------------------------------+
; lpm_mult Parameter Settings by Entity Instance         ;
+---------------------------------------+----------------+
; Name                                  ; Value          ;
+---------------------------------------+----------------+
; Number of entity instances            ; 2              ;
; Entity Instance                       ; lpm_mult:Mult0 ;
;     -- LPM_WIDTHA                     ; 26             ;
;     -- LPM_WIDTHB                     ; 14             ;
;     -- LPM_WIDTHP                     ; 40             ;
;     -- LPM_REPRESENTATION             ; UNSIGNED       ;
;     -- INPUT_A_IS_CONSTANT            ; NO             ;
;     -- INPUT_B_IS_CONSTANT            ; YES            ;
;     -- USE_EAB                        ; OFF            ;
;     -- DEDICATED_MULTIPLIER_CIRCUITRY ; AUTO           ;
;     -- INPUT_A_FIXED_VALUE            ; Bx             ;
;     -- INPUT_B_FIXED_VALUE            ; Bx             ;
; Entity Instance                       ; lpm_mult:Mult1 ;
;     -- LPM_WIDTHA                     ; 26             ;
;     -- LPM_WIDTHB                     ; 14             ;
;     -- LPM_WIDTHP                     ; 40             ;
;     -- LPM_REPRESENTATION             ; UNSIGNED       ;
;     -- INPUT_A_IS_CONSTANT            ; NO             ;
;     -- INPUT_B_IS_CONSTANT            ; YES            ;
;     -- USE_EAB                        ; OFF            ;
;     -- DEDICATED_MULTIPLIER_CIRCUITRY ; AUTO           ;
;     -- INPUT_A_FIXED_VALUE            ; Bx             ;
;     -- INPUT_B_FIXED_VALUE            ; Bx             ;
+---------------------------------------+----------------+


+-------------------------------+
; Elapsed Time Per Partition    ;
+----------------+--------------+
; Partition Name ; Elapsed Time ;
+----------------+--------------+
; Top            ; 00:00:01     ;
+----------------+--------------+


+-------------------------------+
; Analysis & Synthesis Messages ;
+-------------------------------+
Info: *******************************************************************
Info: Running Quartus II 64-Bit Analysis & Synthesis
    Info: Version 13.0.1 Build 232 06/12/2013 Service Pack 1 SJ Web Edition
    Info: Processing started: Tue Sep 29 19:23:35 2020
Info: Command: quartus_map --read_settings_files=on --write_settings_files=off uart -c uart
Info (20030): Parallel compilation is enabled and will use 8 of the 8 processors detected
Info (12021): Found 2 design units, including 1 entities, in source file uart.vhd
    Info (12022): Found design unit 1: uart-main
    Info (12023): Found entity 1: uart
Warning (12019): Can't analyze file -- file ../Vhdl1.vhd is missing
Info (12127): Elaborating entity "uart" for the top level hierarchy
Warning (10631): VHDL Process Statement warning at uart.vhd(61): inferring latch(es) for signal or variable "countE1", which holds its previous value in one or more paths through the process
Warning (10492): VHDL Process Statement warning at uart.vhd(92): signal "o" is read inside the Process Statement but isn't in the Process Statement's sensitivity list
Warning (10492): VHDL Process Statement warning at uart.vhd(110): signal "rst" is read inside the Process Statement but isn't in the Process Statement's sensitivity list
Warning (10034): Output port "bz" at uart.vhd(11) has no driver
Warning (10034): Output port "RXsig" at uart.vhd(12) has no driver
Info (10041): Inferred latch for "countE1" at uart.vhd(61)
Warning (276027): Inferred dual-clock RAM node "Serial_available_rtl_0" from synchronous design logic.  The read-during-write behavior of a dual-clock RAM is undefined and may not match the behavior of the original design.
Info (276014): Found 1 instances of uninferred RAM logic
    Info (276004): RAM logic "data" is uninferred due to inappropriate RAM size
Info (19000): Inferred 1 megafunctions from design logic
    Info (276029): Inferred altsyncram megafunction from the following design logic: "Serial_available_rtl_0" 
        Info (286033): Parameter OPERATION_MODE set to DUAL_PORT
        Info (286033): Parameter WIDTH_A set to 8
        Info (286033): Parameter WIDTHAD_A set to 4
        Info (286033): Parameter NUMWORDS_A set to 11
        Info (286033): Parameter WIDTH_B set to 8
        Info (286033): Parameter WIDTHAD_B set to 4
        Info (286033): Parameter NUMWORDS_B set to 11
        Info (286033): Parameter ADDRESS_ACLR_A set to NONE
        Info (286033): Parameter OUTDATA_REG_B set to UNREGISTERED
        Info (286033): Parameter ADDRESS_ACLR_B set to NONE
        Info (286033): Parameter OUTDATA_ACLR_B set to NONE
        Info (286033): Parameter ADDRESS_REG_B set to CLOCK1
        Info (286033): Parameter INDATA_ACLR_A set to NONE
        Info (286033): Parameter WRCONTROL_ACLR_A set to NONE
        Info (286033): Parameter INIT_FILE set to db/uart.ram1_uart_41a7c2.hdl.mif
Info (278001): Inferred 2 megafunctions from design logic
    Info (278003): Inferred multiplier megafunction ("lpm_mult") from the following logic: "Mult0"
    Info (278003): Inferred multiplier megafunction ("lpm_mult") from the following logic: "Mult1"
Info (12130): Elaborated megafunction instantiation "altsyncram:Serial_available_rtl_0"
Info (12133): Instantiated megafunction "altsyncram:Serial_available_rtl_0" with the following parameter:
    Info (12134): Parameter "OPERATION_MODE" = "DUAL_PORT"
    Info (12134): Parameter "WIDTH_A" = "8"
    Info (12134): Parameter "WIDTHAD_A" = "4"
    Info (12134): Parameter "NUMWORDS_A" = "11"
    Info (12134): Parameter "WIDTH_B" = "8"
    Info (12134): Parameter "WIDTHAD_B" = "4"
    Info (12134): Parameter "NUMWORDS_B" = "11"
    Info (12134): Parameter "ADDRESS_ACLR_A" = "NONE"
    Info (12134): Parameter "OUTDATA_REG_B" = "UNREGISTERED"
    Info (12134): Parameter "ADDRESS_ACLR_B" = "NONE"
    Info (12134): Parameter "OUTDATA_ACLR_B" = "NONE"
    Info (12134): Parameter "ADDRESS_REG_B" = "CLOCK1"
    Info (12134): Parameter "INDATA_ACLR_A" = "NONE"
    Info (12134): Parameter "WRCONTROL_ACLR_A" = "NONE"
    Info (12134): Parameter "INIT_FILE" = "db/uart.ram1_uart_41a7c2.hdl.mif"
Info (12021): Found 1 design units, including 1 entities, in source file db/altsyncram_9ng1.tdf
    Info (12023): Found entity 1: altsyncram_9ng1
Info (12130): Elaborated megafunction instantiation "lpm_mult:Mult0"
Info (12133): Instantiated megafunction "lpm_mult:Mult0" with the following parameter:
    Info (12134): Parameter "LPM_WIDTHA" = "26"
    Info (12134): Parameter "LPM_WIDTHB" = "14"
    Info (12134): Parameter "LPM_WIDTHP" = "40"
    Info (12134): Parameter "LPM_WIDTHR" = "40"
    Info (12134): Parameter "LPM_WIDTHS" = "1"
    Info (12134): Parameter "LPM_REPRESENTATION" = "UNSIGNED"
    Info (12134): Parameter "INPUT_A_IS_CONSTANT" = "NO"
    Info (12134): Parameter "INPUT_B_IS_CONSTANT" = "YES"
    Info (12134): Parameter "MAXIMIZE_SPEED" = "5"
Info (12021): Found 1 design units, including 1 entities, in source file db/mult_fft.tdf
    Info (12023): Found entity 1: mult_fft
Info (13014): Ignored 84 buffer(s)
    Info (13019): Ignored 84 SOFT buffer(s)
Info (13000): Registers with preset signals will power-up high
Info (13003): DEV_CLRn pin will set, and not reset, register with preset signal due to NOT Gate Push-Back
Warning (13024): Output pins are stuck at VCC or GND
    Warning (13410): Pin "bz" is stuck at GND
    Warning (13410): Pin "RXsig" is stuck at GND
    Warning (13410): Pin "R[0]" is stuck at GND
    Warning (13410): Pin "R[1]" is stuck at GND
    Warning (13410): Pin "R[7]" is stuck at GND
    Warning (13410): Pin "G[0]" is stuck at VCC
    Warning (13410): Pin "G[1]" is stuck at VCC
    Warning (13410): Pin "G[7]" is stuck at VCC
Info (286030): Timing-Driven Synthesis is running
Info (17049): 26 registers lost all their fanouts during netlist optimizations.
Info (16010): Generating hard_block partition "hard_block:auto_generated_inst"
    Info (16011): Adding 0 node(s), including 0 DDIO, 0 PLL, 0 transceiver and 0 LCELL
Info (21057): Implemented 356 device resources after synthesis - the final resource count might be different
    Info (21058): Implemented 3 input pins
    Info (21059): Implemented 49 output pins
    Info (21061): Implemented 288 logic cells
    Info (21064): Implemented 8 RAM segments
    Info (21062): Implemented 8 DSP elements
Info: Quartus II 64-Bit Analysis & Synthesis was successful. 0 errors, 16 warnings
    Info: Peak virtual memory: 4689 megabytes
    Info: Processing ended: Tue Sep 29 19:23:38 2020
    Info: Elapsed time: 00:00:03
    Info: Total CPU time (on all processors): 00:00:03


