Analysis & Synthesis report for dual_array
Sat Sep 05 21:53:50 2020
Quartus II 64-Bit Version 13.0.1 Build 232 06/12/2013 Service Pack 1 SJ Web Edition


---------------------
; Table of Contents ;
---------------------
  1. Legal Notice
  2. Analysis & Synthesis Summary
  3. Analysis & Synthesis Settings
  4. Parallel Compilation
  5. Analysis & Synthesis Source Files Read
  6. Analysis & Synthesis Resource Usage Summary
  7. Analysis & Synthesis Resource Utilization by Entity
  8. Registers Removed During Synthesis
  9. Removed Registers Triggering Further Register Optimizations
 10. General Register Statistics
 11. Inverted Register Statistics
 12. Elapsed Time Per Partition
 13. Analysis & Synthesis Messages



----------------
; Legal Notice ;
----------------
Copyright (C) 1991-2013 Altera Corporation
Your use of Altera Corporation's design tools, logic functions 
and other software and tools, and its AMPP partner logic 
functions, and any output files from any of the foregoing 
(including device programming or simulation files), and any 
associated documentation or information are expressly subject 
to the terms and conditions of the Altera Program License 
Subscription Agreement, Altera MegaCore Function License 
Agreement, or other applicable license agreement, including, 
without limitation, that your use is for the sole purpose of 
programming logic devices manufactured by Altera and sold by 
Altera or its authorized distributors.  Please refer to the 
applicable agreement for further details.



+--------------------------------------------------------------------------------------+
; Analysis & Synthesis Summary                                                         ;
+------------------------------------+-------------------------------------------------+
; Analysis & Synthesis Status        ; Successful - Sat Sep 05 21:53:50 2020           ;
; Quartus II 64-Bit Version          ; 13.0.1 Build 232 06/12/2013 SP 1 SJ Web Edition ;
; Revision Name                      ; dual_array                                      ;
; Top-level Entity Name              ; dual_array                                      ;
; Family                             ; Cyclone III                                     ;
; Total logic elements               ; 34                                              ;
;     Total combinational functions  ; 28                                              ;
;     Dedicated logic registers      ; 34                                              ;
; Total registers                    ; 34                                              ;
; Total pins                         ; 26                                              ;
; Total virtual pins                 ; 0                                               ;
; Total memory bits                  ; 0                                               ;
; Embedded Multiplier 9-bit elements ; 0                                               ;
; Total PLLs                         ; 0                                               ;
+------------------------------------+-------------------------------------------------+


+----------------------------------------------------------------------------------------------------------------------+
; Analysis & Synthesis Settings                                                                                        ;
+----------------------------------------------------------------------------+--------------------+--------------------+
; Option                                                                     ; Setting            ; Default Value      ;
+----------------------------------------------------------------------------+--------------------+--------------------+
; Device                                                                     ; EP3C16Q240C8       ;                    ;
; Top-level entity name                                                      ; dual_array         ; dual_array         ;
; Family name                                                                ; Cyclone III        ; Cyclone IV GX      ;
; Use smart compilation                                                      ; Off                ; Off                ;
; Enable parallel Assembler and TimeQuest Timing Analyzer during compilation ; On                 ; On                 ;
; Enable compact report table                                                ; Off                ; Off                ;
; Restructure Multiplexers                                                   ; Auto               ; Auto               ;
; Create Debugging Nodes for IP Cores                                        ; Off                ; Off                ;
; Preserve fewer node names                                                  ; On                 ; On                 ;
; Disable OpenCore Plus hardware evaluation                                  ; Off                ; Off                ;
; Verilog Version                                                            ; Verilog_2001       ; Verilog_2001       ;
; VHDL Version                                                               ; VHDL_1993          ; VHDL_1993          ;
; State Machine Processing                                                   ; Auto               ; Auto               ;
; Safe State Machine                                                         ; Off                ; Off                ;
; Extract Verilog State Machines                                             ; On                 ; On                 ;
; Extract VHDL State Machines                                                ; On                 ; On                 ;
; Ignore Verilog initial constructs                                          ; Off                ; Off                ;
; Iteration limit for constant Verilog loops                                 ; 5000               ; 5000               ;
; Iteration limit for non-constant Verilog loops                             ; 250                ; 250                ;
; Add Pass-Through Logic to Inferred RAMs                                    ; On                 ; On                 ;
; Infer RAMs from Raw Logic                                                  ; On                 ; On                 ;
; Parallel Synthesis                                                         ; On                 ; On                 ;
; DSP Block Balancing                                                        ; Auto               ; Auto               ;
; NOT Gate Push-Back                                                         ; On                 ; On                 ;
; Power-Up Don't Care                                                        ; On                 ; On                 ;
; Remove Redundant Logic Cells                                               ; Off                ; Off                ;
; Remove Duplicate Registers                                                 ; On                 ; On                 ;
; Ignore CARRY Buffers                                                       ; Off                ; Off                ;
; Ignore CASCADE Buffers                                                     ; Off                ; Off                ;
; Ignore GLOBAL Buffers                                                      ; Off                ; Off                ;
; Ignore ROW GLOBAL Buffers                                                  ; Off                ; Off                ;
; Ignore LCELL Buffers                                                       ; Off                ; Off                ;
; Ignore SOFT Buffers                                                        ; On                 ; On                 ;
; Limit AHDL Integers to 32 Bits                                             ; Off                ; Off                ;
; Optimization Technique                                                     ; Balanced           ; Balanced           ;
; Carry Chain Length                                                         ; 70                 ; 70                 ;
; Auto Carry Chains                                                          ; On                 ; On                 ;
; Auto Open-Drain Pins                                                       ; On                 ; On                 ;
; Perform WYSIWYG Primitive Resynthesis                                      ; Off                ; Off                ;
; Auto ROM Replacement                                                       ; On                 ; On                 ;
; Auto RAM Replacement                                                       ; On                 ; On                 ;
; Auto DSP Block Replacement                                                 ; On                 ; On                 ;
; Auto Shift Register Replacement                                            ; Auto               ; Auto               ;
; Allow Shift Register Merging across Hierarchies                            ; Auto               ; Auto               ;
; Auto Clock Enable Replacement                                              ; On                 ; On                 ;
; Strict RAM Replacement                                                     ; Off                ; Off                ;
; Allow Synchronous Control Signals                                          ; On                 ; On                 ;
; Force Use of Synchronous Clear Signals                                     ; Off                ; Off                ;
; Auto RAM Block Balancing                                                   ; On                 ; On                 ;
; Auto RAM to Logic Cell Conversion                                          ; Off                ; Off                ;
; Auto Resource Sharing                                                      ; Off                ; Off                ;
; Allow Any RAM Size For Recognition                                         ; Off                ; Off                ;
; Allow Any ROM Size For Recognition                                         ; Off                ; Off                ;
; Allow Any Shift Register Size For Recognition                              ; Off                ; Off                ;
; Use LogicLock Constraints during Resource Balancing                        ; On                 ; On                 ;
; Ignore translate_off and synthesis_off directives                          ; Off                ; Off                ;
; Timing-Driven Synthesis                                                    ; On                 ; On                 ;
; Report Parameter Settings                                                  ; On                 ; On                 ;
; Report Source Assignments                                                  ; On                 ; On                 ;
; Report Connectivity Checks                                                 ; On                 ; On                 ;
; Ignore Maximum Fan-Out Assignments                                         ; Off                ; Off                ;
; Synchronization Register Chain Length                                      ; 2                  ; 2                  ;
; PowerPlay Power Optimization                                               ; Normal compilation ; Normal compilation ;
; HDL message level                                                          ; Level2             ; Level2             ;
; Suppress Register Optimization Related Messages                            ; Off                ; Off                ;
; Number of Removed Registers Reported in Synthesis Report                   ; 5000               ; 5000               ;
; Number of Swept Nodes Reported in Synthesis Report                         ; 5000               ; 5000               ;
; Number of Inverted Registers Reported in Synthesis Report                  ; 100                ; 100                ;
; Clock MUX Protection                                                       ; On                 ; On                 ;
; Auto Gated Clock Conversion                                                ; Off                ; Off                ;
; Block Design Naming                                                        ; Auto               ; Auto               ;
; SDC constraint protection                                                  ; Off                ; Off                ;
; Synthesis Effort                                                           ; Auto               ; Auto               ;
; Shift Register Replacement - Allow Asynchronous Clear Signal               ; On                 ; On                 ;
; Pre-Mapping Resynthesis Optimization                                       ; Off                ; Off                ;
; Analysis & Synthesis Message Level                                         ; Medium             ; Medium             ;
; Disable Register Merging Across Hierarchies                                ; Auto               ; Auto               ;
; Resource Aware Inference For Block RAM                                     ; On                 ; On                 ;
; Synthesis Seed                                                             ; 1                  ; 1                  ;
+----------------------------------------------------------------------------+--------------------+--------------------+


+------------------------------------------+
; Parallel Compilation                     ;
+----------------------------+-------------+
; Processors                 ; Number      ;
+----------------------------+-------------+
; Number detected on machine ; 8           ;
; Maximum allowed            ; 8           ;
;                            ;             ;
; Average used               ; 1.00        ;
; Maximum used               ; 1           ;
;                            ;             ;
; Usage by Processor         ; % Time Used ;
;     Processor 1            ; 100.0%      ;
;     Processors 2-8         ;   0.0%      ;
+----------------------------+-------------+


+----------------------------------------------------------------------------------------------------------------------------------------------------+
; Analysis & Synthesis Source Files Read                                                                                                             ;
+----------------------------------+-----------------+-----------------+-------------------------------------------------------------------+---------+
; File Name with User-Entered Path ; Used in Netlist ; File Type       ; File Name with Absolute Path                                      ; Library ;
+----------------------------------+-----------------+-----------------+-------------------------------------------------------------------+---------+
; dual_array.vhd                   ; yes             ; User VHDL File  ; C:/Users/willy7086/Desktop/Quartus/VHDL/dual_array/dual_array.vhd ;         ;
+----------------------------------+-----------------+-----------------+-------------------------------------------------------------------+---------+


+---------------------------------------------------------+
; Analysis & Synthesis Resource Usage Summary             ;
+---------------------------------------------+-----------+
; Resource                                    ; Usage     ;
+---------------------------------------------+-----------+
; Estimated Total logic elements              ; 34        ;
;                                             ;           ;
; Total combinational functions               ; 28        ;
; Logic element usage by number of LUT inputs ;           ;
;     -- 4 input functions                    ; 0         ;
;     -- 3 input functions                    ; 7         ;
;     -- <=2 input functions                  ; 21        ;
;                                             ;           ;
; Logic elements by mode                      ;           ;
;     -- normal mode                          ; 17        ;
;     -- arithmetic mode                      ; 11        ;
;                                             ;           ;
; Total registers                             ; 34        ;
;     -- Dedicated logic registers            ; 34        ;
;     -- I/O registers                        ; 0         ;
;                                             ;           ;
; I/O pins                                    ; 26        ;
; Embedded Multiplier 9-bit elements          ; 0         ;
; Maximum fan-out node                        ; rst~input ;
; Maximum fan-out                             ; 34        ;
; Total fan-out                               ; 199       ;
; Average fan-out                             ; 1.75      ;
+---------------------------------------------+-----------+


+-----------------------------------------------------------------------------------------------------------------------------------------------------------------------------+
; Analysis & Synthesis Resource Utilization by Entity                                                                                                                         ;
+----------------------------+-------------------+--------------+-------------+--------------+---------+-----------+------+--------------+---------------------+--------------+
; Compilation Hierarchy Node ; LC Combinationals ; LC Registers ; Memory Bits ; DSP Elements ; DSP 9x9 ; DSP 18x18 ; Pins ; Virtual Pins ; Full Hierarchy Name ; Library Name ;
+----------------------------+-------------------+--------------+-------------+--------------+---------+-----------+------+--------------+---------------------+--------------+
; |dual_array                ; 28 (28)           ; 34 (34)      ; 0           ; 0            ; 0       ; 0         ; 26   ; 0            ; |dual_array         ; work         ;
+----------------------------+-------------------+--------------+-------------+--------------+---------+-----------+------+--------------+---------------------+--------------+
Note: For table entries with two numbers listed, the numbers in parentheses indicate the number of resources of the given type used by the specific entity alone. The numbers listed outside of parentheses indicate the total resources of the given type used by the specific entity and all of its sub-entities in the hierarchy.


+----------------------------------------------------------------------------------+
; Registers Removed During Synthesis                                               ;
+-----------------------------------------+----------------------------------------+
; Register name                           ; Reason for Removal                     ;
+-----------------------------------------+----------------------------------------+
; data~0                                  ; Stuck at GND due to stuck port clock   ;
; data~1                                  ; Stuck at GND due to stuck port clock   ;
; data~2                                  ; Stuck at GND due to stuck port clock   ;
; data~3                                  ; Stuck at GND due to stuck port clock   ;
; data~4                                  ; Stuck at GND due to stuck port clock   ;
; data~5                                  ; Stuck at GND due to stuck port clock   ;
; data~6                                  ; Stuck at GND due to stuck port clock   ;
; data~7                                  ; Stuck at GND due to stuck port clock   ;
; data~8                                  ; Stuck at GND due to stuck port clock   ;
; data~9                                  ; Stuck at GND due to stuck port clock   ;
; data~10                                 ; Stuck at GND due to stuck port clock   ;
; data~11                                 ; Stuck at GND due to stuck port clock   ;
; data~12                                 ; Stuck at GND due to stuck port clock   ;
; data~13                                 ; Stuck at GND due to stuck port clock   ;
; data~14                                 ; Stuck at GND due to stuck port clock   ;
; data~15                                 ; Stuck at GND due to stuck port clock   ;
; data~16                                 ; Stuck at GND due to stuck port clock   ;
; data~17                                 ; Stuck at GND due to stuck port clock   ;
; data~18                                 ; Stuck at GND due to stuck port clock   ;
; data~19                                 ; Stuck at GND due to stuck port clock   ;
; data~20                                 ; Stuck at GND due to stuck port clock   ;
; data~21                                 ; Stuck at GND due to stuck port clock   ;
; data~22                                 ; Stuck at GND due to stuck port clock   ;
; data~23                                 ; Stuck at GND due to stuck port clock   ;
; data~24                                 ; Stuck at GND due to stuck port clock   ;
; data~25                                 ; Stuck at GND due to stuck port clock   ;
; data~26                                 ; Stuck at GND due to stuck port clock   ;
; data~27                                 ; Stuck at GND due to stuck port clock   ;
; data~28                                 ; Stuck at GND due to stuck port clock   ;
; data~29                                 ; Stuck at GND due to stuck port clock   ;
; data~30                                 ; Stuck at GND due to stuck port clock   ;
; data~31                                 ; Stuck at GND due to stuck port clock   ;
; data~32                                 ; Stuck at GND due to stuck port clock   ;
; data~33                                 ; Stuck at GND due to stuck port clock   ;
; data~34                                 ; Stuck at GND due to stuck port clock   ;
; data~35                                 ; Stuck at GND due to stuck port clock   ;
; data~36                                 ; Stuck at GND due to stuck port clock   ;
; data~37                                 ; Stuck at GND due to stuck port clock   ;
; data~38                                 ; Stuck at GND due to stuck port clock   ;
; data~39                                 ; Stuck at GND due to stuck port clock   ;
; data~40                                 ; Stuck at GND due to stuck port clock   ;
; data~41                                 ; Stuck at GND due to stuck port clock   ;
; data~42                                 ; Stuck at GND due to stuck port clock   ;
; data~43                                 ; Stuck at GND due to stuck port clock   ;
; data~44                                 ; Stuck at GND due to stuck port clock   ;
; data~45                                 ; Stuck at GND due to stuck port clock   ;
; data~46                                 ; Stuck at GND due to stuck port clock   ;
; data~47                                 ; Stuck at GND due to stuck port clock   ;
; data~48                                 ; Stuck at GND due to stuck port clock   ;
; data~49                                 ; Stuck at GND due to stuck port clock   ;
; data~50                                 ; Stuck at GND due to stuck port clock   ;
; data~51                                 ; Stuck at GND due to stuck port clock   ;
; data~52                                 ; Stuck at GND due to stuck port clock   ;
; data~53                                 ; Stuck at GND due to stuck port clock   ;
; data~54                                 ; Stuck at GND due to stuck port clock   ;
; data~55                                 ; Stuck at GND due to stuck port clock   ;
; data~56                                 ; Stuck at GND due to stuck port clock   ;
; data~57                                 ; Stuck at GND due to stuck port clock   ;
; data~58                                 ; Stuck at GND due to stuck port clock   ;
; data~59                                 ; Stuck at GND due to stuck port clock   ;
; data~60                                 ; Stuck at GND due to stuck port clock   ;
; data~61                                 ; Stuck at GND due to stuck port clock   ;
; data~62                                 ; Stuck at GND due to stuck port clock   ;
; data~63                                 ; Stuck at GND due to stuck port clock   ;
; data~64                                 ; Stuck at GND due to stuck port clock   ;
; data~65                                 ; Stuck at GND due to stuck port clock   ;
; data~66                                 ; Stuck at GND due to stuck port clock   ;
; data~67                                 ; Stuck at GND due to stuck port clock   ;
; data~68                                 ; Stuck at GND due to stuck port clock   ;
; data~69                                 ; Stuck at GND due to stuck port clock   ;
; data~70                                 ; Stuck at GND due to stuck port clock   ;
; data~71                                 ; Stuck at GND due to stuck port clock   ;
; data~72                                 ; Stuck at GND due to stuck port clock   ;
; data~73                                 ; Stuck at GND due to stuck port clock   ;
; data~74                                 ; Stuck at GND due to stuck port clock   ;
; data~75                                 ; Stuck at GND due to stuck port clock   ;
; data~76                                 ; Stuck at GND due to stuck port clock   ;
; data~77                                 ; Stuck at GND due to stuck port clock   ;
; data~78                                 ; Stuck at GND due to stuck port clock   ;
; data~79                                 ; Stuck at GND due to stuck port clock   ;
; data~80                                 ; Stuck at GND due to stuck port clock   ;
; data~81                                 ; Stuck at GND due to stuck port clock   ;
; data~82                                 ; Stuck at GND due to stuck port clock   ;
; data~83                                 ; Stuck at GND due to stuck port clock   ;
; data~84                                 ; Stuck at GND due to stuck port clock   ;
; data~85                                 ; Stuck at GND due to stuck port clock   ;
; data~86                                 ; Stuck at GND due to stuck port clock   ;
; data~87                                 ; Stuck at GND due to stuck port clock   ;
; data~88                                 ; Stuck at GND due to stuck port clock   ;
; data~89                                 ; Stuck at GND due to stuck port clock   ;
; data~90                                 ; Stuck at GND due to stuck port clock   ;
; data~91                                 ; Stuck at GND due to stuck port clock   ;
; data~92                                 ; Stuck at GND due to stuck port clock   ;
; data~93                                 ; Stuck at GND due to stuck port clock   ;
; data~94                                 ; Stuck at GND due to stuck port clock   ;
; data~95                                 ; Stuck at GND due to stuck port clock   ;
; data~96                                 ; Stuck at GND due to stuck port clock   ;
; data~97                                 ; Stuck at GND due to stuck port clock   ;
; data~98                                 ; Stuck at GND due to stuck port clock   ;
; data~99                                 ; Stuck at GND due to stuck port clock   ;
; data~100                                ; Stuck at GND due to stuck port clock   ;
; data~101                                ; Stuck at GND due to stuck port clock   ;
; data~102                                ; Stuck at GND due to stuck port clock   ;
; data~103                                ; Stuck at GND due to stuck port clock   ;
; data~104                                ; Stuck at GND due to stuck port clock   ;
; data~105                                ; Stuck at GND due to stuck port clock   ;
; data~106                                ; Stuck at GND due to stuck port clock   ;
; data~107                                ; Stuck at GND due to stuck port clock   ;
; data~108                                ; Stuck at GND due to stuck port clock   ;
; data~109                                ; Stuck at GND due to stuck port clock   ;
; data~110                                ; Stuck at GND due to stuck port clock   ;
; data~111                                ; Stuck at GND due to stuck port clock   ;
; data~112                                ; Stuck at GND due to stuck port clock   ;
; data~113                                ; Stuck at GND due to stuck port clock   ;
; data~114                                ; Stuck at GND due to stuck port clock   ;
; data~115                                ; Stuck at GND due to stuck port clock   ;
; data~116                                ; Stuck at GND due to stuck port clock   ;
; data~117                                ; Stuck at GND due to stuck port clock   ;
; data~118                                ; Stuck at GND due to stuck port clock   ;
; data~119                                ; Stuck at GND due to stuck port clock   ;
; data~120                                ; Stuck at GND due to stuck port clock   ;
; data~121                                ; Stuck at GND due to stuck port clock   ;
; data~122                                ; Stuck at GND due to stuck port clock   ;
; data~123                                ; Stuck at GND due to stuck port clock   ;
; data~124                                ; Stuck at GND due to stuck port clock   ;
; data~125                                ; Stuck at GND due to stuck port clock   ;
; data~126                                ; Stuck at GND due to stuck port clock   ;
; data~127                                ; Stuck at GND due to stuck port clock   ;
; R[0]~reg0                               ; Stuck at GND due to stuck port data_in ;
; R[1]~reg0                               ; Stuck at GND due to stuck port data_in ;
; G[0]~reg0                               ; Stuck at VCC due to stuck port data_in ;
; G[1]~reg0                               ; Stuck at VCC due to stuck port data_in ;
; R[7]~reg0                               ; Stuck at GND due to stuck port data_in ;
; G[7]~reg0                               ; Stuck at VCC due to stuck port data_in ;
; FD[13..50]                              ; Lost fanout                            ;
; Total Number of Removed Registers = 172 ;                                        ;
+-----------------------------------------+----------------------------------------+


+----------------------------------------------------------------------------------+
; Removed Registers Triggering Further Register Optimizations                      ;
+---------------+-------------------------+----------------------------------------+
; Register name ; Reason for Removal      ; Registers Removed due to This Register ;
+---------------+-------------------------+----------------------------------------+
; data~0        ; Stuck at GND            ; G[0]~reg0                              ;
;               ; due to stuck port clock ;                                        ;
; data~1        ; Stuck at GND            ; G[1]~reg0                              ;
;               ; due to stuck port clock ;                                        ;
; data~7        ; Stuck at GND            ; G[7]~reg0                              ;
;               ; due to stuck port clock ;                                        ;
+---------------+-------------------------+----------------------------------------+


+------------------------------------------------------+
; General Register Statistics                          ;
+----------------------------------------------+-------+
; Statistic                                    ; Value ;
+----------------------------------------------+-------+
; Total registers                              ; 34    ;
; Number of registers using Synchronous Clear  ; 0     ;
; Number of registers using Synchronous Load   ; 0     ;
; Number of registers using Asynchronous Clear ; 24    ;
; Number of registers using Asynchronous Load  ; 0     ;
; Number of registers using Clock Enable       ; 10    ;
; Number of registers using Preset             ; 0     ;
+----------------------------------------------+-------+


+--------------------------------------------------+
; Inverted Register Statistics                     ;
+----------------------------------------+---------+
; Inverted Register                      ; Fan out ;
+----------------------------------------+---------+
; S[0]~reg0                              ; 2       ;
; Total number of inverted registers = 1 ;         ;
+----------------------------------------+---------+


+-------------------------------+
; Elapsed Time Per Partition    ;
+----------------+--------------+
; Partition Name ; Elapsed Time ;
+----------------+--------------+
; Top4           ; 00:00:00     ;
+----------------+--------------+


+-------------------------------+
; Analysis & Synthesis Messages ;
+-------------------------------+
Info: *******************************************************************
Info: Running Quartus II 64-Bit Analysis & Synthesis
    Info: Version 13.0.1 Build 232 06/12/2013 Service Pack 1 SJ Web Edition
    Info: Processing started: Sat Sep 05 21:53:48 2020
Info: Command: quartus_map --read_settings_files=on --write_settings_files=off dual_array -c dual_array
Info (20030): Parallel compilation is enabled and will use 8 of the 8 processors detected
Info (12021): Found 2 design units, including 1 entities, in source file dual_array.vhd
    Info (12022): Found design unit 1: dual_array-main
    Info (12023): Found entity 1: dual_array
Info (12127): Elaborating entity "dual_array" for the top level hierarchy
Warning (10492): VHDL Process Statement warning at dual_array.vhd(26): signal "rst" is read inside the Process Statement but isn't in the Process Statement's sensitivity list
Info (276014): Found 1 instances of uninferred RAM logic
    Info (276004): RAM logic "data" is uninferred due to inappropriate RAM size
Info (13000): Registers with preset signals will power-up high
Info (13003): DEV_CLRn pin will set, and not reset, register with preset signal due to NOT Gate Push-Back
Warning (13024): Output pins are stuck at VCC or GND
    Warning (13410): Pin "R[0]" is stuck at GND
    Warning (13410): Pin "R[1]" is stuck at GND
    Warning (13410): Pin "R[7]" is stuck at GND
    Warning (13410): Pin "G[0]" is stuck at VCC
    Warning (13410): Pin "G[1]" is stuck at VCC
    Warning (13410): Pin "G[7]" is stuck at VCC
Info (286030): Timing-Driven Synthesis is running
Info (17049): 38 registers lost all their fanouts during netlist optimizations.
Info (16010): Generating hard_block partition "hard_block:auto_generated_inst"
    Info (16011): Adding 0 node(s), including 0 DDIO, 0 PLL, 0 transceiver and 0 LCELL
Info (21057): Implemented 65 device resources after synthesis - the final resource count might be different
    Info (21058): Implemented 2 input pins
    Info (21059): Implemented 24 output pins
    Info (21061): Implemented 39 logic cells
Info: Quartus II 64-Bit Analysis & Synthesis was successful. 0 errors, 8 warnings
    Info: Peak virtual memory: 4672 megabytes
    Info: Processing ended: Sat Sep 05 21:53:50 2020
    Info: Elapsed time: 00:00:02
    Info: Total CPU time (on all processors): 00:00:02


