Analysis & Synthesis report for RGBLED
Tue Mar 23 21:20:47 2021
Quartus II 64-Bit Version 13.0.1 Build 232 06/12/2013 Service Pack 1 SJ Web Edition


---------------------
; Table of Contents ;
---------------------
  1. Legal Notice
  2. Analysis & Synthesis Summary
  3. Analysis & Synthesis Settings
  4. Parallel Compilation
  5. Analysis & Synthesis Source Files Read
  6. Analysis & Synthesis Resource Usage Summary
  7. Analysis & Synthesis Resource Utilization by Entity
  8. User-Specified and Inferred Latches
  9. Registers Removed During Synthesis
 10. General Register Statistics
 11. Inverted Register Statistics
 12. Multiplexer Restructuring Statistics (Restructuring Performed)
 13. Parameter Settings for User Entity Instance: serialRGBLED:u0
 14. Parameter Settings for Inferred Entity Instance: lpm_divide:Mod0
 15. Port Connectivity Checks: "serialRGBLED:u0"
 16. Elapsed Time Per Partition
 17. Analysis & Synthesis Messages



----------------
; Legal Notice ;
----------------
Copyright (C) 1991-2013 Altera Corporation
Your use of Altera Corporation's design tools, logic functions 
and other software and tools, and its AMPP partner logic 
functions, and any output files from any of the foregoing 
(including device programming or simulation files), and any 
associated documentation or information are expressly subject 
to the terms and conditions of the Altera Program License 
Subscription Agreement, Altera MegaCore Function License 
Agreement, or other applicable license agreement, including, 
without limitation, that your use is for the sole purpose of 
programming logic devices manufactured by Altera and sold by 
Altera or its authorized distributors.  Please refer to the 
applicable agreement for further details.



+--------------------------------------------------------------------------------------+
; Analysis & Synthesis Summary                                                         ;
+------------------------------------+-------------------------------------------------+
; Analysis & Synthesis Status        ; Successful - Tue Mar 23 21:20:47 2021           ;
; Quartus II 64-Bit Version          ; 13.0.1 Build 232 06/12/2013 SP 1 SJ Web Edition ;
; Revision Name                      ; RGBLED                                          ;
; Top-level Entity Name              ; RGBLED                                          ;
; Family                             ; Cyclone III                                     ;
; Total logic elements               ; 377                                             ;
;     Total combinational functions  ; 354                                             ;
;     Dedicated logic registers      ; 83                                              ;
; Total registers                    ; 83                                              ;
; Total pins                         ; 11                                              ;
; Total virtual pins                 ; 0                                               ;
; Total memory bits                  ; 0                                               ;
; Embedded Multiplier 9-bit elements ; 0                                               ;
; Total PLLs                         ; 0                                               ;
+------------------------------------+-------------------------------------------------+


+----------------------------------------------------------------------------------------------------------------------+
; Analysis & Synthesis Settings                                                                                        ;
+----------------------------------------------------------------------------+--------------------+--------------------+
; Option                                                                     ; Setting            ; Default Value      ;
+----------------------------------------------------------------------------+--------------------+--------------------+
; Device                                                                     ; EP3C16Q240C8       ;                    ;
; Top-level entity name                                                      ; RGBLED             ; RGBLED             ;
; Family name                                                                ; Cyclone III        ; Cyclone IV GX      ;
; Use smart compilation                                                      ; Off                ; Off                ;
; Enable parallel Assembler and TimeQuest Timing Analyzer during compilation ; On                 ; On                 ;
; Enable compact report table                                                ; Off                ; Off                ;
; Restructure Multiplexers                                                   ; Auto               ; Auto               ;
; Create Debugging Nodes for IP Cores                                        ; Off                ; Off                ;
; Preserve fewer node names                                                  ; On                 ; On                 ;
; Disable OpenCore Plus hardware evaluation                                  ; Off                ; Off                ;
; Verilog Version                                                            ; Verilog_2001       ; Verilog_2001       ;
; VHDL Version                                                               ; VHDL_1993          ; VHDL_1993          ;
; State Machine Processing                                                   ; Auto               ; Auto               ;
; Safe State Machine                                                         ; Off                ; Off                ;
; Extract Verilog State Machines                                             ; On                 ; On                 ;
; Extract VHDL State Machines                                                ; On                 ; On                 ;
; Ignore Verilog initial constructs                                          ; Off                ; Off                ;
; Iteration limit for constant Verilog loops                                 ; 5000               ; 5000               ;
; Iteration limit for non-constant Verilog loops                             ; 250                ; 250                ;
; Add Pass-Through Logic to Inferred RAMs                                    ; On                 ; On                 ;
; Infer RAMs from Raw Logic                                                  ; On                 ; On                 ;
; Parallel Synthesis                                                         ; On                 ; On                 ;
; DSP Block Balancing                                                        ; Auto               ; Auto               ;
; NOT Gate Push-Back                                                         ; On                 ; On                 ;
; Power-Up Don't Care                                                        ; On                 ; On                 ;
; Remove Redundant Logic Cells                                               ; Off                ; Off                ;
; Remove Duplicate Registers                                                 ; On                 ; On                 ;
; Ignore CARRY Buffers                                                       ; Off                ; Off                ;
; Ignore CASCADE Buffers                                                     ; Off                ; Off                ;
; Ignore GLOBAL Buffers                                                      ; Off                ; Off                ;
; Ignore ROW GLOBAL Buffers                                                  ; Off                ; Off                ;
; Ignore LCELL Buffers                                                       ; Off                ; Off                ;
; Ignore SOFT Buffers                                                        ; On                 ; On                 ;
; Limit AHDL Integers to 32 Bits                                             ; Off                ; Off                ;
; Optimization Technique                                                     ; Balanced           ; Balanced           ;
; Carry Chain Length                                                         ; 70                 ; 70                 ;
; Auto Carry Chains                                                          ; On                 ; On                 ;
; Auto Open-Drain Pins                                                       ; On                 ; On                 ;
; Perform WYSIWYG Primitive Resynthesis                                      ; Off                ; Off                ;
; Auto ROM Replacement                                                       ; On                 ; On                 ;
; Auto RAM Replacement                                                       ; On                 ; On                 ;
; Auto DSP Block Replacement                                                 ; On                 ; On                 ;
; Auto Shift Register Replacement                                            ; Auto               ; Auto               ;
; Allow Shift Register Merging across Hierarchies                            ; Auto               ; Auto               ;
; Auto Clock Enable Replacement                                              ; On                 ; On                 ;
; Strict RAM Replacement                                                     ; Off                ; Off                ;
; Allow Synchronous Control Signals                                          ; On                 ; On                 ;
; Force Use of Synchronous Clear Signals                                     ; Off                ; Off                ;
; Auto RAM Block Balancing                                                   ; On                 ; On                 ;
; Auto RAM to Logic Cell Conversion                                          ; Off                ; Off                ;
; Auto Resource Sharing                                                      ; Off                ; Off                ;
; Allow Any RAM Size For Recognition                                         ; Off                ; Off                ;
; Allow Any ROM Size For Recognition                                         ; Off                ; Off                ;
; Allow Any Shift Register Size For Recognition                              ; Off                ; Off                ;
; Use LogicLock Constraints during Resource Balancing                        ; On                 ; On                 ;
; Ignore translate_off and synthesis_off directives                          ; Off                ; Off                ;
; Timing-Driven Synthesis                                                    ; On                 ; On                 ;
; Report Parameter Settings                                                  ; On                 ; On                 ;
; Report Source Assignments                                                  ; On                 ; On                 ;
; Report Connectivity Checks                                                 ; On                 ; On                 ;
; Ignore Maximum Fan-Out Assignments                                         ; Off                ; Off                ;
; Synchronization Register Chain Length                                      ; 2                  ; 2                  ;
; PowerPlay Power Optimization                                               ; Normal compilation ; Normal compilation ;
; HDL message level                                                          ; Level2             ; Level2             ;
; Suppress Register Optimization Related Messages                            ; Off                ; Off                ;
; Number of Removed Registers Reported in Synthesis Report                   ; 5000               ; 5000               ;
; Number of Swept Nodes Reported in Synthesis Report                         ; 5000               ; 5000               ;
; Number of Inverted Registers Reported in Synthesis Report                  ; 100                ; 100                ;
; Clock MUX Protection                                                       ; On                 ; On                 ;
; Auto Gated Clock Conversion                                                ; Off                ; Off                ;
; Block Design Naming                                                        ; Auto               ; Auto               ;
; SDC constraint protection                                                  ; Off                ; Off                ;
; Synthesis Effort                                                           ; Auto               ; Auto               ;
; Shift Register Replacement - Allow Asynchronous Clear Signal               ; On                 ; On                 ;
; Pre-Mapping Resynthesis Optimization                                       ; Off                ; Off                ;
; Analysis & Synthesis Message Level                                         ; Medium             ; Medium             ;
; Disable Register Merging Across Hierarchies                                ; Auto               ; Auto               ;
; Resource Aware Inference For Block RAM                                     ; On                 ; On                 ;
; Synthesis Seed                                                             ; 1                  ; 1                  ;
+----------------------------------------------------------------------------+--------------------+--------------------+


+------------------------------------------+
; Parallel Compilation                     ;
+----------------------------+-------------+
; Processors                 ; Number      ;
+----------------------------+-------------+
; Number detected on machine ; 8           ;
; Maximum allowed            ; 8           ;
;                            ;             ;
; Average used               ; 1.00        ;
; Maximum used               ; 1           ;
;                            ;             ;
; Usage by Processor         ; % Time Used ;
;     Processor 1            ; 100.0%      ;
;     Processors 2-8         ;   0.0%      ;
+----------------------------+-------------+


+-------------------------------------------------------------------------------------------------------------------------------------------------------------------+
; Analysis & Synthesis Source Files Read                                                                                                                            ;
+----------------------------------+-----------------+------------------------------+---------------------------------------------------------------------+---------+
; File Name with User-Entered Path ; Used in Netlist ; File Type                    ; File Name with Absolute Path                                        ; Library ;
+----------------------------------+-----------------+------------------------------+---------------------------------------------------------------------+---------+
; RGBLED.vhd                       ; yes             ; User VHDL File               ; D:/Quartus/VHDL/display/RGBLED/RGBLED.vhd                           ;         ;
; serialrgbled.vhd                 ; yes             ; Auto-Found VHDL File         ; D:/Quartus/VHDL/display/RGBLED/serialrgbled.vhd                     ;         ;
; lpm_divide.tdf                   ; yes             ; Megafunction                 ; d:/quartus_13.0/quartus/libraries/megafunctions/lpm_divide.tdf      ;         ;
; abs_divider.inc                  ; yes             ; Megafunction                 ; d:/quartus_13.0/quartus/libraries/megafunctions/abs_divider.inc     ;         ;
; sign_div_unsign.inc              ; yes             ; Megafunction                 ; d:/quartus_13.0/quartus/libraries/megafunctions/sign_div_unsign.inc ;         ;
; aglobal130.inc                   ; yes             ; Megafunction                 ; d:/quartus_13.0/quartus/libraries/megafunctions/aglobal130.inc      ;         ;
; db/lpm_divide_78m.tdf            ; yes             ; Auto-Generated Megafunction  ; D:/Quartus/VHDL/display/RGBLED/db/lpm_divide_78m.tdf                ;         ;
; db/sign_div_unsign_5kh.tdf       ; yes             ; Auto-Generated Megafunction  ; D:/Quartus/VHDL/display/RGBLED/db/sign_div_unsign_5kh.tdf           ;         ;
; db/alt_u_div_l2f.tdf             ; yes             ; Auto-Generated Megafunction  ; D:/Quartus/VHDL/display/RGBLED/db/alt_u_div_l2f.tdf                 ;         ;
; db/add_sub_unc.tdf               ; yes             ; Auto-Generated Megafunction  ; D:/Quartus/VHDL/display/RGBLED/db/add_sub_unc.tdf                   ;         ;
; db/add_sub_vnc.tdf               ; yes             ; Auto-Generated Megafunction  ; D:/Quartus/VHDL/display/RGBLED/db/add_sub_vnc.tdf                   ;         ;
+----------------------------------+-----------------+------------------------------+---------------------------------------------------------------------+---------+


+--------------------------------------------------------------------------+
; Analysis & Synthesis Resource Usage Summary                              ;
+---------------------------------------------+----------------------------+
; Resource                                    ; Usage                      ;
+---------------------------------------------+----------------------------+
; Estimated Total logic elements              ; 377                        ;
;                                             ;                            ;
; Total combinational functions               ; 354                        ;
; Logic element usage by number of LUT inputs ;                            ;
;     -- 4 input functions                    ; 118                        ;
;     -- 3 input functions                    ; 181                        ;
;     -- <=2 input functions                  ; 55                         ;
;                                             ;                            ;
; Logic elements by mode                      ;                            ;
;     -- normal mode                          ; 316                        ;
;     -- arithmetic mode                      ; 38                         ;
;                                             ;                            ;
; Total registers                             ; 83                         ;
;     -- Dedicated logic registers            ; 83                         ;
;     -- I/O registers                        ; 0                          ;
;                                             ;                            ;
; I/O pins                                    ; 11                         ;
; Embedded Multiplier 9-bit elements          ; 0                          ;
; Maximum fan-out node                        ; serialRGBLED:u0|bitindex~1 ;
; Maximum fan-out                             ; 36                         ;
; Total fan-out                               ; 1371                       ;
; Average fan-out                             ; 2.99                       ;
+---------------------------------------------+----------------------------+


+-----------------------------------------------------------------------------------------------------------------------------------------------------------------------------------------------------------------------------------------------------------------------------+
; Analysis & Synthesis Resource Utilization by Entity                                                                                                                                                                                                                         ;
+----------------------------------------+-------------------+--------------+-------------+--------------+---------+-----------+------+--------------+---------------------------------------------------------------------------------------------------------+--------------+
; Compilation Hierarchy Node             ; LC Combinationals ; LC Registers ; Memory Bits ; DSP Elements ; DSP 9x9 ; DSP 18x18 ; Pins ; Virtual Pins ; Full Hierarchy Name                                                                                     ; Library Name ;
+----------------------------------------+-------------------+--------------+-------------+--------------+---------+-----------+------+--------------+---------------------------------------------------------------------------------------------------------+--------------+
; |RGBLED                                ; 354 (31)          ; 83 (55)      ; 0           ; 0            ; 0       ; 0         ; 11   ; 0            ; |RGBLED                                                                                                 ; work         ;
;    |lpm_divide:Mod0|                   ; 5 (0)             ; 0 (0)        ; 0           ; 0            ; 0       ; 0         ; 0    ; 0            ; |RGBLED|lpm_divide:Mod0                                                                                 ; work         ;
;       |lpm_divide_78m:auto_generated|  ; 5 (0)             ; 0 (0)        ; 0           ; 0            ; 0       ; 0         ; 0    ; 0            ; |RGBLED|lpm_divide:Mod0|lpm_divide_78m:auto_generated                                                   ; work         ;
;          |sign_div_unsign_5kh:divider| ; 5 (0)             ; 0 (0)        ; 0           ; 0            ; 0       ; 0         ; 0    ; 0            ; |RGBLED|lpm_divide:Mod0|lpm_divide_78m:auto_generated|sign_div_unsign_5kh:divider                       ; work         ;
;             |alt_u_div_l2f:divider|    ; 5 (5)             ; 0 (0)        ; 0           ; 0            ; 0       ; 0         ; 0    ; 0            ; |RGBLED|lpm_divide:Mod0|lpm_divide_78m:auto_generated|sign_div_unsign_5kh:divider|alt_u_div_l2f:divider ; work         ;
;    |serialRGBLED:u0|                   ; 318 (318)         ; 28 (28)      ; 0           ; 0            ; 0       ; 0         ; 0    ; 0            ; |RGBLED|serialRGBLED:u0                                                                                 ; work         ;
+----------------------------------------+-------------------+--------------+-------------+--------------+---------+-----------+------+--------------+---------------------------------------------------------------------------------------------------------+--------------+
Note: For table entries with two numbers listed, the numbers in parentheses indicate the number of resources of the given type used by the specific entity alone. The numbers listed outside of parentheses indicate the total resources of the given type used by the specific entity and all of its sub-entities in the hierarchy.


+----------------------------------------------------------------------------------------------------------+
; User-Specified and Inferred Latches                                                                      ;
+------------------------------------------------------+--------------------------+------------------------+
; Latch Name                                           ; Latch Enable Signal      ; Free of Timing Hazards ;
+------------------------------------------------------+--------------------------+------------------------+
; serialRGBLED:u0|colordata[1][21]                     ; serialRGBLED:u0|Decoder0 ; yes                    ;
; serialRGBLED:u0|colordata[1][22]                     ; serialRGBLED:u0|Decoder0 ; yes                    ;
; serialRGBLED:u0|colordata[1][23]                     ; serialRGBLED:u0|Decoder0 ; yes                    ;
; serialRGBLED:u0|colordata[1][20]                     ; serialRGBLED:u0|Decoder0 ; yes                    ;
; serialRGBLED:u0|colordata[1][18]                     ; serialRGBLED:u0|Decoder0 ; yes                    ;
; serialRGBLED:u0|colordata[1][17]                     ; serialRGBLED:u0|Decoder0 ; yes                    ;
; serialRGBLED:u0|colordata[1][19]                     ; serialRGBLED:u0|Decoder0 ; yes                    ;
; serialRGBLED:u0|colordata[1][16]                     ; serialRGBLED:u0|Decoder0 ; yes                    ;
; serialRGBLED:u0|colordata[1][14]                     ; serialRGBLED:u0|Decoder0 ; yes                    ;
; serialRGBLED:u0|colordata[1][2]                      ; serialRGBLED:u0|Decoder0 ; yes                    ;
; serialRGBLED:u0|colordata[1][6]                      ; serialRGBLED:u0|Decoder0 ; yes                    ;
; serialRGBLED:u0|colordata[1][10]                     ; serialRGBLED:u0|Decoder0 ; yes                    ;
; serialRGBLED:u0|colordata[1][1]                      ; serialRGBLED:u0|Decoder0 ; yes                    ;
; serialRGBLED:u0|colordata[1][13]                     ; serialRGBLED:u0|Decoder0 ; yes                    ;
; serialRGBLED:u0|colordata[1][5]                      ; serialRGBLED:u0|Decoder0 ; yes                    ;
; serialRGBLED:u0|colordata[1][9]                      ; serialRGBLED:u0|Decoder0 ; yes                    ;
; serialRGBLED:u0|colordata[1][3]                      ; serialRGBLED:u0|Decoder0 ; yes                    ;
; serialRGBLED:u0|colordata[1][15]                     ; serialRGBLED:u0|Decoder0 ; yes                    ;
; serialRGBLED:u0|colordata[1][7]                      ; serialRGBLED:u0|Decoder0 ; yes                    ;
; serialRGBLED:u0|colordata[1][11]                     ; serialRGBLED:u0|Decoder0 ; yes                    ;
; serialRGBLED:u0|colordata[1][12]                     ; serialRGBLED:u0|Decoder0 ; yes                    ;
; serialRGBLED:u0|colordata[1][0]                      ; serialRGBLED:u0|Decoder0 ; yes                    ;
; serialRGBLED:u0|colordata[1][4]                      ; serialRGBLED:u0|Decoder0 ; yes                    ;
; serialRGBLED:u0|colordata[1][8]                      ; serialRGBLED:u0|Decoder0 ; yes                    ;
; serialRGBLED:u0|colordata[2][21]                     ; serialRGBLED:u0|Decoder0 ; yes                    ;
; serialRGBLED:u0|colordata[2][22]                     ; serialRGBLED:u0|Decoder0 ; yes                    ;
; serialRGBLED:u0|colordata[2][23]                     ; serialRGBLED:u0|Decoder0 ; yes                    ;
; serialRGBLED:u0|colordata[2][20]                     ; serialRGBLED:u0|Decoder0 ; yes                    ;
; serialRGBLED:u0|colordata[2][18]                     ; serialRGBLED:u0|Decoder0 ; yes                    ;
; serialRGBLED:u0|colordata[2][17]                     ; serialRGBLED:u0|Decoder0 ; yes                    ;
; serialRGBLED:u0|colordata[2][19]                     ; serialRGBLED:u0|Decoder0 ; yes                    ;
; serialRGBLED:u0|colordata[2][16]                     ; serialRGBLED:u0|Decoder0 ; yes                    ;
; serialRGBLED:u0|colordata[2][2]                      ; serialRGBLED:u0|Decoder0 ; yes                    ;
; serialRGBLED:u0|colordata[2][1]                      ; serialRGBLED:u0|Decoder0 ; yes                    ;
; serialRGBLED:u0|colordata[2][3]                      ; serialRGBLED:u0|Decoder0 ; yes                    ;
; serialRGBLED:u0|colordata[2][0]                      ; serialRGBLED:u0|Decoder0 ; yes                    ;
; serialRGBLED:u0|colordata[2][13]                     ; serialRGBLED:u0|Decoder0 ; yes                    ;
; serialRGBLED:u0|colordata[2][14]                     ; serialRGBLED:u0|Decoder0 ; yes                    ;
; serialRGBLED:u0|colordata[2][15]                     ; serialRGBLED:u0|Decoder0 ; yes                    ;
; serialRGBLED:u0|colordata[2][12]                     ; serialRGBLED:u0|Decoder0 ; yes                    ;
; serialRGBLED:u0|colordata[2][5]                      ; serialRGBLED:u0|Decoder0 ; yes                    ;
; serialRGBLED:u0|colordata[2][6]                      ; serialRGBLED:u0|Decoder0 ; yes                    ;
; serialRGBLED:u0|colordata[2][7]                      ; serialRGBLED:u0|Decoder0 ; yes                    ;
; serialRGBLED:u0|colordata[2][4]                      ; serialRGBLED:u0|Decoder0 ; yes                    ;
; serialRGBLED:u0|colordata[2][10]                     ; serialRGBLED:u0|Decoder0 ; yes                    ;
; serialRGBLED:u0|colordata[2][9]                      ; serialRGBLED:u0|Decoder0 ; yes                    ;
; serialRGBLED:u0|colordata[2][11]                     ; serialRGBLED:u0|Decoder0 ; yes                    ;
; serialRGBLED:u0|colordata[2][8]                      ; serialRGBLED:u0|Decoder0 ; yes                    ;
; serialRGBLED:u0|colordata[0][21]                     ; serialRGBLED:u0|Decoder0 ; yes                    ;
; serialRGBLED:u0|colordata[0][22]                     ; serialRGBLED:u0|Decoder0 ; yes                    ;
; serialRGBLED:u0|colordata[0][23]                     ; serialRGBLED:u0|Decoder0 ; yes                    ;
; serialRGBLED:u0|colordata[0][20]                     ; serialRGBLED:u0|Decoder0 ; yes                    ;
; serialRGBLED:u0|colordata[0][18]                     ; serialRGBLED:u0|Decoder0 ; yes                    ;
; serialRGBLED:u0|colordata[0][17]                     ; serialRGBLED:u0|Decoder0 ; yes                    ;
; serialRGBLED:u0|colordata[0][19]                     ; serialRGBLED:u0|Decoder0 ; yes                    ;
; serialRGBLED:u0|colordata[0][16]                     ; serialRGBLED:u0|Decoder0 ; yes                    ;
; serialRGBLED:u0|colordata[0][1]                      ; serialRGBLED:u0|Decoder0 ; yes                    ;
; serialRGBLED:u0|colordata[0][13]                     ; serialRGBLED:u0|Decoder0 ; yes                    ;
; serialRGBLED:u0|colordata[0][5]                      ; serialRGBLED:u0|Decoder0 ; yes                    ;
; serialRGBLED:u0|colordata[0][9]                      ; serialRGBLED:u0|Decoder0 ; yes                    ;
; serialRGBLED:u0|colordata[0][14]                     ; serialRGBLED:u0|Decoder0 ; yes                    ;
; serialRGBLED:u0|colordata[0][2]                      ; serialRGBLED:u0|Decoder0 ; yes                    ;
; serialRGBLED:u0|colordata[0][6]                      ; serialRGBLED:u0|Decoder0 ; yes                    ;
; serialRGBLED:u0|colordata[0][10]                     ; serialRGBLED:u0|Decoder0 ; yes                    ;
; serialRGBLED:u0|colordata[0][3]                      ; serialRGBLED:u0|Decoder0 ; yes                    ;
; serialRGBLED:u0|colordata[0][15]                     ; serialRGBLED:u0|Decoder0 ; yes                    ;
; serialRGBLED:u0|colordata[0][7]                      ; serialRGBLED:u0|Decoder0 ; yes                    ;
; serialRGBLED:u0|colordata[0][11]                     ; serialRGBLED:u0|Decoder0 ; yes                    ;
; serialRGBLED:u0|colordata[0][12]                     ; serialRGBLED:u0|Decoder0 ; yes                    ;
; serialRGBLED:u0|colordata[0][0]                      ; serialRGBLED:u0|Decoder0 ; yes                    ;
; serialRGBLED:u0|colordata[0][4]                      ; serialRGBLED:u0|Decoder0 ; yes                    ;
; serialRGBLED:u0|colordata[0][8]                      ; serialRGBLED:u0|Decoder0 ; yes                    ;
; serialRGBLED:u0|colordata[3][21]                     ; serialRGBLED:u0|Decoder0 ; yes                    ;
; serialRGBLED:u0|colordata[3][22]                     ; serialRGBLED:u0|Decoder0 ; yes                    ;
; serialRGBLED:u0|colordata[3][23]                     ; serialRGBLED:u0|Decoder0 ; yes                    ;
; serialRGBLED:u0|colordata[3][20]                     ; serialRGBLED:u0|Decoder0 ; yes                    ;
; serialRGBLED:u0|colordata[3][18]                     ; serialRGBLED:u0|Decoder0 ; yes                    ;
; serialRGBLED:u0|colordata[3][17]                     ; serialRGBLED:u0|Decoder0 ; yes                    ;
; serialRGBLED:u0|colordata[3][19]                     ; serialRGBLED:u0|Decoder0 ; yes                    ;
; serialRGBLED:u0|colordata[3][16]                     ; serialRGBLED:u0|Decoder0 ; yes                    ;
; serialRGBLED:u0|colordata[3][13]                     ; serialRGBLED:u0|Decoder0 ; yes                    ;
; serialRGBLED:u0|colordata[3][1]                      ; serialRGBLED:u0|Decoder0 ; yes                    ;
; serialRGBLED:u0|colordata[3][5]                      ; serialRGBLED:u0|Decoder0 ; yes                    ;
; serialRGBLED:u0|colordata[3][9]                      ; serialRGBLED:u0|Decoder0 ; yes                    ;
; serialRGBLED:u0|colordata[3][2]                      ; serialRGBLED:u0|Decoder0 ; yes                    ;
; serialRGBLED:u0|colordata[3][14]                     ; serialRGBLED:u0|Decoder0 ; yes                    ;
; serialRGBLED:u0|colordata[3][6]                      ; serialRGBLED:u0|Decoder0 ; yes                    ;
; serialRGBLED:u0|colordata[3][10]                     ; serialRGBLED:u0|Decoder0 ; yes                    ;
; serialRGBLED:u0|colordata[3][15]                     ; serialRGBLED:u0|Decoder0 ; yes                    ;
; serialRGBLED:u0|colordata[3][3]                      ; serialRGBLED:u0|Decoder0 ; yes                    ;
; serialRGBLED:u0|colordata[3][7]                      ; serialRGBLED:u0|Decoder0 ; yes                    ;
; serialRGBLED:u0|colordata[3][11]                     ; serialRGBLED:u0|Decoder0 ; yes                    ;
; serialRGBLED:u0|colordata[3][0]                      ; serialRGBLED:u0|Decoder0 ; yes                    ;
; serialRGBLED:u0|colordata[3][12]                     ; serialRGBLED:u0|Decoder0 ; yes                    ;
; serialRGBLED:u0|colordata[3][4]                      ; serialRGBLED:u0|Decoder0 ; yes                    ;
; serialRGBLED:u0|colordata[3][8]                      ; serialRGBLED:u0|Decoder0 ; yes                    ;
; serialRGBLED:u0|colordata[4][21]                     ; serialRGBLED:u0|Decoder0 ; yes                    ;
; serialRGBLED:u0|colordata[4][22]                     ; serialRGBLED:u0|Decoder0 ; yes                    ;
; serialRGBLED:u0|colordata[4][23]                     ; serialRGBLED:u0|Decoder0 ; yes                    ;
; serialRGBLED:u0|colordata[4][20]                     ; serialRGBLED:u0|Decoder0 ; yes                    ;
; Number of user-specified and inferred latches = 144  ;                          ;                        ;
+------------------------------------------------------+--------------------------+------------------------+
Table restricted to first 100 entries. Note: All latches listed above may not be present at the end of synthesis due to various synthesis optimizations.


+---------------------------------------------------------------------------------+
; Registers Removed During Synthesis                                              ;
+----------------------------------------+----------------------------------------+
; Register name                          ; Reason for Removal                     ;
+----------------------------------------+----------------------------------------+
; addr[3..7]                             ; Stuck at GND due to stuck port data_in ;
; ena                                    ; Merged with RW                         ;
; FD[26..30]                             ; Lost fanout                            ;
; Total Number of Removed Registers = 11 ;                                        ;
+----------------------------------------+----------------------------------------+


+------------------------------------------------------+
; General Register Statistics                          ;
+----------------------------------------------+-------+
; Statistic                                    ; Value ;
+----------------------------------------------+-------+
; Total registers                              ; 83    ;
; Number of registers using Synchronous Clear  ; 2     ;
; Number of registers using Synchronous Load   ; 1     ;
; Number of registers using Asynchronous Clear ; 23    ;
; Number of registers using Asynchronous Load  ; 0     ;
; Number of registers using Clock Enable       ; 47    ;
; Number of registers using Preset             ; 0     ;
+----------------------------------------------+-------+


+--------------------------------------------------+
; Inverted Register Statistics                     ;
+----------------------------------------+---------+
; Inverted Register                      ; Fan out ;
+----------------------------------------+---------+
; serialRGBLED:u0|\serial:fsm[1]         ; 6       ;
; color_bus[23]                          ; 7       ;
; Total number of inverted registers = 2 ;         ;
+----------------------------------------+---------+


+--------------------------------------------------------------------------------------------------------------------------------------------------------+
; Multiplexer Restructuring Statistics (Restructuring Performed)                                                                                         ;
+--------------------+-----------+---------------+----------------------+------------------------+------------+------------------------------------------+
; Multiplexer Inputs ; Bus Width ; Baseline Area ; Area if Restructured ; Saving if Restructured ; Registered ; Example Multiplexer Output               ;
+--------------------+-----------+---------------+----------------------+------------------------+------------+------------------------------------------+
; 3:1                ; 10 bits   ; 20 LEs        ; 10 LEs               ; 10 LEs                 ; Yes        ; |RGBLED|serialRGBLED:u0|\serial:i[1]     ;
; 5:1                ; 9 bits    ; 27 LEs        ; 9 LEs                ; 18 LEs                 ; Yes        ; |RGBLED|serialRGBLED:u0|\serial:delay[6] ;
; 3:1                ; 3 bits    ; 6 LEs         ; 6 LEs                ; 0 LEs                  ; No         ; |RGBLED|serialRGBLED:u0|bitindex         ;
; 3:1                ; 24 bits   ; 48 LEs        ; 48 LEs               ; 0 LEs                  ; No         ; |RGBLED|serialRGBLED:u0|colordata[2][5]  ;
; 3:1                ; 24 bits   ; 48 LEs        ; 48 LEs               ; 0 LEs                  ; No         ; |RGBLED|serialRGBLED:u0|colordata[3][4]  ;
; 4:1                ; 24 bits   ; 48 LEs        ; 48 LEs               ; 0 LEs                  ; No         ; |RGBLED|serialRGBLED:u0|colordata[0][3]  ;
; 4:1                ; 24 bits   ; 48 LEs        ; 48 LEs               ; 0 LEs                  ; No         ; |RGBLED|serialRGBLED:u0|colordata[4][7]  ;
; 4:1                ; 24 bits   ; 48 LEs        ; 48 LEs               ; 0 LEs                  ; No         ; |RGBLED|serialRGBLED:u0|colordata[1][19] ;
; 4:1                ; 24 bits   ; 48 LEs        ; 48 LEs               ; 0 LEs                  ; No         ; |RGBLED|serialRGBLED:u0|colordata[5][18] ;
+--------------------+-----------+---------------+----------------------+------------------------+------------+------------------------------------------+


+--------------------------------------------------------------+
; Parameter Settings for User Entity Instance: serialRGBLED:u0 ;
+----------------+-------+-------------------------------------+
; Parameter Name ; Value ; Type                                ;
+----------------+-------+-------------------------------------+
; n              ; 6     ; Signed Integer                      ;
+----------------+-------+-------------------------------------+
Note: In order to hide this table in the UI and the text report file, please set the "Show Parameter Settings in Synthesis Report" option in "Analysis and Synthesis Settings -> More Settings" to "Off".


+------------------------------------------------------------------+
; Parameter Settings for Inferred Entity Instance: lpm_divide:Mod0 ;
+------------------------+----------------+------------------------+
; Parameter Name         ; Value          ; Type                   ;
+------------------------+----------------+------------------------+
; LPM_WIDTHN             ; 3              ; Untyped                ;
; LPM_WIDTHD             ; 3              ; Untyped                ;
; LPM_NREPRESENTATION    ; UNSIGNED       ; Untyped                ;
; LPM_DREPRESENTATION    ; UNSIGNED       ; Untyped                ;
; LPM_PIPELINE           ; 0              ; Untyped                ;
; LPM_REMAINDERPOSITIVE  ; TRUE           ; Untyped                ;
; MAXIMIZE_SPEED         ; 5              ; Untyped                ;
; CBXI_PARAMETER         ; lpm_divide_78m ; Untyped                ;
; CARRY_CHAIN            ; MANUAL         ; Untyped                ;
; OPTIMIZE_FOR_SPEED     ; 5              ; Untyped                ;
; AUTO_CARRY_CHAINS      ; ON             ; AUTO_CARRY             ;
; IGNORE_CARRY_BUFFERS   ; OFF            ; IGNORE_CARRY           ;
; AUTO_CASCADE_CHAINS    ; ON             ; AUTO_CASCADE           ;
; IGNORE_CASCADE_BUFFERS ; OFF            ; IGNORE_CASCADE         ;
+------------------------+----------------+------------------------+
Note: In order to hide this table in the UI and the text report file, please set the "Show Parameter Settings in Synthesis Report" option in "Analysis and Synthesis Settings -> More Settings" to "Off".


+----------------------------------------------------------------------------------------------------------------+
; Port Connectivity Checks: "serialRGBLED:u0"                                                                    ;
+------+--------+----------+-------------------------------------------------------------------------------------+
; Port ; Type   ; Severity ; Details                                                                             ;
+------+--------+----------+-------------------------------------------------------------------------------------+
; dbg  ; Output ; Info     ; Connected to dangling logic. Logic that only feeds a dangling port will be removed. ;
+------+--------+----------+-------------------------------------------------------------------------------------+


+-------------------------------+
; Elapsed Time Per Partition    ;
+----------------+--------------+
; Partition Name ; Elapsed Time ;
+----------------+--------------+
; Top            ; 00:00:03     ;
+----------------+--------------+


+-------------------------------+
; Analysis & Synthesis Messages ;
+-------------------------------+
Info: *******************************************************************
Info: Running Quartus II 64-Bit Analysis & Synthesis
    Info: Version 13.0.1 Build 232 06/12/2013 Service Pack 1 SJ Web Edition
    Info: Processing started: Tue Mar 23 21:20:41 2021
Info: Command: quartus_map --read_settings_files=on --write_settings_files=off RGBLED -c RGBLED
Info (20030): Parallel compilation is enabled and will use 8 of the 8 processors detected
Info (12021): Found 2 design units, including 1 entities, in source file rgbled.vhd
    Info (12022): Found design unit 1: RGBLED-main
    Info (12023): Found entity 1: RGBLED
Info (12127): Elaborating entity "RGBLED" for the top level hierarchy
Warning (10492): VHDL Process Statement warning at RGBLED.vhd(40): signal "rst" is read inside the Process Statement but isn't in the Process Statement's sensitivity list
Warning (12125): Using design file serialrgbled.vhd, which is not specified as a design file for the current project, but contains definitions for 2 design units and 1 entities in project
    Info (12022): Found design unit 1: serialRGBLED-main
    Info (12023): Found entity 1: serialRGBLED
Info (12128): Elaborating entity "serialRGBLED" for hierarchy "serialRGBLED:u0"
Warning (10492): VHDL Process Statement warning at serialrgbled.vhd(44): signal "rst" is read inside the Process Statement but isn't in the Process Statement's sensitivity list
Info (10041): Inferred latch for "colordata[0][0]" at serialrgbled.vhd(25)
Info (10041): Inferred latch for "colordata[0][1]" at serialrgbled.vhd(25)
Info (10041): Inferred latch for "colordata[0][2]" at serialrgbled.vhd(25)
Info (10041): Inferred latch for "colordata[0][3]" at serialrgbled.vhd(25)
Info (10041): Inferred latch for "colordata[0][4]" at serialrgbled.vhd(25)
Info (10041): Inferred latch for "colordata[0][5]" at serialrgbled.vhd(25)
Info (10041): Inferred latch for "colordata[0][6]" at serialrgbled.vhd(25)
Info (10041): Inferred latch for "colordata[0][7]" at serialrgbled.vhd(25)
Info (10041): Inferred latch for "colordata[0][8]" at serialrgbled.vhd(25)
Info (10041): Inferred latch for "colordata[0][9]" at serialrgbled.vhd(25)
Info (10041): Inferred latch for "colordata[0][10]" at serialrgbled.vhd(25)
Info (10041): Inferred latch for "colordata[0][11]" at serialrgbled.vhd(25)
Info (10041): Inferred latch for "colordata[0][12]" at serialrgbled.vhd(25)
Info (10041): Inferred latch for "colordata[0][13]" at serialrgbled.vhd(25)
Info (10041): Inferred latch for "colordata[0][14]" at serialrgbled.vhd(25)
Info (10041): Inferred latch for "colordata[0][15]" at serialrgbled.vhd(25)
Info (10041): Inferred latch for "colordata[0][16]" at serialrgbled.vhd(25)
Info (10041): Inferred latch for "colordata[0][17]" at serialrgbled.vhd(25)
Info (10041): Inferred latch for "colordata[0][18]" at serialrgbled.vhd(25)
Info (10041): Inferred latch for "colordata[0][19]" at serialrgbled.vhd(25)
Info (10041): Inferred latch for "colordata[0][20]" at serialrgbled.vhd(25)
Info (10041): Inferred latch for "colordata[0][21]" at serialrgbled.vhd(25)
Info (10041): Inferred latch for "colordata[0][22]" at serialrgbled.vhd(25)
Info (10041): Inferred latch for "colordata[0][23]" at serialrgbled.vhd(25)
Info (10041): Inferred latch for "colordata[1][0]" at serialrgbled.vhd(25)
Info (10041): Inferred latch for "colordata[1][1]" at serialrgbled.vhd(25)
Info (10041): Inferred latch for "colordata[1][2]" at serialrgbled.vhd(25)
Info (10041): Inferred latch for "colordata[1][3]" at serialrgbled.vhd(25)
Info (10041): Inferred latch for "colordata[1][4]" at serialrgbled.vhd(25)
Info (10041): Inferred latch for "colordata[1][5]" at serialrgbled.vhd(25)
Info (10041): Inferred latch for "colordata[1][6]" at serialrgbled.vhd(25)
Info (10041): Inferred latch for "colordata[1][7]" at serialrgbled.vhd(25)
Info (10041): Inferred latch for "colordata[1][8]" at serialrgbled.vhd(25)
Info (10041): Inferred latch for "colordata[1][9]" at serialrgbled.vhd(25)
Info (10041): Inferred latch for "colordata[1][10]" at serialrgbled.vhd(25)
Info (10041): Inferred latch for "colordata[1][11]" at serialrgbled.vhd(25)
Info (10041): Inferred latch for "colordata[1][12]" at serialrgbled.vhd(25)
Info (10041): Inferred latch for "colordata[1][13]" at serialrgbled.vhd(25)
Info (10041): Inferred latch for "colordata[1][14]" at serialrgbled.vhd(25)
Info (10041): Inferred latch for "colordata[1][15]" at serialrgbled.vhd(25)
Info (10041): Inferred latch for "colordata[1][16]" at serialrgbled.vhd(25)
Info (10041): Inferred latch for "colordata[1][17]" at serialrgbled.vhd(25)
Info (10041): Inferred latch for "colordata[1][18]" at serialrgbled.vhd(25)
Info (10041): Inferred latch for "colordata[1][19]" at serialrgbled.vhd(25)
Info (10041): Inferred latch for "colordata[1][20]" at serialrgbled.vhd(25)
Info (10041): Inferred latch for "colordata[1][21]" at serialrgbled.vhd(25)
Info (10041): Inferred latch for "colordata[1][22]" at serialrgbled.vhd(25)
Info (10041): Inferred latch for "colordata[1][23]" at serialrgbled.vhd(25)
Info (10041): Inferred latch for "colordata[2][0]" at serialrgbled.vhd(25)
Info (10041): Inferred latch for "colordata[2][1]" at serialrgbled.vhd(25)
Info (10041): Inferred latch for "colordata[2][2]" at serialrgbled.vhd(25)
Info (10041): Inferred latch for "colordata[2][3]" at serialrgbled.vhd(25)
Info (10041): Inferred latch for "colordata[2][4]" at serialrgbled.vhd(25)
Info (10041): Inferred latch for "colordata[2][5]" at serialrgbled.vhd(25)
Info (10041): Inferred latch for "colordata[2][6]" at serialrgbled.vhd(25)
Info (10041): Inferred latch for "colordata[2][7]" at serialrgbled.vhd(25)
Info (10041): Inferred latch for "colordata[2][8]" at serialrgbled.vhd(25)
Info (10041): Inferred latch for "colordata[2][9]" at serialrgbled.vhd(25)
Info (10041): Inferred latch for "colordata[2][10]" at serialrgbled.vhd(25)
Info (10041): Inferred latch for "colordata[2][11]" at serialrgbled.vhd(25)
Info (10041): Inferred latch for "colordata[2][12]" at serialrgbled.vhd(25)
Info (10041): Inferred latch for "colordata[2][13]" at serialrgbled.vhd(25)
Info (10041): Inferred latch for "colordata[2][14]" at serialrgbled.vhd(25)
Info (10041): Inferred latch for "colordata[2][15]" at serialrgbled.vhd(25)
Info (10041): Inferred latch for "colordata[2][16]" at serialrgbled.vhd(25)
Info (10041): Inferred latch for "colordata[2][17]" at serialrgbled.vhd(25)
Info (10041): Inferred latch for "colordata[2][18]" at serialrgbled.vhd(25)
Info (10041): Inferred latch for "colordata[2][19]" at serialrgbled.vhd(25)
Info (10041): Inferred latch for "colordata[2][20]" at serialrgbled.vhd(25)
Info (10041): Inferred latch for "colordata[2][21]" at serialrgbled.vhd(25)
Info (10041): Inferred latch for "colordata[2][22]" at serialrgbled.vhd(25)
Info (10041): Inferred latch for "colordata[2][23]" at serialrgbled.vhd(25)
Info (10041): Inferred latch for "colordata[3][0]" at serialrgbled.vhd(25)
Info (10041): Inferred latch for "colordata[3][1]" at serialrgbled.vhd(25)
Info (10041): Inferred latch for "colordata[3][2]" at serialrgbled.vhd(25)
Info (10041): Inferred latch for "colordata[3][3]" at serialrgbled.vhd(25)
Info (10041): Inferred latch for "colordata[3][4]" at serialrgbled.vhd(25)
Info (10041): Inferred latch for "colordata[3][5]" at serialrgbled.vhd(25)
Info (10041): Inferred latch for "colordata[3][6]" at serialrgbled.vhd(25)
Info (10041): Inferred latch for "colordata[3][7]" at serialrgbled.vhd(25)
Info (10041): Inferred latch for "colordata[3][8]" at serialrgbled.vhd(25)
Info (10041): Inferred latch for "colordata[3][9]" at serialrgbled.vhd(25)
Info (10041): Inferred latch for "colordata[3][10]" at serialrgbled.vhd(25)
Info (10041): Inferred latch for "colordata[3][11]" at serialrgbled.vhd(25)
Info (10041): Inferred latch for "colordata[3][12]" at serialrgbled.vhd(25)
Info (10041): Inferred latch for "colordata[3][13]" at serialrgbled.vhd(25)
Info (10041): Inferred latch for "colordata[3][14]" at serialrgbled.vhd(25)
Info (10041): Inferred latch for "colordata[3][15]" at serialrgbled.vhd(25)
Info (10041): Inferred latch for "colordata[3][16]" at serialrgbled.vhd(25)
Info (10041): Inferred latch for "colordata[3][17]" at serialrgbled.vhd(25)
Info (10041): Inferred latch for "colordata[3][18]" at serialrgbled.vhd(25)
Info (10041): Inferred latch for "colordata[3][19]" at serialrgbled.vhd(25)
Info (10041): Inferred latch for "colordata[3][20]" at serialrgbled.vhd(25)
Info (10041): Inferred latch for "colordata[3][21]" at serialrgbled.vhd(25)
Info (10041): Inferred latch for "colordata[3][22]" at serialrgbled.vhd(25)
Info (10041): Inferred latch for "colordata[3][23]" at serialrgbled.vhd(25)
Info (10041): Inferred latch for "colordata[4][0]" at serialrgbled.vhd(25)
Info (10041): Inferred latch for "colordata[4][1]" at serialrgbled.vhd(25)
Info (10041): Inferred latch for "colordata[4][2]" at serialrgbled.vhd(25)
Info (10041): Inferred latch for "colordata[4][3]" at serialrgbled.vhd(25)
Info (10041): Inferred latch for "colordata[4][4]" at serialrgbled.vhd(25)
Info (10041): Inferred latch for "colordata[4][5]" at serialrgbled.vhd(25)
Info (10041): Inferred latch for "colordata[4][6]" at serialrgbled.vhd(25)
Info (10041): Inferred latch for "colordata[4][7]" at serialrgbled.vhd(25)
Info (10041): Inferred latch for "colordata[4][8]" at serialrgbled.vhd(25)
Info (10041): Inferred latch for "colordata[4][9]" at serialrgbled.vhd(25)
Info (10041): Inferred latch for "colordata[4][10]" at serialrgbled.vhd(25)
Info (10041): Inferred latch for "colordata[4][11]" at serialrgbled.vhd(25)
Info (10041): Inferred latch for "colordata[4][12]" at serialrgbled.vhd(25)
Info (10041): Inferred latch for "colordata[4][13]" at serialrgbled.vhd(25)
Info (10041): Inferred latch for "colordata[4][14]" at serialrgbled.vhd(25)
Info (10041): Inferred latch for "colordata[4][15]" at serialrgbled.vhd(25)
Info (10041): Inferred latch for "colordata[4][16]" at serialrgbled.vhd(25)
Info (10041): Inferred latch for "colordata[4][17]" at serialrgbled.vhd(25)
Info (10041): Inferred latch for "colordata[4][18]" at serialrgbled.vhd(25)
Info (10041): Inferred latch for "colordata[4][19]" at serialrgbled.vhd(25)
Info (10041): Inferred latch for "colordata[4][20]" at serialrgbled.vhd(25)
Info (10041): Inferred latch for "colordata[4][21]" at serialrgbled.vhd(25)
Info (10041): Inferred latch for "colordata[4][22]" at serialrgbled.vhd(25)
Info (10041): Inferred latch for "colordata[4][23]" at serialrgbled.vhd(25)
Info (10041): Inferred latch for "colordata[5][0]" at serialrgbled.vhd(25)
Info (10041): Inferred latch for "colordata[5][1]" at serialrgbled.vhd(25)
Info (10041): Inferred latch for "colordata[5][2]" at serialrgbled.vhd(25)
Info (10041): Inferred latch for "colordata[5][3]" at serialrgbled.vhd(25)
Info (10041): Inferred latch for "colordata[5][4]" at serialrgbled.vhd(25)
Info (10041): Inferred latch for "colordata[5][5]" at serialrgbled.vhd(25)
Info (10041): Inferred latch for "colordata[5][6]" at serialrgbled.vhd(25)
Info (10041): Inferred latch for "colordata[5][7]" at serialrgbled.vhd(25)
Info (10041): Inferred latch for "colordata[5][8]" at serialrgbled.vhd(25)
Info (10041): Inferred latch for "colordata[5][9]" at serialrgbled.vhd(25)
Info (10041): Inferred latch for "colordata[5][10]" at serialrgbled.vhd(25)
Info (10041): Inferred latch for "colordata[5][11]" at serialrgbled.vhd(25)
Info (10041): Inferred latch for "colordata[5][12]" at serialrgbled.vhd(25)
Info (10041): Inferred latch for "colordata[5][13]" at serialrgbled.vhd(25)
Info (10041): Inferred latch for "colordata[5][14]" at serialrgbled.vhd(25)
Info (10041): Inferred latch for "colordata[5][15]" at serialrgbled.vhd(25)
Info (10041): Inferred latch for "colordata[5][16]" at serialrgbled.vhd(25)
Info (10041): Inferred latch for "colordata[5][17]" at serialrgbled.vhd(25)
Info (10041): Inferred latch for "colordata[5][18]" at serialrgbled.vhd(25)
Info (10041): Inferred latch for "colordata[5][19]" at serialrgbled.vhd(25)
Info (10041): Inferred latch for "colordata[5][20]" at serialrgbled.vhd(25)
Info (10041): Inferred latch for "colordata[5][21]" at serialrgbled.vhd(25)
Info (10041): Inferred latch for "colordata[5][22]" at serialrgbled.vhd(25)
Info (10041): Inferred latch for "colordata[5][23]" at serialrgbled.vhd(25)
Info (278001): Inferred 1 megafunctions from design logic
    Info (278004): Inferred divider/modulo megafunction ("lpm_divide") from the following logic: "Mod0"
Info (12130): Elaborated megafunction instantiation "lpm_divide:Mod0"
Info (12133): Instantiated megafunction "lpm_divide:Mod0" with the following parameter:
    Info (12134): Parameter "LPM_WIDTHN" = "3"
    Info (12134): Parameter "LPM_WIDTHD" = "3"
    Info (12134): Parameter "LPM_NREPRESENTATION" = "UNSIGNED"
    Info (12134): Parameter "LPM_DREPRESENTATION" = "UNSIGNED"
Info (12021): Found 1 design units, including 1 entities, in source file db/lpm_divide_78m.tdf
    Info (12023): Found entity 1: lpm_divide_78m
Info (12021): Found 1 design units, including 1 entities, in source file db/sign_div_unsign_5kh.tdf
    Info (12023): Found entity 1: sign_div_unsign_5kh
Info (12021): Found 1 design units, including 1 entities, in source file db/alt_u_div_l2f.tdf
    Info (12023): Found entity 1: alt_u_div_l2f
Info (12021): Found 1 design units, including 1 entities, in source file db/add_sub_unc.tdf
    Info (12023): Found entity 1: add_sub_unc
Info (12021): Found 1 design units, including 1 entities, in source file db/add_sub_vnc.tdf
    Info (12023): Found entity 1: add_sub_vnc
Info (13000): Registers with preset signals will power-up high
Info (13003): DEV_CLRn pin will set, and not reset, register with preset signal due to NOT Gate Push-Back
Warning (13024): Output pins are stuck at VCC or GND
    Warning (13410): Pin "A0[3]" is stuck at GND
    Warning (13410): Pin "A0[4]" is stuck at GND
    Warning (13410): Pin "A0[5]" is stuck at GND
    Warning (13410): Pin "A0[6]" is stuck at GND
    Warning (13410): Pin "A0[7]" is stuck at GND
Info (286030): Timing-Driven Synthesis is running
Info (17049): 5 registers lost all their fanouts during netlist optimizations.
Info (16010): Generating hard_block partition "hard_block:auto_generated_inst"
    Info (16011): Adding 0 node(s), including 0 DDIO, 0 PLL, 0 transceiver and 0 LCELL
Info (21057): Implemented 388 device resources after synthesis - the final resource count might be different
    Info (21058): Implemented 2 input pins
    Info (21059): Implemented 9 output pins
    Info (21061): Implemented 377 logic cells
Info: Quartus II 64-Bit Analysis & Synthesis was successful. 0 errors, 9 warnings
    Info: Peak virtual memory: 4686 megabytes
    Info: Processing ended: Tue Mar 23 21:20:47 2021
    Info: Elapsed time: 00:00:06
    Info: Total CPU time (on all processors): 00:00:05


