Analysis & Synthesis report for limited_machine
Wed Nov 04 21:38:38 2020
Quartus II 64-Bit Version 13.0.1 Build 232 06/12/2013 Service Pack 1 SJ Web Edition


---------------------
; Table of Contents ;
---------------------
  1. Legal Notice
  2. Analysis & Synthesis Summary
  3. Analysis & Synthesis Settings
  4. Parallel Compilation
  5. Analysis & Synthesis Source Files Read
  6. Analysis & Synthesis Resource Usage Summary
  7. Analysis & Synthesis Resource Utilization by Entity
  8. Analysis & Synthesis DSP Block Usage Summary
  9. Registers Removed During Synthesis
 10. Removed Registers Triggering Further Register Optimizations
 11. General Register Statistics
 12. Inverted Register Statistics
 13. Multiplexer Restructuring Statistics (Restructuring Performed)
 14. Parameter Settings for Inferred Entity Instance: lpm_mult:Mult0
 15. Parameter Settings for Inferred Entity Instance: lpm_mult:Mult1
 16. Parameter Settings for Inferred Entity Instance: lpm_divide:Div0
 17. Parameter Settings for Inferred Entity Instance: lpm_divide:Div1
 18. lpm_mult Parameter Settings by Entity Instance
 19. Elapsed Time Per Partition
 20. Analysis & Synthesis Messages



----------------
; Legal Notice ;
----------------
Copyright (C) 1991-2013 Altera Corporation
Your use of Altera Corporation's design tools, logic functions 
and other software and tools, and its AMPP partner logic 
functions, and any output files from any of the foregoing 
(including device programming or simulation files), and any 
associated documentation or information are expressly subject 
to the terms and conditions of the Altera Program License 
Subscription Agreement, Altera MegaCore Function License 
Agreement, or other applicable license agreement, including, 
without limitation, that your use is for the sole purpose of 
programming logic devices manufactured by Altera and sold by 
Altera or its authorized distributors.  Please refer to the 
applicable agreement for further details.



+--------------------------------------------------------------------------------------+
; Analysis & Synthesis Summary                                                         ;
+------------------------------------+-------------------------------------------------+
; Analysis & Synthesis Status        ; Successful - Wed Nov 04 21:38:38 2020           ;
; Quartus II 64-Bit Version          ; 13.0.1 Build 232 06/12/2013 SP 1 SJ Web Edition ;
; Revision Name                      ; limited_machine                                 ;
; Top-level Entity Name              ; limited_machine                                 ;
; Family                             ; Cyclone III                                     ;
; Total logic elements               ; 1,152                                           ;
;     Total combinational functions  ; 1,152                                           ;
;     Dedicated logic registers      ; 88                                              ;
; Total registers                    ; 88                                              ;
; Total pins                         ; 17                                              ;
; Total virtual pins                 ; 0                                               ;
; Total memory bits                  ; 0                                               ;
; Embedded Multiplier 9-bit elements ; 2                                               ;
; Total PLLs                         ; 0                                               ;
+------------------------------------+-------------------------------------------------+


+----------------------------------------------------------------------------------------------------------------------+
; Analysis & Synthesis Settings                                                                                        ;
+----------------------------------------------------------------------------+--------------------+--------------------+
; Option                                                                     ; Setting            ; Default Value      ;
+----------------------------------------------------------------------------+--------------------+--------------------+
; Device                                                                     ; EP3C16Q240C8       ;                    ;
; Top-level entity name                                                      ; limited_machine    ; limited_machine    ;
; Family name                                                                ; Cyclone III        ; Cyclone IV GX      ;
; Use smart compilation                                                      ; Off                ; Off                ;
; Enable parallel Assembler and TimeQuest Timing Analyzer during compilation ; On                 ; On                 ;
; Enable compact report table                                                ; Off                ; Off                ;
; Restructure Multiplexers                                                   ; Auto               ; Auto               ;
; Create Debugging Nodes for IP Cores                                        ; Off                ; Off                ;
; Preserve fewer node names                                                  ; On                 ; On                 ;
; Disable OpenCore Plus hardware evaluation                                  ; Off                ; Off                ;
; Verilog Version                                                            ; Verilog_2001       ; Verilog_2001       ;
; VHDL Version                                                               ; VHDL_1993          ; VHDL_1993          ;
; State Machine Processing                                                   ; Auto               ; Auto               ;
; Safe State Machine                                                         ; Off                ; Off                ;
; Extract Verilog State Machines                                             ; On                 ; On                 ;
; Extract VHDL State Machines                                                ; On                 ; On                 ;
; Ignore Verilog initial constructs                                          ; Off                ; Off                ;
; Iteration limit for constant Verilog loops                                 ; 5000               ; 5000               ;
; Iteration limit for non-constant Verilog loops                             ; 250                ; 250                ;
; Add Pass-Through Logic to Inferred RAMs                                    ; On                 ; On                 ;
; Infer RAMs from Raw Logic                                                  ; On                 ; On                 ;
; Parallel Synthesis                                                         ; On                 ; On                 ;
; DSP Block Balancing                                                        ; Auto               ; Auto               ;
; NOT Gate Push-Back                                                         ; On                 ; On                 ;
; Power-Up Don't Care                                                        ; On                 ; On                 ;
; Remove Redundant Logic Cells                                               ; Off                ; Off                ;
; Remove Duplicate Registers                                                 ; On                 ; On                 ;
; Ignore CARRY Buffers                                                       ; Off                ; Off                ;
; Ignore CASCADE Buffers                                                     ; Off                ; Off                ;
; Ignore GLOBAL Buffers                                                      ; Off                ; Off                ;
; Ignore ROW GLOBAL Buffers                                                  ; Off                ; Off                ;
; Ignore LCELL Buffers                                                       ; Off                ; Off                ;
; Ignore SOFT Buffers                                                        ; On                 ; On                 ;
; Limit AHDL Integers to 32 Bits                                             ; Off                ; Off                ;
; Optimization Technique                                                     ; Balanced           ; Balanced           ;
; Carry Chain Length                                                         ; 70                 ; 70                 ;
; Auto Carry Chains                                                          ; On                 ; On                 ;
; Auto Open-Drain Pins                                                       ; On                 ; On                 ;
; Perform WYSIWYG Primitive Resynthesis                                      ; Off                ; Off                ;
; Auto ROM Replacement                                                       ; On                 ; On                 ;
; Auto RAM Replacement                                                       ; On                 ; On                 ;
; Auto DSP Block Replacement                                                 ; On                 ; On                 ;
; Auto Shift Register Replacement                                            ; Auto               ; Auto               ;
; Allow Shift Register Merging across Hierarchies                            ; Auto               ; Auto               ;
; Auto Clock Enable Replacement                                              ; On                 ; On                 ;
; Strict RAM Replacement                                                     ; Off                ; Off                ;
; Allow Synchronous Control Signals                                          ; On                 ; On                 ;
; Force Use of Synchronous Clear Signals                                     ; Off                ; Off                ;
; Auto RAM Block Balancing                                                   ; On                 ; On                 ;
; Auto RAM to Logic Cell Conversion                                          ; Off                ; Off                ;
; Auto Resource Sharing                                                      ; Off                ; Off                ;
; Allow Any RAM Size For Recognition                                         ; Off                ; Off                ;
; Allow Any ROM Size For Recognition                                         ; Off                ; Off                ;
; Allow Any Shift Register Size For Recognition                              ; Off                ; Off                ;
; Use LogicLock Constraints during Resource Balancing                        ; On                 ; On                 ;
; Ignore translate_off and synthesis_off directives                          ; Off                ; Off                ;
; Timing-Driven Synthesis                                                    ; On                 ; On                 ;
; Report Parameter Settings                                                  ; On                 ; On                 ;
; Report Source Assignments                                                  ; On                 ; On                 ;
; Report Connectivity Checks                                                 ; On                 ; On                 ;
; Ignore Maximum Fan-Out Assignments                                         ; Off                ; Off                ;
; Synchronization Register Chain Length                                      ; 2                  ; 2                  ;
; PowerPlay Power Optimization                                               ; Normal compilation ; Normal compilation ;
; HDL message level                                                          ; Level2             ; Level2             ;
; Suppress Register Optimization Related Messages                            ; Off                ; Off                ;
; Number of Removed Registers Reported in Synthesis Report                   ; 5000               ; 5000               ;
; Number of Swept Nodes Reported in Synthesis Report                         ; 5000               ; 5000               ;
; Number of Inverted Registers Reported in Synthesis Report                  ; 100                ; 100                ;
; Clock MUX Protection                                                       ; On                 ; On                 ;
; Auto Gated Clock Conversion                                                ; Off                ; Off                ;
; Block Design Naming                                                        ; Auto               ; Auto               ;
; SDC constraint protection                                                  ; Off                ; Off                ;
; Synthesis Effort                                                           ; Auto               ; Auto               ;
; Shift Register Replacement - Allow Asynchronous Clear Signal               ; On                 ; On                 ;
; Pre-Mapping Resynthesis Optimization                                       ; Off                ; Off                ;
; Analysis & Synthesis Message Level                                         ; Medium             ; Medium             ;
; Disable Register Merging Across Hierarchies                                ; Auto               ; Auto               ;
; Resource Aware Inference For Block RAM                                     ; On                 ; On                 ;
; Synthesis Seed                                                             ; 1                  ; 1                  ;
+----------------------------------------------------------------------------+--------------------+--------------------+


+------------------------------------------+
; Parallel Compilation                     ;
+----------------------------+-------------+
; Processors                 ; Number      ;
+----------------------------+-------------+
; Number detected on machine ; 8           ;
; Maximum allowed            ; 8           ;
;                            ;             ;
; Average used               ; 1.00        ;
; Maximum used               ; 8           ;
;                            ;             ;
; Usage by Processor         ; % Time Used ;
;     Processor 1            ; 100.0%      ;
;     Processors 2-8         ; < 0.1%      ;
+----------------------------+-------------+


+----------------------------------------------------------------------------------------------------------------------------------------------------------------------------------+
; Analysis & Synthesis Source Files Read                                                                                                                                           ;
+----------------------------------+-----------------+------------------------------+------------------------------------------------------------------------------------+---------+
; File Name with User-Entered Path ; Used in Netlist ; File Type                    ; File Name with Absolute Path                                                       ; Library ;
+----------------------------------+-----------------+------------------------------+------------------------------------------------------------------------------------+---------+
; limited_machine.vhd              ; yes             ; Auto-Found VHDL File         ; C:/Users/willy7086/Desktop/Quartus/VHDL/limited_machine/limited_machine.vhd        ;         ;
; lpm_mult.tdf                     ; yes             ; Megafunction                 ; d:/quartus_13.0/quartus/libraries/megafunctions/lpm_mult.tdf                       ;         ;
; aglobal130.inc                   ; yes             ; Megafunction                 ; d:/quartus_13.0/quartus/libraries/megafunctions/aglobal130.inc                     ;         ;
; lpm_add_sub.inc                  ; yes             ; Megafunction                 ; d:/quartus_13.0/quartus/libraries/megafunctions/lpm_add_sub.inc                    ;         ;
; multcore.inc                     ; yes             ; Megafunction                 ; d:/quartus_13.0/quartus/libraries/megafunctions/multcore.inc                       ;         ;
; bypassff.inc                     ; yes             ; Megafunction                 ; d:/quartus_13.0/quartus/libraries/megafunctions/bypassff.inc                       ;         ;
; altshift.inc                     ; yes             ; Megafunction                 ; d:/quartus_13.0/quartus/libraries/megafunctions/altshift.inc                       ;         ;
; db/mult_59t.tdf                  ; yes             ; Auto-Generated Megafunction  ; C:/Users/willy7086/Desktop/Quartus/VHDL/limited_machine/db/mult_59t.tdf            ;         ;
; lpm_divide.tdf                   ; yes             ; Megafunction                 ; d:/quartus_13.0/quartus/libraries/megafunctions/lpm_divide.tdf                     ;         ;
; abs_divider.inc                  ; yes             ; Megafunction                 ; d:/quartus_13.0/quartus/libraries/megafunctions/abs_divider.inc                    ;         ;
; sign_div_unsign.inc              ; yes             ; Megafunction                 ; d:/quartus_13.0/quartus/libraries/megafunctions/sign_div_unsign.inc                ;         ;
; db/lpm_divide_ggm.tdf            ; yes             ; Auto-Generated Megafunction  ; C:/Users/willy7086/Desktop/Quartus/VHDL/limited_machine/db/lpm_divide_ggm.tdf      ;         ;
; db/sign_div_unsign_hkh.tdf       ; yes             ; Auto-Generated Megafunction  ; C:/Users/willy7086/Desktop/Quartus/VHDL/limited_machine/db/sign_div_unsign_hkh.tdf ;         ;
; db/alt_u_div_d3f.tdf             ; yes             ; Auto-Generated Megafunction  ; C:/Users/willy7086/Desktop/Quartus/VHDL/limited_machine/db/alt_u_div_d3f.tdf       ;         ;
; db/add_sub_unc.tdf               ; yes             ; Auto-Generated Megafunction  ; C:/Users/willy7086/Desktop/Quartus/VHDL/limited_machine/db/add_sub_unc.tdf         ;         ;
; db/add_sub_vnc.tdf               ; yes             ; Auto-Generated Megafunction  ; C:/Users/willy7086/Desktop/Quartus/VHDL/limited_machine/db/add_sub_vnc.tdf         ;         ;
+----------------------------------+-----------------+------------------------------+------------------------------------------------------------------------------------+---------+


+----------------------------------------------------------------+
; Analysis & Synthesis Resource Usage Summary                    ;
+---------------------------------------------+------------------+
; Resource                                    ; Usage            ;
+---------------------------------------------+------------------+
; Estimated Total logic elements              ; 1,152            ;
;                                             ;                  ;
; Total combinational functions               ; 1152             ;
; Logic element usage by number of LUT inputs ;                  ;
;     -- 4 input functions                    ; 801              ;
;     -- 3 input functions                    ; 299              ;
;     -- <=2 input functions                  ; 52               ;
;                                             ;                  ;
; Logic elements by mode                      ;                  ;
;     -- normal mode                          ; 1034             ;
;     -- arithmetic mode                      ; 118              ;
;                                             ;                  ;
; Total registers                             ; 88               ;
;     -- Dedicated logic registers            ; 88               ;
;     -- I/O registers                        ; 0                ;
;                                             ;                  ;
; I/O pins                                    ; 17               ;
; Embedded Multiplier 9-bit elements          ; 2                ;
; Maximum fan-out node                        ; \machine:i[1][0] ;
; Maximum fan-out                             ; 229              ;
; Total fan-out                               ; 4497             ;
; Average fan-out                             ; 3.52             ;
+---------------------------------------------+------------------+


+------------------------------------------------------------------------------------------------------------------------------------------------------------------------------------------------------------------------------------------------------------------------------------------------------------+
; Analysis & Synthesis Resource Utilization by Entity                                                                                                                                                                                                                                                        ;
+----------------------------------------+-------------------+--------------+-------------+--------------+---------+-----------+------+--------------+----------------------------------------------------------------------------------------------------------------------------------------+--------------+
; Compilation Hierarchy Node             ; LC Combinationals ; LC Registers ; Memory Bits ; DSP Elements ; DSP 9x9 ; DSP 18x18 ; Pins ; Virtual Pins ; Full Hierarchy Name                                                                                                                    ; Library Name ;
+----------------------------------------+-------------------+--------------+-------------+--------------+---------+-----------+------+--------------+----------------------------------------------------------------------------------------------------------------------------------------+--------------+
; |limited_machine                       ; 1152 (957)        ; 88 (88)      ; 0           ; 2            ; 2       ; 0         ; 17   ; 0            ; |limited_machine                                                                                                                       ; work         ;
;    |lpm_divide:Div0|                   ; 100 (0)           ; 0 (0)        ; 0           ; 0            ; 0       ; 0         ; 0    ; 0            ; |limited_machine|lpm_divide:Div0                                                                                                       ; work         ;
;       |lpm_divide_ggm:auto_generated|  ; 100 (0)           ; 0 (0)        ; 0           ; 0            ; 0       ; 0         ; 0    ; 0            ; |limited_machine|lpm_divide:Div0|lpm_divide_ggm:auto_generated                                                                         ; work         ;
;          |sign_div_unsign_hkh:divider| ; 100 (0)           ; 0 (0)        ; 0           ; 0            ; 0       ; 0         ; 0    ; 0            ; |limited_machine|lpm_divide:Div0|lpm_divide_ggm:auto_generated|sign_div_unsign_hkh:divider                                             ; work         ;
;             |alt_u_div_d3f:divider|    ; 100 (100)         ; 0 (0)        ; 0           ; 0            ; 0       ; 0         ; 0    ; 0            ; |limited_machine|lpm_divide:Div0|lpm_divide_ggm:auto_generated|sign_div_unsign_hkh:divider|alt_u_div_d3f:divider                       ; work         ;
;    |lpm_divide:Div1|                   ; 95 (0)            ; 0 (0)        ; 0           ; 0            ; 0       ; 0         ; 0    ; 0            ; |limited_machine|lpm_divide:Div1                                                                                                       ; work         ;
;       |lpm_divide_ggm:auto_generated|  ; 95 (0)            ; 0 (0)        ; 0           ; 0            ; 0       ; 0         ; 0    ; 0            ; |limited_machine|lpm_divide:Div1|lpm_divide_ggm:auto_generated                                                                         ; work         ;
;          |sign_div_unsign_hkh:divider| ; 95 (0)            ; 0 (0)        ; 0           ; 0            ; 0       ; 0         ; 0    ; 0            ; |limited_machine|lpm_divide:Div1|lpm_divide_ggm:auto_generated|sign_div_unsign_hkh:divider                                             ; work         ;
;             |alt_u_div_d3f:divider|    ; 95 (94)           ; 0 (0)        ; 0           ; 0            ; 0       ; 0         ; 0    ; 0            ; |limited_machine|lpm_divide:Div1|lpm_divide_ggm:auto_generated|sign_div_unsign_hkh:divider|alt_u_div_d3f:divider                       ; work         ;
;                |add_sub_vnc:add_sub_1| ; 1 (1)             ; 0 (0)        ; 0           ; 0            ; 0       ; 0         ; 0    ; 0            ; |limited_machine|lpm_divide:Div1|lpm_divide_ggm:auto_generated|sign_div_unsign_hkh:divider|alt_u_div_d3f:divider|add_sub_vnc:add_sub_1 ; work         ;
;    |lpm_mult:Mult0|                    ; 0 (0)             ; 0 (0)        ; 0           ; 1            ; 1       ; 0         ; 0    ; 0            ; |limited_machine|lpm_mult:Mult0                                                                                                        ; work         ;
;       |mult_59t:auto_generated|        ; 0 (0)             ; 0 (0)        ; 0           ; 1            ; 1       ; 0         ; 0    ; 0            ; |limited_machine|lpm_mult:Mult0|mult_59t:auto_generated                                                                                ; work         ;
;    |lpm_mult:Mult1|                    ; 0 (0)             ; 0 (0)        ; 0           ; 1            ; 1       ; 0         ; 0    ; 0            ; |limited_machine|lpm_mult:Mult1                                                                                                        ; work         ;
;       |mult_59t:auto_generated|        ; 0 (0)             ; 0 (0)        ; 0           ; 1            ; 1       ; 0         ; 0    ; 0            ; |limited_machine|lpm_mult:Mult1|mult_59t:auto_generated                                                                                ; work         ;
+----------------------------------------+-------------------+--------------+-------------+--------------+---------+-----------+------+--------------+----------------------------------------------------------------------------------------------------------------------------------------+--------------+
Note: For table entries with two numbers listed, the numbers in parentheses indicate the number of resources of the given type used by the specific entity alone. The numbers listed outside of parentheses indicate the total resources of the given type used by the specific entity and all of its sub-entities in the hierarchy.


+-----------------------------------------------------+
; Analysis & Synthesis DSP Block Usage Summary        ;
+---------------------------------------+-------------+
; Statistic                             ; Number Used ;
+---------------------------------------+-------------+
; Simple Multipliers (9-bit)            ; 2           ;
; Simple Multipliers (18-bit)           ; 0           ;
; Embedded Multiplier Blocks            ; --          ;
; Embedded Multiplier 9-bit elements    ; 2           ;
; Signed Embedded Multipliers           ; 0           ;
; Unsigned Embedded Multipliers         ; 2           ;
; Mixed Sign Embedded Multipliers       ; 0           ;
; Variable Sign Embedded Multipliers    ; 0           ;
; Dedicated Input Shift Register Chains ; 0           ;
+---------------------------------------+-------------+
Note: number of Embedded Multiplier Blocks used is only available after a successful fit.


+---------------------------------------------------------------------------------+
; Registers Removed During Synthesis                                              ;
+----------------------------------------+----------------------------------------+
; Register name                          ; Reason for Removal                     ;
+----------------------------------------+----------------------------------------+
; fsm[4..6]                              ; Merged with fsm[3]                     ;
; speed[0..5]                            ; Stuck at GND due to stuck port data_in ;
; fsm[3]                                 ; Stuck at GND due to stuck port data_in ;
; \machine:sorting[3..31]                ; Lost fanout                            ;
; FD[2..50]                              ; Lost fanout                            ;
; \machine:i[2][3]                       ; Stuck at GND due to stuck port data_in ;
; Total Number of Removed Registers = 89 ;                                        ;
+----------------------------------------+----------------------------------------+


+------------------------------------------------------------------------------------------------------------------------------------------------------+
; Removed Registers Triggering Further Register Optimizations                                                                                          ;
+---------------+---------------------------+----------------------------------------------------------------------------------------------------------+
; Register name ; Reason for Removal        ; Registers Removed due to This Register                                                                   ;
+---------------+---------------------------+----------------------------------------------------------------------------------------------------------+
; speed[5]      ; Stuck at GND              ; FD[2], FD[3], FD[4], FD[5], FD[6], FD[8], FD[9], FD[10], FD[12], FD[16], FD[17], FD[18], FD[20], FD[24], ;
;               ; due to stuck port data_in ; FD[32], FD[33], FD[34], FD[36], FD[40], FD[48]                                                           ;
; fsm[3]        ; Stuck at GND              ; \machine:i[2][3]                                                                                         ;
;               ; due to stuck port data_in ;                                                                                                          ;
+---------------+---------------------------+----------------------------------------------------------------------------------------------------------+


+------------------------------------------------------+
; General Register Statistics                          ;
+----------------------------------------------+-------+
; Statistic                                    ; Value ;
+----------------------------------------------+-------+
; Total registers                              ; 88    ;
; Number of registers using Synchronous Clear  ; 4     ;
; Number of registers using Synchronous Load   ; 0     ;
; Number of registers using Asynchronous Clear ; 0     ;
; Number of registers using Asynchronous Load  ; 0     ;
; Number of registers using Clock Enable       ; 78    ;
; Number of registers using Preset             ; 0     ;
+----------------------------------------------+-------+


+---------------------------------------------------+
; Inverted Register Statistics                      ;
+-----------------------------------------+---------+
; Inverted Register                       ; Fan out ;
+-----------------------------------------+---------+
; len2[1]                                 ; 17      ;
; func[0][0]                              ; 6       ;
; len2[2]                                 ; 7       ;
; func[5][0]                              ; 6       ;
; func[5][1]                              ; 6       ;
; func[1][1]                              ; 6       ;
; func[2][1]                              ; 6       ;
; func[3][2]                              ; 6       ;
; func[2][2]                              ; 6       ;
; func[0][2]                              ; 6       ;
; func[6][2]                              ; 10      ;
; func[5][3]                              ; 6       ;
; func[1][3]                              ; 6       ;
; func[3][3]                              ; 6       ;
; func[4][3]                              ; 9       ;
; func[0][4]                              ; 6       ;
; func[6][4]                              ; 10      ;
; fsm[0]                                  ; 32      ;
; Total number of inverted registers = 18 ;         ;
+-----------------------------------------+---------+


+-----------------------------------------------------------------------------------------------------------------------------------------------------+
; Multiplexer Restructuring Statistics (Restructuring Performed)                                                                                      ;
+--------------------+-----------+---------------+----------------------+------------------------+------------+---------------------------------------+
; Multiplexer Inputs ; Bus Width ; Baseline Area ; Area if Restructured ; Saving if Restructured ; Registered ; Example Multiplexer Output            ;
+--------------------+-----------+---------------+----------------------+------------------------+------------+---------------------------------------+
; 16:1               ; 6 bits    ; 60 LEs        ; 0 LEs                ; 60 LEs                 ; Yes        ; |limited_machine|speed[1]             ;
; 19:1               ; 32 bits   ; 384 LEs       ; 32 LEs               ; 352 LEs                ; Yes        ; |limited_machine|\machine:sorting[18] ;
; 19:1               ; 3 bits    ; 36 LEs        ; 12 LEs               ; 24 LEs                 ; Yes        ; |limited_machine|fsm[3]               ;
; 38:1               ; 7 bits    ; 175 LEs       ; 42 LEs               ; 133 LEs                ; Yes        ; |limited_machine|func[6][1]           ;
; 38:1               ; 6 bits    ; 150 LEs       ; 36 LEs               ; 114 LEs                ; Yes        ; |limited_machine|func[5][5]           ;
; 38:1               ; 8 bits    ; 200 LEs       ; 48 LEs               ; 152 LEs                ; Yes        ; |limited_machine|func[4][4]           ;
; 38:1               ; 7 bits    ; 175 LEs       ; 42 LEs               ; 133 LEs                ; Yes        ; |limited_machine|func[3][0]           ;
; 38:1               ; 7 bits    ; 175 LEs       ; 42 LEs               ; 133 LEs                ; Yes        ; |limited_machine|func[2][0]           ;
; 38:1               ; 7 bits    ; 175 LEs       ; 42 LEs               ; 133 LEs                ; Yes        ; |limited_machine|func[1][0]           ;
; 38:1               ; 6 bits    ; 150 LEs       ; 36 LEs               ; 114 LEs                ; Yes        ; |limited_machine|func[0][1]           ;
; 18:1               ; 2 bits    ; 24 LEs        ; 4 LEs                ; 20 LEs                 ; Yes        ; |limited_machine|len2[1]              ;
; 38:1               ; 2 bits    ; 50 LEs        ; 12 LEs               ; 38 LEs                 ; Yes        ; |limited_machine|func[6][4]           ;
; 38:1               ; 3 bits    ; 75 LEs        ; 18 LEs               ; 57 LEs                 ; Yes        ; |limited_machine|func[5][1]           ;
; 38:1               ; 2 bits    ; 50 LEs        ; 12 LEs               ; 38 LEs                 ; Yes        ; |limited_machine|func[3][3]           ;
; 38:1               ; 2 bits    ; 50 LEs        ; 12 LEs               ; 38 LEs                 ; Yes        ; |limited_machine|func[2][1]           ;
; 38:1               ; 2 bits    ; 50 LEs        ; 12 LEs               ; 38 LEs                 ; Yes        ; |limited_machine|func[1][1]           ;
; 38:1               ; 3 bits    ; 75 LEs        ; 18 LEs               ; 57 LEs                 ; Yes        ; |limited_machine|func[0][0]           ;
; 7:1                ; 9 bits    ; 36 LEs        ; 36 LEs               ; 0 LEs                  ; No         ; |limited_machine|Mux2                 ;
; 4:1                ; 9 bits    ; 18 LEs        ; 18 LEs               ; 0 LEs                  ; No         ; |limited_machine|Mux12                ;
; 4:1                ; 9 bits    ; 18 LEs        ; 18 LEs               ; 0 LEs                  ; No         ; |limited_machine|Mux36                ;
; 4:1                ; 9 bits    ; 18 LEs        ; 18 LEs               ; 0 LEs                  ; No         ; |limited_machine|Mux40                ;
; 4:1                ; 9 bits    ; 18 LEs        ; 18 LEs               ; 0 LEs                  ; No         ; |limited_machine|Mux27                ;
; 7:1                ; 9 bits    ; 36 LEs        ; 36 LEs               ; 0 LEs                  ; No         ; |limited_machine|Mux53                ;
; 4:1                ; 9 bits    ; 18 LEs        ; 18 LEs               ; 0 LEs                  ; No         ; |limited_machine|Mux60                ;
; 4:1                ; 9 bits    ; 18 LEs        ; 18 LEs               ; 0 LEs                  ; No         ; |limited_machine|Mux73                ;
; 4:1                ; 9 bits    ; 18 LEs        ; 18 LEs               ; 0 LEs                  ; No         ; |limited_machine|Mux83                ;
; 4:1                ; 9 bits    ; 18 LEs        ; 18 LEs               ; 0 LEs                  ; No         ; |limited_machine|Mux68                ;
+--------------------+-----------+---------------+----------------------+------------------------+------------+---------------------------------------+


+------------------------------------------------------------------------------------+
; Parameter Settings for Inferred Entity Instance: lpm_mult:Mult0                    ;
+------------------------------------------------+-------------+---------------------+
; Parameter Name                                 ; Value       ; Type                ;
+------------------------------------------------+-------------+---------------------+
; AUTO_CARRY_CHAINS                              ; ON          ; AUTO_CARRY          ;
; IGNORE_CARRY_BUFFERS                           ; OFF         ; IGNORE_CARRY        ;
; AUTO_CASCADE_CHAINS                            ; ON          ; AUTO_CASCADE        ;
; IGNORE_CASCADE_BUFFERS                         ; OFF         ; IGNORE_CASCADE      ;
; LPM_WIDTHA                                     ; 9           ; Untyped             ;
; LPM_WIDTHB                                     ; 9           ; Untyped             ;
; LPM_WIDTHP                                     ; 18          ; Untyped             ;
; LPM_WIDTHR                                     ; 18          ; Untyped             ;
; LPM_WIDTHS                                     ; 1           ; Untyped             ;
; LPM_REPRESENTATION                             ; UNSIGNED    ; Untyped             ;
; LPM_PIPELINE                                   ; 0           ; Untyped             ;
; LATENCY                                        ; 0           ; Untyped             ;
; INPUT_A_IS_CONSTANT                            ; NO          ; Untyped             ;
; INPUT_B_IS_CONSTANT                            ; NO          ; Untyped             ;
; USE_EAB                                        ; OFF         ; Untyped             ;
; MAXIMIZE_SPEED                                 ; 5           ; Untyped             ;
; DEVICE_FAMILY                                  ; Cyclone III ; Untyped             ;
; CARRY_CHAIN                                    ; MANUAL      ; Untyped             ;
; APEX20K_TECHNOLOGY_MAPPER                      ; LUT         ; TECH_MAPPER_APEX20K ;
; DEDICATED_MULTIPLIER_CIRCUITRY                 ; AUTO        ; Untyped             ;
; DEDICATED_MULTIPLIER_MIN_INPUT_WIDTH_FOR_AUTO  ; 0           ; Untyped             ;
; DEDICATED_MULTIPLIER_MIN_OUTPUT_WIDTH_FOR_AUTO ; 0           ; Untyped             ;
; CBXI_PARAMETER                                 ; mult_59t    ; Untyped             ;
; INPUT_A_FIXED_VALUE                            ; Bx          ; Untyped             ;
; INPUT_B_FIXED_VALUE                            ; Bx          ; Untyped             ;
; USE_AHDL_IMPLEMENTATION                        ; OFF         ; Untyped             ;
+------------------------------------------------+-------------+---------------------+
Note: In order to hide this table in the UI and the text report file, please set the "Show Parameter Settings in Synthesis Report" option in "Analysis and Synthesis Settings -> More Settings" to "Off".


+------------------------------------------------------------------------------------+
; Parameter Settings for Inferred Entity Instance: lpm_mult:Mult1                    ;
+------------------------------------------------+-------------+---------------------+
; Parameter Name                                 ; Value       ; Type                ;
+------------------------------------------------+-------------+---------------------+
; AUTO_CARRY_CHAINS                              ; ON          ; AUTO_CARRY          ;
; IGNORE_CARRY_BUFFERS                           ; OFF         ; IGNORE_CARRY        ;
; AUTO_CASCADE_CHAINS                            ; ON          ; AUTO_CASCADE        ;
; IGNORE_CASCADE_BUFFERS                         ; OFF         ; IGNORE_CASCADE      ;
; LPM_WIDTHA                                     ; 9           ; Untyped             ;
; LPM_WIDTHB                                     ; 9           ; Untyped             ;
; LPM_WIDTHP                                     ; 18          ; Untyped             ;
; LPM_WIDTHR                                     ; 18          ; Untyped             ;
; LPM_WIDTHS                                     ; 1           ; Untyped             ;
; LPM_REPRESENTATION                             ; UNSIGNED    ; Untyped             ;
; LPM_PIPELINE                                   ; 0           ; Untyped             ;
; LATENCY                                        ; 0           ; Untyped             ;
; INPUT_A_IS_CONSTANT                            ; NO          ; Untyped             ;
; INPUT_B_IS_CONSTANT                            ; NO          ; Untyped             ;
; USE_EAB                                        ; OFF         ; Untyped             ;
; MAXIMIZE_SPEED                                 ; 5           ; Untyped             ;
; DEVICE_FAMILY                                  ; Cyclone III ; Untyped             ;
; CARRY_CHAIN                                    ; MANUAL      ; Untyped             ;
; APEX20K_TECHNOLOGY_MAPPER                      ; LUT         ; TECH_MAPPER_APEX20K ;
; DEDICATED_MULTIPLIER_CIRCUITRY                 ; AUTO        ; Untyped             ;
; DEDICATED_MULTIPLIER_MIN_INPUT_WIDTH_FOR_AUTO  ; 0           ; Untyped             ;
; DEDICATED_MULTIPLIER_MIN_OUTPUT_WIDTH_FOR_AUTO ; 0           ; Untyped             ;
; CBXI_PARAMETER                                 ; mult_59t    ; Untyped             ;
; INPUT_A_FIXED_VALUE                            ; Bx          ; Untyped             ;
; INPUT_B_FIXED_VALUE                            ; Bx          ; Untyped             ;
; USE_AHDL_IMPLEMENTATION                        ; OFF         ; Untyped             ;
+------------------------------------------------+-------------+---------------------+
Note: In order to hide this table in the UI and the text report file, please set the "Show Parameter Settings in Synthesis Report" option in "Analysis and Synthesis Settings -> More Settings" to "Off".


+------------------------------------------------------------------+
; Parameter Settings for Inferred Entity Instance: lpm_divide:Div0 ;
+------------------------+----------------+------------------------+
; Parameter Name         ; Value          ; Type                   ;
+------------------------+----------------+------------------------+
; LPM_WIDTHN             ; 9              ; Untyped                ;
; LPM_WIDTHD             ; 9              ; Untyped                ;
; LPM_NREPRESENTATION    ; UNSIGNED       ; Untyped                ;
; LPM_DREPRESENTATION    ; UNSIGNED       ; Untyped                ;
; LPM_PIPELINE           ; 0              ; Untyped                ;
; LPM_REMAINDERPOSITIVE  ; TRUE           ; Untyped                ;
; MAXIMIZE_SPEED         ; 5              ; Untyped                ;
; CBXI_PARAMETER         ; lpm_divide_ggm ; Untyped                ;
; CARRY_CHAIN            ; MANUAL         ; Untyped                ;
; OPTIMIZE_FOR_SPEED     ; 5              ; Untyped                ;
; AUTO_CARRY_CHAINS      ; ON             ; AUTO_CARRY             ;
; IGNORE_CARRY_BUFFERS   ; OFF            ; IGNORE_CARRY           ;
; AUTO_CASCADE_CHAINS    ; ON             ; AUTO_CASCADE           ;
; IGNORE_CASCADE_BUFFERS ; OFF            ; IGNORE_CASCADE         ;
+------------------------+----------------+------------------------+
Note: In order to hide this table in the UI and the text report file, please set the "Show Parameter Settings in Synthesis Report" option in "Analysis and Synthesis Settings -> More Settings" to "Off".


+------------------------------------------------------------------+
; Parameter Settings for Inferred Entity Instance: lpm_divide:Div1 ;
+------------------------+----------------+------------------------+
; Parameter Name         ; Value          ; Type                   ;
+------------------------+----------------+------------------------+
; LPM_WIDTHN             ; 9              ; Untyped                ;
; LPM_WIDTHD             ; 9              ; Untyped                ;
; LPM_NREPRESENTATION    ; UNSIGNED       ; Untyped                ;
; LPM_DREPRESENTATION    ; UNSIGNED       ; Untyped                ;
; LPM_PIPELINE           ; 0              ; Untyped                ;
; LPM_REMAINDERPOSITIVE  ; TRUE           ; Untyped                ;
; MAXIMIZE_SPEED         ; 5              ; Untyped                ;
; CBXI_PARAMETER         ; lpm_divide_ggm ; Untyped                ;
; CARRY_CHAIN            ; MANUAL         ; Untyped                ;
; OPTIMIZE_FOR_SPEED     ; 5              ; Untyped                ;
; AUTO_CARRY_CHAINS      ; ON             ; AUTO_CARRY             ;
; IGNORE_CARRY_BUFFERS   ; OFF            ; IGNORE_CARRY           ;
; AUTO_CASCADE_CHAINS    ; ON             ; AUTO_CASCADE           ;
; IGNORE_CASCADE_BUFFERS ; OFF            ; IGNORE_CASCADE         ;
+------------------------+----------------+------------------------+
Note: In order to hide this table in the UI and the text report file, please set the "Show Parameter Settings in Synthesis Report" option in "Analysis and Synthesis Settings -> More Settings" to "Off".


+--------------------------------------------------------+
; lpm_mult Parameter Settings by Entity Instance         ;
+---------------------------------------+----------------+
; Name                                  ; Value          ;
+---------------------------------------+----------------+
; Number of entity instances            ; 2              ;
; Entity Instance                       ; lpm_mult:Mult0 ;
;     -- LPM_WIDTHA                     ; 9              ;
;     -- LPM_WIDTHB                     ; 9              ;
;     -- LPM_WIDTHP                     ; 18             ;
;     -- LPM_REPRESENTATION             ; UNSIGNED       ;
;     -- INPUT_A_IS_CONSTANT            ; NO             ;
;     -- INPUT_B_IS_CONSTANT            ; NO             ;
;     -- USE_EAB                        ; OFF            ;
;     -- DEDICATED_MULTIPLIER_CIRCUITRY ; AUTO           ;
;     -- INPUT_A_FIXED_VALUE            ; Bx             ;
;     -- INPUT_B_FIXED_VALUE            ; Bx             ;
; Entity Instance                       ; lpm_mult:Mult1 ;
;     -- LPM_WIDTHA                     ; 9              ;
;     -- LPM_WIDTHB                     ; 9              ;
;     -- LPM_WIDTHP                     ; 18             ;
;     -- LPM_REPRESENTATION             ; UNSIGNED       ;
;     -- INPUT_A_IS_CONSTANT            ; NO             ;
;     -- INPUT_B_IS_CONSTANT            ; NO             ;
;     -- USE_EAB                        ; OFF            ;
;     -- DEDICATED_MULTIPLIER_CIRCUITRY ; AUTO           ;
;     -- INPUT_A_FIXED_VALUE            ; Bx             ;
;     -- INPUT_B_FIXED_VALUE            ; Bx             ;
+---------------------------------------+----------------+


+-------------------------------+
; Elapsed Time Per Partition    ;
+----------------+--------------+
; Partition Name ; Elapsed Time ;
+----------------+--------------+
; Top            ; 00:00:07     ;
+----------------+--------------+


+-------------------------------+
; Analysis & Synthesis Messages ;
+-------------------------------+
Info: *******************************************************************
Info: Running Quartus II 64-Bit Analysis & Synthesis
    Info: Version 13.0.1 Build 232 06/12/2013 Service Pack 1 SJ Web Edition
    Info: Processing started: Wed Nov 04 21:38:29 2020
Info: Command: quartus_map --read_settings_files=on --write_settings_files=off limited_machine -c limited_machine
Info (20030): Parallel compilation is enabled and will use 8 of the 8 processors detected
Warning (12125): Using design file limited_machine.vhd, which is not specified as a design file for the current project, but contains definitions for 2 design units and 1 entities in project
    Info (12022): Found design unit 1: limited_machine-main
    Info (12023): Found entity 1: limited_machine
Info (12127): Elaborating entity "limited_machine" for the top level hierarchy
Warning (10492): VHDL Process Statement warning at limited_machine.vhd(38): signal "speed" is read inside the Process Statement but isn't in the Process Statement's sensitivity list
Warning (19016): Clock multiplexers are found and protected
    Warning (19017): Found clock multiplexer Mux9
Info (278001): Inferred 4 megafunctions from design logic
    Info (278003): Inferred multiplier megafunction ("lpm_mult") from the following logic: "Mult0"
    Info (278003): Inferred multiplier megafunction ("lpm_mult") from the following logic: "Mult1"
    Info (278004): Inferred divider/modulo megafunction ("lpm_divide") from the following logic: "Div0"
    Info (278004): Inferred divider/modulo megafunction ("lpm_divide") from the following logic: "Div1"
Info (12130): Elaborated megafunction instantiation "lpm_mult:Mult0"
Info (12133): Instantiated megafunction "lpm_mult:Mult0" with the following parameter:
    Info (12134): Parameter "LPM_WIDTHA" = "9"
    Info (12134): Parameter "LPM_WIDTHB" = "9"
    Info (12134): Parameter "LPM_WIDTHP" = "18"
    Info (12134): Parameter "LPM_WIDTHR" = "18"
    Info (12134): Parameter "LPM_WIDTHS" = "1"
    Info (12134): Parameter "LPM_REPRESENTATION" = "UNSIGNED"
    Info (12134): Parameter "INPUT_A_IS_CONSTANT" = "NO"
    Info (12134): Parameter "INPUT_B_IS_CONSTANT" = "NO"
    Info (12134): Parameter "MAXIMIZE_SPEED" = "5"
Info (12021): Found 1 design units, including 1 entities, in source file db/mult_59t.tdf
    Info (12023): Found entity 1: mult_59t
Info (12130): Elaborated megafunction instantiation "lpm_divide:Div0"
Info (12133): Instantiated megafunction "lpm_divide:Div0" with the following parameter:
    Info (12134): Parameter "LPM_WIDTHN" = "9"
    Info (12134): Parameter "LPM_WIDTHD" = "9"
    Info (12134): Parameter "LPM_NREPRESENTATION" = "UNSIGNED"
    Info (12134): Parameter "LPM_DREPRESENTATION" = "UNSIGNED"
Info (12021): Found 1 design units, including 1 entities, in source file db/lpm_divide_ggm.tdf
    Info (12023): Found entity 1: lpm_divide_ggm
Info (12021): Found 1 design units, including 1 entities, in source file db/sign_div_unsign_hkh.tdf
    Info (12023): Found entity 1: sign_div_unsign_hkh
Info (12021): Found 1 design units, including 1 entities, in source file db/alt_u_div_d3f.tdf
    Info (12023): Found entity 1: alt_u_div_d3f
Info (12021): Found 1 design units, including 1 entities, in source file db/add_sub_unc.tdf
    Info (12023): Found entity 1: add_sub_unc
Info (12021): Found 1 design units, including 1 entities, in source file db/add_sub_vnc.tdf
    Info (12023): Found entity 1: add_sub_vnc
Warning (13024): Output pins are stuck at VCC or GND
    Warning (13410): Pin "LED[9]" is stuck at VCC
    Warning (13410): Pin "LED[10]" is stuck at VCC
    Warning (13410): Pin "LED[11]" is stuck at VCC
    Warning (13410): Pin "LED[15]" is stuck at VCC
Info (286030): Timing-Driven Synthesis is running
Info (17049): 78 registers lost all their fanouts during netlist optimizations.
Info (17016): Found the following redundant logic cells in design
    Info (17048): Logic cell "rtl~0"
Info (16010): Generating hard_block partition "hard_block:auto_generated_inst"
    Info (16011): Adding 0 node(s), including 0 DDIO, 0 PLL, 0 transceiver and 0 LCELL
Info (21057): Implemented 1175 device resources after synthesis - the final resource count might be different
    Info (21058): Implemented 1 input pins
    Info (21059): Implemented 16 output pins
    Info (21061): Implemented 1156 logic cells
    Info (21062): Implemented 2 DSP elements
Info: Quartus II 64-Bit Analysis & Synthesis was successful. 0 errors, 9 warnings
    Info: Peak virtual memory: 4687 megabytes
    Info: Processing ended: Wed Nov 04 21:38:38 2020
    Info: Elapsed time: 00:00:09
    Info: Total CPU time (on all processors): 00:00:09


