Flow report for exam_108_1
Thu Nov 26 11:46:57 2020
Quartus II 64-Bit Version 13.0.1 Build 232 06/12/2013 Service Pack 1 SJ Web Edition


---------------------
; Table of Contents ;
---------------------
  1. Legal Notice
  2. Flow Summary
  3. Flow Settings
  4. Flow Non-Default Global Settings
  5. Flow Elapsed Time
  6. Flow OS Summary
  7. Flow Log
  8. Flow Messages
  9. Flow Suppressed Messages



----------------
; Legal Notice ;
----------------
Copyright (C) 1991-2013 Altera Corporation
Your use of Altera Corporation's design tools, logic functions 
and other software and tools, and its AMPP partner logic 
functions, and any output files from any of the foregoing 
(including device programming or simulation files), and any 
associated documentation or information are expressly subject 
to the terms and conditions of the Altera Program License 
Subscription Agreement, Altera MegaCore Function License 
Agreement, or other applicable license agreement, including, 
without limitation, that your use is for the sole purpose of 
programming logic devices manufactured by Altera and sold by 
Altera or its authorized distributors.  Please refer to the 
applicable agreement for further details.



+--------------------------------------------------------------------------------------+
; Flow Summary                                                                         ;
+------------------------------------+-------------------------------------------------+
; Flow Status                        ; Successful - Thu Nov 26 11:46:50 2020           ;
; Quartus II 64-Bit Version          ; 13.0.1 Build 232 06/12/2013 SP 1 SJ Web Edition ;
; Revision Name                      ; exam_108_1                                      ;
; Top-level Entity Name              ; exam_108_1                                      ;
; Family                             ; Cyclone III                                     ;
; Device                             ; EP3C16Q240C8                                    ;
; Timing Models                      ; Final                                           ;
; Total logic elements               ; 2,804 / 15,408 ( 18 % )                         ;
;     Total combinational functions  ; 2,738 / 15,408 ( 18 % )                         ;
;     Dedicated logic registers      ; 674 / 15,408 ( 4 % )                            ;
; Total registers                    ; 674                                             ;
; Total pins                         ; 99 / 161 ( 61 % )                               ;
; Total virtual pins                 ; 0                                               ;
; Total memory bits                  ; 196,608 / 516,096 ( 38 % )                      ;
; Embedded Multiplier 9-bit elements ; 8 / 112 ( 7 % )                                 ;
; Total PLLs                         ; 0 / 4 ( 0 % )                                   ;
+------------------------------------+-------------------------------------------------+


+-----------------------------------------+
; Flow Settings                           ;
+-------------------+---------------------+
; Option            ; Setting             ;
+-------------------+---------------------+
; Start date & time ; 11/26/2020 11:46:09 ;
; Main task         ; Compilation         ;
; Revision Name     ; exam_108_1          ;
+-------------------+---------------------+


+------------------------------------------------------------------------------------------------------------------+
; Flow Non-Default Global Settings                                                                                 ;
+-------------------------------------+---------------------------------+---------------+-------------+------------+
; Assignment Name                     ; Value                           ; Default Value ; Entity Name ; Section Id ;
+-------------------------------------+---------------------------------+---------------+-------------+------------+
; COMPILER_SIGNATURE_ID               ; 212086363399210.160636236911512 ; --            ; --          ; --         ;
; MAX_CORE_JUNCTION_TEMP              ; 85                              ; --            ; --          ; --         ;
; MIN_CORE_JUNCTION_TEMP              ; 0                               ; --            ; --          ; --         ;
; NOMINAL_CORE_SUPPLY_VOLTAGE         ; 1.2V                            ; --            ; --          ; --         ;
; PARTITION_COLOR                     ; 16764057                        ; --            ; --          ; Top        ;
; PARTITION_FITTER_PRESERVATION_LEVEL ; PLACEMENT_AND_ROUTING           ; --            ; --          ; Top        ;
; PARTITION_NETLIST_TYPE              ; SOURCE                          ; --            ; --          ; Top        ;
; PROJECT_OUTPUT_DIRECTORY            ; output_files                    ; --            ; --          ; --         ;
+-------------------------------------+---------------------------------+---------------+-------------+------------+


+-------------------------------------------------------------------------------------------------------------------------------+
; Flow Elapsed Time                                                                                                             ;
+---------------------------+--------------+-------------------------+---------------------+------------------------------------+
; Module Name               ; Elapsed Time ; Average Processors Used ; Peak Virtual Memory ; Total CPU Time (on all processors) ;
+---------------------------+--------------+-------------------------+---------------------+------------------------------------+
; Analysis & Synthesis      ; 00:00:17     ; 1.0                     ; 4747 MB             ; 00:00:17                           ;
; Fitter                    ; 00:00:20     ; 3.0                     ; 5588 MB             ; 00:00:31                           ;
; Assembler                 ; 00:00:02     ; 1.0                     ; 4561 MB             ; 00:00:01                           ;
; TimeQuest Timing Analyzer ; 00:00:07     ; 2.5                     ; 4710 MB             ; 00:00:07                           ;
; Total                     ; 00:00:46     ; --                      ; --                  ; 00:00:56                           ;
+---------------------------+--------------+-------------------------+---------------------+------------------------------------+


+----------------------------------------------------------------------------------------+
; Flow OS Summary                                                                        ;
+---------------------------+------------------+-----------+------------+----------------+
; Module Name               ; Machine Hostname ; OS Name   ; OS Version ; Processor type ;
+---------------------------+------------------+-----------+------------+----------------+
; Analysis & Synthesis      ; LAPTOP-BDND4L63  ; Windows 7 ; 6.2        ; x86_64         ;
; Fitter                    ; LAPTOP-BDND4L63  ; Windows 7 ; 6.2        ; x86_64         ;
; Assembler                 ; LAPTOP-BDND4L63  ; Windows 7 ; 6.2        ; x86_64         ;
; TimeQuest Timing Analyzer ; LAPTOP-BDND4L63  ; Windows 7 ; 6.2        ; x86_64         ;
+---------------------------+------------------+-----------+------------+----------------+


------------
; Flow Log ;
------------
quartus_map --read_settings_files=on --write_settings_files=off exam_108_1 -c exam_108_1
quartus_fit --read_settings_files=off --write_settings_files=off exam_108_1 -c exam_108_1
quartus_asm --read_settings_files=off --write_settings_files=off exam_108_1 -c exam_108_1
quartus_sta exam_108_1 -c exam_108_1



