Analysis & Synthesis report for CH6_C_LCD_1
Sat Mar 10 13:06:59 2018
Quartus II Version 9.1 Build 350 03/24/2010 Service Pack 2 SJ Web Edition


---------------------
; Table of Contents ;
---------------------
  1. Legal Notice
  2. Analysis & Synthesis Summary
  3. Analysis & Synthesis Settings
  4. Parallel Compilation
  5. Analysis & Synthesis Source Files Read
  6. Analysis & Synthesis Resource Usage Summary
  7. Analysis & Synthesis Resource Utilization by Entity
  8. User-Specified and Inferred Latches
  9. Registers Removed During Synthesis
 10. General Register Statistics
 11. Inverted Register Statistics
 12. Multiplexer Restructuring Statistics (Restructuring Performed)
 13. Port Connectivity Checks: "LCM_4bit_driver:LCMset"
 14. Analysis & Synthesis Messages



----------------
; Legal Notice ;
----------------
Copyright (C) 1991-2010 Altera Corporation
Your use of Altera Corporation's design tools, logic functions 
and other software and tools, and its AMPP partner logic 
functions, and any output files from any of the foregoing 
(including device programming or simulation files), and any 
associated documentation or information are expressly subject 
to the terms and conditions of the Altera Program License 
Subscription Agreement, Altera MegaCore Function License 
Agreement, or other applicable license agreement, including, 
without limitation, that your use is for the sole purpose of 
programming logic devices manufactured by Altera and sold by 
Altera or its authorized distributors.  Please refer to the 
applicable agreement for further details.



+-----------------------------------------------------------------------------------+
; Analysis & Synthesis Summary                                                      ;
+------------------------------------+----------------------------------------------+
; Analysis & Synthesis Status        ; Successful - Sat Mar 10 13:06:59 2018        ;
; Quartus II Version                 ; 9.1 Build 350 03/24/2010 SP 2 SJ Web Edition ;
; Revision Name                      ; CH6_C_LCD_1                                  ;
; Top-level Entity Name              ; CH6_C_LCD_1                                  ;
; Family                             ; Cyclone III                                  ;
; Total logic elements               ; 312                                          ;
;     Total combinational functions  ; 310                                          ;
;     Dedicated logic registers      ; 112                                          ;
; Total registers                    ; 112                                          ;
; Total pins                         ; 11                                           ;
; Total virtual pins                 ; 0                                            ;
; Total memory bits                  ; 0                                            ;
; Embedded Multiplier 9-bit elements ; 0                                            ;
; Total PLLs                         ; 0                                            ;
+------------------------------------+----------------------------------------------+


+----------------------------------------------------------------------------------------------------------------------+
; Analysis & Synthesis Settings                                                                                        ;
+----------------------------------------------------------------------------+--------------------+--------------------+
; Option                                                                     ; Setting            ; Default Value      ;
+----------------------------------------------------------------------------+--------------------+--------------------+
; Device                                                                     ; EP3C16Q240C8       ;                    ;
; Top-level entity name                                                      ; CH6_C_LCD_1        ; CH6_C_LCD_1        ;
; Family name                                                                ; Cyclone III        ; Stratix II         ;
; Use Generated Physical Constraints File                                    ; Off                ;                    ;
; Use smart compilation                                                      ; Off                ; Off                ;
; Enable parallel Assembler and TimeQuest Timing Analyzer during compilation ; On                 ; On                 ;
; Enable compact report table                                                ; Off                ; Off                ;
; Restructure Multiplexers                                                   ; Auto               ; Auto               ;
; Create Debugging Nodes for IP Cores                                        ; Off                ; Off                ;
; Preserve fewer node names                                                  ; On                 ; On                 ;
; Disable OpenCore Plus hardware evaluation                                  ; Off                ; Off                ;
; Verilog Version                                                            ; Verilog_2001       ; Verilog_2001       ;
; VHDL Version                                                               ; VHDL_1993          ; VHDL_1993          ;
; State Machine Processing                                                   ; Auto               ; Auto               ;
; Safe State Machine                                                         ; Off                ; Off                ;
; Extract Verilog State Machines                                             ; On                 ; On                 ;
; Extract VHDL State Machines                                                ; On                 ; On                 ;
; Ignore Verilog initial constructs                                          ; Off                ; Off                ;
; Iteration limit for constant Verilog loops                                 ; 5000               ; 5000               ;
; Iteration limit for non-constant Verilog loops                             ; 250                ; 250                ;
; Add Pass-Through Logic to Inferred RAMs                                    ; On                 ; On                 ;
; Parallel Synthesis                                                         ; On                 ; On                 ;
; DSP Block Balancing                                                        ; Auto               ; Auto               ;
; NOT Gate Push-Back                                                         ; On                 ; On                 ;
; Power-Up Don't Care                                                        ; On                 ; On                 ;
; Remove Redundant Logic Cells                                               ; Off                ; Off                ;
; Remove Duplicate Registers                                                 ; On                 ; On                 ;
; Ignore CARRY Buffers                                                       ; Off                ; Off                ;
; Ignore CASCADE Buffers                                                     ; Off                ; Off                ;
; Ignore GLOBAL Buffers                                                      ; Off                ; Off                ;
; Ignore ROW GLOBAL Buffers                                                  ; Off                ; Off                ;
; Ignore LCELL Buffers                                                       ; Off                ; Off                ;
; Ignore SOFT Buffers                                                        ; On                 ; On                 ;
; Limit AHDL Integers to 32 Bits                                             ; Off                ; Off                ;
; Optimization Technique                                                     ; Balanced           ; Balanced           ;
; Carry Chain Length                                                         ; 70                 ; 70                 ;
; Auto Carry Chains                                                          ; On                 ; On                 ;
; Auto Open-Drain Pins                                                       ; On                 ; On                 ;
; Perform WYSIWYG Primitive Resynthesis                                      ; Off                ; Off                ;
; Auto ROM Replacement                                                       ; On                 ; On                 ;
; Auto RAM Replacement                                                       ; On                 ; On                 ;
; Auto DSP Block Replacement                                                 ; On                 ; On                 ;
; Auto Shift Register Replacement                                            ; Auto               ; Auto               ;
; Auto Clock Enable Replacement                                              ; On                 ; On                 ;
; Strict RAM Replacement                                                     ; Off                ; Off                ;
; Allow Synchronous Control Signals                                          ; On                 ; On                 ;
; Force Use of Synchronous Clear Signals                                     ; Off                ; Off                ;
; Auto RAM Block Balancing                                                   ; On                 ; On                 ;
; Auto RAM to Logic Cell Conversion                                          ; Off                ; Off                ;
; Auto Resource Sharing                                                      ; Off                ; Off                ;
; Allow Any RAM Size For Recognition                                         ; Off                ; Off                ;
; Allow Any ROM Size For Recognition                                         ; Off                ; Off                ;
; Allow Any Shift Register Size For Recognition                              ; Off                ; Off                ;
; Use LogicLock Constraints during Resource Balancing                        ; On                 ; On                 ;
; Ignore translate_off and synthesis_off directives                          ; Off                ; Off                ;
; Timing-Driven Synthesis                                                    ; On                 ; On                 ;
; Show Parameter Settings Tables in Synthesis Report                         ; On                 ; On                 ;
; Ignore Maximum Fan-Out Assignments                                         ; Off                ; Off                ;
; Synchronization Register Chain Length                                      ; 2                  ; 2                  ;
; PowerPlay Power Optimization                                               ; Normal compilation ; Normal compilation ;
; HDL message level                                                          ; Level2             ; Level2             ;
; Suppress Register Optimization Related Messages                            ; Off                ; Off                ;
; Number of Removed Registers Reported in Synthesis Report                   ; 5000               ; 5000               ;
; Number of Inverted Registers Reported in Synthesis Report                  ; 100                ; 100                ;
; Clock MUX Protection                                                       ; On                 ; On                 ;
; Auto Gated Clock Conversion                                                ; Off                ; Off                ;
; Block Design Naming                                                        ; Auto               ; Auto               ;
; SDC constraint protection                                                  ; Off                ; Off                ;
; Synthesis Effort                                                           ; Auto               ; Auto               ;
; Shift Register Replacement - Allow Asynchronous Clear Signal               ; On                 ; On                 ;
; Analysis & Synthesis Message Level                                         ; Medium             ; Medium             ;
; Disable Register Merging Across Hierarchies                                ; Auto               ; Auto               ;
; Resource Aware Inference For Block RAM                                     ; On                 ; On                 ;
+----------------------------------------------------------------------------+--------------------+--------------------+


Parallel compilation was disabled, but you have multiple processors available. Enable parallel compilation to reduce compilation time.
+-------------------------------------+
; Parallel Compilation                ;
+----------------------------+--------+
; Processors                 ; Number ;
+----------------------------+--------+
; Number detected on machine ; 4      ;
; Maximum allowed            ; 1      ;
+----------------------------+--------+


+--------------------------------------------------------------------------------------------------------------------------------------+
; Analysis & Synthesis Source Files Read                                                                                               ;
+----------------------------------+-----------------+-----------------------+---------------------------------------------------------+
; File Name with User-Entered Path ; Used in Netlist ; File Type             ; File Name with Absolute Path                            ;
+----------------------------------+-----------------+-----------------------+---------------------------------------------------------+
; ch6_c_lcd_1.vhd                  ; yes             ; Auto-Found VHDL File  ; D:/KTM-626®ÑÄy/½d¨Ò/CH6/CH6_C_LCD_1/ch6_c_lcd_1.vhd     ;
; lcm_4bit_driver.vhd              ; yes             ; Auto-Found VHDL File  ; D:/KTM-626®ÑÄy/½d¨Ò/CH6/CH6_C_LCD_1/lcm_4bit_driver.vhd ;
+----------------------------------+-----------------+-----------------------+---------------------------------------------------------+


+-------------------------------------------------------+
; Analysis & Synthesis Resource Usage Summary           ;
+---------------------------------------------+---------+
; Resource                                    ; Usage   ;
+---------------------------------------------+---------+
; Estimated Total logic elements              ; 312     ;
;                                             ;         ;
; Total combinational functions               ; 310     ;
; Logic element usage by number of LUT inputs ;         ;
;     -- 4 input functions                    ; 159     ;
;     -- 3 input functions                    ; 76      ;
;     -- <=2 input functions                  ; 75      ;
;                                             ;         ;
; Logic elements by mode                      ;         ;
;     -- normal mode                          ; 281     ;
;     -- arithmetic mode                      ; 29      ;
;                                             ;         ;
; Total registers                             ; 112     ;
;     -- Dedicated logic registers            ; 112     ;
;     -- I/O registers                        ; 0       ;
;                                             ;         ;
; I/O pins                                    ; 11      ;
; Maximum fan-out node                        ; LCM_P~3 ;
; Maximum fan-out                             ; 124     ;
; Total fan-out                               ; 1432    ;
; Average fan-out                             ; 3.20    ;
+---------------------------------------------+---------+


+----------------------------------------------------------------------------------------------------------------------------------------------------------------------------------------------+
; Analysis & Synthesis Resource Utilization by Entity                                                                                                                                          ;
+-----------------------------+-------------------+--------------+-------------+--------------+---------+-----------+------+--------------+-------------------------------------+--------------+
; Compilation Hierarchy Node  ; LC Combinationals ; LC Registers ; Memory Bits ; DSP Elements ; DSP 9x9 ; DSP 18x18 ; Pins ; Virtual Pins ; Full Hierarchy Name                 ; Library Name ;
+-----------------------------+-------------------+--------------+-------------+--------------+---------+-----------+------+--------------+-------------------------------------+--------------+
; |CH6_C_LCD_1                ; 310 (260)         ; 112 (90)     ; 0           ; 0            ; 0       ; 0         ; 11   ; 0            ; |CH6_C_LCD_1                        ; work         ;
;    |LCM_4bit_driver:LCMset| ; 50 (50)           ; 22 (22)      ; 0           ; 0            ; 0       ; 0         ; 0    ; 0            ; |CH6_C_LCD_1|LCM_4bit_driver:LCMset ;              ;
+-----------------------------+-------------------+--------------+-------------+--------------+---------+-----------+------+--------------+-------------------------------------+--------------+
Note: For table entries with two numbers listed, the numbers in parentheses indicate the number of resources of the given type used by the specific entity alone. The numbers listed outside of parentheses indicate the total resources of the given type used by the specific entity and all of its sub-entities in the hierarchy.


+-----------------------------------------------------------------------------------------------------+
; User-Specified and Inferred Latches                                                                 ;
+-----------------------------------------------------+----------------------+------------------------+
; Latch Name                                          ; Latch Enable Signal  ; Free of Timing Hazards ;
+-----------------------------------------------------+----------------------+------------------------+
; LCMx[0]                                             ; LCM_P                ; yes                    ;
; LCMx[1]                                             ; LCM_P                ; yes                    ;
; LCMx[2]                                             ; LCM_P                ; yes                    ;
; LCM_com_data2[1][0]                                 ; LCM_com_data2[20][1] ; yes                    ;
; LCM_com_data2[0][4]                                 ; LCM_com_data2[20][1] ; yes                    ;
; LCM_com_data2[0][1]                                 ; LCM_com_data2[20][1] ; yes                    ;
; LCM_com_data2[0][0]                                 ; LCM_com_data2[20][1] ; yes                    ;
; LCM_com_data2[10][7]                                ; LCM_com_data2[20][1] ; yes                    ;
; LCM_com_data2[9][7]                                 ; LCM_com_data2[20][1] ; yes                    ;
; LCM_com_data2[8][7]                                 ; LCM_com_data2[20][1] ; yes                    ;
; LCM_com_data2[11][7]                                ; LCM_com_data2[20][1] ; yes                    ;
; LCM_com_data2[5][7]                                 ; LCM_com_data2[20][1] ; yes                    ;
; LCM_com_data2[4][7]                                 ; LCM_com_data2[20][1] ; yes                    ;
; LCM_com_data2[7][7]                                 ; LCM_com_data2[20][1] ; yes                    ;
; LCM_com_data2[2][7]                                 ; LCM_com_data2[20][1] ; yes                    ;
; LCM_com_data2[3][7]                                 ; LCM_com_data2[20][1] ; yes                    ;
; LCM_com_data2[12][7]                                ; LCM_com_data2[20][1] ; yes                    ;
; LCM_com_data2[13][7]                                ; LCM_com_data2[20][1] ; yes                    ;
; LCM_com_data2[10][6]                                ; LCM_com_data2[20][1] ; yes                    ;
; LCM_com_data2[8][6]                                 ; LCM_com_data2[20][1] ; yes                    ;
; LCM_com_data2[4][6]                                 ; LCM_com_data2[20][1] ; yes                    ;
; LCM_com_data2[6][6]                                 ; LCM_com_data2[20][1] ; yes                    ;
; LCM_com_data2[12][6]                                ; LCM_com_data2[20][1] ; yes                    ;
; LCM_com_data2[14][6]                                ; LCM_com_data2[20][1] ; yes                    ;
; LCM_com_data2[5][5]                                 ; LCM_com_data2[20][1] ; yes                    ;
; LCM_com_data2[3][5]                                 ; LCM_com_data2[20][1] ; yes                    ;
; LCM_com_data2[6][5]                                 ; LCM_com_data2[20][1] ; yes                    ;
; LCM_com_data2[7][5]                                 ; LCM_com_data2[20][1] ; yes                    ;
; LCM_com_data2[16][5]                                ; LCM_com_data2[20][1] ; yes                    ;
; LCM_com_data2[17][5]                                ; LCM_com_data2[20][1] ; yes                    ;
; LCM_com_data2[20][5]                                ; LCM_com_data2[20][1] ; yes                    ;
; LCM_com_data2[18][5]                                ; LCM_com_data2[20][1] ; yes                    ;
; LCM_com_data2[19][5]                                ; LCM_com_data2[20][1] ; yes                    ;
; LCM_com_data2[12][5]                                ; LCM_com_data2[20][1] ; yes                    ;
; LCM_com_data2[13][5]                                ; LCM_com_data2[20][1] ; yes                    ;
; LCM_com_data2[10][5]                                ; LCM_com_data2[20][1] ; yes                    ;
; LCM_com_data2[11][5]                                ; LCM_com_data2[20][1] ; yes                    ;
; LCM_com_data2[8][5]                                 ; LCM_com_data2[20][1] ; yes                    ;
; LCM_com_data2[9][5]                                 ; LCM_com_data2[20][1] ; yes                    ;
; LCM_com_data2[15][5]                                ; LCM_com_data2[20][1] ; yes                    ;
; LCM_com_data2[8][4]                                 ; LCM_com_data2[20][1] ; yes                    ;
; LCM_com_data2[2][4]                                 ; LCM_com_data2[20][1] ; yes                    ;
; LCM_com_data2[12][4]                                ; LCM_com_data2[20][1] ; yes                    ;
; LCM_com_data2[9][2]                                 ; LCM_com_data2[20][1] ; yes                    ;
; LCM_com_data2[11][2]                                ; LCM_com_data2[20][1] ; yes                    ;
; LCM_com_data2[6][2]                                 ; LCM_com_data2[20][1] ; yes                    ;
; LCM_com_data2[3][2]                                 ; LCM_com_data2[20][1] ; yes                    ;
; LCM_com_data2[10][0]                                ; LCM_com_data2[20][1] ; yes                    ;
; LCM_com_data2[6][0]                                 ; LCM_com_data2[20][1] ; yes                    ;
; LCM_com_data2[14][0]                                ; LCM_com_data2[20][1] ; yes                    ;
; LCM_com_data2[5][0]                                 ; LCM_com_data2[20][1] ; yes                    ;
; LCM_com_data2[13][0]                                ; LCM_com_data2[20][1] ; yes                    ;
; LCM_com_data2[4][0]                                 ; LCM_com_data2[20][1] ; yes                    ;
; LCM_com_data2[11][0]                                ; LCM_com_data2[20][1] ; yes                    ;
; LCM_com_data2[7][0]                                 ; LCM_com_data2[20][1] ; yes                    ;
; LCM_com_data2[3][0]                                 ; LCM_com_data2[20][1] ; yes                    ;
; LCM_com_data2[4][3]                                 ; LCM_com_data2[20][1] ; yes                    ;
; LCM_com_data2[5][3]                                 ; LCM_com_data2[20][1] ; yes                    ;
; LCM_com_data2[7][3]                                 ; LCM_com_data2[20][1] ; yes                    ;
; LCM_com_data2[8][3]                                 ; LCM_com_data2[20][1] ; yes                    ;
; LCM_com_data2[12][3]                                ; LCM_com_data2[20][1] ; yes                    ;
; LCM_com_data2[10][3]                                ; LCM_com_data2[20][1] ; yes                    ;
; LCM_com_data2[5][1]                                 ; LCM_com_data2[20][1] ; yes                    ;
; LCM_com_data2[3][1]                                 ; LCM_com_data2[20][1] ; yes                    ;
; LCM_com_data2[12][1]                                ; LCM_com_data2[20][1] ; yes                    ;
; LCM_com_data2[10][1]                                ; LCM_com_data2[20][1] ; yes                    ;
; LCM_com_data2[8][1]                                 ; LCM_com_data2[20][1] ; yes                    ;
; Number of user-specified and inferred latches = 67  ;                      ;                        ;
+-----------------------------------------------------+----------------------+------------------------+
Note: All latches listed above may not be present at the end of synthesis due to various synthesis optimizations.


+----------------------------------------------------------------------------------+
; Registers Removed During Synthesis                                               ;
+-----------------------------------------+----------------------------------------+
; Register name                           ; Reason for Removal                     ;
+-----------------------------------------+----------------------------------------+
; RW                                      ; Stuck at GND due to stuck port data_in ;
; LCM_com_data[0][7]                      ; Stuck at GND due to stuck port data_in ;
; LCM_com_data[0][6]                      ; Stuck at GND due to stuck port data_in ;
; LCM_com_data[0][5]                      ; Stuck at GND due to stuck port data_in ;
; LCM_com_data[1][7]                      ; Stuck at GND due to stuck port data_in ;
; LCM_com_data[1][6]                      ; Stuck at GND due to stuck port data_in ;
; LCM_com_data[1][5]                      ; Stuck at GND due to stuck port data_in ;
; LCM_com_data[1][4]                      ; Stuck at GND due to stuck port data_in ;
; LCM_com_data[1][3]                      ; Stuck at GND due to stuck port data_in ;
; LCM_com_data[2][6]                      ; Stuck at GND due to stuck port data_in ;
; LCM_com_data[2][2]                      ; Stuck at GND due to stuck port data_in ;
; LCM_com_data[2][1]                      ; Stuck at GND due to stuck port data_in ;
; LCM_com_data[5][4]                      ; Stuck at GND due to stuck port data_in ;
; LCM_com_data[6][1]                      ; Stuck at GND due to stuck port data_in ;
; LCM_com_data[7][6]                      ; Stuck at GND due to stuck port data_in ;
; LCM_com_data[9][4]                      ; Stuck at GND due to stuck port data_in ;
; LCM_com_data[13][4]                     ; Stuck at GND due to stuck port data_in ;
; LCM_com_data[14][7]                     ; Stuck at GND due to stuck port data_in ;
; LCM_com_data[14][4]                     ; Stuck at GND due to stuck port data_in ;
; LCM_com_data[14][3]                     ; Stuck at GND due to stuck port data_in ;
; LCM_com_data[15][6]                     ; Stuck at GND due to stuck port data_in ;
; LCM_com_data[15][4]                     ; Stuck at GND due to stuck port data_in ;
; LCM_com_data[15][3]                     ; Stuck at GND due to stuck port data_in ;
; LCM_com_data[16][3]                     ; Stuck at GND due to stuck port data_in ;
; LCM_com_data[16][1]                     ; Stuck at GND due to stuck port data_in ;
; LCM_com_data[17][6]                     ; Stuck at GND due to stuck port data_in ;
; LCM_com_data[17][4]                     ; Stuck at GND due to stuck port data_in ;
; LCM_com_data[17][3]                     ; Stuck at GND due to stuck port data_in ;
; LCM_com_data[17][1]                     ; Stuck at GND due to stuck port data_in ;
; LCM_com_data[18][3]                     ; Stuck at GND due to stuck port data_in ;
; LCM_com_data[18][1]                     ; Stuck at GND due to stuck port data_in ;
; LCM_com_data[19][7]                     ; Stuck at GND due to stuck port data_in ;
; LCM_com_data[19][6]                     ; Stuck at GND due to stuck port data_in ;
; LCM_com_data[19][4]                     ; Stuck at GND due to stuck port data_in ;
; LCM_com_data[19][3]                     ; Stuck at GND due to stuck port data_in ;
; LCM_com_data[19][2]                     ; Stuck at GND due to stuck port data_in ;
; LCM_com_data[19][1]                     ; Stuck at GND due to stuck port data_in ;
; LCM_com_data[19][0]                     ; Stuck at GND due to stuck port data_in ;
; LCM_com_data[20][7]                     ; Stuck at GND due to stuck port data_in ;
; LCM_com_data[20][6]                     ; Stuck at GND due to stuck port data_in ;
; LCM_com_data[20][4]                     ; Stuck at GND due to stuck port data_in ;
; LCM_com_data[20][3]                     ; Stuck at GND due to stuck port data_in ;
; LCM_com_data[20][2]                     ; Stuck at GND due to stuck port data_in ;
; LCM_com_data[20][1]                     ; Stuck at GND due to stuck port data_in ;
; LCM_com_data[20][0]                     ; Stuck at GND due to stuck port data_in ;
; LCM_com_data[11][6]                     ; Merged with LCM_com_data[8][0]         ;
; LCM_com_data[8][0]                      ; Merged with LCM_com_data[5][2]         ;
; LCM_com_data[8][2]                      ; Merged with LCM_com_data[5][6]         ;
; LCM_com_data[9][6]                      ; Merged with LCM_com_data[13][6]        ;
; LCM_com_data[13][6]                     ; Merged with LCM_com_data[14][5]        ;
; LCM_com_data[14][5]                     ; Merged with LCM_com_data[13][1]        ;
; LCM_com_data[13][1]                     ; Merged with LCM_com_data[13][2]        ;
; LCM_com_data[13][2]                     ; Merged with LCM_com_data[13][3]        ;
; LCM_com_data[13][3]                     ; Merged with LCM_com_data[2][3]         ;
; LCM_com_data[2][3]                      ; Merged with LCM_com_data[2][5]         ;
; LCM_com_data[2][5]                      ; Merged with LCM_com_data[1][1]         ;
; LCM_com_data[1][1]                      ; Merged with LCM_com_data[1][2]         ;
; LCM_com_data[1][2]                      ; Merged with LCM_com_data[0][2]         ;
; LCM_com_data[0][2]                      ; Merged with LCM_com_data[0][3]         ;
; LCM_com_data[16][2]                     ; Merged with LCM_com_data[16][4]        ;
; LCM_com_data[16][4]                     ; Merged with LCM_com_data[16][6]        ;
; LCM_com_data[16][6]                     ; Merged with LCM_com_data[16][7]        ;
; LCM_com_data[16][7]                     ; Merged with LCM_com_data[15][1]        ;
; LCM_com_data[15][1]                     ; Merged with LCM_com_data[15][2]        ;
; LCM_com_data[15][2]                     ; Merged with LCM_com_data[15][7]        ;
; LCM_com_data[15][7]                     ; Merged with LCM_com_data[14][2]        ;
; LCM_com_data[14][2]                     ; Merged with LCM_com_data[15][0]        ;
; LCM_com_data[15][0]                     ; Merged with LCM_com_data[9][1]         ;
; LCM_com_data[9][1]                      ; Merged with LCM_com_data[17][2]        ;
; LCM_com_data[17][2]                     ; Merged with LCM_com_data[18][0]        ;
; LCM_com_data[18][0]                     ; Merged with LCM_com_data[18][2]        ;
; LCM_com_data[18][2]                     ; Merged with LCM_com_data[2][0]         ;
; LCM_com_data[2][0]                      ; Merged with LCM_com_data[18][4]        ;
; LCM_com_data[18][4]                     ; Merged with LCM_com_data[18][6]        ;
; LCM_com_data[18][6]                     ; Merged with LCM_com_data[18][7]        ;
; LCM_com_data[18][7]                     ; Merged with LCM_com_data[17][0]        ;
; LCM_com_data[17][0]                     ; Merged with LCM_com_data[17][7]        ;
; LCM_com_data[17][7]                     ; Merged with LCM_com_data[16][0]        ;
; LCM_com_data[11][1]                     ; Merged with LCM_com_data[14][1]        ;
; LCM_com_data[9][0]                      ; Merged with LCM_com_data[4][4]         ;
; LCM_com_data[4][4]                      ; Merged with LCM_com_data[4][2]         ;
; LCM_com_data[4][1]                      ; Merged with LCM_com_data[7][1]         ;
; LCM_com_data[3][4]                      ; Merged with LCM_com_data[7][2]         ;
; LCM_com_data[3][6]                      ; Merged with LCM_com_data[7][4]         ;
; LCM_com_data[6][4]                      ; Merged with LCM_com_data[12][0]        ;
; FD[19..24]                              ; Lost fanout                            ;
; LCM_com_data[0][4]                      ; Merged with LCM_com_data[1][0]         ;
; LCM_com_data[3][7]                      ; Merged with LCM_com_data[1][0]         ;
; LCM_com_data[4][6]                      ; Merged with LCM_com_data[1][0]         ;
; LCM_com_data[5][7]                      ; Merged with LCM_com_data[1][0]         ;
; LCM_com_data[6][6]                      ; Merged with LCM_com_data[1][0]         ;
; LCM_com_data[7][7]                      ; Merged with LCM_com_data[1][0]         ;
; LCM_com_data[7][5]                      ; Merged with LCM_com_data[1][0]         ;
; LCM_com_data[8][6]                      ; Merged with LCM_com_data[1][0]         ;
; LCM_com_data[9][7]                      ; Merged with LCM_com_data[1][0]         ;
; LCM_com_data[9][5]                      ; Merged with LCM_com_data[1][0]         ;
; LCM_com_data[11][7]                     ; Merged with LCM_com_data[1][0]         ;
; LCM_com_data[13][7]                     ; Merged with LCM_com_data[1][0]         ;
; LCM_com_data[14][6]                     ; Merged with LCM_com_data[1][0]         ;
; LCM_com_data[20][5]                     ; Merged with LCM_com_data[0][1]         ;
; LCM_com_data[19][5]                     ; Merged with LCM_com_data[0][1]         ;
; LCM_com_data[17][5]                     ; Merged with LCM_com_data[0][1]         ;
; LCM_com_data[16][5]                     ; Merged with LCM_com_data[0][1]         ;
; LCM_com_data[15][5]                     ; Merged with LCM_com_data[0][1]         ;
; LCM_com_data[14][0]                     ; Merged with LCM_com_data[0][1]         ;
; LCM_com_data[13][0]                     ; Merged with LCM_com_data[0][1]         ;
; LCM_com_data[13][5]                     ; Merged with LCM_com_data[0][1]         ;
; LCM_com_data[12][6]                     ; Merged with LCM_com_data[0][1]         ;
; LCM_com_data[10][6]                     ; Merged with LCM_com_data[0][1]         ;
; LCM_com_data[0][0]                      ; Merged with LCM_com_data[0][1]         ;
; LCM_com_data[8][1]                      ; Merged with LCM_com_data[10][7]        ;
; LCM_com_data[10][3]                     ; Merged with LCM_com_data[10][7]        ;
; LCM_com_data[6][0]                      ; Merged with LCM_com_data[8][7]         ;
; LCM_com_data[11][0]                     ; Merged with LCM_com_data[4][7]         ;
; LCM_com_data[12][4]                     ; Merged with LCM_com_data[4][7]         ;
; LCM_com_data[2][4]                      ; Merged with LCM_com_data[2][7]         ;
; LCM_com_data[8][5]                      ; Merged with LCM_com_data[2][7]         ;
; LCM_com_data[10][1]                     ; Merged with LCM_com_data[2][7]         ;
; LCM_com_data[6][5]                      ; Merged with LCM_com_data[5][5]         ;
; LCM_com_data[12][5]                     ; Merged with LCM_com_data[18][5]        ;
; LCM_com_data[7][0]                      ; Merged with LCM_com_data[11][5]        ;
; LCM_com_data[12][3]                     ; Merged with LCM_com_data[11][5]        ;
; LCM_com_data[8][3]                      ; Merged with LCM_com_data[8][4]         ;
; LCM_com_data[4][0]                      ; Merged with LCM_com_data[9][2]         ;
; LCM_com_data[5][1]                      ; Merged with LCM_com_data[6][2]         ;
; LCM_com_data[7][3]                      ; Merged with LCM_com_data[3][2]         ;
; LCM_com_data[5][3]                      ; Merged with LCM_com_data[5][0]         ;
; Total Number of Removed Registers = 132 ;                                        ;
+-----------------------------------------+----------------------------------------+


+------------------------------------------------------+
; General Register Statistics                          ;
+----------------------------------------------+-------+
; Statistic                                    ; Value ;
+----------------------------------------------+-------+
; Total registers                              ; 112   ;
; Number of registers using Synchronous Clear  ; 2     ;
; Number of registers using Synchronous Load   ; 0     ;
; Number of registers using Asynchronous Clear ; 103   ;
; Number of registers using Asynchronous Load  ; 0     ;
; Number of registers using Clock Enable       ; 70    ;
; Number of registers using Preset             ; 0     ;
+----------------------------------------------+-------+


+--------------------------------------------------+
; Inverted Register Statistics                     ;
+----------------------------------------+---------+
; Inverted Register                      ; Fan out ;
+----------------------------------------+---------+
; LCM_INI[1]                             ; 45      ;
; LCM_com_data[0][1]                     ; 10      ;
; LCM_4bit_driver:LCMset|BF              ; 2       ;
; Total number of inverted registers = 3 ;         ;
+----------------------------------------+---------+


+--------------------------------------------------------------------------------------------------------------------------------------------------------------+
; Multiplexer Restructuring Statistics (Restructuring Performed)                                                                                               ;
+--------------------+-----------+---------------+----------------------+------------------------+------------+------------------------------------------------+
; Multiplexer Inputs ; Bus Width ; Baseline Area ; Area if Restructured ; Saving if Restructured ; Registered ; Example Multiplexer Output                     ;
+--------------------+-----------+---------------+----------------------+------------------------+------------+------------------------------------------------+
; 3:1                ; 4 bits    ; 8 LEs         ; 4 LEs                ; 4 LEs                  ; Yes        ; |CH6_C_LCD_1|LCM_INI[4]                        ;
; 4:1                ; 3 bits    ; 6 LEs         ; 3 LEs                ; 3 LEs                  ; Yes        ; |CH6_C_LCD_1|LCM[1]                            ;
; 20:1               ; 2 bits    ; 26 LEs        ; 16 LEs               ; 10 LEs                 ; Yes        ; |CH6_C_LCD_1|LCM_4bit_driver:LCMset|LCMruns[2] ;
+--------------------+-----------+---------------+----------------------+------------------------+------------+------------------------------------------------+


+-----------------------------------------------------------------------------------------------------------------+
; Port Connectivity Checks: "LCM_4bit_driver:LCMset"                                                              ;
+-------+--------+----------+-------------------------------------------------------------------------------------+
; Port  ; Type   ; Severity ; Details                                                                             ;
+-------+--------+----------+-------------------------------------------------------------------------------------+
; dbo   ; Output ; Info     ; Connected to dangling logic. Logic that only feeds a dangling port will be removed. ;
; lcm_s ; Output ; Info     ; Connected to dangling logic. Logic that only feeds a dangling port will be removed. ;
+-------+--------+----------+-------------------------------------------------------------------------------------+


+-------------------------------+
; Analysis & Synthesis Messages ;
+-------------------------------+
Info: *******************************************************************
Info: Running Quartus II Analysis & Synthesis
    Info: Version 9.1 Build 350 03/24/2010 Service Pack 2 SJ Web Edition
    Info: Processing started: Sat Mar 10 13:06:56 2018
Info: Command: quartus_map --read_settings_files=on --write_settings_files=off CH6_C_LCD_1 -c CH6_C_LCD_1
Warning: Using design file ch6_c_lcd_1.vhd, which is not specified as a design file for the current project, but contains definitions for 2 design units and 1 entities in project
    Info: Found design unit 1: CH6_C_LCD_1-Albert
    Info: Found entity 1: CH6_C_LCD_1
Info: Elaborating entity "CH6_C_LCD_1" for the top level hierarchy
Warning (10036): Verilog HDL or VHDL warning at ch6_c_lcd_1.vhd(35): object "DBo" assigned a value but never read
Warning (10036): Verilog HDL or VHDL warning at ch6_c_lcd_1.vhd(36): object "LCM_S" assigned a value but never read
Warning (10540): VHDL Signal Declaration warning at ch6_c_lcd_1.vhd(54): used explicit default value for signal "LCM_21" because signal was never assigned a value
Warning (10540): VHDL Signal Declaration warning at ch6_c_lcd_1.vhd(60): used explicit default value for signal "LCM_22" because signal was never assigned a value
Warning (10540): VHDL Signal Declaration warning at ch6_c_lcd_1.vhd(66): used explicit default value for signal "LCM_23" because signal was never assigned a value
Warning (10540): VHDL Signal Declaration warning at ch6_c_lcd_1.vhd(71): used explicit default value for signal "LCM_24" because signal was never assigned a value
Warning (10540): VHDL Signal Declaration warning at ch6_c_lcd_1.vhd(77): used explicit default value for signal "LCM_25" because signal was never assigned a value
Warning (10492): VHDL Process Statement warning at ch6_c_lcd_1.vhd(98): signal "rstP99" is read inside the Process Statement but isn't in the Process Statement's sensitivity list
Warning (10492): VHDL Process Statement warning at ch6_c_lcd_1.vhd(124): signal "LCM" is read inside the Process Statement but isn't in the Process Statement's sensitivity list
Warning (10492): VHDL Process Statement warning at ch6_c_lcd_1.vhd(124): signal "LCMx" is read inside the Process Statement but isn't in the Process Statement's sensitivity list
Warning (10492): VHDL Process Statement warning at ch6_c_lcd_1.vhd(124): signal "LCMP_RESET" is read inside the Process Statement but isn't in the Process Statement's sensitivity list
Warning (10492): VHDL Process Statement warning at ch6_c_lcd_1.vhd(125): signal "LCM" is read inside the Process Statement but isn't in the Process Statement's sensitivity list
Warning (10492): VHDL Process Statement warning at ch6_c_lcd_1.vhd(129): signal "LCM" is read inside the Process Statement but isn't in the Process Statement's sensitivity list
Warning (10492): VHDL Process Statement warning at ch6_c_lcd_1.vhd(133): signal "LCM_21" is read inside the Process Statement but isn't in the Process Statement's sensitivity list
Warning (10492): VHDL Process Statement warning at ch6_c_lcd_1.vhd(134): signal "LCM_22" is read inside the Process Statement but isn't in the Process Statement's sensitivity list
Warning (10492): VHDL Process Statement warning at ch6_c_lcd_1.vhd(137): signal "LCM_23" is read inside the Process Statement but isn't in the Process Statement's sensitivity list
Warning (10492): VHDL Process Statement warning at ch6_c_lcd_1.vhd(139): signal "LCM_24" is read inside the Process Statement but isn't in the Process Statement's sensitivity list
Warning (10492): VHDL Process Statement warning at ch6_c_lcd_1.vhd(141): signal "LCM_25" is read inside the Process Statement but isn't in the Process Statement's sensitivity list
Warning (10631): VHDL Process Statement warning at ch6_c_lcd_1.vhd(121): inferring latch(es) for signal or variable "LCMx", which holds its previous value in one or more paths through the process
Warning (10631): VHDL Process Statement warning at ch6_c_lcd_1.vhd(121): inferring latch(es) for signal or variable "LCM_com_data2", which holds its previous value in one or more paths through the process
Warning (10492): VHDL Process Statement warning at ch6_c_lcd_1.vhd(179): signal "S1" is read inside the Process Statement but isn't in the Process Statement's sensitivity list
Warning (10492): VHDL Process Statement warning at ch6_c_lcd_1.vhd(185): signal "S2" is read inside the Process Statement but isn't in the Process Statement's sensitivity list
Warning (10492): VHDL Process Statement warning at ch6_c_lcd_1.vhd(196): signal "rstP99" is read inside the Process Statement but isn't in the Process Statement's sensitivity list
Info (10041): Inferred latch for "LCM_com_data2[20][0]" at ch6_c_lcd_1.vhd(121)
Info (10041): Inferred latch for "LCM_com_data2[20][1]" at ch6_c_lcd_1.vhd(121)
Info (10041): Inferred latch for "LCM_com_data2[20][2]" at ch6_c_lcd_1.vhd(121)
Info (10041): Inferred latch for "LCM_com_data2[20][3]" at ch6_c_lcd_1.vhd(121)
Info (10041): Inferred latch for "LCM_com_data2[20][4]" at ch6_c_lcd_1.vhd(121)
Info (10041): Inferred latch for "LCM_com_data2[20][5]" at ch6_c_lcd_1.vhd(121)
Info (10041): Inferred latch for "LCM_com_data2[20][6]" at ch6_c_lcd_1.vhd(121)
Info (10041): Inferred latch for "LCM_com_data2[20][7]" at ch6_c_lcd_1.vhd(121)
Info (10041): Inferred latch for "LCM_com_data2[19][0]" at ch6_c_lcd_1.vhd(121)
Info (10041): Inferred latch for "LCM_com_data2[19][1]" at ch6_c_lcd_1.vhd(121)
Info (10041): Inferred latch for "LCM_com_data2[19][2]" at ch6_c_lcd_1.vhd(121)
Info (10041): Inferred latch for "LCM_com_data2[19][3]" at ch6_c_lcd_1.vhd(121)
Info (10041): Inferred latch for "LCM_com_data2[19][4]" at ch6_c_lcd_1.vhd(121)
Info (10041): Inferred latch for "LCM_com_data2[19][5]" at ch6_c_lcd_1.vhd(121)
Info (10041): Inferred latch for "LCM_com_data2[19][6]" at ch6_c_lcd_1.vhd(121)
Info (10041): Inferred latch for "LCM_com_data2[19][7]" at ch6_c_lcd_1.vhd(121)
Info (10041): Inferred latch for "LCM_com_data2[18][0]" at ch6_c_lcd_1.vhd(121)
Info (10041): Inferred latch for "LCM_com_data2[18][1]" at ch6_c_lcd_1.vhd(121)
Info (10041): Inferred latch for "LCM_com_data2[18][2]" at ch6_c_lcd_1.vhd(121)
Info (10041): Inferred latch for "LCM_com_data2[18][3]" at ch6_c_lcd_1.vhd(121)
Info (10041): Inferred latch for "LCM_com_data2[18][4]" at ch6_c_lcd_1.vhd(121)
Info (10041): Inferred latch for "LCM_com_data2[18][5]" at ch6_c_lcd_1.vhd(121)
Info (10041): Inferred latch for "LCM_com_data2[18][6]" at ch6_c_lcd_1.vhd(121)
Info (10041): Inferred latch for "LCM_com_data2[18][7]" at ch6_c_lcd_1.vhd(121)
Info (10041): Inferred latch for "LCM_com_data2[17][0]" at ch6_c_lcd_1.vhd(121)
Info (10041): Inferred latch for "LCM_com_data2[17][1]" at ch6_c_lcd_1.vhd(121)
Info (10041): Inferred latch for "LCM_com_data2[17][2]" at ch6_c_lcd_1.vhd(121)
Info (10041): Inferred latch for "LCM_com_data2[17][3]" at ch6_c_lcd_1.vhd(121)
Info (10041): Inferred latch for "LCM_com_data2[17][4]" at ch6_c_lcd_1.vhd(121)
Info (10041): Inferred latch for "LCM_com_data2[17][5]" at ch6_c_lcd_1.vhd(121)
Info (10041): Inferred latch for "LCM_com_data2[17][6]" at ch6_c_lcd_1.vhd(121)
Info (10041): Inferred latch for "LCM_com_data2[17][7]" at ch6_c_lcd_1.vhd(121)
Info (10041): Inferred latch for "LCM_com_data2[16][0]" at ch6_c_lcd_1.vhd(121)
Info (10041): Inferred latch for "LCM_com_data2[16][1]" at ch6_c_lcd_1.vhd(121)
Info (10041): Inferred latch for "LCM_com_data2[16][2]" at ch6_c_lcd_1.vhd(121)
Info (10041): Inferred latch for "LCM_com_data2[16][3]" at ch6_c_lcd_1.vhd(121)
Info (10041): Inferred latch for "LCM_com_data2[16][4]" at ch6_c_lcd_1.vhd(121)
Info (10041): Inferred latch for "LCM_com_data2[16][5]" at ch6_c_lcd_1.vhd(121)
Info (10041): Inferred latch for "LCM_com_data2[16][6]" at ch6_c_lcd_1.vhd(121)
Info (10041): Inferred latch for "LCM_com_data2[16][7]" at ch6_c_lcd_1.vhd(121)
Info (10041): Inferred latch for "LCM_com_data2[15][0]" at ch6_c_lcd_1.vhd(121)
Info (10041): Inferred latch for "LCM_com_data2[15][1]" at ch6_c_lcd_1.vhd(121)
Info (10041): Inferred latch for "LCM_com_data2[15][2]" at ch6_c_lcd_1.vhd(121)
Info (10041): Inferred latch for "LCM_com_data2[15][3]" at ch6_c_lcd_1.vhd(121)
Info (10041): Inferred latch for "LCM_com_data2[15][4]" at ch6_c_lcd_1.vhd(121)
Info (10041): Inferred latch for "LCM_com_data2[15][5]" at ch6_c_lcd_1.vhd(121)
Info (10041): Inferred latch for "LCM_com_data2[15][6]" at ch6_c_lcd_1.vhd(121)
Info (10041): Inferred latch for "LCM_com_data2[15][7]" at ch6_c_lcd_1.vhd(121)
Info (10041): Inferred latch for "LCM_com_data2[14][0]" at ch6_c_lcd_1.vhd(121)
Info (10041): Inferred latch for "LCM_com_data2[14][1]" at ch6_c_lcd_1.vhd(121)
Info (10041): Inferred latch for "LCM_com_data2[14][2]" at ch6_c_lcd_1.vhd(121)
Info (10041): Inferred latch for "LCM_com_data2[14][3]" at ch6_c_lcd_1.vhd(121)
Info (10041): Inferred latch for "LCM_com_data2[14][4]" at ch6_c_lcd_1.vhd(121)
Info (10041): Inferred latch for "LCM_com_data2[14][5]" at ch6_c_lcd_1.vhd(121)
Info (10041): Inferred latch for "LCM_com_data2[14][6]" at ch6_c_lcd_1.vhd(121)
Info (10041): Inferred latch for "LCM_com_data2[14][7]" at ch6_c_lcd_1.vhd(121)
Info (10041): Inferred latch for "LCM_com_data2[13][0]" at ch6_c_lcd_1.vhd(121)
Info (10041): Inferred latch for "LCM_com_data2[13][1]" at ch6_c_lcd_1.vhd(121)
Info (10041): Inferred latch for "LCM_com_data2[13][2]" at ch6_c_lcd_1.vhd(121)
Info (10041): Inferred latch for "LCM_com_data2[13][3]" at ch6_c_lcd_1.vhd(121)
Info (10041): Inferred latch for "LCM_com_data2[13][4]" at ch6_c_lcd_1.vhd(121)
Info (10041): Inferred latch for "LCM_com_data2[13][5]" at ch6_c_lcd_1.vhd(121)
Info (10041): Inferred latch for "LCM_com_data2[13][6]" at ch6_c_lcd_1.vhd(121)
Info (10041): Inferred latch for "LCM_com_data2[13][7]" at ch6_c_lcd_1.vhd(121)
Info (10041): Inferred latch for "LCM_com_data2[12][0]" at ch6_c_lcd_1.vhd(121)
Info (10041): Inferred latch for "LCM_com_data2[12][1]" at ch6_c_lcd_1.vhd(121)
Info (10041): Inferred latch for "LCM_com_data2[12][2]" at ch6_c_lcd_1.vhd(121)
Info (10041): Inferred latch for "LCM_com_data2[12][3]" at ch6_c_lcd_1.vhd(121)
Info (10041): Inferred latch for "LCM_com_data2[12][4]" at ch6_c_lcd_1.vhd(121)
Info (10041): Inferred latch for "LCM_com_data2[12][5]" at ch6_c_lcd_1.vhd(121)
Info (10041): Inferred latch for "LCM_com_data2[12][6]" at ch6_c_lcd_1.vhd(121)
Info (10041): Inferred latch for "LCM_com_data2[12][7]" at ch6_c_lcd_1.vhd(121)
Info (10041): Inferred latch for "LCM_com_data2[11][0]" at ch6_c_lcd_1.vhd(121)
Info (10041): Inferred latch for "LCM_com_data2[11][1]" at ch6_c_lcd_1.vhd(121)
Info (10041): Inferred latch for "LCM_com_data2[11][2]" at ch6_c_lcd_1.vhd(121)
Info (10041): Inferred latch for "LCM_com_data2[11][3]" at ch6_c_lcd_1.vhd(121)
Info (10041): Inferred latch for "LCM_com_data2[11][4]" at ch6_c_lcd_1.vhd(121)
Info (10041): Inferred latch for "LCM_com_data2[11][5]" at ch6_c_lcd_1.vhd(121)
Info (10041): Inferred latch for "LCM_com_data2[11][6]" at ch6_c_lcd_1.vhd(121)
Info (10041): Inferred latch for "LCM_com_data2[11][7]" at ch6_c_lcd_1.vhd(121)
Info (10041): Inferred latch for "LCM_com_data2[10][0]" at ch6_c_lcd_1.vhd(121)
Info (10041): Inferred latch for "LCM_com_data2[10][1]" at ch6_c_lcd_1.vhd(121)
Info (10041): Inferred latch for "LCM_com_data2[10][2]" at ch6_c_lcd_1.vhd(121)
Info (10041): Inferred latch for "LCM_com_data2[10][3]" at ch6_c_lcd_1.vhd(121)
Info (10041): Inferred latch for "LCM_com_data2[10][4]" at ch6_c_lcd_1.vhd(121)
Info (10041): Inferred latch for "LCM_com_data2[10][5]" at ch6_c_lcd_1.vhd(121)
Info (10041): Inferred latch for "LCM_com_data2[10][6]" at ch6_c_lcd_1.vhd(121)
Info (10041): Inferred latch for "LCM_com_data2[10][7]" at ch6_c_lcd_1.vhd(121)
Info (10041): Inferred latch for "LCM_com_data2[9][0]" at ch6_c_lcd_1.vhd(121)
Info (10041): Inferred latch for "LCM_com_data2[9][1]" at ch6_c_lcd_1.vhd(121)
Info (10041): Inferred latch for "LCM_com_data2[9][2]" at ch6_c_lcd_1.vhd(121)
Info (10041): Inferred latch for "LCM_com_data2[9][3]" at ch6_c_lcd_1.vhd(121)
Info (10041): Inferred latch for "LCM_com_data2[9][4]" at ch6_c_lcd_1.vhd(121)
Info (10041): Inferred latch for "LCM_com_data2[9][5]" at ch6_c_lcd_1.vhd(121)
Info (10041): Inferred latch for "LCM_com_data2[9][6]" at ch6_c_lcd_1.vhd(121)
Info (10041): Inferred latch for "LCM_com_data2[9][7]" at ch6_c_lcd_1.vhd(121)
Info (10041): Inferred latch for "LCM_com_data2[8][0]" at ch6_c_lcd_1.vhd(121)
Info (10041): Inferred latch for "LCM_com_data2[8][1]" at ch6_c_lcd_1.vhd(121)
Info (10041): Inferred latch for "LCM_com_data2[8][2]" at ch6_c_lcd_1.vhd(121)
Info (10041): Inferred latch for "LCM_com_data2[8][3]" at ch6_c_lcd_1.vhd(121)
Info (10041): Inferred latch for "LCM_com_data2[8][4]" at ch6_c_lcd_1.vhd(121)
Info (10041): Inferred latch for "LCM_com_data2[8][5]" at ch6_c_lcd_1.vhd(121)
Info (10041): Inferred latch for "LCM_com_data2[8][6]" at ch6_c_lcd_1.vhd(121)
Info (10041): Inferred latch for "LCM_com_data2[8][7]" at ch6_c_lcd_1.vhd(121)
Info (10041): Inferred latch for "LCM_com_data2[7][0]" at ch6_c_lcd_1.vhd(121)
Info (10041): Inferred latch for "LCM_com_data2[7][1]" at ch6_c_lcd_1.vhd(121)
Info (10041): Inferred latch for "LCM_com_data2[7][2]" at ch6_c_lcd_1.vhd(121)
Info (10041): Inferred latch for "LCM_com_data2[7][3]" at ch6_c_lcd_1.vhd(121)
Info (10041): Inferred latch for "LCM_com_data2[7][4]" at ch6_c_lcd_1.vhd(121)
Info (10041): Inferred latch for "LCM_com_data2[7][5]" at ch6_c_lcd_1.vhd(121)
Info (10041): Inferred latch for "LCM_com_data2[7][6]" at ch6_c_lcd_1.vhd(121)
Info (10041): Inferred latch for "LCM_com_data2[7][7]" at ch6_c_lcd_1.vhd(121)
Info (10041): Inferred latch for "LCM_com_data2[6][0]" at ch6_c_lcd_1.vhd(121)
Info (10041): Inferred latch for "LCM_com_data2[6][1]" at ch6_c_lcd_1.vhd(121)
Info (10041): Inferred latch for "LCM_com_data2[6][2]" at ch6_c_lcd_1.vhd(121)
Info (10041): Inferred latch for "LCM_com_data2[6][3]" at ch6_c_lcd_1.vhd(121)
Info (10041): Inferred latch for "LCM_com_data2[6][4]" at ch6_c_lcd_1.vhd(121)
Info (10041): Inferred latch for "LCM_com_data2[6][5]" at ch6_c_lcd_1.vhd(121)
Info (10041): Inferred latch for "LCM_com_data2[6][6]" at ch6_c_lcd_1.vhd(121)
Info (10041): Inferred latch for "LCM_com_data2[6][7]" at ch6_c_lcd_1.vhd(121)
Info (10041): Inferred latch for "LCM_com_data2[5][0]" at ch6_c_lcd_1.vhd(121)
Info (10041): Inferred latch for "LCM_com_data2[5][1]" at ch6_c_lcd_1.vhd(121)
Info (10041): Inferred latch for "LCM_com_data2[5][2]" at ch6_c_lcd_1.vhd(121)
Info (10041): Inferred latch for "LCM_com_data2[5][3]" at ch6_c_lcd_1.vhd(121)
Info (10041): Inferred latch for "LCM_com_data2[5][4]" at ch6_c_lcd_1.vhd(121)
Info (10041): Inferred latch for "LCM_com_data2[5][5]" at ch6_c_lcd_1.vhd(121)
Info (10041): Inferred latch for "LCM_com_data2[5][6]" at ch6_c_lcd_1.vhd(121)
Info (10041): Inferred latch for "LCM_com_data2[5][7]" at ch6_c_lcd_1.vhd(121)
Info (10041): Inferred latch for "LCM_com_data2[4][0]" at ch6_c_lcd_1.vhd(121)
Info (10041): Inferred latch for "LCM_com_data2[4][1]" at ch6_c_lcd_1.vhd(121)
Info (10041): Inferred latch for "LCM_com_data2[4][2]" at ch6_c_lcd_1.vhd(121)
Info (10041): Inferred latch for "LCM_com_data2[4][3]" at ch6_c_lcd_1.vhd(121)
Info (10041): Inferred latch for "LCM_com_data2[4][4]" at ch6_c_lcd_1.vhd(121)
Info (10041): Inferred latch for "LCM_com_data2[4][5]" at ch6_c_lcd_1.vhd(121)
Info (10041): Inferred latch for "LCM_com_data2[4][6]" at ch6_c_lcd_1.vhd(121)
Info (10041): Inferred latch for "LCM_com_data2[4][7]" at ch6_c_lcd_1.vhd(121)
Info (10041): Inferred latch for "LCM_com_data2[3][0]" at ch6_c_lcd_1.vhd(121)
Info (10041): Inferred latch for "LCM_com_data2[3][1]" at ch6_c_lcd_1.vhd(121)
Info (10041): Inferred latch for "LCM_com_data2[3][2]" at ch6_c_lcd_1.vhd(121)
Info (10041): Inferred latch for "LCM_com_data2[3][3]" at ch6_c_lcd_1.vhd(121)
Info (10041): Inferred latch for "LCM_com_data2[3][4]" at ch6_c_lcd_1.vhd(121)
Info (10041): Inferred latch for "LCM_com_data2[3][5]" at ch6_c_lcd_1.vhd(121)
Info (10041): Inferred latch for "LCM_com_data2[3][6]" at ch6_c_lcd_1.vhd(121)
Info (10041): Inferred latch for "LCM_com_data2[3][7]" at ch6_c_lcd_1.vhd(121)
Info (10041): Inferred latch for "LCM_com_data2[2][0]" at ch6_c_lcd_1.vhd(121)
Info (10041): Inferred latch for "LCM_com_data2[2][1]" at ch6_c_lcd_1.vhd(121)
Info (10041): Inferred latch for "LCM_com_data2[2][2]" at ch6_c_lcd_1.vhd(121)
Info (10041): Inferred latch for "LCM_com_data2[2][3]" at ch6_c_lcd_1.vhd(121)
Info (10041): Inferred latch for "LCM_com_data2[2][4]" at ch6_c_lcd_1.vhd(121)
Info (10041): Inferred latch for "LCM_com_data2[2][5]" at ch6_c_lcd_1.vhd(121)
Info (10041): Inferred latch for "LCM_com_data2[2][6]" at ch6_c_lcd_1.vhd(121)
Info (10041): Inferred latch for "LCM_com_data2[2][7]" at ch6_c_lcd_1.vhd(121)
Info (10041): Inferred latch for "LCM_com_data2[1][0]" at ch6_c_lcd_1.vhd(121)
Info (10041): Inferred latch for "LCM_com_data2[1][1]" at ch6_c_lcd_1.vhd(121)
Info (10041): Inferred latch for "LCM_com_data2[1][2]" at ch6_c_lcd_1.vhd(121)
Info (10041): Inferred latch for "LCM_com_data2[1][3]" at ch6_c_lcd_1.vhd(121)
Info (10041): Inferred latch for "LCM_com_data2[1][4]" at ch6_c_lcd_1.vhd(121)
Info (10041): Inferred latch for "LCM_com_data2[1][5]" at ch6_c_lcd_1.vhd(121)
Info (10041): Inferred latch for "LCM_com_data2[1][6]" at ch6_c_lcd_1.vhd(121)
Info (10041): Inferred latch for "LCM_com_data2[1][7]" at ch6_c_lcd_1.vhd(121)
Info (10041): Inferred latch for "LCM_com_data2[0][0]" at ch6_c_lcd_1.vhd(121)
Info (10041): Inferred latch for "LCM_com_data2[0][1]" at ch6_c_lcd_1.vhd(121)
Info (10041): Inferred latch for "LCM_com_data2[0][2]" at ch6_c_lcd_1.vhd(121)
Info (10041): Inferred latch for "LCM_com_data2[0][3]" at ch6_c_lcd_1.vhd(121)
Info (10041): Inferred latch for "LCM_com_data2[0][4]" at ch6_c_lcd_1.vhd(121)
Info (10041): Inferred latch for "LCM_com_data2[0][5]" at ch6_c_lcd_1.vhd(121)
Info (10041): Inferred latch for "LCM_com_data2[0][6]" at ch6_c_lcd_1.vhd(121)
Info (10041): Inferred latch for "LCM_com_data2[0][7]" at ch6_c_lcd_1.vhd(121)
Info (10041): Inferred latch for "LCMx[0]" at ch6_c_lcd_1.vhd(121)
Info (10041): Inferred latch for "LCMx[1]" at ch6_c_lcd_1.vhd(121)
Info (10041): Inferred latch for "LCMx[2]" at ch6_c_lcd_1.vhd(121)
Warning: Using design file lcm_4bit_driver.vhd, which is not specified as a design file for the current project, but contains definitions for 2 design units and 1 entities in project
    Info: Found design unit 1: LCM_4bit_driver-Albert
    Info: Found entity 1: LCM_4bit_driver
Info: Elaborating entity "LCM_4bit_driver" for hierarchy "LCM_4bit_driver:LCMset"
Warning (10492): VHDL Process Statement warning at lcm_4bit_driver.vhd(35): signal "DBi" is read inside the Process Statement but isn't in the Process Statement's sensitivity list
Warning (10492): VHDL Process Statement warning at lcm_4bit_driver.vhd(36): signal "RS" is read inside the Process Statement but isn't in the Process Statement's sensitivity list
Warning (10492): VHDL Process Statement warning at lcm_4bit_driver.vhd(38): signal "RW" is read inside the Process Statement but isn't in the Process Statement's sensitivity list
Info: Duplicate LATCH primitives merged into single LATCH primitive
    Info: Duplicate LATCH primitive "LCM_com_data2[20][5]" merged with LATCH primitive "LCM_com_data2[1][0]"
    Info: Duplicate LATCH primitive "LCM_com_data2[19][5]" merged with LATCH primitive "LCM_com_data2[1][0]"
    Info: Duplicate LATCH primitive "LCM_com_data2[18][5]" merged with LATCH primitive "LCM_com_data2[1][0]"
    Info: Duplicate LATCH primitive "LCM_com_data2[17][5]" merged with LATCH primitive "LCM_com_data2[1][0]"
    Info: Duplicate LATCH primitive "LCM_com_data2[16][5]" merged with LATCH primitive "LCM_com_data2[1][0]"
    Info: Duplicate LATCH primitive "LCM_com_data2[15][5]" merged with LATCH primitive "LCM_com_data2[1][0]"
    Info: Duplicate LATCH primitive "LCM_com_data2[14][0]" merged with LATCH primitive "LCM_com_data2[1][0]"
    Info: Duplicate LATCH primitive "LCM_com_data2[14][6]" merged with LATCH primitive "LCM_com_data2[1][0]"
    Info: Duplicate LATCH primitive "LCM_com_data2[13][0]" merged with LATCH primitive "LCM_com_data2[1][0]"
    Info: Duplicate LATCH primitive "LCM_com_data2[13][5]" merged with LATCH primitive "LCM_com_data2[1][0]"
    Info: Duplicate LATCH primitive "LCM_com_data2[13][7]" merged with LATCH primitive "LCM_com_data2[1][0]"
    Info: Duplicate LATCH primitive "LCM_com_data2[12][1]" merged with LATCH primitive "LCM_com_data2[1][0]"
    Info: Duplicate LATCH primitive "LCM_com_data2[12][3]" merged with LATCH primitive "LCM_com_data2[1][0]"
    Info: Duplicate LATCH primitive "LCM_com_data2[12][4]" merged with LATCH primitive "LCM_com_data2[1][0]"
    Info: Duplicate LATCH primitive "LCM_com_data2[12][5]" merged with LATCH primitive "LCM_com_data2[1][0]"
    Info: Duplicate LATCH primitive "LCM_com_data2[12][6]" merged with LATCH primitive "LCM_com_data2[1][0]"
    Info: Duplicate LATCH primitive "LCM_com_data2[12][7]" merged with LATCH primitive "LCM_com_data2[1][0]"
    Info: Duplicate LATCH primitive "LCM_com_data2[11][0]" merged with LATCH primitive "LCM_com_data2[1][0]"
    Info: Duplicate LATCH primitive "LCM_com_data2[11][2]" merged with LATCH primitive "LCM_com_data2[1][0]"
    Info: Duplicate LATCH primitive "LCM_com_data2[11][5]" merged with LATCH primitive "LCM_com_data2[1][0]"
    Info: Duplicate LATCH primitive "LCM_com_data2[11][7]" merged with LATCH primitive "LCM_com_data2[1][0]"
    Info: Duplicate LATCH primitive "LCM_com_data2[10][0]" merged with LATCH primitive "LCM_com_data2[1][0]"
    Info: Duplicate LATCH primitive "LCM_com_data2[10][1]" merged with LATCH primitive "LCM_com_data2[1][0]"
    Info: Duplicate LATCH primitive "LCM_com_data2[10][3]" merged with LATCH primitive "LCM_com_data2[1][0]"
    Info: Duplicate LATCH primitive "LCM_com_data2[10][5]" merged with LATCH primitive "LCM_com_data2[1][0]"
    Info: Duplicate LATCH primitive "LCM_com_data2[10][6]" merged with LATCH primitive "LCM_com_data2[1][0]"
    Info: Duplicate LATCH primitive "LCM_com_data2[10][7]" merged with LATCH primitive "LCM_com_data2[1][0]"
    Info: Duplicate LATCH primitive "LCM_com_data2[9][2]" merged with LATCH primitive "LCM_com_data2[1][0]"
    Info: Duplicate LATCH primitive "LCM_com_data2[9][5]" merged with LATCH primitive "LCM_com_data2[1][0]"
    Info: Duplicate LATCH primitive "LCM_com_data2[9][7]" merged with LATCH primitive "LCM_com_data2[1][0]"
    Info: Duplicate LATCH primitive "LCM_com_data2[8][1]" merged with LATCH primitive "LCM_com_data2[1][0]"
    Info: Duplicate LATCH primitive "LCM_com_data2[8][3]" merged with LATCH primitive "LCM_com_data2[1][0]"
    Info: Duplicate LATCH primitive "LCM_com_data2[8][4]" merged with LATCH primitive "LCM_com_data2[1][0]"
    Info: Duplicate LATCH primitive "LCM_com_data2[8][5]" merged with LATCH primitive "LCM_com_data2[1][0]"
    Info: Duplicate LATCH primitive "LCM_com_data2[8][6]" merged with LATCH primitive "LCM_com_data2[1][0]"
    Info: Duplicate LATCH primitive "LCM_com_data2[8][7]" merged with LATCH primitive "LCM_com_data2[1][0]"
    Info: Duplicate LATCH primitive "LCM_com_data2[7][0]" merged with LATCH primitive "LCM_com_data2[1][0]"
    Info: Duplicate LATCH primitive "LCM_com_data2[7][3]" merged with LATCH primitive "LCM_com_data2[1][0]"
    Info: Duplicate LATCH primitive "LCM_com_data2[7][5]" merged with LATCH primitive "LCM_com_data2[1][0]"
    Info: Duplicate LATCH primitive "LCM_com_data2[7][7]" merged with LATCH primitive "LCM_com_data2[1][0]"
    Info: Duplicate LATCH primitive "LCM_com_data2[6][0]" merged with LATCH primitive "LCM_com_data2[1][0]"
    Info: Duplicate LATCH primitive "LCM_com_data2[6][2]" merged with LATCH primitive "LCM_com_data2[1][0]"
    Info: Duplicate LATCH primitive "LCM_com_data2[6][5]" merged with LATCH primitive "LCM_com_data2[1][0]"
    Info: Duplicate LATCH primitive "LCM_com_data2[6][6]" merged with LATCH primitive "LCM_com_data2[1][0]"
    Info: Duplicate LATCH primitive "LCM_com_data2[5][0]" merged with LATCH primitive "LCM_com_data2[1][0]"
    Info: Duplicate LATCH primitive "LCM_com_data2[5][1]" merged with LATCH primitive "LCM_com_data2[1][0]"
    Info: Duplicate LATCH primitive "LCM_com_data2[5][3]" merged with LATCH primitive "LCM_com_data2[1][0]"
    Info: Duplicate LATCH primitive "LCM_com_data2[5][5]" merged with LATCH primitive "LCM_com_data2[1][0]"
    Info: Duplicate LATCH primitive "LCM_com_data2[5][7]" merged with LATCH primitive "LCM_com_data2[1][0]"
    Info: Duplicate LATCH primitive "LCM_com_data2[4][0]" merged with LATCH primitive "LCM_com_data2[1][0]"
    Info: Duplicate LATCH primitive "LCM_com_data2[4][3]" merged with LATCH primitive "LCM_com_data2[1][0]"
    Info: Duplicate LATCH primitive "LCM_com_data2[4][6]" merged with LATCH primitive "LCM_com_data2[1][0]"
    Info: Duplicate LATCH primitive "LCM_com_data2[4][7]" merged with LATCH primitive "LCM_com_data2[1][0]"
    Info: Duplicate LATCH primitive "LCM_com_data2[3][0]" merged with LATCH primitive "LCM_com_data2[1][0]"
    Info: Duplicate LATCH primitive "LCM_com_data2[3][1]" merged with LATCH primitive "LCM_com_data2[1][0]"
    Info: Duplicate LATCH primitive "LCM_com_data2[3][2]" merged with LATCH primitive "LCM_com_data2[1][0]"
    Info: Duplicate LATCH primitive "LCM_com_data2[3][5]" merged with LATCH primitive "LCM_com_data2[1][0]"
    Info: Duplicate LATCH primitive "LCM_com_data2[3][7]" merged with LATCH primitive "LCM_com_data2[1][0]"
    Info: Duplicate LATCH primitive "LCM_com_data2[2][4]" merged with LATCH primitive "LCM_com_data2[1][0]"
    Info: Duplicate LATCH primitive "LCM_com_data2[2][7]" merged with LATCH primitive "LCM_com_data2[1][0]"
    Info: Duplicate LATCH primitive "LCM_com_data2[0][0]" merged with LATCH primitive "LCM_com_data2[1][0]"
    Info: Duplicate LATCH primitive "LCM_com_data2[0][1]" merged with LATCH primitive "LCM_com_data2[1][0]"
    Info: Duplicate LATCH primitive "LCM_com_data2[0][4]" merged with LATCH primitive "LCM_com_data2[1][0]"
Warning: Latch LCMx[0] has unsafe behavior
    Warning: Ports D and ENA on the latch are fed by the same signal LCM[0]
Warning: Latch LCMx[1] has unsafe behavior
    Warning: Ports D and ENA on the latch are fed by the same signal LCM[1]
Warning: Latch LCMx[2] has unsafe behavior
    Warning: Ports D and ENA on the latch are fed by the same signal LCM[2]
Warning: Latch LCM_com_data2[1][0] has unsafe behavior
    Warning: Ports D and ENA on the latch are fed by the same signal LCM[0]
Info: Registers with preset signals will power-up high
Info: DEV_CLRn pin will set, and not reset, register with preset signal due to NOT Gate Push-Back
Warning: Presettable and clearable registers converted to equivalent circuits with latches. Registers power-up to an undefined state, and DEVCLRn places the registers in an undefined state.
    Warning (13310): Register "LCM_4bit_driver:LCMset|RSo" is converted into an equivalent circuit using register "LCM_4bit_driver:LCMset|RSo~_emulated" and latch "LCM_4bit_driver:LCMset|RSo~latch"
    Warning (13310): Register "LCM_com_data[0][3]" is converted into an equivalent circuit using register "LCM_com_data[0][3]~_emulated" and latch "LCM_com_data[0][3]~latch"
    Warning (13310): Register "LCM_com_data[1][0]" is converted into an equivalent circuit using register "LCM_com_data[1][0]~_emulated" and latch "LCM_com_data[1][0]~latch"
    Warning (13310): Register "LCM_4bit_driver:LCMset|DBii[0]" is converted into an equivalent circuit using register "LCM_4bit_driver:LCMset|DBii[0]~_emulated" and latch "LCM_4bit_driver:LCMset|DBii[0]~latch"
    Warning (13310): Register "LCM_4bit_driver:LCMset|DBii[1]" is converted into an equivalent circuit using register "LCM_4bit_driver:LCMset|DBii[1]~_emulated" and latch "LCM_4bit_driver:LCMset|DBii[1]~latch"
    Warning (13310): Register "LCM_4bit_driver:LCMset|DBii[2]" is converted into an equivalent circuit using register "LCM_4bit_driver:LCMset|DBii[2]~_emulated" and latch "LCM_4bit_driver:LCMset|DBii[2]~latch"
    Warning (13310): Register "LCM_4bit_driver:LCMset|DBii[3]" is converted into an equivalent circuit using register "LCM_4bit_driver:LCMset|DBii[3]~_emulated" and latch "LCM_4bit_driver:LCMset|DBii[3]~latch"
    Warning (13310): Register "LCM_com_data[10][7]" is converted into an equivalent circuit using register "LCM_com_data[10][7]~_emulated" and latch "LCM_com_data[10][7]~latch"
    Warning (13310): Register "LCM_com_data[8][7]" is converted into an equivalent circuit using register "LCM_com_data[8][7]~_emulated" and latch "LCM_com_data[8][7]~latch"
    Warning (13310): Register "LCM_com_data[6][7]" is converted into an equivalent circuit using register "LCM_com_data[6][7]~_emulated" and latch "LCM_com_data[6][7]~latch"
    Warning (13310): Register "LCM_com_data[4][7]" is converted into an equivalent circuit using register "LCM_com_data[4][7]~_emulated" and latch "LCM_com_data[4][7]~latch"
    Warning (13310): Register "LCM_com_data[2][7]" is converted into an equivalent circuit using register "LCM_com_data[2][7]~_emulated" and latch "LCM_com_data[2][7]~latch"
    Warning (13310): Register "LCM_com_data[12][7]" is converted into an equivalent circuit using register "LCM_com_data[12][7]~_emulated" and latch "LCM_com_data[12][7]~latch"
    Warning (13310): Register "LCM_com_data[16][0]" is converted into an equivalent circuit using register "LCM_com_data[16][0]~_emulated" and latch "LCM_com_data[16][0]~latch"
    Warning (13310): Register "LCM_com_data[5][2]" is converted into an equivalent circuit using register "LCM_com_data[5][2]~_emulated" and latch "LCM_com_data[5][2]~latch"
    Warning (13310): Register "LCM_com_data[5][6]" is converted into an equivalent circuit using register "LCM_com_data[5][6]~_emulated" and latch "LCM_com_data[8][7]~latch"
    Warning (13310): Register "LCM_com_data[7][4]" is converted into an equivalent circuit using register "LCM_com_data[7][4]~_emulated" and latch "LCM_com_data[10][7]~latch"
    Warning (13310): Register "LCM_com_data[4][5]" is converted into an equivalent circuit using register "LCM_com_data[4][5]~_emulated" and latch "LCM_com_data[4][5]~latch"
    Warning (13310): Register "LCM_com_data[5][5]" is converted into an equivalent circuit using register "LCM_com_data[5][5]~_emulated" and latch "LCM_com_data[6][7]~latch"
    Warning (13310): Register "LCM_com_data[3][5]" is converted into an equivalent circuit using register "LCM_com_data[3][5]~_emulated" and latch "LCM_com_data[3][5]~latch"
    Warning (13310): Register "LCM_com_data[18][5]" is converted into an equivalent circuit using register "LCM_com_data[18][5]~_emulated" and latch "LCM_com_data[18][5]~latch"
    Warning (13310): Register "LCM_com_data[10][5]" is converted into an equivalent circuit using register "LCM_com_data[10][5]~_emulated" and latch "LCM_com_data[4][5]~latch"
    Warning (13310): Register "LCM_com_data[11][5]" is converted into an equivalent circuit using register "LCM_com_data[11][5]~_emulated" and latch "LCM_com_data[11][5]~latch"
    Warning (13310): Register "LCM_com_data[10][4]" is converted into an equivalent circuit using register "LCM_com_data[10][4]~_emulated" and latch "LCM_com_data[10][4]~latch"
    Warning (13310): Register "LCM_com_data[11][4]" is converted into an equivalent circuit using register "LCM_com_data[11][4]~_emulated" and latch "LCM_com_data[11][4]~latch"
    Warning (13310): Register "LCM_com_data[4][2]" is converted into an equivalent circuit using register "LCM_com_data[4][2]~_emulated" and latch "LCM_com_data[4][2]~latch"
    Warning (13310): Register "LCM_com_data[12][0]" is converted into an equivalent circuit using register "LCM_com_data[12][0]~_emulated" and latch "LCM_com_data[2][7]~latch"
    Warning (13310): Register "LCM_com_data[7][2]" is converted into an equivalent circuit using register "LCM_com_data[7][2]~_emulated" and latch "LCM_com_data[4][7]~latch"
    Warning (13310): Register "LCM_com_data[10][2]" is converted into an equivalent circuit using register "LCM_com_data[10][2]~_emulated" and latch "LCM_com_data[10][2]~latch"
    Warning (13310): Register "LCM_com_data[9][2]" is converted into an equivalent circuit using register "LCM_com_data[9][2]~_emulated" and latch "LCM_com_data[9][2]~latch"
    Warning (13310): Register "LCM_com_data[11][2]" is converted into an equivalent circuit using register "LCM_com_data[11][2]~_emulated" and latch "LCM_com_data[11][2]~latch"
    Warning (13310): Register "LCM_com_data[6][2]" is converted into an equivalent circuit using register "LCM_com_data[6][2]~_emulated" and latch "LCM_com_data[6][2]~latch"
    Warning (13310): Register "LCM_com_data[3][2]" is converted into an equivalent circuit using register "LCM_com_data[3][2]~_emulated" and latch "LCM_com_data[11][4]~latch"
    Warning (13310): Register "LCM_com_data[12][2]" is converted into an equivalent circuit using register "LCM_com_data[12][2]~_emulated" and latch "LCM_com_data[3][5]~latch"
    Warning (13310): Register "LCM_com_data[10][0]" is converted into an equivalent circuit using register "LCM_com_data[10][0]~_emulated" and latch "LCM_com_data[10][2]~latch"
    Warning (13310): Register "LCM_com_data[5][0]" is converted into an equivalent circuit using register "LCM_com_data[5][0]~_emulated" and latch "LCM_com_data[16][0]~latch"
    Warning (13310): Register "LCM_com_data[3][0]" is converted into an equivalent circuit using register "LCM_com_data[3][0]~_emulated" and latch "LCM_com_data[3][0]~latch"
    Warning (13310): Register "LCM_com_data[4][3]" is converted into an equivalent circuit using register "LCM_com_data[4][3]~_emulated" and latch "LCM_com_data[4][3]~latch"
    Warning (13310): Register "LCM_com_data[3][3]" is converted into an equivalent circuit using register "LCM_com_data[3][3]~_emulated" and latch "LCM_com_data[6][2]~latch"
    Warning (13310): Register "LCM_com_data[6][3]" is converted into an equivalent circuit using register "LCM_com_data[6][3]~_emulated" and latch "LCM_com_data[18][5]~latch"
    Warning (13310): Register "LCM_com_data[9][3]" is converted into an equivalent circuit using register "LCM_com_data[9][3]~_emulated" and latch "LCM_com_data[11][2]~latch"
    Warning (13310): Register "LCM_com_data[11][3]" is converted into an equivalent circuit using register "LCM_com_data[11][3]~_emulated" and latch "LCM_com_data[11][3]~latch"
    Warning (13310): Register "LCM_com_data[7][1]" is converted into an equivalent circuit using register "LCM_com_data[7][1]~_emulated" and latch "LCM_com_data[7][1]~latch"
    Warning (13310): Register "LCM_com_data[3][1]" is converted into an equivalent circuit using register "LCM_com_data[3][1]~_emulated" and latch "LCM_com_data[7][1]~latch"
    Warning (13310): Register "LCM_com_data[12][1]" is converted into an equivalent circuit using register "LCM_com_data[12][1]~_emulated" and latch "LCM_com_data[10][4]~latch"
    Warning (13310): Register "LCM_com_data[14][1]" is converted into an equivalent circuit using register "LCM_com_data[14][1]~_emulated" and latch "LCM_com_data[14][1]~latch"
    Warning (13310): Register "LN" is converted into an equivalent circuit using register "LN~_emulated" and latch "LCM_com_data[16][0]~latch"
Info: Duplicate LATCH primitives merged into single LATCH primitive
    Info: Duplicate LATCH primitive "LCM_com_data[11][4]~latch" merged with LATCH primitive "LCMx[2]"
Critical Warning: Ignored Power-Up Level option on the following registers
    Critical Warning (18010): Register LCM_INI[1] will power up to High
Info: Timing-Driven Synthesis is running
Info: 6 registers lost all their fanouts during netlist optimizations. The first 6 are displayed below.
    Info: Register "FD[19]" lost all its fanouts during netlist optimizations.
    Info: Register "FD[20]" lost all its fanouts during netlist optimizations.
    Info: Register "FD[21]" lost all its fanouts during netlist optimizations.
    Info: Register "FD[22]" lost all its fanouts during netlist optimizations.
    Info: Register "FD[23]" lost all its fanouts during netlist optimizations.
    Info: Register "FD[24]" lost all its fanouts during netlist optimizations.
Info: Implemented 346 device resources after synthesis - the final resource count might be different
    Info: Implemented 4 input pins
    Info: Implemented 3 output pins
    Info: Implemented 4 bidirectional pins
    Info: Implemented 335 logic cells
Info: Quartus II Analysis & Synthesis was successful. 0 errors, 86 warnings
    Info: Peak virtual memory: 300 megabytes
    Info: Processing ended: Sat Mar 10 13:06:59 2018
    Info: Elapsed time: 00:00:03
    Info: Total CPU time (on all processors): 00:00:03


