Flow report for empty
Mon Jul 26 22:06:36 2021
Quartus II 64-Bit Version 13.0.1 Build 232 06/12/2013 Service Pack 1 SJ Web Edition


---------------------
; Table of Contents ;
---------------------
  1. Legal Notice
  2. Flow Summary
  3. Flow Settings
  4. Flow Non-Default Global Settings
  5. Flow Elapsed Time
  6. Flow OS Summary
  7. Flow Log
  8. Flow Messages
  9. Flow Suppressed Messages



----------------
; Legal Notice ;
----------------
Copyright (C) 1991-2013 Altera Corporation
Your use of Altera Corporation's design tools, logic functions 
and other software and tools, and its AMPP partner logic 
functions, and any output files from any of the foregoing 
(including device programming or simulation files), and any 
associated documentation or information are expressly subject 
to the terms and conditions of the Altera Program License 
Subscription Agreement, Altera MegaCore Function License 
Agreement, or other applicable license agreement, including, 
without limitation, that your use is for the sole purpose of 
programming logic devices manufactured by Altera and sold by 
Altera or its authorized distributors.  Please refer to the 
applicable agreement for further details.



+--------------------------------------------------------------------------------------+
; Flow Summary                                                                         ;
+------------------------------------+-------------------------------------------------+
; Flow Status                        ; Successful - Mon Jul 26 22:06:23 2021           ;
; Quartus II 64-Bit Version          ; 13.0.1 Build 232 06/12/2013 SP 1 SJ Web Edition ;
; Revision Name                      ; empty                                           ;
; Top-level Entity Name              ; empty                                           ;
; Family                             ; Cyclone III                                     ;
; Device                             ; EP3C16Q240C8                                    ;
; Timing Models                      ; Final                                           ;
; Total logic elements               ; 5,884 / 15,408 ( 38 % )                         ;
;     Total combinational functions  ; 5,727 / 15,408 ( 37 % )                         ;
;     Dedicated logic registers      ; 1,267 / 15,408 ( 8 % )                          ;
; Total registers                    ; 1267                                            ;
; Total pins                         ; 107 / 161 ( 66 % )                              ;
; Total virtual pins                 ; 0                                               ;
; Total memory bits                  ; 196,608 / 516,096 ( 38 % )                      ;
; Embedded Multiplier 9-bit elements ; 8 / 112 ( 7 % )                                 ;
; Total PLLs                         ; 0 / 4 ( 0 % )                                   ;
+------------------------------------+-------------------------------------------------+


+-----------------------------------------+
; Flow Settings                           ;
+-------------------+---------------------+
; Option            ; Setting             ;
+-------------------+---------------------+
; Start date & time ; 07/26/2021 22:04:56 ;
; Main task         ; Compilation         ;
; Revision Name     ; empty               ;
+-------------------+---------------------+


+------------------------------------------------------------------------------------------------------------------+
; Flow Non-Default Global Settings                                                                                 ;
+-------------------------------------+---------------------------------+---------------+-------------+------------+
; Assignment Name                     ; Value                           ; Default Value ; Entity Name ; Section Id ;
+-------------------------------------+---------------------------------+---------------+-------------+------------+
; COMPILER_SIGNATURE_ID               ; 212086363399210.162730829600272 ; --            ; --          ; --         ;
; MAX_CORE_JUNCTION_TEMP              ; 85                              ; --            ; --          ; --         ;
; MIN_CORE_JUNCTION_TEMP              ; 0                               ; --            ; --          ; --         ;
; NOMINAL_CORE_SUPPLY_VOLTAGE         ; 1.2V                            ; --            ; --          ; --         ;
; PARTITION_COLOR                     ; 16764057                        ; --            ; --          ; Top        ;
; PARTITION_FITTER_PRESERVATION_LEVEL ; PLACEMENT_AND_ROUTING           ; --            ; --          ; Top        ;
; PARTITION_NETLIST_TYPE              ; SOURCE                          ; --            ; --          ; Top        ;
; PROJECT_OUTPUT_DIRECTORY            ; output_files                    ; --            ; --          ; --         ;
+-------------------------------------+---------------------------------+---------------+-------------+------------+


+-------------------------------------------------------------------------------------------------------------------------------+
; Flow Elapsed Time                                                                                                             ;
+---------------------------+--------------+-------------------------+---------------------+------------------------------------+
; Module Name               ; Elapsed Time ; Average Processors Used ; Peak Virtual Memory ; Total CPU Time (on all processors) ;
+---------------------------+--------------+-------------------------+---------------------+------------------------------------+
; Analysis & Synthesis      ; 00:00:44     ; 1.0                     ; 4786 MB             ; 00:00:38                           ;
; Fitter                    ; 00:00:36     ; 2.8                     ; 5623 MB             ; 00:00:56                           ;
; Assembler                 ; 00:00:02     ; 1.0                     ; 4579 MB             ; 00:00:01                           ;
; TimeQuest Timing Analyzer ; 00:00:11     ; 2.1                     ; 4803 MB             ; 00:00:12                           ;
; Total                     ; 00:01:33     ; --                      ; --                  ; 00:01:47                           ;
+---------------------------+--------------+-------------------------+---------------------+------------------------------------+


+----------------------------------------------------------------------------------------+
; Flow OS Summary                                                                        ;
+---------------------------+------------------+-----------+------------+----------------+
; Module Name               ; Machine Hostname ; OS Name   ; OS Version ; Processor type ;
+---------------------------+------------------+-----------+------------+----------------+
; Analysis & Synthesis      ; LAPTOP-BDND4L63  ; Windows 7 ; 6.2        ; x86_64         ;
; Fitter                    ; LAPTOP-BDND4L63  ; Windows 7 ; 6.2        ; x86_64         ;
; Assembler                 ; LAPTOP-BDND4L63  ; Windows 7 ; 6.2        ; x86_64         ;
; TimeQuest Timing Analyzer ; LAPTOP-BDND4L63  ; Windows 7 ; 6.2        ; x86_64         ;
+---------------------------+------------------+-----------+------------+----------------+


------------
; Flow Log ;
------------
quartus_map --read_settings_files=on --write_settings_files=off empty -c empty
quartus_fit --read_settings_files=off --write_settings_files=off empty -c empty
quartus_asm --read_settings_files=off --write_settings_files=off empty -c empty
quartus_sta empty -c empty



