Analysis & Synthesis report for CH12_MG90S_2
Sat Mar 10 12:53:57 2018
Quartus II Version 9.1 Build 350 03/24/2010 Service Pack 2 SJ Web Edition


---------------------
; Table of Contents ;
---------------------
  1. Legal Notice
  2. Analysis & Synthesis Summary
  3. Analysis & Synthesis Settings
  4. Parallel Compilation
  5. Analysis & Synthesis Source Files Read
  6. Analysis & Synthesis Resource Usage Summary
  7. Analysis & Synthesis Resource Utilization by Entity
  8. Registers Removed During Synthesis
  9. General Register Statistics
 10. Inverted Register Statistics
 11. Multiplexer Restructuring Statistics (Restructuring Performed)
 12. Parameter Settings for Inferred Entity Instance: MG90S_Driver2:U1|lpm_mult:Mult0
 13. Parameter Settings for Inferred Entity Instance: MG90S_Driver2:U1|lpm_divide:Div0
 14. Parameter Settings for Inferred Entity Instance: MG90S_Driver2:U12|lpm_mult:Mult0
 15. Parameter Settings for Inferred Entity Instance: MG90S_Driver2:U12|lpm_divide:Div0
 16. lpm_mult Parameter Settings by Entity Instance
 17. Analysis & Synthesis Messages



----------------
; Legal Notice ;
----------------
Copyright (C) 1991-2010 Altera Corporation
Your use of Altera Corporation's design tools, logic functions 
and other software and tools, and its AMPP partner logic 
functions, and any output files from any of the foregoing 
(including device programming or simulation files), and any 
associated documentation or information are expressly subject 
to the terms and conditions of the Altera Program License 
Subscription Agreement, Altera MegaCore Function License 
Agreement, or other applicable license agreement, including, 
without limitation, that your use is for the sole purpose of 
programming logic devices manufactured by Altera and sold by 
Altera or its authorized distributors.  Please refer to the 
applicable agreement for further details.



+-----------------------------------------------------------------------------------+
; Analysis & Synthesis Summary                                                      ;
+------------------------------------+----------------------------------------------+
; Analysis & Synthesis Status        ; Successful - Sat Mar 10 12:53:57 2018        ;
; Quartus II Version                 ; 9.1 Build 350 03/24/2010 SP 2 SJ Web Edition ;
; Revision Name                      ; CH12_MG90S_2                                 ;
; Top-level Entity Name              ; CH12_MG90S_2                                 ;
; Family                             ; Cyclone III                                  ;
; Total logic elements               ; 678                                          ;
;     Total combinational functions  ; 677                                          ;
;     Dedicated logic registers      ; 76                                           ;
; Total registers                    ; 76                                           ;
; Total pins                         ; 9                                            ;
; Total virtual pins                 ; 0                                            ;
; Total memory bits                  ; 0                                            ;
; Embedded Multiplier 9-bit elements ; 0                                            ;
; Total PLLs                         ; 0                                            ;
+------------------------------------+----------------------------------------------+


+----------------------------------------------------------------------------------------------------------------------+
; Analysis & Synthesis Settings                                                                                        ;
+----------------------------------------------------------------------------+--------------------+--------------------+
; Option                                                                     ; Setting            ; Default Value      ;
+----------------------------------------------------------------------------+--------------------+--------------------+
; Device                                                                     ; EP3C16Q240C8       ;                    ;
; Top-level entity name                                                      ; CH12_MG90S_2       ; CH12_MG90S_2       ;
; Family name                                                                ; Cyclone III        ; Stratix II         ;
; Use Generated Physical Constraints File                                    ; Off                ;                    ;
; Use smart compilation                                                      ; Off                ; Off                ;
; Enable parallel Assembler and TimeQuest Timing Analyzer during compilation ; On                 ; On                 ;
; Enable compact report table                                                ; Off                ; Off                ;
; Restructure Multiplexers                                                   ; Auto               ; Auto               ;
; Create Debugging Nodes for IP Cores                                        ; Off                ; Off                ;
; Preserve fewer node names                                                  ; On                 ; On                 ;
; Disable OpenCore Plus hardware evaluation                                  ; Off                ; Off                ;
; Verilog Version                                                            ; Verilog_2001       ; Verilog_2001       ;
; VHDL Version                                                               ; VHDL_1993          ; VHDL_1993          ;
; State Machine Processing                                                   ; Auto               ; Auto               ;
; Safe State Machine                                                         ; Off                ; Off                ;
; Extract Verilog State Machines                                             ; On                 ; On                 ;
; Extract VHDL State Machines                                                ; On                 ; On                 ;
; Ignore Verilog initial constructs                                          ; Off                ; Off                ;
; Iteration limit for constant Verilog loops                                 ; 5000               ; 5000               ;
; Iteration limit for non-constant Verilog loops                             ; 250                ; 250                ;
; Add Pass-Through Logic to Inferred RAMs                                    ; On                 ; On                 ;
; Parallel Synthesis                                                         ; On                 ; On                 ;
; DSP Block Balancing                                                        ; Auto               ; Auto               ;
; NOT Gate Push-Back                                                         ; On                 ; On                 ;
; Power-Up Don't Care                                                        ; On                 ; On                 ;
; Remove Redundant Logic Cells                                               ; Off                ; Off                ;
; Remove Duplicate Registers                                                 ; On                 ; On                 ;
; Ignore CARRY Buffers                                                       ; Off                ; Off                ;
; Ignore CASCADE Buffers                                                     ; Off                ; Off                ;
; Ignore GLOBAL Buffers                                                      ; Off                ; Off                ;
; Ignore ROW GLOBAL Buffers                                                  ; Off                ; Off                ;
; Ignore LCELL Buffers                                                       ; Off                ; Off                ;
; Ignore SOFT Buffers                                                        ; On                 ; On                 ;
; Limit AHDL Integers to 32 Bits                                             ; Off                ; Off                ;
; Optimization Technique                                                     ; Balanced           ; Balanced           ;
; Carry Chain Length                                                         ; 70                 ; 70                 ;
; Auto Carry Chains                                                          ; On                 ; On                 ;
; Auto Open-Drain Pins                                                       ; On                 ; On                 ;
; Perform WYSIWYG Primitive Resynthesis                                      ; Off                ; Off                ;
; Auto ROM Replacement                                                       ; On                 ; On                 ;
; Auto RAM Replacement                                                       ; On                 ; On                 ;
; Auto DSP Block Replacement                                                 ; On                 ; On                 ;
; Auto Shift Register Replacement                                            ; Auto               ; Auto               ;
; Auto Clock Enable Replacement                                              ; On                 ; On                 ;
; Strict RAM Replacement                                                     ; Off                ; Off                ;
; Allow Synchronous Control Signals                                          ; On                 ; On                 ;
; Force Use of Synchronous Clear Signals                                     ; Off                ; Off                ;
; Auto RAM Block Balancing                                                   ; On                 ; On                 ;
; Auto RAM to Logic Cell Conversion                                          ; Off                ; Off                ;
; Auto Resource Sharing                                                      ; Off                ; Off                ;
; Allow Any RAM Size For Recognition                                         ; Off                ; Off                ;
; Allow Any ROM Size For Recognition                                         ; Off                ; Off                ;
; Allow Any Shift Register Size For Recognition                              ; Off                ; Off                ;
; Use LogicLock Constraints during Resource Balancing                        ; On                 ; On                 ;
; Ignore translate_off and synthesis_off directives                          ; Off                ; Off                ;
; Timing-Driven Synthesis                                                    ; On                 ; On                 ;
; Show Parameter Settings Tables in Synthesis Report                         ; On                 ; On                 ;
; Ignore Maximum Fan-Out Assignments                                         ; Off                ; Off                ;
; Synchronization Register Chain Length                                      ; 2                  ; 2                  ;
; PowerPlay Power Optimization                                               ; Normal compilation ; Normal compilation ;
; HDL message level                                                          ; Level2             ; Level2             ;
; Suppress Register Optimization Related Messages                            ; Off                ; Off                ;
; Number of Removed Registers Reported in Synthesis Report                   ; 5000               ; 5000               ;
; Number of Inverted Registers Reported in Synthesis Report                  ; 100                ; 100                ;
; Clock MUX Protection                                                       ; On                 ; On                 ;
; Auto Gated Clock Conversion                                                ; Off                ; Off                ;
; Block Design Naming                                                        ; Auto               ; Auto               ;
; SDC constraint protection                                                  ; Off                ; Off                ;
; Synthesis Effort                                                           ; Auto               ; Auto               ;
; Shift Register Replacement - Allow Asynchronous Clear Signal               ; On                 ; On                 ;
; Analysis & Synthesis Message Level                                         ; Medium             ; Medium             ;
; Disable Register Merging Across Hierarchies                                ; Auto               ; Auto               ;
; Resource Aware Inference For Block RAM                                     ; On                 ; On                 ;
+----------------------------------------------------------------------------+--------------------+--------------------+


Parallel compilation was disabled, but you have multiple processors available. Enable parallel compilation to reduce compilation time.
+-------------------------------------+
; Parallel Compilation                ;
+----------------------------+--------+
; Processors                 ; Number ;
+----------------------------+--------+
; Number detected on machine ; 4      ;
; Maximum allowed            ; 1      ;
+----------------------------+--------+


+------------------------------------------------------------------------------------------------------------------------------------------------------+
; Analysis & Synthesis Source Files Read                                                                                                               ;
+----------------------------------+-----------------+------------------------------+------------------------------------------------------------------+
; File Name with User-Entered Path ; Used in Netlist ; File Type                    ; File Name with Absolute Path                                     ;
+----------------------------------+-----------------+------------------------------+------------------------------------------------------------------+
; ch12_mg90s_2.vhd                 ; yes             ; Auto-Found VHDL File         ; D:/KTM-626®ÑÄy/½d¨Ò/CH12/CH12_MG90S_2/ch12_mg90s_2.vhd           ;
; mg90s_driver2.vhd                ; yes             ; Auto-Found VHDL File         ; D:/KTM-626®ÑÄy/½d¨Ò/CH12/CH12_MG90S_2/mg90s_driver2.vhd          ;
; lpm_mult.tdf                     ; yes             ; Megafunction                 ; c:/altera/91sp2/quartus/libraries/megafunctions/lpm_mult.tdf     ;
; multcore.tdf                     ; yes             ; Megafunction                 ; c:/altera/91sp2/quartus/libraries/megafunctions/multcore.tdf     ;
; mpar_add.tdf                     ; yes             ; Megafunction                 ; c:/altera/91sp2/quartus/libraries/megafunctions/mpar_add.tdf     ;
; lpm_add_sub.tdf                  ; yes             ; Megafunction                 ; c:/altera/91sp2/quartus/libraries/megafunctions/lpm_add_sub.tdf  ;
; db/add_sub_gfh.tdf               ; yes             ; Auto-Generated Megafunction  ; D:/KTM-626®ÑÄy/½d¨Ò/CH12/CH12_MG90S_2/db/add_sub_gfh.tdf         ;
; altshift.tdf                     ; yes             ; Megafunction                 ; c:/altera/91sp2/quartus/libraries/megafunctions/altshift.tdf     ;
; lpm_divide.tdf                   ; yes             ; Megafunction                 ; c:/altera/91sp2/quartus/libraries/megafunctions/lpm_divide.tdf   ;
; db/lpm_divide_khm.tdf            ; yes             ; Auto-Generated Megafunction  ; D:/KTM-626®ÑÄy/½d¨Ò/CH12/CH12_MG90S_2/db/lpm_divide_khm.tdf      ;
; db/sign_div_unsign_llh.tdf       ; yes             ; Auto-Generated Megafunction  ; D:/KTM-626®ÑÄy/½d¨Ò/CH12/CH12_MG90S_2/db/sign_div_unsign_llh.tdf ;
; db/alt_u_div_l5f.tdf             ; yes             ; Auto-Generated Megafunction  ; D:/KTM-626®ÑÄy/½d¨Ò/CH12/CH12_MG90S_2/db/alt_u_div_l5f.tdf       ;
; db/add_sub_unc.tdf               ; yes             ; Auto-Generated Megafunction  ; D:/KTM-626®ÑÄy/½d¨Ò/CH12/CH12_MG90S_2/db/add_sub_unc.tdf         ;
; db/add_sub_vnc.tdf               ; yes             ; Auto-Generated Megafunction  ; D:/KTM-626®ÑÄy/½d¨Ò/CH12/CH12_MG90S_2/db/add_sub_vnc.tdf         ;
+----------------------------------+-----------------+------------------------------+------------------------------------------------------------------+


+------------------------------------------------------------+
; Analysis & Synthesis Resource Usage Summary                ;
+---------------------------------------------+--------------+
; Resource                                    ; Usage        ;
+---------------------------------------------+--------------+
; Estimated Total logic elements              ; 678          ;
;                                             ;              ;
; Total combinational functions               ; 677          ;
; Logic element usage by number of LUT inputs ;              ;
;     -- 4 input functions                    ; 126          ;
;     -- 3 input functions                    ; 208          ;
;     -- <=2 input functions                  ; 343          ;
;                                             ;              ;
; Logic elements by mode                      ;              ;
;     -- normal mode                          ; 401          ;
;     -- arithmetic mode                      ; 276          ;
;                                             ;              ;
; Total registers                             ; 76           ;
;     -- Dedicated logic registers            ; 76           ;
;     -- I/O registers                        ; 0            ;
;                                             ;              ;
; I/O pins                                    ; 9            ;
; Maximum fan-out node                        ; rstP99~input ;
; Maximum fan-out                             ; 35           ;
; Total fan-out                               ; 1998         ;
; Average fan-out                             ; 2.59         ;
+---------------------------------------------+--------------+


+---------------------------------------------------------------------------------------------------------------------------------------------------------------------------------------------------------------------------------------------------------------------------------------------------------------+
; Analysis & Synthesis Resource Utilization by Entity                                                                                                                                                                                                                                                           ;
+------------------------------------------------+-------------------+--------------+-------------+--------------+---------+-----------+------+--------------+-----------------------------------------------------------------------------------------------------------------------------------+--------------+
; Compilation Hierarchy Node                     ; LC Combinationals ; LC Registers ; Memory Bits ; DSP Elements ; DSP 9x9 ; DSP 18x18 ; Pins ; Virtual Pins ; Full Hierarchy Name                                                                                                               ; Library Name ;
+------------------------------------------------+-------------------+--------------+-------------+--------------+---------+-----------+------+--------------+-----------------------------------------------------------------------------------------------------------------------------------+--------------+
; |CH12_MG90S_2                                  ; 677 (76)          ; 76 (57)      ; 0           ; 0            ; 0       ; 0         ; 9    ; 0            ; |CH12_MG90S_2                                                                                                                     ; work         ;
;    |MG90S_Driver2:U12|                         ; 285 (32)          ; 19 (19)      ; 0           ; 0            ; 0       ; 0         ; 0    ; 0            ; |CH12_MG90S_2|MG90S_Driver2:U12                                                                                                   ;              ;
;       |lpm_divide:Div0|                        ; 213 (0)           ; 0 (0)        ; 0           ; 0            ; 0       ; 0         ; 0    ; 0            ; |CH12_MG90S_2|MG90S_Driver2:U12|lpm_divide:Div0                                                                                   ;              ;
;          |lpm_divide_khm:auto_generated|       ; 213 (0)           ; 0 (0)        ; 0           ; 0            ; 0       ; 0         ; 0    ; 0            ; |CH12_MG90S_2|MG90S_Driver2:U12|lpm_divide:Div0|lpm_divide_khm:auto_generated                                                     ;              ;
;             |sign_div_unsign_llh:divider|      ; 213 (0)           ; 0 (0)        ; 0           ; 0            ; 0       ; 0         ; 0    ; 0            ; |CH12_MG90S_2|MG90S_Driver2:U12|lpm_divide:Div0|lpm_divide_khm:auto_generated|sign_div_unsign_llh:divider                         ;              ;
;                |alt_u_div_l5f:divider|         ; 213 (213)         ; 0 (0)        ; 0           ; 0            ; 0       ; 0         ; 0    ; 0            ; |CH12_MG90S_2|MG90S_Driver2:U12|lpm_divide:Div0|lpm_divide_khm:auto_generated|sign_div_unsign_llh:divider|alt_u_div_l5f:divider   ;              ;
;       |lpm_mult:Mult0|                         ; 40 (0)            ; 0 (0)        ; 0           ; 0            ; 0       ; 0         ; 0    ; 0            ; |CH12_MG90S_2|MG90S_Driver2:U12|lpm_mult:Mult0                                                                                    ;              ;
;          |multcore:mult_core|                  ; 40 (25)           ; 0 (0)        ; 0           ; 0            ; 0       ; 0         ; 0    ; 0            ; |CH12_MG90S_2|MG90S_Driver2:U12|lpm_mult:Mult0|multcore:mult_core                                                                 ;              ;
;             |mpar_add:padder|                  ; 15 (0)            ; 0 (0)        ; 0           ; 0            ; 0       ; 0         ; 0    ; 0            ; |CH12_MG90S_2|MG90S_Driver2:U12|lpm_mult:Mult0|multcore:mult_core|mpar_add:padder                                                 ;              ;
;                |lpm_add_sub:adder[0]|          ; 15 (0)            ; 0 (0)        ; 0           ; 0            ; 0       ; 0         ; 0    ; 0            ; |CH12_MG90S_2|MG90S_Driver2:U12|lpm_mult:Mult0|multcore:mult_core|mpar_add:padder|lpm_add_sub:adder[0]                            ;              ;
;                   |add_sub_gfh:auto_generated| ; 15 (15)           ; 0 (0)        ; 0           ; 0            ; 0       ; 0         ; 0    ; 0            ; |CH12_MG90S_2|MG90S_Driver2:U12|lpm_mult:Mult0|multcore:mult_core|mpar_add:padder|lpm_add_sub:adder[0]|add_sub_gfh:auto_generated ;              ;
;    |MG90S_Driver2:U1|                          ; 316 (63)          ; 0 (0)        ; 0           ; 0            ; 0       ; 0         ; 0    ; 0            ; |CH12_MG90S_2|MG90S_Driver2:U1                                                                                                    ;              ;
;       |lpm_divide:Div0|                        ; 213 (0)           ; 0 (0)        ; 0           ; 0            ; 0       ; 0         ; 0    ; 0            ; |CH12_MG90S_2|MG90S_Driver2:U1|lpm_divide:Div0                                                                                    ;              ;
;          |lpm_divide_khm:auto_generated|       ; 213 (0)           ; 0 (0)        ; 0           ; 0            ; 0       ; 0         ; 0    ; 0            ; |CH12_MG90S_2|MG90S_Driver2:U1|lpm_divide:Div0|lpm_divide_khm:auto_generated                                                      ;              ;
;             |sign_div_unsign_llh:divider|      ; 213 (0)           ; 0 (0)        ; 0           ; 0            ; 0       ; 0         ; 0    ; 0            ; |CH12_MG90S_2|MG90S_Driver2:U1|lpm_divide:Div0|lpm_divide_khm:auto_generated|sign_div_unsign_llh:divider                          ;              ;
;                |alt_u_div_l5f:divider|         ; 213 (213)         ; 0 (0)        ; 0           ; 0            ; 0       ; 0         ; 0    ; 0            ; |CH12_MG90S_2|MG90S_Driver2:U1|lpm_divide:Div0|lpm_divide_khm:auto_generated|sign_div_unsign_llh:divider|alt_u_div_l5f:divider    ;              ;
;       |lpm_mult:Mult0|                         ; 40 (0)            ; 0 (0)        ; 0           ; 0            ; 0       ; 0         ; 0    ; 0            ; |CH12_MG90S_2|MG90S_Driver2:U1|lpm_mult:Mult0                                                                                     ;              ;
;          |multcore:mult_core|                  ; 40 (25)           ; 0 (0)        ; 0           ; 0            ; 0       ; 0         ; 0    ; 0            ; |CH12_MG90S_2|MG90S_Driver2:U1|lpm_mult:Mult0|multcore:mult_core                                                                  ;              ;
;             |mpar_add:padder|                  ; 15 (0)            ; 0 (0)        ; 0           ; 0            ; 0       ; 0         ; 0    ; 0            ; |CH12_MG90S_2|MG90S_Driver2:U1|lpm_mult:Mult0|multcore:mult_core|mpar_add:padder                                                  ;              ;
;                |lpm_add_sub:adder[0]|          ; 15 (0)            ; 0 (0)        ; 0           ; 0            ; 0       ; 0         ; 0    ; 0            ; |CH12_MG90S_2|MG90S_Driver2:U1|lpm_mult:Mult0|multcore:mult_core|mpar_add:padder|lpm_add_sub:adder[0]                             ;              ;
;                   |add_sub_gfh:auto_generated| ; 15 (15)           ; 0 (0)        ; 0           ; 0            ; 0       ; 0         ; 0    ; 0            ; |CH12_MG90S_2|MG90S_Driver2:U1|lpm_mult:Mult0|multcore:mult_core|mpar_add:padder|lpm_add_sub:adder[0]|add_sub_gfh:auto_generated  ;              ;
+------------------------------------------------+-------------------+--------------+-------------+--------------+---------+-----------+------+--------------+-----------------------------------------------------------------------------------------------------------------------------------+--------------+
Note: For table entries with two numbers listed, the numbers in parentheses indicate the number of resources of the given type used by the specific entity alone. The numbers listed outside of parentheses indicate the total resources of the given type used by the specific entity and all of its sub-entities in the hierarchy.


+-------------------------------------------------------------------------------------+
; Registers Removed During Synthesis                                                  ;
+----------------------------------------+--------------------------------------------+
; Register name                          ; Reason for Removal                         ;
+----------------------------------------+--------------------------------------------+
; MG90S_Driver2:U1|MG90Serv[0]           ; Merged with MG90S_Driver2:U12|MG90Serv[0]  ;
; MG90S_Driver2:U1|MG90Serv[18]          ; Merged with MG90S_Driver2:U12|MG90Serv[18] ;
; MG90S_Driver2:U1|MG90Serv[17]          ; Merged with MG90S_Driver2:U12|MG90Serv[17] ;
; MG90S_Driver2:U1|MG90Serv[16]          ; Merged with MG90S_Driver2:U12|MG90Serv[16] ;
; MG90S_Driver2:U1|MG90Serv[15]          ; Merged with MG90S_Driver2:U12|MG90Serv[15] ;
; MG90S_Driver2:U1|MG90Serv[14]          ; Merged with MG90S_Driver2:U12|MG90Serv[14] ;
; MG90S_Driver2:U1|MG90Serv[13]          ; Merged with MG90S_Driver2:U12|MG90Serv[13] ;
; MG90S_Driver2:U1|MG90Serv[12]          ; Merged with MG90S_Driver2:U12|MG90Serv[12] ;
; MG90S_Driver2:U1|MG90Serv[11]          ; Merged with MG90S_Driver2:U12|MG90Serv[11] ;
; MG90S_Driver2:U1|MG90Serv[10]          ; Merged with MG90S_Driver2:U12|MG90Serv[10] ;
; MG90S_Driver2:U1|MG90Serv[9]           ; Merged with MG90S_Driver2:U12|MG90Serv[9]  ;
; MG90S_Driver2:U1|MG90Serv[8]           ; Merged with MG90S_Driver2:U12|MG90Serv[8]  ;
; MG90S_Driver2:U1|MG90Serv[7]           ; Merged with MG90S_Driver2:U12|MG90Serv[7]  ;
; MG90S_Driver2:U1|MG90Serv[6]           ; Merged with MG90S_Driver2:U12|MG90Serv[6]  ;
; MG90S_Driver2:U1|MG90Serv[5]           ; Merged with MG90S_Driver2:U12|MG90Serv[5]  ;
; MG90S_Driver2:U1|MG90Serv[4]           ; Merged with MG90S_Driver2:U12|MG90Serv[4]  ;
; MG90S_Driver2:U1|MG90Serv[3]           ; Merged with MG90S_Driver2:U12|MG90Serv[3]  ;
; MG90S_Driver2:U1|MG90Serv[2]           ; Merged with MG90S_Driver2:U12|MG90Serv[2]  ;
; MG90S_Driver2:U1|MG90Serv[1]           ; Merged with MG90S_Driver2:U12|MG90Serv[1]  ;
; FD[18..24]                             ; Lost fanout                                ;
; Total Number of Removed Registers = 26 ;                                            ;
+----------------------------------------+--------------------------------------------+


+------------------------------------------------------+
; General Register Statistics                          ;
+----------------------------------------------+-------+
; Statistic                                    ; Value ;
+----------------------------------------------+-------+
; Total registers                              ; 76    ;
; Number of registers using Synchronous Clear  ; 11    ;
; Number of registers using Synchronous Load   ; 0     ;
; Number of registers using Asynchronous Clear ; 74    ;
; Number of registers using Asynchronous Load  ; 0     ;
; Number of registers using Clock Enable       ; 16    ;
; Number of registers using Preset             ; 0     ;
+----------------------------------------------+-------+


+--------------------------------------------------+
; Inverted Register Statistics                     ;
+----------------------------------------+---------+
; Inverted Register                      ; Fan out ;
+----------------------------------------+---------+
; MG90S_deg0[6]                          ; 16      ;
; MG90S_deg0[4]                          ; 15      ;
; MG90S_deg0[3]                          ; 15      ;
; MG90S_deg0[1]                          ; 16      ;
; MG90S_deg1[6]                          ; 16      ;
; MG90S_deg1[4]                          ; 15      ;
; MG90S_deg1[3]                          ; 15      ;
; MG90S_deg1[1]                          ; 16      ;
; Total number of inverted registers = 8 ;         ;
+----------------------------------------+---------+


+-------------------------------------------------------------------------------------------------------------------------------------------+
; Multiplexer Restructuring Statistics (Restructuring Performed)                                                                            ;
+--------------------+-----------+---------------+----------------------+------------------------+------------+-----------------------------+
; Multiplexer Inputs ; Bus Width ; Baseline Area ; Area if Restructured ; Saving if Restructured ; Registered ; Example Multiplexer Output  ;
+--------------------+-----------+---------------+----------------------+------------------------+------------+-----------------------------+
; 3:1                ; 8 bits    ; 16 LEs        ; 0 LEs                ; 16 LEs                 ; Yes        ; |CH12_MG90S_2|MG90S_deg0[0] ;
; 3:1                ; 8 bits    ; 16 LEs        ; 0 LEs                ; 16 LEs                 ; Yes        ; |CH12_MG90S_2|MG90S_deg1[4] ;
+--------------------+-----------+---------------+----------------------+------------------------+------------+-----------------------------+


+------------------------------------------------------------------------------------+
; Parameter Settings for Inferred Entity Instance: MG90S_Driver2:U1|lpm_mult:Mult0   ;
+------------------------------------------------+-------------+---------------------+
; Parameter Name                                 ; Value       ; Type                ;
+------------------------------------------------+-------------+---------------------+
; AUTO_CARRY_CHAINS                              ; ON          ; AUTO_CARRY          ;
; IGNORE_CARRY_BUFFERS                           ; OFF         ; IGNORE_CARRY        ;
; AUTO_CASCADE_CHAINS                            ; ON          ; AUTO_CASCADE        ;
; IGNORE_CASCADE_BUFFERS                         ; OFF         ; IGNORE_CASCADE      ;
; LPM_WIDTHA                                     ; 12          ; Untyped             ;
; LPM_WIDTHB                                     ; 8           ; Untyped             ;
; LPM_WIDTHP                                     ; 20          ; Untyped             ;
; LPM_WIDTHR                                     ; 20          ; Untyped             ;
; LPM_WIDTHS                                     ; 1           ; Untyped             ;
; LPM_REPRESENTATION                             ; UNSIGNED    ; Untyped             ;
; LPM_PIPELINE                                   ; 0           ; Untyped             ;
; LATENCY                                        ; 0           ; Untyped             ;
; INPUT_A_IS_CONSTANT                            ; YES         ; Untyped             ;
; INPUT_B_IS_CONSTANT                            ; NO          ; Untyped             ;
; USE_EAB                                        ; OFF         ; Untyped             ;
; MAXIMIZE_SPEED                                 ; 5           ; Untyped             ;
; DEVICE_FAMILY                                  ; Cyclone III ; Untyped             ;
; CARRY_CHAIN                                    ; MANUAL      ; Untyped             ;
; APEX20K_TECHNOLOGY_MAPPER                      ; LUT         ; TECH_MAPPER_APEX20K ;
; DEDICATED_MULTIPLIER_CIRCUITRY                 ; AUTO        ; Untyped             ;
; DEDICATED_MULTIPLIER_MIN_INPUT_WIDTH_FOR_AUTO  ; 0           ; Untyped             ;
; DEDICATED_MULTIPLIER_MIN_OUTPUT_WIDTH_FOR_AUTO ; 0           ; Untyped             ;
; CBXI_PARAMETER                                 ; NOTHING     ; Untyped             ;
; INPUT_A_FIXED_VALUE                            ; Bx          ; Untyped             ;
; INPUT_B_FIXED_VALUE                            ; Bx          ; Untyped             ;
; USE_AHDL_IMPLEMENTATION                        ; OFF         ; Untyped             ;
+------------------------------------------------+-------------+---------------------+
Note: In order to hide this table in the UI and the text report file, please set the "Show Parameter Settings Tables in Synthesis Report" option in "Analysis and Synthesis Settings -> More Settings" to "Off".


+-----------------------------------------------------------------------------------+
; Parameter Settings for Inferred Entity Instance: MG90S_Driver2:U1|lpm_divide:Div0 ;
+------------------------+----------------+-----------------------------------------+
; Parameter Name         ; Value          ; Type                                    ;
+------------------------+----------------+-----------------------------------------+
; LPM_WIDTHN             ; 20             ; Untyped                                 ;
; LPM_WIDTHD             ; 4              ; Untyped                                 ;
; LPM_NREPRESENTATION    ; UNSIGNED       ; Untyped                                 ;
; LPM_DREPRESENTATION    ; UNSIGNED       ; Untyped                                 ;
; LPM_PIPELINE           ; 0              ; Untyped                                 ;
; LPM_REMAINDERPOSITIVE  ; TRUE           ; Untyped                                 ;
; MAXIMIZE_SPEED         ; 5              ; Untyped                                 ;
; CBXI_PARAMETER         ; lpm_divide_khm ; Untyped                                 ;
; CARRY_CHAIN            ; MANUAL         ; Untyped                                 ;
; OPTIMIZE_FOR_SPEED     ; 5              ; Untyped                                 ;
; AUTO_CARRY_CHAINS      ; ON             ; AUTO_CARRY                              ;
; IGNORE_CARRY_BUFFERS   ; OFF            ; IGNORE_CARRY                            ;
; AUTO_CASCADE_CHAINS    ; ON             ; AUTO_CASCADE                            ;
; IGNORE_CASCADE_BUFFERS ; OFF            ; IGNORE_CASCADE                          ;
+------------------------+----------------+-----------------------------------------+
Note: In order to hide this table in the UI and the text report file, please set the "Show Parameter Settings Tables in Synthesis Report" option in "Analysis and Synthesis Settings -> More Settings" to "Off".


+------------------------------------------------------------------------------------+
; Parameter Settings for Inferred Entity Instance: MG90S_Driver2:U12|lpm_mult:Mult0  ;
+------------------------------------------------+-------------+---------------------+
; Parameter Name                                 ; Value       ; Type                ;
+------------------------------------------------+-------------+---------------------+
; AUTO_CARRY_CHAINS                              ; ON          ; AUTO_CARRY          ;
; IGNORE_CARRY_BUFFERS                           ; OFF         ; IGNORE_CARRY        ;
; AUTO_CASCADE_CHAINS                            ; ON          ; AUTO_CASCADE        ;
; IGNORE_CASCADE_BUFFERS                         ; OFF         ; IGNORE_CASCADE      ;
; LPM_WIDTHA                                     ; 12          ; Untyped             ;
; LPM_WIDTHB                                     ; 8           ; Untyped             ;
; LPM_WIDTHP                                     ; 20          ; Untyped             ;
; LPM_WIDTHR                                     ; 20          ; Untyped             ;
; LPM_WIDTHS                                     ; 1           ; Untyped             ;
; LPM_REPRESENTATION                             ; UNSIGNED    ; Untyped             ;
; LPM_PIPELINE                                   ; 0           ; Untyped             ;
; LATENCY                                        ; 0           ; Untyped             ;
; INPUT_A_IS_CONSTANT                            ; YES         ; Untyped             ;
; INPUT_B_IS_CONSTANT                            ; NO          ; Untyped             ;
; USE_EAB                                        ; OFF         ; Untyped             ;
; MAXIMIZE_SPEED                                 ; 5           ; Untyped             ;
; DEVICE_FAMILY                                  ; Cyclone III ; Untyped             ;
; CARRY_CHAIN                                    ; MANUAL      ; Untyped             ;
; APEX20K_TECHNOLOGY_MAPPER                      ; LUT         ; TECH_MAPPER_APEX20K ;
; DEDICATED_MULTIPLIER_CIRCUITRY                 ; AUTO        ; Untyped             ;
; DEDICATED_MULTIPLIER_MIN_INPUT_WIDTH_FOR_AUTO  ; 0           ; Untyped             ;
; DEDICATED_MULTIPLIER_MIN_OUTPUT_WIDTH_FOR_AUTO ; 0           ; Untyped             ;
; CBXI_PARAMETER                                 ; NOTHING     ; Untyped             ;
; INPUT_A_FIXED_VALUE                            ; Bx          ; Untyped             ;
; INPUT_B_FIXED_VALUE                            ; Bx          ; Untyped             ;
; USE_AHDL_IMPLEMENTATION                        ; OFF         ; Untyped             ;
+------------------------------------------------+-------------+---------------------+
Note: In order to hide this table in the UI and the text report file, please set the "Show Parameter Settings Tables in Synthesis Report" option in "Analysis and Synthesis Settings -> More Settings" to "Off".


+------------------------------------------------------------------------------------+
; Parameter Settings for Inferred Entity Instance: MG90S_Driver2:U12|lpm_divide:Div0 ;
+------------------------+----------------+------------------------------------------+
; Parameter Name         ; Value          ; Type                                     ;
+------------------------+----------------+------------------------------------------+
; LPM_WIDTHN             ; 20             ; Untyped                                  ;
; LPM_WIDTHD             ; 4              ; Untyped                                  ;
; LPM_NREPRESENTATION    ; UNSIGNED       ; Untyped                                  ;
; LPM_DREPRESENTATION    ; UNSIGNED       ; Untyped                                  ;
; LPM_PIPELINE           ; 0              ; Untyped                                  ;
; LPM_REMAINDERPOSITIVE  ; TRUE           ; Untyped                                  ;
; MAXIMIZE_SPEED         ; 5              ; Untyped                                  ;
; CBXI_PARAMETER         ; lpm_divide_khm ; Untyped                                  ;
; CARRY_CHAIN            ; MANUAL         ; Untyped                                  ;
; OPTIMIZE_FOR_SPEED     ; 5              ; Untyped                                  ;
; AUTO_CARRY_CHAINS      ; ON             ; AUTO_CARRY                               ;
; IGNORE_CARRY_BUFFERS   ; OFF            ; IGNORE_CARRY                             ;
; AUTO_CASCADE_CHAINS    ; ON             ; AUTO_CASCADE                             ;
; IGNORE_CASCADE_BUFFERS ; OFF            ; IGNORE_CASCADE                           ;
+------------------------+----------------+------------------------------------------+
Note: In order to hide this table in the UI and the text report file, please set the "Show Parameter Settings Tables in Synthesis Report" option in "Analysis and Synthesis Settings -> More Settings" to "Off".


+--------------------------------------------------------------------------+
; lpm_mult Parameter Settings by Entity Instance                           ;
+---------------------------------------+----------------------------------+
; Name                                  ; Value                            ;
+---------------------------------------+----------------------------------+
; Number of entity instances            ; 2                                ;
; Entity Instance                       ; MG90S_Driver2:U1|lpm_mult:Mult0  ;
;     -- LPM_WIDTHA                     ; 12                               ;
;     -- LPM_WIDTHB                     ; 8                                ;
;     -- LPM_WIDTHP                     ; 20                               ;
;     -- LPM_REPRESENTATION             ; UNSIGNED                         ;
;     -- INPUT_A_IS_CONSTANT            ; YES                              ;
;     -- INPUT_B_IS_CONSTANT            ; NO                               ;
;     -- USE_EAB                        ; OFF                              ;
;     -- DEDICATED_MULTIPLIER_CIRCUITRY ; AUTO                             ;
;     -- INPUT_A_FIXED_VALUE            ; Bx                               ;
;     -- INPUT_B_FIXED_VALUE            ; Bx                               ;
; Entity Instance                       ; MG90S_Driver2:U12|lpm_mult:Mult0 ;
;     -- LPM_WIDTHA                     ; 12                               ;
;     -- LPM_WIDTHB                     ; 8                                ;
;     -- LPM_WIDTHP                     ; 20                               ;
;     -- LPM_REPRESENTATION             ; UNSIGNED                         ;
;     -- INPUT_A_IS_CONSTANT            ; YES                              ;
;     -- INPUT_B_IS_CONSTANT            ; NO                               ;
;     -- USE_EAB                        ; OFF                              ;
;     -- DEDICATED_MULTIPLIER_CIRCUITRY ; AUTO                             ;
;     -- INPUT_A_FIXED_VALUE            ; Bx                               ;
;     -- INPUT_B_FIXED_VALUE            ; Bx                               ;
+---------------------------------------+----------------------------------+


+-------------------------------+
; Analysis & Synthesis Messages ;
+-------------------------------+
Info: *******************************************************************
Info: Running Quartus II Analysis & Synthesis
    Info: Version 9.1 Build 350 03/24/2010 Service Pack 2 SJ Web Edition
    Info: Processing started: Sat Mar 10 12:53:55 2018
Info: Command: quartus_map --read_settings_files=on --write_settings_files=off CH12_MG90S_2 -c CH12_MG90S_2
Warning: Using design file ch12_mg90s_2.vhd, which is not specified as a design file for the current project, but contains definitions for 2 design units and 1 entities in project
    Info: Found design unit 1: CH12_MG90S_2-Albert
    Info: Found entity 1: CH12_MG90S_2
Info: Elaborating entity "CH12_MG90S_2" for the top level hierarchy
Warning (10492): VHDL Process Statement warning at ch12_mg90s_2.vhd(104): signal "APic" is read inside the Process Statement but isn't in the Process Statement's sensitivity list
Warning (10492): VHDL Process Statement warning at ch12_mg90s_2.vhd(134): signal "APi" is read inside the Process Statement but isn't in the Process Statement's sensitivity list
Warning (10492): VHDL Process Statement warning at ch12_mg90s_2.vhd(134): signal "APic" is read inside the Process Statement but isn't in the Process Statement's sensitivity list
Warning (10492): VHDL Process Statement warning at ch12_mg90s_2.vhd(135): signal "APic" is read inside the Process Statement but isn't in the Process Statement's sensitivity list
Warning (10492): VHDL Process Statement warning at ch12_mg90s_2.vhd(143): signal "BPi" is read inside the Process Statement but isn't in the Process Statement's sensitivity list
Warning (10492): VHDL Process Statement warning at ch12_mg90s_2.vhd(143): signal "BPic" is read inside the Process Statement but isn't in the Process Statement's sensitivity list
Warning (10492): VHDL Process Statement warning at ch12_mg90s_2.vhd(144): signal "BPic" is read inside the Process Statement but isn't in the Process Statement's sensitivity list
Warning (10492): VHDL Process Statement warning at ch12_mg90s_2.vhd(152): signal "PBi" is read inside the Process Statement but isn't in the Process Statement's sensitivity list
Warning (10492): VHDL Process Statement warning at ch12_mg90s_2.vhd(152): signal "PBic" is read inside the Process Statement but isn't in the Process Statement's sensitivity list
Warning (10492): VHDL Process Statement warning at ch12_mg90s_2.vhd(153): signal "PBic" is read inside the Process Statement but isn't in the Process Statement's sensitivity list
Warning (10492): VHDL Process Statement warning at ch12_mg90s_2.vhd(164): signal "rstP99" is read inside the Process Statement but isn't in the Process Statement's sensitivity list
Warning: Using design file mg90s_driver2.vhd, which is not specified as a design file for the current project, but contains definitions for 2 design units and 1 entities in project
    Info: Found design unit 1: MG90S_Driver2-Albert
    Info: Found entity 1: MG90S_Driver2
Info: Elaborating entity "MG90S_Driver2" for hierarchy "MG90S_Driver2:U1"
Info: Inferred 4 megafunctions from design logic
    Info: Inferred multiplier megafunction ("lpm_mult") from the following logic: "MG90S_Driver2:U1|Mult0"
    Info: Inferred divider/modulo megafunction ("lpm_divide") from the following logic: "MG90S_Driver2:U1|Div0"
    Info: Inferred multiplier megafunction ("lpm_mult") from the following logic: "MG90S_Driver2:U12|Mult0"
    Info: Inferred divider/modulo megafunction ("lpm_divide") from the following logic: "MG90S_Driver2:U12|Div0"
Info: Elaborated megafunction instantiation "MG90S_Driver2:U1|lpm_mult:Mult0"
Info: Instantiated megafunction "MG90S_Driver2:U1|lpm_mult:Mult0" with the following parameter:
    Info: Parameter "LPM_WIDTHA" = "12"
    Info: Parameter "LPM_WIDTHB" = "8"
    Info: Parameter "LPM_WIDTHP" = "20"
    Info: Parameter "LPM_WIDTHR" = "20"
    Info: Parameter "LPM_WIDTHS" = "1"
    Info: Parameter "LPM_REPRESENTATION" = "UNSIGNED"
    Info: Parameter "INPUT_A_IS_CONSTANT" = "YES"
    Info: Parameter "INPUT_B_IS_CONSTANT" = "NO"
    Info: Parameter "MAXIMIZE_SPEED" = "5"
Info: Elaborated megafunction instantiation "MG90S_Driver2:U1|lpm_mult:Mult0|multcore:mult_core", which is child of megafunction instantiation "MG90S_Driver2:U1|lpm_mult:Mult0"
Info: Elaborated megafunction instantiation "MG90S_Driver2:U1|lpm_mult:Mult0|multcore:mult_core|mpar_add:padder", which is child of megafunction instantiation "MG90S_Driver2:U1|lpm_mult:Mult0"
Info: Elaborated megafunction instantiation "MG90S_Driver2:U1|lpm_mult:Mult0|multcore:mult_core|mpar_add:padder|lpm_add_sub:adder[0]", which is child of megafunction instantiation "MG90S_Driver2:U1|lpm_mult:Mult0"
Info: Found 1 design units, including 1 entities, in source file db/add_sub_gfh.tdf
    Info: Found entity 1: add_sub_gfh
Info: Elaborated megafunction instantiation "MG90S_Driver2:U1|lpm_mult:Mult0|altshift:external_latency_ffs", which is child of megafunction instantiation "MG90S_Driver2:U1|lpm_mult:Mult0"
Info: Elaborated megafunction instantiation "MG90S_Driver2:U1|lpm_divide:Div0"
Info: Instantiated megafunction "MG90S_Driver2:U1|lpm_divide:Div0" with the following parameter:
    Info: Parameter "LPM_WIDTHN" = "20"
    Info: Parameter "LPM_WIDTHD" = "4"
    Info: Parameter "LPM_NREPRESENTATION" = "UNSIGNED"
    Info: Parameter "LPM_DREPRESENTATION" = "UNSIGNED"
Info: Found 1 design units, including 1 entities, in source file db/lpm_divide_khm.tdf
    Info: Found entity 1: lpm_divide_khm
Info: Found 1 design units, including 1 entities, in source file db/sign_div_unsign_llh.tdf
    Info: Found entity 1: sign_div_unsign_llh
Info: Found 1 design units, including 1 entities, in source file db/alt_u_div_l5f.tdf
    Info: Found entity 1: alt_u_div_l5f
Info: Found 1 design units, including 1 entities, in source file db/add_sub_unc.tdf
    Info: Found entity 1: add_sub_unc
Info: Found 1 design units, including 1 entities, in source file db/add_sub_vnc.tdf
    Info: Found entity 1: add_sub_vnc
Info: Timing-Driven Synthesis is running
Info: 7 registers lost all their fanouts during netlist optimizations. The first 7 are displayed below.
    Info: Register "FD[18]" lost all its fanouts during netlist optimizations.
    Info: Register "FD[19]" lost all its fanouts during netlist optimizations.
    Info: Register "FD[20]" lost all its fanouts during netlist optimizations.
    Info: Register "FD[21]" lost all its fanouts during netlist optimizations.
    Info: Register "FD[22]" lost all its fanouts during netlist optimizations.
    Info: Register "FD[23]" lost all its fanouts during netlist optimizations.
    Info: Register "FD[24]" lost all its fanouts during netlist optimizations.
Info: Found the following redundant logic cells in design
    Info (17048): Logic cell "MG90S_Driver2:U1|lpm_divide:Div0|lpm_divide_khm:auto_generated|sign_div_unsign_llh:divider|alt_u_div_l5f:divider|add_sub_17_result_int[0]~10"
    Info (17048): Logic cell "MG90S_Driver2:U12|lpm_divide:Div0|lpm_divide_khm:auto_generated|sign_div_unsign_llh:divider|alt_u_div_l5f:divider|add_sub_17_result_int[0]~10"
Info: Implemented 687 device resources after synthesis - the final resource count might be different
    Info: Implemented 5 input pins
    Info: Implemented 4 output pins
    Info: Implemented 678 logic cells
Info: Quartus II Analysis & Synthesis was successful. 0 errors, 13 warnings
    Info: Peak virtual memory: 307 megabytes
    Info: Processing ended: Sat Mar 10 12:53:57 2018
    Info: Elapsed time: 00:00:02
    Info: Total CPU time (on all processors): 00:00:02


