Flow report for CH13_UART_1
Sat Mar 10 12:55:30 2018
Quartus II Version 9.1 Build 350 03/24/2010 Service Pack 2 SJ Web Edition


---------------------
; Table of Contents ;
---------------------
  1. Legal Notice
  2. Flow Summary
  3. Flow Settings
  4. Flow Non-Default Global Settings
  5. Flow Elapsed Time
  6. Flow OS Summary
  7. Flow Log



----------------
; Legal Notice ;
----------------
Copyright (C) 1991-2010 Altera Corporation
Your use of Altera Corporation's design tools, logic functions 
and other software and tools, and its AMPP partner logic 
functions, and any output files from any of the foregoing 
(including device programming or simulation files), and any 
associated documentation or information are expressly subject 
to the terms and conditions of the Altera Program License 
Subscription Agreement, Altera MegaCore Function License 
Agreement, or other applicable license agreement, including, 
without limitation, that your use is for the sole purpose of 
programming logic devices manufactured by Altera and sold by 
Altera or its authorized distributors.  Please refer to the 
applicable agreement for further details.



+-----------------------------------------------------------------------------------+
; Flow Summary                                                                      ;
+------------------------------------+----------------------------------------------+
; Flow Status                        ; Successful - Sat Mar 10 12:55:24 2018        ;
; Quartus II Version                 ; 9.1 Build 350 03/24/2010 SP 2 SJ Web Edition ;
; Revision Name                      ; CH13_UART_1                                  ;
; Top-level Entity Name              ; CH13_UART_1                                  ;
; Family                             ; Cyclone III                                  ;
; Device                             ; EP3C16Q240C8                                 ;
; Timing Models                      ; Final                                        ;
; Met timing requirements            ; N/A                                          ;
; Total logic elements               ; 1,913 / 15,408 ( 12 % )                      ;
;     Total combinational functions  ; 1,887 / 15,408 ( 12 % )                      ;
;     Dedicated logic registers      ; 249 / 15,408 ( 2 % )                         ;
; Total registers                    ; 249                                          ;
; Total pins                         ; 16 / 161 ( 10 % )                            ;
; Total virtual pins                 ; 0                                            ;
; Total memory bits                  ; 0 / 516,096 ( 0 % )                          ;
; Embedded Multiplier 9-bit elements ; 0 / 112 ( 0 % )                              ;
; Total PLLs                         ; 0 / 4 ( 0 % )                                ;
+------------------------------------+----------------------------------------------+


+-----------------------------------------+
; Flow Settings                           ;
+-------------------+---------------------+
; Option            ; Setting             ;
+-------------------+---------------------+
; Start date & time ; 03/10/2018 12:55:09 ;
; Main task         ; Compilation         ;
; Revision Name     ; CH13_UART_1         ;
+-------------------+---------------------+


+------------------------------------------------------------------------------------------------------------------------------------------+
; Flow Non-Default Global Settings                                                                                                         ;
+------------------------------------+------------------------------------------------------+---------------+-------------+----------------+
; Assignment Name                    ; Value                                                ; Default Value ; Entity Name ; Section Id     ;
+------------------------------------+------------------------------------------------------+---------------+-------------+----------------+
; COMPILER_SIGNATURE_ID              ; 53164079187908.152065770904264                       ; --            ; --          ; --             ;
; MAX_CORE_JUNCTION_TEMP             ; 85                                                   ; --            ; --          ; --             ;
; MIN_CORE_JUNCTION_TEMP             ; 0                                                    ; --            ; --          ; --             ;
; MISC_FILE                          ; D:/KTM626/CH13/CH13_UART_1/CH13_UART_1.dpf           ; --            ; --          ; --             ;
; MISC_FILE                          ; D:/KTM-626®ÑÄy/½d¨Ò/CH13/CH13_UART_1/CH13_UART_1.dpf ; --            ; --          ; --             ;
; NOMINAL_CORE_SUPPLY_VOLTAGE        ; 1.2V                                                 ; --            ; --          ; --             ;
; PARTITION_COLOR                    ; 16764057                                             ; --            ; --          ; Top            ;
; PARTITION_NETLIST_TYPE             ; SOURCE                                               ; --            ; --          ; Top            ;
; USE_GENERATED_PHYSICAL_CONSTRAINTS ; Off                                                  ; --            ; --          ; eda_blast_fpga ;
+------------------------------------+------------------------------------------------------+---------------+-------------+----------------+


+-------------------------------------------------------------------------------------------------------------------------------+
; Flow Elapsed Time                                                                                                             ;
+---------------------------+--------------+-------------------------+---------------------+------------------------------------+
; Module Name               ; Elapsed Time ; Average Processors Used ; Peak Virtual Memory ; Total CPU Time (on all processors) ;
+---------------------------+--------------+-------------------------+---------------------+------------------------------------+
; Analysis & Synthesis      ; 00:00:05     ; 1.0                     ; 312 MB              ; 00:00:05                           ;
; Fitter                    ; 00:00:07     ; 1.0                     ; 342 MB              ; 00:00:07                           ;
; TimeQuest Timing Analyzer ; 00:00:07     ; 1.0                     ; 310 MB              ; 00:00:06                           ;
; Assembler                 ; 00:00:01     ; 1.0                     ; 281 MB              ; 00:00:01                           ;
; Total                     ; 00:00:19     ; --                      ; --                  ; 00:00:18                           ;
+---------------------------+--------------+-------------------------+---------------------+------------------------------------+


+--------------------------------------------------------------------------------------------+
; Flow OS Summary                                                                            ;
+---------------------------+------------------+---------------+------------+----------------+
; Module Name               ; Machine Hostname ; OS Name       ; OS Version ; Processor type ;
+---------------------------+------------------+---------------+------------+----------------+
; Analysis & Synthesis      ; DESKTOP-Yiher    ; Windows Vista ; 6.2        ; x86_64         ;
; Fitter                    ; DESKTOP-Yiher    ; Windows Vista ; 6.2        ; x86_64         ;
; Assembler                 ; DESKTOP-Yiher    ; Windows Vista ; 6.2        ; x86_64         ;
; TimeQuest Timing Analyzer ; DESKTOP-Yiher    ; Windows Vista ; 6.2        ; x86_64         ;
+---------------------------+------------------+---------------+------------+----------------+


------------
; Flow Log ;
------------
quartus_map --read_settings_files=on --write_settings_files=off CH13_UART_1 -c CH13_UART_1
quartus_fit --read_settings_files=off --write_settings_files=off CH13_UART_1 -c CH13_UART_1
quartus_asm --read_settings_files=off --write_settings_files=off CH13_UART_1 -c CH13_UART_1
quartus_sta CH13_UART_1 -c CH13_UART_1



