Analysis & Synthesis report for CH10_DHT11_2
Sat Mar 10 13:04:58 2018
Quartus II Version 9.1 Build 350 03/24/2010 Service Pack 2 SJ Web Edition


---------------------
; Table of Contents ;
---------------------
  1. Legal Notice
  2. Analysis & Synthesis Summary
  3. Analysis & Synthesis Settings
  4. Parallel Compilation
  5. Analysis & Synthesis Source Files Read
  6. Analysis & Synthesis Resource Usage Summary
  7. Analysis & Synthesis Resource Utilization by Entity
  8. Registers Removed During Synthesis
  9. General Register Statistics
 10. Inverted Register Statistics
 11. Multiplexer Restructuring Statistics (Restructuring Performed)
 12. Parameter Settings for Inferred Entity Instance: lpm_divide:Mod2
 13. Parameter Settings for Inferred Entity Instance: lpm_divide:Div0
 14. Parameter Settings for Inferred Entity Instance: lpm_divide:Mod1
 15. Parameter Settings for Inferred Entity Instance: lpm_divide:Mod0
 16. Parameter Settings for Inferred Entity Instance: lpm_divide:Div1
 17. Parameter Settings for Inferred Entity Instance: lpm_divide:Mod3
 18. Port Connectivity Checks: "DHT11_driver:U2"
 19. Analysis & Synthesis Messages



----------------
; Legal Notice ;
----------------
Copyright (C) 1991-2010 Altera Corporation
Your use of Altera Corporation's design tools, logic functions 
and other software and tools, and its AMPP partner logic 
functions, and any output files from any of the foregoing 
(including device programming or simulation files), and any 
associated documentation or information are expressly subject 
to the terms and conditions of the Altera Program License 
Subscription Agreement, Altera MegaCore Function License 
Agreement, or other applicable license agreement, including, 
without limitation, that your use is for the sole purpose of 
programming logic devices manufactured by Altera and sold by 
Altera or its authorized distributors.  Please refer to the 
applicable agreement for further details.



+-----------------------------------------------------------------------------------+
; Analysis & Synthesis Summary                                                      ;
+------------------------------------+----------------------------------------------+
; Analysis & Synthesis Status        ; Successful - Sat Mar 10 13:04:58 2018        ;
; Quartus II Version                 ; 9.1 Build 350 03/24/2010 SP 2 SJ Web Edition ;
; Revision Name                      ; CH10_DHT11_2                                 ;
; Top-level Entity Name              ; CH10_DHT11_2                                 ;
; Family                             ; Cyclone III                                  ;
; Total logic elements               ; 609                                          ;
;     Total combinational functions  ; 560                                          ;
;     Dedicated logic registers      ; 138                                          ;
; Total registers                    ; 138                                          ;
; Total pins                         ; 34                                           ;
; Total virtual pins                 ; 0                                            ;
; Total memory bits                  ; 0                                            ;
; Embedded Multiplier 9-bit elements ; 0                                            ;
; Total PLLs                         ; 0                                            ;
+------------------------------------+----------------------------------------------+


+----------------------------------------------------------------------------------------------------------------------+
; Analysis & Synthesis Settings                                                                                        ;
+----------------------------------------------------------------------------+--------------------+--------------------+
; Option                                                                     ; Setting            ; Default Value      ;
+----------------------------------------------------------------------------+--------------------+--------------------+
; Device                                                                     ; EP3C16Q240C8       ;                    ;
; Top-level entity name                                                      ; CH10_DHT11_2       ; CH10_DHT11_2       ;
; Family name                                                                ; Cyclone III        ; Stratix II         ;
; Use Generated Physical Constraints File                                    ; Off                ;                    ;
; Use smart compilation                                                      ; Off                ; Off                ;
; Enable parallel Assembler and TimeQuest Timing Analyzer during compilation ; On                 ; On                 ;
; Enable compact report table                                                ; Off                ; Off                ;
; Restructure Multiplexers                                                   ; Auto               ; Auto               ;
; Create Debugging Nodes for IP Cores                                        ; Off                ; Off                ;
; Preserve fewer node names                                                  ; On                 ; On                 ;
; Disable OpenCore Plus hardware evaluation                                  ; Off                ; Off                ;
; Verilog Version                                                            ; Verilog_2001       ; Verilog_2001       ;
; VHDL Version                                                               ; VHDL_1993          ; VHDL_1993          ;
; State Machine Processing                                                   ; Auto               ; Auto               ;
; Safe State Machine                                                         ; Off                ; Off                ;
; Extract Verilog State Machines                                             ; On                 ; On                 ;
; Extract VHDL State Machines                                                ; On                 ; On                 ;
; Ignore Verilog initial constructs                                          ; Off                ; Off                ;
; Iteration limit for constant Verilog loops                                 ; 5000               ; 5000               ;
; Iteration limit for non-constant Verilog loops                             ; 250                ; 250                ;
; Add Pass-Through Logic to Inferred RAMs                                    ; On                 ; On                 ;
; Parallel Synthesis                                                         ; On                 ; On                 ;
; DSP Block Balancing                                                        ; Auto               ; Auto               ;
; NOT Gate Push-Back                                                         ; On                 ; On                 ;
; Power-Up Don't Care                                                        ; On                 ; On                 ;
; Remove Redundant Logic Cells                                               ; Off                ; Off                ;
; Remove Duplicate Registers                                                 ; On                 ; On                 ;
; Ignore CARRY Buffers                                                       ; Off                ; Off                ;
; Ignore CASCADE Buffers                                                     ; Off                ; Off                ;
; Ignore GLOBAL Buffers                                                      ; Off                ; Off                ;
; Ignore ROW GLOBAL Buffers                                                  ; Off                ; Off                ;
; Ignore LCELL Buffers                                                       ; Off                ; Off                ;
; Ignore SOFT Buffers                                                        ; On                 ; On                 ;
; Limit AHDL Integers to 32 Bits                                             ; Off                ; Off                ;
; Optimization Technique                                                     ; Balanced           ; Balanced           ;
; Carry Chain Length                                                         ; 70                 ; 70                 ;
; Auto Carry Chains                                                          ; On                 ; On                 ;
; Auto Open-Drain Pins                                                       ; On                 ; On                 ;
; Perform WYSIWYG Primitive Resynthesis                                      ; Off                ; Off                ;
; Auto ROM Replacement                                                       ; On                 ; On                 ;
; Auto RAM Replacement                                                       ; On                 ; On                 ;
; Auto DSP Block Replacement                                                 ; On                 ; On                 ;
; Auto Shift Register Replacement                                            ; Auto               ; Auto               ;
; Auto Clock Enable Replacement                                              ; On                 ; On                 ;
; Strict RAM Replacement                                                     ; Off                ; Off                ;
; Allow Synchronous Control Signals                                          ; On                 ; On                 ;
; Force Use of Synchronous Clear Signals                                     ; Off                ; Off                ;
; Auto RAM Block Balancing                                                   ; On                 ; On                 ;
; Auto RAM to Logic Cell Conversion                                          ; Off                ; Off                ;
; Auto Resource Sharing                                                      ; Off                ; Off                ;
; Allow Any RAM Size For Recognition                                         ; Off                ; Off                ;
; Allow Any ROM Size For Recognition                                         ; Off                ; Off                ;
; Allow Any Shift Register Size For Recognition                              ; Off                ; Off                ;
; Use LogicLock Constraints during Resource Balancing                        ; On                 ; On                 ;
; Ignore translate_off and synthesis_off directives                          ; Off                ; Off                ;
; Timing-Driven Synthesis                                                    ; On                 ; On                 ;
; Show Parameter Settings Tables in Synthesis Report                         ; On                 ; On                 ;
; Ignore Maximum Fan-Out Assignments                                         ; Off                ; Off                ;
; Synchronization Register Chain Length                                      ; 2                  ; 2                  ;
; PowerPlay Power Optimization                                               ; Normal compilation ; Normal compilation ;
; HDL message level                                                          ; Level2             ; Level2             ;
; Suppress Register Optimization Related Messages                            ; Off                ; Off                ;
; Number of Removed Registers Reported in Synthesis Report                   ; 5000               ; 5000               ;
; Number of Inverted Registers Reported in Synthesis Report                  ; 100                ; 100                ;
; Clock MUX Protection                                                       ; On                 ; On                 ;
; Auto Gated Clock Conversion                                                ; Off                ; Off                ;
; Block Design Naming                                                        ; Auto               ; Auto               ;
; SDC constraint protection                                                  ; Off                ; Off                ;
; Synthesis Effort                                                           ; Auto               ; Auto               ;
; Shift Register Replacement - Allow Asynchronous Clear Signal               ; On                 ; On                 ;
; Analysis & Synthesis Message Level                                         ; Medium             ; Medium             ;
; Disable Register Merging Across Hierarchies                                ; Auto               ; Auto               ;
; Resource Aware Inference For Block RAM                                     ; On                 ; On                 ;
+----------------------------------------------------------------------------+--------------------+--------------------+


Parallel compilation was disabled, but you have multiple processors available. Enable parallel compilation to reduce compilation time.
+-------------------------------------+
; Parallel Compilation                ;
+----------------------------+--------+
; Processors                 ; Number ;
+----------------------------+--------+
; Number detected on machine ; 4      ;
; Maximum allowed            ; 1      ;
+----------------------------+--------+


+------------------------------------------------------------------------------------------------------------------------------------------------------+
; Analysis & Synthesis Source Files Read                                                                                                               ;
+----------------------------------+-----------------+------------------------------+------------------------------------------------------------------+
; File Name with User-Entered Path ; Used in Netlist ; File Type                    ; File Name with Absolute Path                                     ;
+----------------------------------+-----------------+------------------------------+------------------------------------------------------------------+
; ch10_dht11_2.vhd                 ; yes             ; Auto-Found VHDL File         ; D:/KTM-626®ÑÄy/½d¨Ò/CH10/CH10_DHT11_2/ch10_dht11_2.vhd           ;
; dht11_driver.vhd                 ; yes             ; Auto-Found VHDL File         ; D:/KTM-626®ÑÄy/½d¨Ò/CH10/CH10_DHT11_2/dht11_driver.vhd           ;
; lpm_divide.tdf                   ; yes             ; Megafunction                 ; c:/altera/91sp2/quartus/libraries/megafunctions/lpm_divide.tdf   ;
; db/lpm_divide_h8m.tdf            ; yes             ; Auto-Generated Megafunction  ; D:/KTM-626®ÑÄy/½d¨Ò/CH10/CH10_DHT11_2/db/lpm_divide_h8m.tdf      ;
; db/sign_div_unsign_fkh.tdf       ; yes             ; Auto-Generated Megafunction  ; D:/KTM-626®ÑÄy/½d¨Ò/CH10/CH10_DHT11_2/db/sign_div_unsign_fkh.tdf ;
; db/alt_u_div_93f.tdf             ; yes             ; Auto-Generated Megafunction  ; D:/KTM-626®ÑÄy/½d¨Ò/CH10/CH10_DHT11_2/db/alt_u_div_93f.tdf       ;
; db/add_sub_unc.tdf               ; yes             ; Auto-Generated Megafunction  ; D:/KTM-626®ÑÄy/½d¨Ò/CH10/CH10_DHT11_2/db/add_sub_unc.tdf         ;
; db/add_sub_vnc.tdf               ; yes             ; Auto-Generated Megafunction  ; D:/KTM-626®ÑÄy/½d¨Ò/CH10/CH10_DHT11_2/db/add_sub_vnc.tdf         ;
; db/lpm_divide_agm.tdf            ; yes             ; Auto-Generated Megafunction  ; D:/KTM-626®ÑÄy/½d¨Ò/CH10/CH10_DHT11_2/db/lpm_divide_agm.tdf      ;
; db/sign_div_unsign_bkh.tdf       ; yes             ; Auto-Generated Megafunction  ; D:/KTM-626®ÑÄy/½d¨Ò/CH10/CH10_DHT11_2/db/sign_div_unsign_bkh.tdf ;
; db/alt_u_div_13f.tdf             ; yes             ; Auto-Generated Megafunction  ; D:/KTM-626®ÑÄy/½d¨Ò/CH10/CH10_DHT11_2/db/alt_u_div_13f.tdf       ;
+----------------------------------+-----------------+------------------------------+------------------------------------------------------------------+


+-----------------------------------------------------+
; Analysis & Synthesis Resource Usage Summary         ;
+---------------------------------------------+-------+
; Resource                                    ; Usage ;
+---------------------------------------------+-------+
; Estimated Total logic elements              ; 609   ;
;                                             ;       ;
; Total combinational functions               ; 560   ;
; Logic element usage by number of LUT inputs ;       ;
;     -- 4 input functions                    ; 148   ;
;     -- 3 input functions                    ; 140   ;
;     -- <=2 input functions                  ; 272   ;
;                                             ;       ;
; Logic elements by mode                      ;       ;
;     -- normal mode                          ; 359   ;
;     -- arithmetic mode                      ; 201   ;
;                                             ;       ;
; Total registers                             ; 138   ;
;     -- Dedicated logic registers            ; 138   ;
;     -- I/O registers                        ; 0     ;
;                                             ;       ;
; I/O pins                                    ; 34    ;
; Maximum fan-out node                        ; FD[5] ;
; Maximum fan-out                             ; 95    ;
; Total fan-out                               ; 2033  ;
; Average fan-out                             ; 2.65  ;
+---------------------------------------------+-------+


+-----------------------------------------------------------------------------------------------------------------------------------------------------------------------------------------------------------------------------------------------------------------------------------+
; Analysis & Synthesis Resource Utilization by Entity                                                                                                                                                                                                                               ;
+----------------------------------------+-------------------+--------------+-------------+--------------+---------+-----------+------+--------------+---------------------------------------------------------------------------------------------------------------+--------------+
; Compilation Hierarchy Node             ; LC Combinationals ; LC Registers ; Memory Bits ; DSP Elements ; DSP 9x9 ; DSP 18x18 ; Pins ; Virtual Pins ; Full Hierarchy Name                                                                                           ; Library Name ;
+----------------------------------------+-------------------+--------------+-------------+--------------+---------+-----------+------+--------------+---------------------------------------------------------------------------------------------------------------+--------------+
; |CH10_DHT11_2                          ; 560 (104)         ; 138 (44)     ; 0           ; 0            ; 0       ; 0         ; 34   ; 0            ; |CH10_DHT11_2                                                                                                 ; work         ;
;    |Dht11_Driver:U2|                   ; 126 (126)         ; 94 (94)      ; 0           ; 0            ; 0       ; 0         ; 0    ; 0            ; |CH10_DHT11_2|Dht11_Driver:U2                                                                                 ;              ;
;    |lpm_divide:Div0|                   ; 56 (0)            ; 0 (0)        ; 0           ; 0            ; 0       ; 0         ; 0    ; 0            ; |CH10_DHT11_2|lpm_divide:Div0                                                                                 ;              ;
;       |lpm_divide_agm:auto_generated|  ; 56 (0)            ; 0 (0)        ; 0           ; 0            ; 0       ; 0         ; 0    ; 0            ; |CH10_DHT11_2|lpm_divide:Div0|lpm_divide_agm:auto_generated                                                   ;              ;
;          |sign_div_unsign_bkh:divider| ; 56 (0)            ; 0 (0)        ; 0           ; 0            ; 0       ; 0         ; 0    ; 0            ; |CH10_DHT11_2|lpm_divide:Div0|lpm_divide_agm:auto_generated|sign_div_unsign_bkh:divider                       ;              ;
;             |alt_u_div_13f:divider|    ; 56 (56)           ; 0 (0)        ; 0           ; 0            ; 0       ; 0         ; 0    ; 0            ; |CH10_DHT11_2|lpm_divide:Div0|lpm_divide_agm:auto_generated|sign_div_unsign_bkh:divider|alt_u_div_13f:divider ;              ;
;    |lpm_divide:Div1|                   ; 56 (0)            ; 0 (0)        ; 0           ; 0            ; 0       ; 0         ; 0    ; 0            ; |CH10_DHT11_2|lpm_divide:Div1                                                                                 ;              ;
;       |lpm_divide_agm:auto_generated|  ; 56 (0)            ; 0 (0)        ; 0           ; 0            ; 0       ; 0         ; 0    ; 0            ; |CH10_DHT11_2|lpm_divide:Div1|lpm_divide_agm:auto_generated                                                   ;              ;
;          |sign_div_unsign_bkh:divider| ; 56 (0)            ; 0 (0)        ; 0           ; 0            ; 0       ; 0         ; 0    ; 0            ; |CH10_DHT11_2|lpm_divide:Div1|lpm_divide_agm:auto_generated|sign_div_unsign_bkh:divider                       ;              ;
;             |alt_u_div_13f:divider|    ; 56 (56)           ; 0 (0)        ; 0           ; 0            ; 0       ; 0         ; 0    ; 0            ; |CH10_DHT11_2|lpm_divide:Div1|lpm_divide_agm:auto_generated|sign_div_unsign_bkh:divider|alt_u_div_13f:divider ;              ;
;    |lpm_divide:Mod0|                   ; 77 (0)            ; 0 (0)        ; 0           ; 0            ; 0       ; 0         ; 0    ; 0            ; |CH10_DHT11_2|lpm_divide:Mod0                                                                                 ;              ;
;       |lpm_divide_h8m:auto_generated|  ; 77 (0)            ; 0 (0)        ; 0           ; 0            ; 0       ; 0         ; 0    ; 0            ; |CH10_DHT11_2|lpm_divide:Mod0|lpm_divide_h8m:auto_generated                                                   ;              ;
;          |sign_div_unsign_fkh:divider| ; 77 (0)            ; 0 (0)        ; 0           ; 0            ; 0       ; 0         ; 0    ; 0            ; |CH10_DHT11_2|lpm_divide:Mod0|lpm_divide_h8m:auto_generated|sign_div_unsign_fkh:divider                       ;              ;
;             |alt_u_div_93f:divider|    ; 77 (77)           ; 0 (0)        ; 0           ; 0            ; 0       ; 0         ; 0    ; 0            ; |CH10_DHT11_2|lpm_divide:Mod0|lpm_divide_h8m:auto_generated|sign_div_unsign_fkh:divider|alt_u_div_93f:divider ;              ;
;    |lpm_divide:Mod1|                   ; 32 (0)            ; 0 (0)        ; 0           ; 0            ; 0       ; 0         ; 0    ; 0            ; |CH10_DHT11_2|lpm_divide:Mod1                                                                                 ;              ;
;       |lpm_divide_h8m:auto_generated|  ; 32 (0)            ; 0 (0)        ; 0           ; 0            ; 0       ; 0         ; 0    ; 0            ; |CH10_DHT11_2|lpm_divide:Mod1|lpm_divide_h8m:auto_generated                                                   ;              ;
;          |sign_div_unsign_fkh:divider| ; 32 (0)            ; 0 (0)        ; 0           ; 0            ; 0       ; 0         ; 0    ; 0            ; |CH10_DHT11_2|lpm_divide:Mod1|lpm_divide_h8m:auto_generated|sign_div_unsign_fkh:divider                       ;              ;
;             |alt_u_div_93f:divider|    ; 32 (32)           ; 0 (0)        ; 0           ; 0            ; 0       ; 0         ; 0    ; 0            ; |CH10_DHT11_2|lpm_divide:Mod1|lpm_divide_h8m:auto_generated|sign_div_unsign_fkh:divider|alt_u_div_93f:divider ;              ;
;    |lpm_divide:Mod2|                   ; 77 (0)            ; 0 (0)        ; 0           ; 0            ; 0       ; 0         ; 0    ; 0            ; |CH10_DHT11_2|lpm_divide:Mod2                                                                                 ;              ;
;       |lpm_divide_h8m:auto_generated|  ; 77 (0)            ; 0 (0)        ; 0           ; 0            ; 0       ; 0         ; 0    ; 0            ; |CH10_DHT11_2|lpm_divide:Mod2|lpm_divide_h8m:auto_generated                                                   ;              ;
;          |sign_div_unsign_fkh:divider| ; 77 (0)            ; 0 (0)        ; 0           ; 0            ; 0       ; 0         ; 0    ; 0            ; |CH10_DHT11_2|lpm_divide:Mod2|lpm_divide_h8m:auto_generated|sign_div_unsign_fkh:divider                       ;              ;
;             |alt_u_div_93f:divider|    ; 77 (77)           ; 0 (0)        ; 0           ; 0            ; 0       ; 0         ; 0    ; 0            ; |CH10_DHT11_2|lpm_divide:Mod2|lpm_divide_h8m:auto_generated|sign_div_unsign_fkh:divider|alt_u_div_93f:divider ;              ;
;    |lpm_divide:Mod3|                   ; 32 (0)            ; 0 (0)        ; 0           ; 0            ; 0       ; 0         ; 0    ; 0            ; |CH10_DHT11_2|lpm_divide:Mod3                                                                                 ;              ;
;       |lpm_divide_h8m:auto_generated|  ; 32 (0)            ; 0 (0)        ; 0           ; 0            ; 0       ; 0         ; 0    ; 0            ; |CH10_DHT11_2|lpm_divide:Mod3|lpm_divide_h8m:auto_generated                                                   ;              ;
;          |sign_div_unsign_fkh:divider| ; 32 (0)            ; 0 (0)        ; 0           ; 0            ; 0       ; 0         ; 0    ; 0            ; |CH10_DHT11_2|lpm_divide:Mod3|lpm_divide_h8m:auto_generated|sign_div_unsign_fkh:divider                       ;              ;
;             |alt_u_div_93f:divider|    ; 32 (32)           ; 0 (0)        ; 0           ; 0            ; 0       ; 0         ; 0    ; 0            ; |CH10_DHT11_2|lpm_divide:Mod3|lpm_divide_h8m:auto_generated|sign_div_unsign_fkh:divider|alt_u_div_93f:divider ;              ;
+----------------------------------------+-------------------+--------------+-------------+--------------+---------+-----------+------+--------------+---------------------------------------------------------------------------------------------------------------+--------------+
Note: For table entries with two numbers listed, the numbers in parentheses indicate the number of resources of the given type used by the specific entity alone. The numbers listed outside of parentheses indicate the total resources of the given type used by the specific entity and all of its sub-entities in the hierarchy.


+---------------------------------------------------------------------------------+
; Registers Removed During Synthesis                                              ;
+---------------------------------------+-----------------------------------------+
; Register name                         ; Reason for Removal                      ;
+---------------------------------------+-----------------------------------------+
; Dht11_Driver:U2|tryDelay[1,3]         ; Merged with Dht11_Driver:U2|tryDelay[0] ;
; Dht11_Driver:U2|tryDelay[4]           ; Merged with Dht11_Driver:U2|tryDelay[2] ;
; Dht11_Driver:U2|response              ; Stuck at GND due to stuck port data_in  ;
; Dht11_Driver:U2|tryNN[2]              ; Stuck at GND due to stuck port data_in  ;
; Total Number of Removed Registers = 5 ;                                         ;
+---------------------------------------+-----------------------------------------+


+------------------------------------------------------+
; General Register Statistics                          ;
+----------------------------------------------+-------+
; Statistic                                    ; Value ;
+----------------------------------------------+-------+
; Total registers                              ; 138   ;
; Number of registers using Synchronous Clear  ; 30    ;
; Number of registers using Synchronous Load   ; 12    ;
; Number of registers using Asynchronous Clear ; 71    ;
; Number of registers using Asynchronous Load  ; 0     ;
; Number of registers using Clock Enable       ; 97    ;
; Number of registers using Preset             ; 0     ;
+----------------------------------------------+-------+


+---------------------------------------------------+
; Inverted Register Statistics                      ;
+-----------------------------------------+---------+
; Inverted Register                       ; Fan out ;
+-----------------------------------------+---------+
; DHT11_scan[0]~reg0                      ; 2       ;
; DHT11_scan[1]~reg0                      ; 2       ;
; DHT11_scan[2]~reg0                      ; 2       ;
; DHT11_scan[3]~reg0                      ; 2       ;
; D7xx_xx~reg0                            ; 2       ;
; Dht11_Driver:U2|dp[2]                   ; 10      ;
; Dht11_Driver:U2|isdata[1]               ; 4       ;
; Dht11_Driver:U2|d8[2]                   ; 3       ;
; Dht11_Driver:U2|d8[0]                   ; 5       ;
; Dht11_Driver:U2|d8[1]                   ; 4       ;
; Dht11_Driver:U2|tryNN[0]                ; 5       ;
; Dht11_Driver:U2|tryNN[1]                ; 4       ;
; Dht11_Driver:U2|tryDelay[0]             ; 4       ;
; Total number of inverted registers = 13 ;         ;
+-----------------------------------------+---------+


+---------------------------------------------------------------------------------------------------------------------------------------------------------+
; Multiplexer Restructuring Statistics (Restructuring Performed)                                                                                          ;
+--------------------+-----------+---------------+----------------------+------------------------+------------+-------------------------------------------+
; Multiplexer Inputs ; Bus Width ; Baseline Area ; Area if Restructured ; Saving if Restructured ; Registered ; Example Multiplexer Output                ;
+--------------------+-----------+---------------+----------------------+------------------------+------------+-------------------------------------------+
; 3:1                ; 11 bits   ; 22 LEs        ; 11 LEs               ; 11 LEs                 ; Yes        ; |CH10_DHT11_2|times[6]                    ;
; 5:1                ; 7 bits    ; 21 LEs        ; 0 LEs                ; 21 LEs                 ; Yes        ; |CH10_DHT11_2|Dht11_Driver:U2|dbit[0]     ;
; 6:1                ; 8 bits    ; 32 LEs        ; 0 LEs                ; 32 LEs                 ; Yes        ; |CH10_DHT11_2|Dht11_Driver:U2|dd[4][2]    ;
; 6:1                ; 8 bits    ; 32 LEs        ; 0 LEs                ; 32 LEs                 ; Yes        ; |CH10_DHT11_2|Dht11_Driver:U2|dd[3][2]    ;
; 6:1                ; 8 bits    ; 32 LEs        ; 0 LEs                ; 32 LEs                 ; Yes        ; |CH10_DHT11_2|Dht11_Driver:U2|dd[2][1]    ;
; 6:1                ; 8 bits    ; 32 LEs        ; 0 LEs                ; 32 LEs                 ; Yes        ; |CH10_DHT11_2|Dht11_Driver:U2|dd[1][6]    ;
; 6:1                ; 8 bits    ; 32 LEs        ; 0 LEs                ; 32 LEs                 ; Yes        ; |CH10_DHT11_2|Dht11_Driver:U2|dd[0][7]    ;
; 8:1                ; 2 bits    ; 10 LEs        ; 2 LEs                ; 8 LEs                  ; Yes        ; |CH10_DHT11_2|Dht11_Driver:U2|dp[0]       ;
; 8:1                ; 22 bits   ; 110 LEs       ; 22 LEs               ; 88 LEs                 ; Yes        ; |CH10_DHT11_2|Dht11_Driver:U2|Timeout[20] ;
; 9:1                ; 8 bits    ; 48 LEs        ; 8 LEs                ; 40 LEs                 ; Yes        ; |CH10_DHT11_2|Dht11_Driver:U2|chK_SUM[1]  ;
; 3:1                ; 2 bits    ; 4 LEs         ; 0 LEs                ; 4 LEs                  ; Yes        ; |CH10_DHT11_2|Dht11_Driver:U2|tryNN[0]    ;
; 7:1                ; 3 bits    ; 12 LEs        ; 3 LEs                ; 9 LEs                  ; Yes        ; |CH10_DHT11_2|Dht11_Driver:U2|d8[1]       ;
; 4:1                ; 4 bits    ; 8 LEs         ; 8 LEs                ; 0 LEs                  ; No         ; |CH10_DHT11_2|Mux3                        ;
; 5:1                ; 8 bits    ; 24 LEs        ; 24 LEs               ; 0 LEs                  ; No         ; |CH10_DHT11_2|Dht11_Driver:U2|Mux12       ;
+--------------------+-----------+---------------+----------------------+------------------------+------------+-------------------------------------------+


+------------------------------------------------------------------+
; Parameter Settings for Inferred Entity Instance: lpm_divide:Mod2 ;
+------------------------+----------------+------------------------+
; Parameter Name         ; Value          ; Type                   ;
+------------------------+----------------+------------------------+
; LPM_WIDTHN             ; 8              ; Untyped                ;
; LPM_WIDTHD             ; 8              ; Untyped                ;
; LPM_NREPRESENTATION    ; UNSIGNED       ; Untyped                ;
; LPM_DREPRESENTATION    ; UNSIGNED       ; Untyped                ;
; LPM_PIPELINE           ; 0              ; Untyped                ;
; LPM_REMAINDERPOSITIVE  ; TRUE           ; Untyped                ;
; MAXIMIZE_SPEED         ; 5              ; Untyped                ;
; CBXI_PARAMETER         ; lpm_divide_h8m ; Untyped                ;
; CARRY_CHAIN            ; MANUAL         ; Untyped                ;
; OPTIMIZE_FOR_SPEED     ; 5              ; Untyped                ;
; AUTO_CARRY_CHAINS      ; ON             ; AUTO_CARRY             ;
; IGNORE_CARRY_BUFFERS   ; OFF            ; IGNORE_CARRY           ;
; AUTO_CASCADE_CHAINS    ; ON             ; AUTO_CASCADE           ;
; IGNORE_CASCADE_BUFFERS ; OFF            ; IGNORE_CASCADE         ;
+------------------------+----------------+------------------------+
Note: In order to hide this table in the UI and the text report file, please set the "Show Parameter Settings Tables in Synthesis Report" option in "Analysis and Synthesis Settings -> More Settings" to "Off".


+------------------------------------------------------------------+
; Parameter Settings for Inferred Entity Instance: lpm_divide:Div0 ;
+------------------------+----------------+------------------------+
; Parameter Name         ; Value          ; Type                   ;
+------------------------+----------------+------------------------+
; LPM_WIDTHN             ; 8              ; Untyped                ;
; LPM_WIDTHD             ; 4              ; Untyped                ;
; LPM_NREPRESENTATION    ; UNSIGNED       ; Untyped                ;
; LPM_DREPRESENTATION    ; UNSIGNED       ; Untyped                ;
; LPM_PIPELINE           ; 0              ; Untyped                ;
; LPM_REMAINDERPOSITIVE  ; TRUE           ; Untyped                ;
; MAXIMIZE_SPEED         ; 5              ; Untyped                ;
; CBXI_PARAMETER         ; lpm_divide_agm ; Untyped                ;
; CARRY_CHAIN            ; MANUAL         ; Untyped                ;
; OPTIMIZE_FOR_SPEED     ; 5              ; Untyped                ;
; AUTO_CARRY_CHAINS      ; ON             ; AUTO_CARRY             ;
; IGNORE_CARRY_BUFFERS   ; OFF            ; IGNORE_CARRY           ;
; AUTO_CASCADE_CHAINS    ; ON             ; AUTO_CASCADE           ;
; IGNORE_CASCADE_BUFFERS ; OFF            ; IGNORE_CASCADE         ;
+------------------------+----------------+------------------------+
Note: In order to hide this table in the UI and the text report file, please set the "Show Parameter Settings Tables in Synthesis Report" option in "Analysis and Synthesis Settings -> More Settings" to "Off".


+------------------------------------------------------------------+
; Parameter Settings for Inferred Entity Instance: lpm_divide:Mod1 ;
+------------------------+----------------+------------------------+
; Parameter Name         ; Value          ; Type                   ;
+------------------------+----------------+------------------------+
; LPM_WIDTHN             ; 8              ; Untyped                ;
; LPM_WIDTHD             ; 8              ; Untyped                ;
; LPM_NREPRESENTATION    ; UNSIGNED       ; Untyped                ;
; LPM_DREPRESENTATION    ; UNSIGNED       ; Untyped                ;
; LPM_PIPELINE           ; 0              ; Untyped                ;
; LPM_REMAINDERPOSITIVE  ; TRUE           ; Untyped                ;
; MAXIMIZE_SPEED         ; 5              ; Untyped                ;
; CBXI_PARAMETER         ; lpm_divide_h8m ; Untyped                ;
; CARRY_CHAIN            ; MANUAL         ; Untyped                ;
; OPTIMIZE_FOR_SPEED     ; 5              ; Untyped                ;
; AUTO_CARRY_CHAINS      ; ON             ; AUTO_CARRY             ;
; IGNORE_CARRY_BUFFERS   ; OFF            ; IGNORE_CARRY           ;
; AUTO_CASCADE_CHAINS    ; ON             ; AUTO_CASCADE           ;
; IGNORE_CASCADE_BUFFERS ; OFF            ; IGNORE_CASCADE         ;
+------------------------+----------------+------------------------+
Note: In order to hide this table in the UI and the text report file, please set the "Show Parameter Settings Tables in Synthesis Report" option in "Analysis and Synthesis Settings -> More Settings" to "Off".


+------------------------------------------------------------------+
; Parameter Settings for Inferred Entity Instance: lpm_divide:Mod0 ;
+------------------------+----------------+------------------------+
; Parameter Name         ; Value          ; Type                   ;
+------------------------+----------------+------------------------+
; LPM_WIDTHN             ; 8              ; Untyped                ;
; LPM_WIDTHD             ; 8              ; Untyped                ;
; LPM_NREPRESENTATION    ; UNSIGNED       ; Untyped                ;
; LPM_DREPRESENTATION    ; UNSIGNED       ; Untyped                ;
; LPM_PIPELINE           ; 0              ; Untyped                ;
; LPM_REMAINDERPOSITIVE  ; TRUE           ; Untyped                ;
; MAXIMIZE_SPEED         ; 5              ; Untyped                ;
; CBXI_PARAMETER         ; lpm_divide_h8m ; Untyped                ;
; CARRY_CHAIN            ; MANUAL         ; Untyped                ;
; OPTIMIZE_FOR_SPEED     ; 5              ; Untyped                ;
; AUTO_CARRY_CHAINS      ; ON             ; AUTO_CARRY             ;
; IGNORE_CARRY_BUFFERS   ; OFF            ; IGNORE_CARRY           ;
; AUTO_CASCADE_CHAINS    ; ON             ; AUTO_CASCADE           ;
; IGNORE_CASCADE_BUFFERS ; OFF            ; IGNORE_CASCADE         ;
+------------------------+----------------+------------------------+
Note: In order to hide this table in the UI and the text report file, please set the "Show Parameter Settings Tables in Synthesis Report" option in "Analysis and Synthesis Settings -> More Settings" to "Off".


+------------------------------------------------------------------+
; Parameter Settings for Inferred Entity Instance: lpm_divide:Div1 ;
+------------------------+----------------+------------------------+
; Parameter Name         ; Value          ; Type                   ;
+------------------------+----------------+------------------------+
; LPM_WIDTHN             ; 8              ; Untyped                ;
; LPM_WIDTHD             ; 4              ; Untyped                ;
; LPM_NREPRESENTATION    ; UNSIGNED       ; Untyped                ;
; LPM_DREPRESENTATION    ; UNSIGNED       ; Untyped                ;
; LPM_PIPELINE           ; 0              ; Untyped                ;
; LPM_REMAINDERPOSITIVE  ; TRUE           ; Untyped                ;
; MAXIMIZE_SPEED         ; 5              ; Untyped                ;
; CBXI_PARAMETER         ; lpm_divide_agm ; Untyped                ;
; CARRY_CHAIN            ; MANUAL         ; Untyped                ;
; OPTIMIZE_FOR_SPEED     ; 5              ; Untyped                ;
; AUTO_CARRY_CHAINS      ; ON             ; AUTO_CARRY             ;
; IGNORE_CARRY_BUFFERS   ; OFF            ; IGNORE_CARRY           ;
; AUTO_CASCADE_CHAINS    ; ON             ; AUTO_CASCADE           ;
; IGNORE_CASCADE_BUFFERS ; OFF            ; IGNORE_CASCADE         ;
+------------------------+----------------+------------------------+
Note: In order to hide this table in the UI and the text report file, please set the "Show Parameter Settings Tables in Synthesis Report" option in "Analysis and Synthesis Settings -> More Settings" to "Off".


+------------------------------------------------------------------+
; Parameter Settings for Inferred Entity Instance: lpm_divide:Mod3 ;
+------------------------+----------------+------------------------+
; Parameter Name         ; Value          ; Type                   ;
+------------------------+----------------+------------------------+
; LPM_WIDTHN             ; 8              ; Untyped                ;
; LPM_WIDTHD             ; 8              ; Untyped                ;
; LPM_NREPRESENTATION    ; UNSIGNED       ; Untyped                ;
; LPM_DREPRESENTATION    ; UNSIGNED       ; Untyped                ;
; LPM_PIPELINE           ; 0              ; Untyped                ;
; LPM_REMAINDERPOSITIVE  ; TRUE           ; Untyped                ;
; MAXIMIZE_SPEED         ; 5              ; Untyped                ;
; CBXI_PARAMETER         ; lpm_divide_h8m ; Untyped                ;
; CARRY_CHAIN            ; MANUAL         ; Untyped                ;
; OPTIMIZE_FOR_SPEED     ; 5              ; Untyped                ;
; AUTO_CARRY_CHAINS      ; ON             ; AUTO_CARRY             ;
; IGNORE_CARRY_BUFFERS   ; OFF            ; IGNORE_CARRY           ;
; AUTO_CASCADE_CHAINS    ; ON             ; AUTO_CASCADE           ;
; IGNORE_CASCADE_BUFFERS ; OFF            ; IGNORE_CASCADE         ;
+------------------------+----------------+------------------------+
Note: In order to hide this table in the UI and the text report file, please set the "Show Parameter Settings Tables in Synthesis Report" option in "Analysis and Synthesis Settings -> More Settings" to "Off".


+----------------------------------------------------------------------------------------------------------------------------+
; Port Connectivity Checks: "DHT11_driver:U2"                                                                                ;
+------------------+--------+----------+-------------------------------------------------------------------------------------+
; Port             ; Type   ; Severity ; Details                                                                             ;
+------------------+--------+----------+-------------------------------------------------------------------------------------+
; dht11_dbo        ; Output ; Info     ; Connected to dangling logic. Logic that only feeds a dangling port will be removed. ;
; dht11_rdp        ; Input  ; Info     ; Stuck at GND                                                                        ;
; dht11_tryn[1..0] ; Input  ; Info     ; Stuck at VCC                                                                        ;
; dht11_tryn[2]    ; Input  ; Info     ; Stuck at GND                                                                        ;
; dht11_s          ; Output ; Info     ; Connected to dangling logic. Logic that only feeds a dangling port will be removed. ;
+------------------+--------+----------+-------------------------------------------------------------------------------------+


+-------------------------------+
; Analysis & Synthesis Messages ;
+-------------------------------+
Info: *******************************************************************
Info: Running Quartus II Analysis & Synthesis
    Info: Version 9.1 Build 350 03/24/2010 Service Pack 2 SJ Web Edition
    Info: Processing started: Sat Mar 10 13:04:55 2018
Info: Command: quartus_map --read_settings_files=on --write_settings_files=off CH10_DHT11_2 -c CH10_DHT11_2
Warning: Using design file ch10_dht11_2.vhd, which is not specified as a design file for the current project, but contains definitions for 2 design units and 1 entities in project
    Info: Found design unit 1: CH10_DHT11_2-Albert
    Info: Found entity 1: CH10_DHT11_2
Info: Elaborating entity "CH10_DHT11_2" for the top level hierarchy
Warning (10036): Verilog HDL or VHDL warning at ch10_dht11_2.vhd(48): object "DHT11_DBo" assigned a value but never read
Warning (10541): VHDL Signal Declaration warning at ch10_dht11_2.vhd(49): used implicit default value for signal "DHT11_RDp" because signal was never assigned a value or an explicit default value. Use of implicit default value may introduce unintended design optimizations.
Warning (10540): VHDL Signal Declaration warning at ch10_dht11_2.vhd(50): used explicit default value for signal "DHT11_tryN" because signal was never assigned a value
Warning (10036): Verilog HDL or VHDL warning at ch10_dht11_2.vhd(51): object "DHT11_S" assigned a value but never read
Warning (10492): VHDL Process Statement warning at ch10_dht11_2.vhd(78): signal "rstP99" is read inside the Process Statement but isn't in the Process Statement's sensitivity list
Warning (10492): VHDL Process Statement warning at ch10_dht11_2.vhd(114): signal "rstP99" is read inside the Process Statement but isn't in the Process Statement's sensitivity list
Warning (10492): VHDL Process Statement warning at ch10_dht11_2.vhd(156): signal "rstP99" is read inside the Process Statement but isn't in the Process Statement's sensitivity list
Warning: Using design file dht11_driver.vhd, which is not specified as a design file for the current project, but contains definitions for 2 design units and 1 entities in project
    Info: Found design unit 1: Dht11_Driver-Albert
    Info: Found entity 1: Dht11_Driver
Info: Elaborating entity "DHT11_driver" for hierarchy "DHT11_driver:U2"
Warning (10492): VHDL Process Statement warning at dht11_driver.vhd(59): signal "DHT11_tryN" is read inside the Process Statement but isn't in the Process Statement's sensitivity list
Warning (10492): VHDL Process Statement warning at dht11_driver.vhd(63): signal "DHT11_ok" is read inside the Process Statement but isn't in the Process Statement's sensitivity list
Info: Inferred 6 megafunctions from design logic
    Info: Inferred divider/modulo megafunction ("lpm_divide") from the following logic: "Mod2"
    Info: Inferred divider/modulo megafunction ("lpm_divide") from the following logic: "Div0"
    Info: Inferred divider/modulo megafunction ("lpm_divide") from the following logic: "Mod1"
    Info: Inferred divider/modulo megafunction ("lpm_divide") from the following logic: "Mod0"
    Info: Inferred divider/modulo megafunction ("lpm_divide") from the following logic: "Div1"
    Info: Inferred divider/modulo megafunction ("lpm_divide") from the following logic: "Mod3"
Info: Elaborated megafunction instantiation "lpm_divide:Mod2"
Info: Instantiated megafunction "lpm_divide:Mod2" with the following parameter:
    Info: Parameter "LPM_WIDTHN" = "8"
    Info: Parameter "LPM_WIDTHD" = "8"
    Info: Parameter "LPM_NREPRESENTATION" = "UNSIGNED"
    Info: Parameter "LPM_DREPRESENTATION" = "UNSIGNED"
Info: Found 1 design units, including 1 entities, in source file db/lpm_divide_h8m.tdf
    Info: Found entity 1: lpm_divide_h8m
Info: Found 1 design units, including 1 entities, in source file db/sign_div_unsign_fkh.tdf
    Info: Found entity 1: sign_div_unsign_fkh
Info: Found 1 design units, including 1 entities, in source file db/alt_u_div_93f.tdf
    Info: Found entity 1: alt_u_div_93f
Info: Found 1 design units, including 1 entities, in source file db/add_sub_unc.tdf
    Info: Found entity 1: add_sub_unc
Info: Found 1 design units, including 1 entities, in source file db/add_sub_vnc.tdf
    Info: Found entity 1: add_sub_vnc
Info: Elaborated megafunction instantiation "lpm_divide:Div0"
Info: Instantiated megafunction "lpm_divide:Div0" with the following parameter:
    Info: Parameter "LPM_WIDTHN" = "8"
    Info: Parameter "LPM_WIDTHD" = "4"
    Info: Parameter "LPM_NREPRESENTATION" = "UNSIGNED"
    Info: Parameter "LPM_DREPRESENTATION" = "UNSIGNED"
Info: Found 1 design units, including 1 entities, in source file db/lpm_divide_agm.tdf
    Info: Found entity 1: lpm_divide_agm
Info: Found 1 design units, including 1 entities, in source file db/sign_div_unsign_bkh.tdf
    Info: Found entity 1: sign_div_unsign_bkh
Info: Found 1 design units, including 1 entities, in source file db/alt_u_div_13f.tdf
    Info: Found entity 1: alt_u_div_13f
Info: Registers with preset signals will power-up high
Info: DEV_CLRn pin will set, and not reset, register with preset signal due to NOT Gate Push-Back
Critical Warning: Ignored Power-Up Level option on the following registers
    Critical Warning (18010): Register Dht11_Driver:U2|dp[2] will power up to High
    Critical Warning (18010): Register Dht11_Driver:U2|d8[2] will power up to High
    Critical Warning (18010): Register Dht11_Driver:U2|d8[0] will power up to High
    Critical Warning (18010): Register Dht11_Driver:U2|d8[1] will power up to High
    Critical Warning (18010): Register Dht11_Driver:U2|isdata[1] will power up to High
    Critical Warning (18010): Register Dht11_Driver:U2|tryNN[0] will power up to High
    Critical Warning (18010): Register Dht11_Driver:U2|tryNN[1] will power up to High
    Critical Warning (18010): Register Dht11_Driver:U2|tryDelay[0] will power up to High
Info: Timing-Driven Synthesis is running
Info: Found the following redundant logic cells in design
    Info (17048): Logic cell "lpm_divide:Mod1|lpm_divide_h8m:auto_generated|sign_div_unsign_fkh:divider|alt_u_div_93f:divider|add_sub_7_result_int[0]~0"
    Info (17048): Logic cell "lpm_divide:Mod1|lpm_divide_h8m:auto_generated|sign_div_unsign_fkh:divider|alt_u_div_93f:divider|add_sub_6_result_int[0]~14"
    Info (17048): Logic cell "lpm_divide:Mod3|lpm_divide_h8m:auto_generated|sign_div_unsign_fkh:divider|alt_u_div_93f:divider|add_sub_7_result_int[0]~0"
    Info (17048): Logic cell "lpm_divide:Mod3|lpm_divide_h8m:auto_generated|sign_div_unsign_fkh:divider|alt_u_div_93f:divider|add_sub_6_result_int[0]~14"
Info: Implemented 643 device resources after synthesis - the final resource count might be different
    Info: Implemented 18 input pins
    Info: Implemented 15 output pins
    Info: Implemented 1 bidirectional pins
    Info: Implemented 609 logic cells
Info: Quartus II Analysis & Synthesis was successful. 0 errors, 20 warnings
    Info: Peak virtual memory: 300 megabytes
    Info: Processing ended: Sat Mar 10 13:04:58 2018
    Info: Elapsed time: 00:00:03
    Info: Total CPU time (on all processors): 00:00:03


