Analysis & Synthesis report for CH9_ROTATE_ENCODER_3
Sat Mar 10 11:12:23 2018
Quartus II Version 9.1 Build 350 03/24/2010 Service Pack 2 SJ Web Edition


---------------------
; Table of Contents ;
---------------------
  1. Legal Notice
  2. Analysis & Synthesis Summary
  3. Analysis & Synthesis Settings
  4. Parallel Compilation
  5. Analysis & Synthesis Source Files Read
  6. Analysis & Synthesis Resource Usage Summary
  7. Analysis & Synthesis Resource Utilization by Entity
  8. User-Specified and Inferred Latches
  9. Registers Removed During Synthesis
 10. General Register Statistics
 11. Multiplexer Restructuring Statistics (Restructuring Performed)
 12. Analysis & Synthesis Messages



----------------
; Legal Notice ;
----------------
Copyright (C) 1991-2010 Altera Corporation
Your use of Altera Corporation's design tools, logic functions 
and other software and tools, and its AMPP partner logic 
functions, and any output files from any of the foregoing 
(including device programming or simulation files), and any 
associated documentation or information are expressly subject 
to the terms and conditions of the Altera Program License 
Subscription Agreement, Altera MegaCore Function License 
Agreement, or other applicable license agreement, including, 
without limitation, that your use is for the sole purpose of 
programming logic devices manufactured by Altera and sold by 
Altera or its authorized distributors.  Please refer to the 
applicable agreement for further details.



+-----------------------------------------------------------------------------------+
; Analysis & Synthesis Summary                                                      ;
+------------------------------------+----------------------------------------------+
; Analysis & Synthesis Status        ; Successful - Sat Mar 10 11:12:23 2018        ;
; Quartus II Version                 ; 9.1 Build 350 03/24/2010 SP 2 SJ Web Edition ;
; Revision Name                      ; CH9_ROTATE_ENCODER_3                         ;
; Top-level Entity Name              ; CH9_ROTATE_ENCODER_3                         ;
; Family                             ; Cyclone III                                  ;
; Total logic elements               ; 101                                          ;
;     Total combinational functions  ; 101                                          ;
;     Dedicated logic registers      ; 41                                           ;
; Total registers                    ; 41                                           ;
; Total pins                         ; 21                                           ;
; Total virtual pins                 ; 0                                            ;
; Total memory bits                  ; 0                                            ;
; Embedded Multiplier 9-bit elements ; 0                                            ;
; Total PLLs                         ; 0                                            ;
+------------------------------------+----------------------------------------------+


+--------------------------------------------------------------------------------------------------------------------------+
; Analysis & Synthesis Settings                                                                                            ;
+----------------------------------------------------------------------------+----------------------+----------------------+
; Option                                                                     ; Setting              ; Default Value        ;
+----------------------------------------------------------------------------+----------------------+----------------------+
; Device                                                                     ; EP3C16Q240C8         ;                      ;
; Top-level entity name                                                      ; CH9_ROTATE_ENCODER_3 ; CH9_ROTATE_ENCODER_3 ;
; Family name                                                                ; Cyclone III          ; Stratix II           ;
; Use Generated Physical Constraints File                                    ; Off                  ;                      ;
; Use smart compilation                                                      ; Off                  ; Off                  ;
; Enable parallel Assembler and TimeQuest Timing Analyzer during compilation ; On                   ; On                   ;
; Enable compact report table                                                ; Off                  ; Off                  ;
; Restructure Multiplexers                                                   ; Auto                 ; Auto                 ;
; Create Debugging Nodes for IP Cores                                        ; Off                  ; Off                  ;
; Preserve fewer node names                                                  ; On                   ; On                   ;
; Disable OpenCore Plus hardware evaluation                                  ; Off                  ; Off                  ;
; Verilog Version                                                            ; Verilog_2001         ; Verilog_2001         ;
; VHDL Version                                                               ; VHDL_1993            ; VHDL_1993            ;
; State Machine Processing                                                   ; Auto                 ; Auto                 ;
; Safe State Machine                                                         ; Off                  ; Off                  ;
; Extract Verilog State Machines                                             ; On                   ; On                   ;
; Extract VHDL State Machines                                                ; On                   ; On                   ;
; Ignore Verilog initial constructs                                          ; Off                  ; Off                  ;
; Iteration limit for constant Verilog loops                                 ; 5000                 ; 5000                 ;
; Iteration limit for non-constant Verilog loops                             ; 250                  ; 250                  ;
; Add Pass-Through Logic to Inferred RAMs                                    ; On                   ; On                   ;
; Parallel Synthesis                                                         ; On                   ; On                   ;
; DSP Block Balancing                                                        ; Auto                 ; Auto                 ;
; NOT Gate Push-Back                                                         ; On                   ; On                   ;
; Power-Up Don't Care                                                        ; On                   ; On                   ;
; Remove Redundant Logic Cells                                               ; Off                  ; Off                  ;
; Remove Duplicate Registers                                                 ; On                   ; On                   ;
; Ignore CARRY Buffers                                                       ; Off                  ; Off                  ;
; Ignore CASCADE Buffers                                                     ; Off                  ; Off                  ;
; Ignore GLOBAL Buffers                                                      ; Off                  ; Off                  ;
; Ignore ROW GLOBAL Buffers                                                  ; Off                  ; Off                  ;
; Ignore LCELL Buffers                                                       ; Off                  ; Off                  ;
; Ignore SOFT Buffers                                                        ; On                   ; On                   ;
; Limit AHDL Integers to 32 Bits                                             ; Off                  ; Off                  ;
; Optimization Technique                                                     ; Balanced             ; Balanced             ;
; Carry Chain Length                                                         ; 70                   ; 70                   ;
; Auto Carry Chains                                                          ; On                   ; On                   ;
; Auto Open-Drain Pins                                                       ; On                   ; On                   ;
; Perform WYSIWYG Primitive Resynthesis                                      ; Off                  ; Off                  ;
; Auto ROM Replacement                                                       ; On                   ; On                   ;
; Auto RAM Replacement                                                       ; On                   ; On                   ;
; Auto DSP Block Replacement                                                 ; On                   ; On                   ;
; Auto Shift Register Replacement                                            ; Auto                 ; Auto                 ;
; Auto Clock Enable Replacement                                              ; On                   ; On                   ;
; Strict RAM Replacement                                                     ; Off                  ; Off                  ;
; Allow Synchronous Control Signals                                          ; On                   ; On                   ;
; Force Use of Synchronous Clear Signals                                     ; Off                  ; Off                  ;
; Auto RAM Block Balancing                                                   ; On                   ; On                   ;
; Auto RAM to Logic Cell Conversion                                          ; Off                  ; Off                  ;
; Auto Resource Sharing                                                      ; Off                  ; Off                  ;
; Allow Any RAM Size For Recognition                                         ; Off                  ; Off                  ;
; Allow Any ROM Size For Recognition                                         ; Off                  ; Off                  ;
; Allow Any Shift Register Size For Recognition                              ; Off                  ; Off                  ;
; Use LogicLock Constraints during Resource Balancing                        ; On                   ; On                   ;
; Ignore translate_off and synthesis_off directives                          ; Off                  ; Off                  ;
; Timing-Driven Synthesis                                                    ; On                   ; On                   ;
; Show Parameter Settings Tables in Synthesis Report                         ; On                   ; On                   ;
; Ignore Maximum Fan-Out Assignments                                         ; Off                  ; Off                  ;
; Synchronization Register Chain Length                                      ; 2                    ; 2                    ;
; PowerPlay Power Optimization                                               ; Normal compilation   ; Normal compilation   ;
; HDL message level                                                          ; Level2               ; Level2               ;
; Suppress Register Optimization Related Messages                            ; Off                  ; Off                  ;
; Number of Removed Registers Reported in Synthesis Report                   ; 5000                 ; 5000                 ;
; Number of Inverted Registers Reported in Synthesis Report                  ; 100                  ; 100                  ;
; Clock MUX Protection                                                       ; On                   ; On                   ;
; Auto Gated Clock Conversion                                                ; Off                  ; Off                  ;
; Block Design Naming                                                        ; Auto                 ; Auto                 ;
; SDC constraint protection                                                  ; Off                  ; Off                  ;
; Synthesis Effort                                                           ; Auto                 ; Auto                 ;
; Shift Register Replacement - Allow Asynchronous Clear Signal               ; On                   ; On                   ;
; Analysis & Synthesis Message Level                                         ; Medium               ; Medium               ;
; Disable Register Merging Across Hierarchies                                ; Auto                 ; Auto                 ;
; Resource Aware Inference For Block RAM                                     ; On                   ; On                   ;
+----------------------------------------------------------------------------+----------------------+----------------------+


Parallel compilation was disabled, but you have multiple processors available. Enable parallel compilation to reduce compilation time.
+-------------------------------------+
; Parallel Compilation                ;
+----------------------------+--------+
; Processors                 ; Number ;
+----------------------------+--------+
; Number detected on machine ; 4      ;
; Maximum allowed            ; 1      ;
+----------------------------+--------+


+----------------------------------------------------------------------------------------------------------------------------------------------------+
; Analysis & Synthesis Source Files Read                                                                                                             ;
+----------------------------------+-----------------+-----------------------+-----------------------------------------------------------------------+
; File Name with User-Entered Path ; Used in Netlist ; File Type             ; File Name with Absolute Path                                          ;
+----------------------------------+-----------------+-----------------------+-----------------------------------------------------------------------+
; ch9_rotate_encoder_3.vhd         ; yes             ; Auto-Found VHDL File  ; D:/KTM-626®ÑÄy/½d¨Ò/CH9/CH9_ROTATE_ENCODER_3/ch9_rotate_encoder_3.vhd ;
+----------------------------------+-----------------+-----------------------+-----------------------------------------------------------------------+


+------------------------------------------------------------------+
; Analysis & Synthesis Resource Usage Summary                      ;
+---------------------------------------------+--------------------+
; Resource                                    ; Usage              ;
+---------------------------------------------+--------------------+
; Estimated Total logic elements              ; 101                ;
;                                             ;                    ;
; Total combinational functions               ; 101                ;
; Logic element usage by number of LUT inputs ;                    ;
;     -- 4 input functions                    ; 48                 ;
;     -- 3 input functions                    ; 22                 ;
;     -- <=2 input functions                  ; 31                 ;
;                                             ;                    ;
; Logic elements by mode                      ;                    ;
;     -- normal mode                          ; 86                 ;
;     -- arithmetic mode                      ; 15                 ;
;                                             ;                    ;
; Total registers                             ; 41                 ;
;     -- Dedicated logic registers            ; 41                 ;
;     -- I/O registers                        ; 0                  ;
;                                             ;                    ;
; I/O pins                                    ; 21                 ;
; Maximum fan-out node                        ; EncoderInterface~0 ;
; Maximum fan-out                             ; 39                 ;
; Total fan-out                               ; 484                ;
; Average fan-out                             ; 2.63               ;
+---------------------------------------------+--------------------+


+-------------------------------------------------------------------------------------------------------------------------------------------------------------------------------+
; Analysis & Synthesis Resource Utilization by Entity                                                                                                                           ;
+----------------------------+-------------------+--------------+-------------+--------------+---------+-----------+------+--------------+-----------------------+--------------+
; Compilation Hierarchy Node ; LC Combinationals ; LC Registers ; Memory Bits ; DSP Elements ; DSP 9x9 ; DSP 18x18 ; Pins ; Virtual Pins ; Full Hierarchy Name   ; Library Name ;
+----------------------------+-------------------+--------------+-------------+--------------+---------+-----------+------+--------------+-----------------------+--------------+
; |CH9_ROTATE_ENCODER_3      ; 101 (101)         ; 41 (41)      ; 0           ; 0            ; 0       ; 0         ; 21   ; 0            ; |CH9_ROTATE_ENCODER_3 ; work         ;
+----------------------------+-------------------+--------------+-------------+--------------+---------+-----------+------+--------------+-----------------------+--------------+
Note: For table entries with two numbers listed, the numbers in parentheses indicate the number of resources of the given type used by the specific entity alone. The numbers listed outside of parentheses indicate the total resources of the given type used by the specific entity and all of its sub-entities in the hierarchy.


+---------------------------------------------------------------------------------------------------+
; User-Specified and Inferred Latches                                                               ;
+----------------------------------------------------+---------------------+------------------------+
; Latch Name                                         ; Latch Enable Signal ; Free of Timing Hazards ;
+----------------------------------------------------+---------------------+------------------------+
; mode1[0]                                           ; EncoderInterface    ; yes                    ;
; mode1[1]                                           ; EncoderInterface    ; yes                    ;
; Number of user-specified and inferred latches = 2  ;                     ;                        ;
+----------------------------------------------------+---------------------+------------------------+
Note: All latches listed above may not be present at the end of synthesis due to various synthesis optimizations.


+------------------------------------------------------------+
; Registers Removed During Synthesis                         ;
+---------------------------------------+--------------------+
; Register name                         ; Reason for Removal ;
+---------------------------------------+--------------------+
; FD[17..25]                            ; Lost fanout        ;
; Total Number of Removed Registers = 9 ;                    ;
+---------------------------------------+--------------------+


+------------------------------------------------------+
; General Register Statistics                          ;
+----------------------------------------------+-------+
; Statistic                                    ; Value ;
+----------------------------------------------+-------+
; Total registers                              ; 41    ;
; Number of registers using Synchronous Clear  ; 0     ;
; Number of registers using Synchronous Load   ; 0     ;
; Number of registers using Asynchronous Clear ; 39    ;
; Number of registers using Asynchronous Load  ; 0     ;
; Number of registers using Clock Enable       ; 11    ;
; Number of registers using Preset             ; 0     ;
+----------------------------------------------+-------+


+-----------------------------------------------------------------------------------------------------------------------------------------------------+
; Multiplexer Restructuring Statistics (Restructuring Performed)                                                                                      ;
+--------------------+-----------+---------------+----------------------+------------------------+------------+---------------------------------------+
; Multiplexer Inputs ; Bus Width ; Baseline Area ; Area if Restructured ; Saving if Restructured ; Registered ; Example Multiplexer Output            ;
+--------------------+-----------+---------------+----------------------+------------------------+------------+---------------------------------------+
; 4:1                ; 5 bits    ; 10 LEs        ; 10 LEs               ; 0 LEs                  ; Yes        ; |CH9_ROTATE_ENCODER_3|LED1_16[1]~reg0 ;
; 6:1                ; 6 bits    ; 24 LEs        ; 12 LEs               ; 12 LEs                 ; Yes        ; |CH9_ROTATE_ENCODER_3|LED1_16[9]~reg0 ;
; 3:1                ; 2 bits    ; 4 LEs         ; 4 LEs                ; 0 LEs                  ; No         ; |CH9_ROTATE_ENCODER_3|LED1_16         ;
+--------------------+-----------+---------------+----------------------+------------------------+------------+---------------------------------------+


+-------------------------------+
; Analysis & Synthesis Messages ;
+-------------------------------+
Info: *******************************************************************
Info: Running Quartus II Analysis & Synthesis
    Info: Version 9.1 Build 350 03/24/2010 Service Pack 2 SJ Web Edition
    Info: Processing started: Sat Mar 10 11:12:22 2018
Info: Command: quartus_map --read_settings_files=on --write_settings_files=off CH9_ROTATE_ENCODER_3 -c CH9_ROTATE_ENCODER_3
Warning: Using design file ch9_rotate_encoder_3.vhd, which is not specified as a design file for the current project, but contains definitions for 2 design units and 1 entities in project
    Info: Found design unit 1: CH9_ROTATE_ENCODER_3-Albert
    Info: Found entity 1: CH9_ROTATE_ENCODER_3
Info: Elaborating entity "CH9_ROTATE_ENCODER_3" for the top level hierarchy
Warning (10492): VHDL Process Statement warning at ch9_rotate_encoder_3.vhd(29): signal "PBic" is read inside the Process Statement but isn't in the Process Statement's sensitivity list
Warning (10492): VHDL Process Statement warning at ch9_rotate_encoder_3.vhd(33): signal "PBic" is read inside the Process Statement but isn't in the Process Statement's sensitivity list
Warning (10492): VHDL Process Statement warning at ch9_rotate_encoder_3.vhd(34): signal "mode2" is read inside the Process Statement but isn't in the Process Statement's sensitivity list
Warning (10492): VHDL Process Statement warning at ch9_rotate_encoder_3.vhd(35): signal "mode1" is read inside the Process Statement but isn't in the Process Statement's sensitivity list
Warning (10492): VHDL Process Statement warning at ch9_rotate_encoder_3.vhd(37): signal "mode1" is read inside the Process Statement but isn't in the Process Statement's sensitivity list
Warning (10492): VHDL Process Statement warning at ch9_rotate_encoder_3.vhd(39): signal "mode1" is read inside the Process Statement but isn't in the Process Statement's sensitivity list
Warning (10492): VHDL Process Statement warning at ch9_rotate_encoder_3.vhd(44): signal "APic" is read inside the Process Statement but isn't in the Process Statement's sensitivity list
Warning (10631): VHDL Process Statement warning at ch9_rotate_encoder_3.vhd(25): inferring latch(es) for signal or variable "mode1", which holds its previous value in one or more paths through the process
Warning (10492): VHDL Process Statement warning at ch9_rotate_encoder_3.vhd(80): signal "APi" is read inside the Process Statement but isn't in the Process Statement's sensitivity list
Warning (10492): VHDL Process Statement warning at ch9_rotate_encoder_3.vhd(80): signal "APic" is read inside the Process Statement but isn't in the Process Statement's sensitivity list
Warning (10492): VHDL Process Statement warning at ch9_rotate_encoder_3.vhd(81): signal "APic" is read inside the Process Statement but isn't in the Process Statement's sensitivity list
Warning (10492): VHDL Process Statement warning at ch9_rotate_encoder_3.vhd(89): signal "BPi" is read inside the Process Statement but isn't in the Process Statement's sensitivity list
Warning (10492): VHDL Process Statement warning at ch9_rotate_encoder_3.vhd(89): signal "BPic" is read inside the Process Statement but isn't in the Process Statement's sensitivity list
Warning (10492): VHDL Process Statement warning at ch9_rotate_encoder_3.vhd(90): signal "BPic" is read inside the Process Statement but isn't in the Process Statement's sensitivity list
Warning (10492): VHDL Process Statement warning at ch9_rotate_encoder_3.vhd(98): signal "PBi" is read inside the Process Statement but isn't in the Process Statement's sensitivity list
Warning (10492): VHDL Process Statement warning at ch9_rotate_encoder_3.vhd(98): signal "PBic" is read inside the Process Statement but isn't in the Process Statement's sensitivity list
Warning (10492): VHDL Process Statement warning at ch9_rotate_encoder_3.vhd(99): signal "PBic" is read inside the Process Statement but isn't in the Process Statement's sensitivity list
Warning (10492): VHDL Process Statement warning at ch9_rotate_encoder_3.vhd(110): signal "rstP99" is read inside the Process Statement but isn't in the Process Statement's sensitivity list
Info (10041): Inferred latch for "mode1[0]" at ch9_rotate_encoder_3.vhd(25)
Info (10041): Inferred latch for "mode1[1]" at ch9_rotate_encoder_3.vhd(25)
Warning: Presettable and clearable registers converted to equivalent circuits with latches. Registers power-up to an undefined state, and DEVCLRn places the registers in an undefined state.
    Warning (13310): Register "LED1_16[0]~reg0" is converted into an equivalent circuit using register "LED1_16[0]~reg0_emulated" and latch "LED1_16[0]~reg0latch"
    Warning (13310): Register "LED1_16[1]~reg0" is converted into an equivalent circuit using register "LED1_16[1]~reg0_emulated" and latch "LED1_16[1]~reg0latch"
    Warning (13310): Register "LED1_16[2]~reg0" is converted into an equivalent circuit using register "LED1_16[2]~reg0_emulated" and latch "LED1_16[2]~reg0latch"
    Warning (13310): Register "LED1_16[3]~reg0" is converted into an equivalent circuit using register "LED1_16[3]~reg0_emulated" and latch "LED1_16[3]~reg0latch"
    Warning (13310): Register "LED1_16[5]~reg0" is converted into an equivalent circuit using register "LED1_16[5]~reg0_emulated" and latch "LED1_16[5]~reg0latch"
    Warning (13310): Register "LED1_16[6]~reg0" is converted into an equivalent circuit using register "LED1_16[6]~reg0_emulated" and latch "LED1_16[6]~reg0latch"
    Warning (13310): Register "LED1_16[7]~reg0" is converted into an equivalent circuit using register "LED1_16[7]~reg0_emulated" and latch "LED1_16[7]~reg0latch"
    Warning (13310): Register "LED1_16[9]~reg0" is converted into an equivalent circuit using register "LED1_16[9]~reg0_emulated" and latch "LED1_16[5]~reg0latch"
    Warning (13310): Register "LED1_16[10]~reg0" is converted into an equivalent circuit using register "LED1_16[10]~reg0_emulated" and latch "LED1_16[6]~reg0latch"
    Warning (13310): Register "LED1_16[11]~reg0" is converted into an equivalent circuit using register "LED1_16[11]~reg0_emulated" and latch "LED1_16[7]~reg0latch"
    Warning (13310): Register "LED1_16[12]~reg0" is converted into an equivalent circuit using register "LED1_16[12]~reg0_emulated" and latch "LED1_16[0]~reg0latch"
    Warning (13310): Register "LED1_16[13]~reg0" is converted into an equivalent circuit using register "LED1_16[13]~reg0_emulated" and latch "LED1_16[1]~reg0latch"
    Warning (13310): Register "LED1_16[14]~reg0" is converted into an equivalent circuit using register "LED1_16[14]~reg0_emulated" and latch "LED1_16[2]~reg0latch"
    Warning (13310): Register "LED1_16[15]~reg0" is converted into an equivalent circuit using register "LED1_16[15]~reg0_emulated" and latch "LED1_16[3]~reg0latch"
Info: Timing-Driven Synthesis is running
Info: 9 registers lost all their fanouts during netlist optimizations. The first 9 are displayed below.
    Info: Register "FD[17]" lost all its fanouts during netlist optimizations.
    Info: Register "FD[18]" lost all its fanouts during netlist optimizations.
    Info: Register "FD[19]" lost all its fanouts during netlist optimizations.
    Info: Register "FD[20]" lost all its fanouts during netlist optimizations.
    Info: Register "FD[21]" lost all its fanouts during netlist optimizations.
    Info: Register "FD[22]" lost all its fanouts during netlist optimizations.
    Info: Register "FD[23]" lost all its fanouts during netlist optimizations.
    Info: Register "FD[24]" lost all its fanouts during netlist optimizations.
    Info: Register "FD[25]" lost all its fanouts during netlist optimizations.
Info: Implemented 122 device resources after synthesis - the final resource count might be different
    Info: Implemented 5 input pins
    Info: Implemented 16 output pins
    Info: Implemented 101 logic cells
Info: Quartus II Analysis & Synthesis was successful. 0 errors, 34 warnings
    Info: Peak virtual memory: 299 megabytes
    Info: Processing ended: Sat Mar 10 11:12:23 2018
    Info: Elapsed time: 00:00:01
    Info: Total CPU time (on all processors): 00:00:01


